[0.027s] Invoking command in '/home/xie/Desktop/learn/carpole/cartplole/build/simulate': CMAKE_PREFIX_PATH=/home/xie/Desktop/learn/carpole/cartplole/install/interface:/home/xie/Desktop/learn/carpole/cartplole/install/simulate:/home/xie/Desktop/learn/carpole/cartplole/install/manage:/usr/local:/usr/local:/opt/ros/humble /usr/bin/cmake --build /home/xie/Desktop/learn/carpole/cartplole/build/simulate -- -j20 -l20
[0.050s] [35m[1mConsolidate compiler generated dependencies of target simulate_node[0m
[0.066s] [ 14%] [32mBuilding CXX object CMakeFiles/simulate_node.dir/src/simulate_node.cpp.o[0m
[3.284s] [ 28%] [32m[1mLinking CXX executable simulate_node[0m
[3.373s] [100%] Built target simulate_node
[3.379s] Invoked command in '/home/xie/Desktop/learn/carpole/cartplole/build/simulate' returned '0': CMAKE_PREFIX_PATH=/home/xie/Desktop/learn/carpole/cartplole/install/interface:/home/xie/Desktop/learn/carpole/cartplole/install/simulate:/home/xie/Desktop/learn/carpole/cartplole/install/manage:/usr/local:/usr/local:/opt/ros/humble /usr/bin/cmake --build /home/xie/Desktop/learn/carpole/cartplole/build/simulate -- -j20 -l20
[3.400s] Invoking command in '/home/xie/Desktop/learn/carpole/cartplole/build/simulate': CMAKE_PREFIX_PATH=/home/xie/Desktop/learn/carpole/cartplole/install/interface:/home/xie/Desktop/learn/carpole/cartplole/install/simulate:/home/xie/Desktop/learn/carpole/cartplole/install/manage:/usr/local:/usr/local:/opt/ros/humble /usr/bin/cmake --install /home/xie/Desktop/learn/carpole/cartplole/build/simulate
[3.403s] -- Install configuration: "Release"
[3.403s] -- Installing: /home/xie/Desktop/learn/carpole/cartplole/install/simulate/lib/simulate/simulate_node
[3.404s] -- Set runtime path of "/home/xie/Desktop/learn/carpole/cartplole/install/simulate/lib/simulate/simulate_node" to "/home/xie/Desktop/learn/carpole/cartplole/src/simulate/lib"
[3.404s] -- Up-to-date: /home/xie/Desktop/learn/carpole/cartplole/install/simulate/share/ament_index/resource_index/package_run_dependencies/simulate
[3.405s] -- Up-to-date: /home/xie/Desktop/learn/carpole/cartplole/install/simulate/share/ament_index/resource_index/parent_prefix_path/simulate
[3.405s] -- Up-to-date: /home/xie/Desktop/learn/carpole/cartplole/install/simulate/share/simulate/environment/ament_prefix_path.sh
[3.405s] -- Up-to-date: /home/xie/Desktop/learn/carpole/cartplole/install/simulate/share/simulate/environment/ament_prefix_path.dsv
[3.405s] -- Up-to-date: /home/xie/Desktop/learn/carpole/cartplole/install/simulate/share/simulate/environment/path.sh
[3.405s] -- Up-to-date: /home/xie/Desktop/learn/carpole/cartplole/install/simulate/share/simulate/environment/path.dsv
[3.405s] -- Up-to-date: /home/xie/Desktop/learn/carpole/cartplole/install/simulate/share/simulate/local_setup.bash
[3.405s] -- Up-to-date: /home/xie/Desktop/learn/carpole/cartplole/install/simulate/share/simulate/local_setup.sh
[3.406s] -- Up-to-date: /home/xie/Desktop/learn/carpole/cartplole/install/simulate/share/simulate/local_setup.zsh
[3.406s] -- Up-to-date: /home/xie/Desktop/learn/carpole/cartplole/install/simulate/share/simulate/local_setup.dsv
[3.406s] -- Installing: /home/xie/Desktop/learn/carpole/cartplole/install/simulate/share/simulate/package.dsv
[3.406s] -- Up-to-date: /home/xie/Desktop/learn/carpole/cartplole/install/simulate/share/ament_index/resource_index/packages/simulate
[3.406s] -- Up-to-date: /home/xie/Desktop/learn/carpole/cartplole/install/simulate/share/simulate/cmake/simulateConfig.cmake
[3.406s] -- Up-to-date: /home/xie/Desktop/learn/carpole/cartplole/install/simulate/share/simulate/cmake/simulateConfig-version.cmake
[3.406s] -- Up-to-date: /home/xie/Desktop/learn/carpole/cartplole/install/simulate/share/simulate/package.xml
[3.406s] Invoked command in '/home/xie/Desktop/learn/carpole/cartplole/build/simulate' returned '0': CMAKE_PREFIX_PATH=/home/xie/Desktop/learn/carpole/cartplole/install/interface:/home/xie/Desktop/learn/carpole/cartplole/install/simulate:/home/xie/Desktop/learn/carpole/cartplole/install/manage:/usr/local:/usr/local:/opt/ros/humble /usr/bin/cmake --install /home/xie/Desktop/learn/carpole/cartplole/build/simulate
