[0.357s] DEBUG:colcon:Command line arguments: ['/usr/bin/colcon', 'list', '-p', '--base-paths', '/home/xie/Desktop/learn/carpole/cartplole']
[0.357s] DEBUG:colcon:Parsed command line arguments: Namespace(log_base=None, log_level=None, verb_name='list', build_base='build', ignore_user_meta=False, metas=['./colcon.meta'], base_paths=['/home/xie/Desktop/learn/carpole/cartplole'], packages_ignore=None, packages_ignore_regex=None, paths=None, packages_up_to=None, packages_up_to_regex=None, packages_above=None, packages_above_and_dependencies=None, packages_above_depth=None, packages_select_by_dep=None, packages_skip_by_dep=None, packages_skip_up_to=None, packages_select_build_failed=False, packages_skip_build_finished=False, packages_select_test_failures=False, packages_skip_test_passed=False, packages_select=None, packages_skip=None, packages_select_regex=None, packages_skip_regex=None, packages_start=None, packages_end=None, allow_overriding=[], topological_order=False, names_only=False, paths_only=True, topological_graph=False, topological_graph_dot=False, topological_graph_density=False, topological_graph_legend=False, topological_graph_dot_cluster=False, topological_graph_dot_include_skipped=False, verb_parser=<colcon_defaults.argument_parser.defaults.DefaultArgumentsDecorator object at 0x7f8ea8890a00>, verb_extension=<colcon_package_information.verb.list.ListVerb object at 0x7f8ea8892230>, main=<bound method ListVerb.main of <colcon_package_information.verb.list.ListVerb object at 0x7f8ea8892230>>)
[0.378s] Level 1:colcon.colcon_core.package_discovery:discover_packages(colcon_meta) check parameters
[0.378s] Level 1:colcon.colcon_core.package_discovery:discover_packages(recursive) check parameters
[0.378s] Level 1:colcon.colcon_core.package_discovery:discover_packages(ignore) check parameters
[0.378s] Level 1:colcon.colcon_core.package_discovery:discover_packages(path) check parameters
[0.379s] Level 1:colcon.colcon_core.package_discovery:discover_packages(recursive) discover
[0.379s] INFO:colcon.colcon_core.package_discovery:Crawling recursively for packages in '/home/xie/Desktop/learn/carpole/cartplole'
[0.379s] Level 1:colcon.colcon_core.package_identification:_identify(/home/xie/Desktop/learn/carpole/cartplole) by extensions ['ignore', 'ignore_ament_install']
[0.379s] Level 1:colcon.colcon_core.package_identification:_identify(/home/xie/Desktop/learn/carpole/cartplole) by extension 'ignore'
[0.379s] Level 1:colcon.colcon_core.package_identification:_identify(/home/xie/Desktop/learn/carpole/cartplole) by extension 'ignore_ament_install'
[0.379s] Level 1:colcon.colcon_core.package_identification:_identify(/home/xie/Desktop/learn/carpole/cartplole) by extensions ['colcon_pkg']
[0.379s] Level 1:colcon.colcon_core.package_identification:_identify(/home/xie/Desktop/learn/carpole/cartplole) by extension 'colcon_pkg'
[0.379s] Level 1:colcon.colcon_core.package_identification:_identify(/home/xie/Desktop/learn/carpole/cartplole) by extensions ['colcon_meta']
[0.379s] Level 1:colcon.colcon_core.package_identification:_identify(/home/xie/Desktop/learn/carpole/cartplole) by extension 'colcon_meta'
[0.379s] Level 1:colcon.colcon_core.package_identification:_identify(/home/xie/Desktop/learn/carpole/cartplole) by extensions ['ros']
[0.379s] Level 1:colcon.colcon_core.package_identification:_identify(/home/xie/Desktop/learn/carpole/cartplole) by extension 'ros'
[0.385s] Level 1:colcon.colcon_core.package_identification:_identify(/home/xie/Desktop/learn/carpole/cartplole) by extensions ['cmake', 'python']
[0.385s] Level 1:colcon.colcon_core.package_identification:_identify(/home/xie/Desktop/learn/carpole/cartplole) by extension 'cmake'
[0.385s] Level 1:colcon.colcon_core.package_identification:_identify(/home/xie/Desktop/learn/carpole/cartplole) by extension 'python'
[0.385s] Level 1:colcon.colcon_core.package_identification:_identify(/home/xie/Desktop/learn/carpole/cartplole) by extensions ['python_setup_py']
[0.385s] Level 1:colcon.colcon_core.package_identification:_identify(/home/xie/Desktop/learn/carpole/cartplole) by extension 'python_setup_py'
[0.385s] Level 1:colcon.colcon_core.package_identification:_identify(/home/xie/Desktop/learn/carpole/cartplole/build) by extensions ['ignore', 'ignore_ament_install']
[0.385s] Level 1:colcon.colcon_core.package_identification:_identify(/home/xie/Desktop/learn/carpole/cartplole/build) by extension 'ignore'
[0.385s] Level 1:colcon.colcon_core.package_identification:_identify(/home/xie/Desktop/learn/carpole/cartplole/build) by extension 'ignore_ament_install'
[0.385s] Level 1:colcon.colcon_core.package_identification:_identify(/home/xie/Desktop/learn/carpole/cartplole/build) by extensions ['colcon_pkg']
[0.385s] Level 1:colcon.colcon_core.package_identification:_identify(/home/xie/Desktop/learn/carpole/cartplole/build) by extension 'colcon_pkg'
[0.385s] Level 1:colcon.colcon_core.package_identification:_identify(/home/xie/Desktop/learn/carpole/cartplole/build) by extensions ['colcon_meta']
[0.385s] Level 1:colcon.colcon_core.package_identification:_identify(/home/xie/Desktop/learn/carpole/cartplole/build) by extension 'colcon_meta'
[0.385s] Level 1:colcon.colcon_core.package_identification:_identify(/home/xie/Desktop/learn/carpole/cartplole/build) by extensions ['ros']
[0.385s] Level 1:colcon.colcon_core.package_identification:_identify(/home/xie/Desktop/learn/carpole/cartplole/build) by extension 'ros'
[0.385s] Level 1:colcon.colcon_core.package_identification:_identify(/home/xie/Desktop/learn/carpole/cartplole/build) by extensions ['cmake', 'python']
[0.385s] Level 1:colcon.colcon_core.package_identification:_identify(/home/xie/Desktop/learn/carpole/cartplole/build) by extension 'cmake'
[0.385s] Level 1:colcon.colcon_core.package_identification:_identify(/home/xie/Desktop/learn/carpole/cartplole/build) by extension 'python'
[0.385s] Level 1:colcon.colcon_core.package_identification:_identify(/home/xie/Desktop/learn/carpole/cartplole/build) by extensions ['python_setup_py']
[0.385s] Level 1:colcon.colcon_core.package_identification:_identify(/home/xie/Desktop/learn/carpole/cartplole/build) by extension 'python_setup_py'
[0.385s] Level 1:colcon.colcon_core.package_identification:_identify(/home/xie/Desktop/learn/carpole/cartplole/build/clang_tidy) by extensions ['ignore', 'ignore_ament_install']
[0.385s] Level 1:colcon.colcon_core.package_identification:_identify(/home/xie/Desktop/learn/carpole/cartplole/build/clang_tidy) by extension 'ignore'
[0.385s] Level 1:colcon.colcon_core.package_identification:_identify(/home/xie/Desktop/learn/carpole/cartplole/build/clang_tidy) by extension 'ignore_ament_install'
[0.385s] Level 1:colcon.colcon_core.package_identification:_identify(/home/xie/Desktop/learn/carpole/cartplole/build/clang_tidy) by extensions ['colcon_pkg']
[0.385s] Level 1:colcon.colcon_core.package_identification:_identify(/home/xie/Desktop/learn/carpole/cartplole/build/clang_tidy) by extension 'colcon_pkg'
[0.385s] Level 1:colcon.colcon_core.package_identification:_identify(/home/xie/Desktop/learn/carpole/cartplole/build/clang_tidy) by extensions ['colcon_meta']
[0.385s] Level 1:colcon.colcon_core.package_identification:_identify(/home/xie/Desktop/learn/carpole/cartplole/build/clang_tidy) by extension 'colcon_meta'
[0.385s] Level 1:colcon.colcon_core.package_identification:_identify(/home/xie/Desktop/learn/carpole/cartplole/build/clang_tidy) by extensions ['ros']
[0.385s] Level 1:colcon.colcon_core.package_identification:_identify(/home/xie/Desktop/learn/carpole/cartplole/build/clang_tidy) by extension 'ros'
[0.385s] Level 1:colcon.colcon_core.package_identification:_identify(/home/xie/Desktop/learn/carpole/cartplole/build/clang_tidy) by extensions ['cmake', 'python']
[0.385s] Level 1:colcon.colcon_core.package_identification:_identify(/home/xie/Desktop/learn/carpole/cartplole/build/clang_tidy) by extension 'cmake'
[0.385s] Level 1:colcon.colcon_core.package_identification:_identify(/home/xie/Desktop/learn/carpole/cartplole/build/clang_tidy) by extension 'python'
[0.386s] Level 1:colcon.colcon_core.package_identification:_identify(/home/xie/Desktop/learn/carpole/cartplole/build/clang_tidy) by extensions ['python_setup_py']
[0.386s] Level 1:colcon.colcon_core.package_identification:_identify(/home/xie/Desktop/learn/carpole/cartplole/build/clang_tidy) by extension 'python_setup_py'
[0.386s] Level 1:colcon.colcon_core.package_identification:_identify(/home/xie/Desktop/learn/carpole/cartplole/log) by extensions ['ignore', 'ignore_ament_install']
[0.386s] Level 1:colcon.colcon_core.package_identification:_identify(/home/xie/Desktop/learn/carpole/cartplole/log) by extension 'ignore'
[0.386s] Level 1:colcon.colcon_core.package_identification:_identify(/home/xie/Desktop/learn/carpole/cartplole/log) ignored
[0.386s] Level 1:colcon.colcon_core.package_identification:_identify(/home/xie/Desktop/learn/carpole/cartplole/src) by extensions ['ignore', 'ignore_ament_install']
[0.386s] Level 1:colcon.colcon_core.package_identification:_identify(/home/xie/Desktop/learn/carpole/cartplole/src) by extension 'ignore'
[0.386s] Level 1:colcon.colcon_core.package_identification:_identify(/home/xie/Desktop/learn/carpole/cartplole/src) by extension 'ignore_ament_install'
[0.386s] Level 1:colcon.colcon_core.package_identification:_identify(/home/xie/Desktop/learn/carpole/cartplole/src) by extensions ['colcon_pkg']
[0.386s] Level 1:colcon.colcon_core.package_identification:_identify(/home/xie/Desktop/learn/carpole/cartplole/src) by extension 'colcon_pkg'
[0.386s] Level 1:colcon.colcon_core.package_identification:_identify(/home/xie/Desktop/learn/carpole/cartplole/src) by extensions ['colcon_meta']
[0.386s] Level 1:colcon.colcon_core.package_identification:_identify(/home/xie/Desktop/learn/carpole/cartplole/src) by extension 'colcon_meta'
[0.386s] Level 1:colcon.colcon_core.package_identification:_identify(/home/xie/Desktop/learn/carpole/cartplole/src) by extensions ['ros']
[0.386s] Level 1:colcon.colcon_core.package_identification:_identify(/home/xie/Desktop/learn/carpole/cartplole/src) by extension 'ros'
[0.386s] Level 1:colcon.colcon_core.package_identification:_identify(/home/xie/Desktop/learn/carpole/cartplole/src) by extensions ['cmake', 'python']
[0.386s] Level 1:colcon.colcon_core.package_identification:_identify(/home/xie/Desktop/learn/carpole/cartplole/src) by extension 'cmake'
[0.386s] Level 1:colcon.colcon_core.package_identification:_identify(/home/xie/Desktop/learn/carpole/cartplole/src) by extension 'python'
[0.386s] Level 1:colcon.colcon_core.package_identification:_identify(/home/xie/Desktop/learn/carpole/cartplole/src) by extensions ['python_setup_py']
[0.386s] Level 1:colcon.colcon_core.package_identification:_identify(/home/xie/Desktop/learn/carpole/cartplole/src) by extension 'python_setup_py'
[0.386s] Level 1:colcon.colcon_core.package_identification:_identify(/home/xie/Desktop/learn/carpole/cartplole/src/control) by extensions ['ignore', 'ignore_ament_install']
[0.386s] Level 1:colcon.colcon_core.package_identification:_identify(/home/xie/Desktop/learn/carpole/cartplole/src/control) by extension 'ignore'
[0.386s] Level 1:colcon.colcon_core.package_identification:_identify(/home/xie/Desktop/learn/carpole/cartplole/src/control) by extension 'ignore_ament_install'
[0.386s] Level 1:colcon.colcon_core.package_identification:_identify(/home/xie/Desktop/learn/carpole/cartplole/src/control) by extensions ['colcon_pkg']
[0.386s] Level 1:colcon.colcon_core.package_identification:_identify(/home/xie/Desktop/learn/carpole/cartplole/src/control) by extension 'colcon_pkg'
[0.386s] Level 1:colcon.colcon_core.package_identification:_identify(/home/xie/Desktop/learn/carpole/cartplole/src/control) by extensions ['colcon_meta']
[0.386s] Level 1:colcon.colcon_core.package_identification:_identify(/home/xie/Desktop/learn/carpole/cartplole/src/control) by extension 'colcon_meta'
[0.386s] Level 1:colcon.colcon_core.package_identification:_identify(/home/xie/Desktop/learn/carpole/cartplole/src/control) by extensions ['ros']
[0.386s] Level 1:colcon.colcon_core.package_identification:_identify(/home/xie/Desktop/learn/carpole/cartplole/src/control) by extension 'ros'
[0.388s] DEBUG:colcon.colcon_core.package_identification:Package '/home/xie/Desktop/learn/carpole/cartplole/src/control' with type 'ros.ament_cmake' and name 'control'
[0.388s] Level 1:colcon.colcon_core.package_identification:_identify(/home/xie/Desktop/learn/carpole/cartplole/src/interface) by extensions ['ignore', 'ignore_ament_install']
[0.388s] Level 1:colcon.colcon_core.package_identification:_identify(/home/xie/Desktop/learn/carpole/cartplole/src/interface) by extension 'ignore'
[0.388s] Level 1:colcon.colcon_core.package_identification:_identify(/home/xie/Desktop/learn/carpole/cartplole/src/interface) by extension 'ignore_ament_install'
[0.388s] Level 1:colcon.colcon_core.package_identification:_identify(/home/xie/Desktop/learn/carpole/cartplole/src/interface) by extensions ['colcon_pkg']
[0.388s] Level 1:colcon.colcon_core.package_identification:_identify(/home/xie/Desktop/learn/carpole/cartplole/src/interface) by extension 'colcon_pkg'
[0.388s] Level 1:colcon.colcon_core.package_identification:_identify(/home/xie/Desktop/learn/carpole/cartplole/src/interface) by extensions ['colcon_meta']
[0.388s] Level 1:colcon.colcon_core.package_identification:_identify(/home/xie/Desktop/learn/carpole/cartplole/src/interface) by extension 'colcon_meta'
[0.388s] Level 1:colcon.colcon_core.package_identification:_identify(/home/xie/Desktop/learn/carpole/cartplole/src/interface) by extensions ['ros']
[0.388s] Level 1:colcon.colcon_core.package_identification:_identify(/home/xie/Desktop/learn/carpole/cartplole/src/interface) by extension 'ros'
[0.388s] DEBUG:colcon.colcon_core.package_identification:Package '/home/xie/Desktop/learn/carpole/cartplole/src/interface' with type 'ros.ament_cmake' and name 'interface'
[0.388s] Level 1:colcon.colcon_core.package_identification:_identify(/home/xie/Desktop/learn/carpole/cartplole/src/manage) by extensions ['ignore', 'ignore_ament_install']
[0.388s] Level 1:colcon.colcon_core.package_identification:_identify(/home/xie/Desktop/learn/carpole/cartplole/src/manage) by extension 'ignore'
[0.388s] Level 1:colcon.colcon_core.package_identification:_identify(/home/xie/Desktop/learn/carpole/cartplole/src/manage) by extension 'ignore_ament_install'
[0.388s] Level 1:colcon.colcon_core.package_identification:_identify(/home/xie/Desktop/learn/carpole/cartplole/src/manage) by extensions ['colcon_pkg']
[0.388s] Level 1:colcon.colcon_core.package_identification:_identify(/home/xie/Desktop/learn/carpole/cartplole/src/manage) by extension 'colcon_pkg'
[0.388s] Level 1:colcon.colcon_core.package_identification:_identify(/home/xie/Desktop/learn/carpole/cartplole/src/manage) by extensions ['colcon_meta']
[0.388s] Level 1:colcon.colcon_core.package_identification:_identify(/home/xie/Desktop/learn/carpole/cartplole/src/manage) by extension 'colcon_meta'
[0.388s] Level 1:colcon.colcon_core.package_identification:_identify(/home/xie/Desktop/learn/carpole/cartplole/src/manage) by extensions ['ros']
[0.388s] Level 1:colcon.colcon_core.package_identification:_identify(/home/xie/Desktop/learn/carpole/cartplole/src/manage) by extension 'ros'
[0.389s] DEBUG:colcon.colcon_core.package_identification:Package '/home/xie/Desktop/learn/carpole/cartplole/src/manage' with type 'ros.ament_cmake' and name 'manage'
[0.389s] Level 1:colcon.colcon_core.package_identification:_identify(/home/xie/Desktop/learn/carpole/cartplole/src/models) by extensions ['ignore', 'ignore_ament_install']
[0.389s] Level 1:colcon.colcon_core.package_identification:_identify(/home/xie/Desktop/learn/carpole/cartplole/src/models) by extension 'ignore'
[0.389s] Level 1:colcon.colcon_core.package_identification:_identify(/home/xie/Desktop/learn/carpole/cartplole/src/models) by extension 'ignore_ament_install'
[0.389s] Level 1:colcon.colcon_core.package_identification:_identify(/home/xie/Desktop/learn/carpole/cartplole/src/models) by extensions ['colcon_pkg']
[0.389s] Level 1:colcon.colcon_core.package_identification:_identify(/home/xie/Desktop/learn/carpole/cartplole/src/models) by extension 'colcon_pkg'
[0.389s] Level 1:colcon.colcon_core.package_identification:_identify(/home/xie/Desktop/learn/carpole/cartplole/src/models) by extensions ['colcon_meta']
[0.389s] Level 1:colcon.colcon_core.package_identification:_identify(/home/xie/Desktop/learn/carpole/cartplole/src/models) by extension 'colcon_meta'
[0.389s] Level 1:colcon.colcon_core.package_identification:_identify(/home/xie/Desktop/learn/carpole/cartplole/src/models) by extensions ['ros']
[0.389s] Level 1:colcon.colcon_core.package_identification:_identify(/home/xie/Desktop/learn/carpole/cartplole/src/models) by extension 'ros'
[0.389s] Level 1:colcon.colcon_core.package_identification:_identify(/home/xie/Desktop/learn/carpole/cartplole/src/models) by extensions ['cmake', 'python']
[0.389s] Level 1:colcon.colcon_core.package_identification:_identify(/home/xie/Desktop/learn/carpole/cartplole/src/models) by extension 'cmake'
[0.389s] Level 1:colcon.colcon_core.package_identification:_identify(/home/xie/Desktop/learn/carpole/cartplole/src/models) by extension 'python'
[0.389s] Level 1:colcon.colcon_core.package_identification:_identify(/home/xie/Desktop/learn/carpole/cartplole/src/models) by extensions ['python_setup_py']
[0.389s] Level 1:colcon.colcon_core.package_identification:_identify(/home/xie/Desktop/learn/carpole/cartplole/src/models) by extension 'python_setup_py'
[0.389s] Level 1:colcon.colcon_core.package_identification:_identify(/home/xie/Desktop/learn/carpole/cartplole/src/models/inverted_pendulum) by extensions ['ignore', 'ignore_ament_install']
[0.389s] Level 1:colcon.colcon_core.package_identification:_identify(/home/xie/Desktop/learn/carpole/cartplole/src/models/inverted_pendulum) by extension 'ignore'
[0.389s] Level 1:colcon.colcon_core.package_identification:_identify(/home/xie/Desktop/learn/carpole/cartplole/src/models/inverted_pendulum) by extension 'ignore_ament_install'
[0.389s] Level 1:colcon.colcon_core.package_identification:_identify(/home/xie/Desktop/learn/carpole/cartplole/src/models/inverted_pendulum) by extensions ['colcon_pkg']
[0.389s] Level 1:colcon.colcon_core.package_identification:_identify(/home/xie/Desktop/learn/carpole/cartplole/src/models/inverted_pendulum) by extension 'colcon_pkg'
[0.389s] Level 1:colcon.colcon_core.package_identification:_identify(/home/xie/Desktop/learn/carpole/cartplole/src/models/inverted_pendulum) by extensions ['colcon_meta']
[0.389s] Level 1:colcon.colcon_core.package_identification:_identify(/home/xie/Desktop/learn/carpole/cartplole/src/models/inverted_pendulum) by extension 'colcon_meta'
[0.389s] Level 1:colcon.colcon_core.package_identification:_identify(/home/xie/Desktop/learn/carpole/cartplole/src/models/inverted_pendulum) by extensions ['ros']
[0.389s] Level 1:colcon.colcon_core.package_identification:_identify(/home/xie/Desktop/learn/carpole/cartplole/src/models/inverted_pendulum) by extension 'ros'
[0.389s] Level 1:colcon.colcon_core.package_identification:_identify(/home/xie/Desktop/learn/carpole/cartplole/src/models/inverted_pendulum) by extensions ['cmake', 'python']
[0.389s] Level 1:colcon.colcon_core.package_identification:_identify(/home/xie/Desktop/learn/carpole/cartplole/src/models/inverted_pendulum) by extension 'cmake'
[0.389s] Level 1:colcon.colcon_core.package_identification:_identify(/home/xie/Desktop/learn/carpole/cartplole/src/models/inverted_pendulum) by extension 'python'
[0.389s] Level 1:colcon.colcon_core.package_identification:_identify(/home/xie/Desktop/learn/carpole/cartplole/src/models/inverted_pendulum) by extensions ['python_setup_py']
[0.389s] Level 1:colcon.colcon_core.package_identification:_identify(/home/xie/Desktop/learn/carpole/cartplole/src/models/inverted_pendulum) by extension 'python_setup_py'
[0.389s] Level 1:colcon.colcon_core.package_identification:_identify(/home/xie/Desktop/learn/carpole/cartplole/src/simulate) by extensions ['ignore', 'ignore_ament_install']
[0.389s] Level 1:colcon.colcon_core.package_identification:_identify(/home/xie/Desktop/learn/carpole/cartplole/src/simulate) by extension 'ignore'
[0.389s] Level 1:colcon.colcon_core.package_identification:_identify(/home/xie/Desktop/learn/carpole/cartplole/src/simulate) by extension 'ignore_ament_install'
[0.389s] Level 1:colcon.colcon_core.package_identification:_identify(/home/xie/Desktop/learn/carpole/cartplole/src/simulate) by extensions ['colcon_pkg']
[0.389s] Level 1:colcon.colcon_core.package_identification:_identify(/home/xie/Desktop/learn/carpole/cartplole/src/simulate) by extension 'colcon_pkg'
[0.389s] Level 1:colcon.colcon_core.package_identification:_identify(/home/xie/Desktop/learn/carpole/cartplole/src/simulate) by extensions ['colcon_meta']
[0.389s] Level 1:colcon.colcon_core.package_identification:_identify(/home/xie/Desktop/learn/carpole/cartplole/src/simulate) by extension 'colcon_meta'
[0.389s] Level 1:colcon.colcon_core.package_identification:_identify(/home/xie/Desktop/learn/carpole/cartplole/src/simulate) by extensions ['ros']
[0.389s] Level 1:colcon.colcon_core.package_identification:_identify(/home/xie/Desktop/learn/carpole/cartplole/src/simulate) by extension 'ros'
[0.390s] DEBUG:colcon.colcon_core.package_identification:Package '/home/xie/Desktop/learn/carpole/cartplole/src/simulate' with type 'ros.ament_cmake' and name 'simulate'
[0.390s] Level 1:colcon.colcon_core.package_identification:_identify(/home/xie/Desktop/learn/carpole/cartplole/src/utils) by extensions ['ignore', 'ignore_ament_install']
[0.390s] Level 1:colcon.colcon_core.package_identification:_identify(/home/xie/Desktop/learn/carpole/cartplole/src/utils) by extension 'ignore'
[0.390s] Level 1:colcon.colcon_core.package_identification:_identify(/home/xie/Desktop/learn/carpole/cartplole/src/utils) by extension 'ignore_ament_install'
[0.390s] Level 1:colcon.colcon_core.package_identification:_identify(/home/xie/Desktop/learn/carpole/cartplole/src/utils) by extensions ['colcon_pkg']
[0.390s] Level 1:colcon.colcon_core.package_identification:_identify(/home/xie/Desktop/learn/carpole/cartplole/src/utils) by extension 'colcon_pkg'
[0.390s] Level 1:colcon.colcon_core.package_identification:_identify(/home/xie/Desktop/learn/carpole/cartplole/src/utils) by extensions ['colcon_meta']
[0.390s] Level 1:colcon.colcon_core.package_identification:_identify(/home/xie/Desktop/learn/carpole/cartplole/src/utils) by extension 'colcon_meta'
[0.390s] Level 1:colcon.colcon_core.package_identification:_identify(/home/xie/Desktop/learn/carpole/cartplole/src/utils) by extensions ['ros']
[0.390s] Level 1:colcon.colcon_core.package_identification:_identify(/home/xie/Desktop/learn/carpole/cartplole/src/utils) by extension 'ros'
[0.390s] Level 1:colcon.colcon_core.package_identification:_identify(/home/xie/Desktop/learn/carpole/cartplole/src/utils) by extensions ['cmake', 'python']
[0.390s] Level 1:colcon.colcon_core.package_identification:_identify(/home/xie/Desktop/learn/carpole/cartplole/src/utils) by extension 'cmake'
[0.390s] Level 1:colcon.colcon_core.package_identification:_identify(/home/xie/Desktop/learn/carpole/cartplole/src/utils) by extension 'python'
[0.390s] Level 1:colcon.colcon_core.package_identification:_identify(/home/xie/Desktop/learn/carpole/cartplole/src/utils) by extensions ['python_setup_py']
[0.390s] Level 1:colcon.colcon_core.package_identification:_identify(/home/xie/Desktop/learn/carpole/cartplole/src/utils) by extension 'python_setup_py'
[0.390s] Level 1:colcon.colcon_core.package_discovery:discover_packages(recursive) using defaults
