[0.051s] Invoking command in '/home/xie/Desktop/learn/carpole/cartplole/build/interface': CMAKE_PREFIX_PATH=${CMAKE_PREFIX_PATH}:/opt/ros/humble /usr/bin/cmake --build /home/xie/Desktop/learn/carpole/cartplole/build/interface -- -j20 -l20
[0.065s] -- Found ament_cmake: 1.3.6 (/opt/ros/humble/share/ament_cmake/cmake)
[0.165s] -- Found ament_lint_auto: 0.12.9 (/opt/ros/humble/share/ament_lint_auto/cmake)
[0.209s] -- Found rosidl_default_generators: 1.2.0 (/opt/ros/humble/share/rosidl_default_generators/cmake)
[0.211s] -- Using all available rosidl_typesupport_c: rosidl_typesupport_fastrtps_c;rosidl_typesupport_introspection_c
[0.214s] -- Found rosidl_adapter: 3.1.5 (/opt/ros/humble/share/rosidl_adapter/cmake)
[0.246s] -- Using all available rosidl_typesupport_cpp: rosidl_typesupport_fastrtps_cpp;rosidl_typesupport_introspection_cpp
[0.368s] -- Found ament_cmake_ros: 0.10.0 (/opt/ros/humble/share/ament_cmake_ros/cmake)
[0.471s] -- Using all available rosidl_typesupport_c: rosidl_typesupport_fastrtps_c;rosidl_typesupport_introspection_c
[0.602s] -- Using all available rosidl_typesupport_cpp: rosidl_typesupport_fastrtps_cpp;rosidl_typesupport_introspection_cpp
[0.615s] -- Found python_cmake_module: 0.10.0 (/opt/ros/humble/share/python_cmake_module/cmake)
[0.629s] -- Using PYTHON_EXECUTABLE: /usr/bin/python3
[0.629s] -- Using PYTHON_INCLUDE_DIRS: /usr/include/python3.10
[0.629s] -- Using PYTHON_LIBRARIES: /usr/lib/x86_64-linux-gnu/libpython3.10.so
[0.638s] -- Added test 'lint_cmake' to check CMake code style
[0.639s] -- Added test 'xmllint' to check XML markup files
[0.643s] -- Configuring done
[0.656s] -- Generating done
[0.658s] -- Build files have been written to: /home/xie/Desktop/learn/carpole/cartplole/build/interface
[0.671s] [  2%] [34m[1mGenerating C code for ROS interfaces[0m
[0.676s] [  4%] [34m[1mGenerating C++ code for ROS interfaces[0m
[0.681s] [  4%] Built target ament_cmake_python_copy_interface
[0.802s] running egg_info
[0.802s] writing interface.egg-info/PKG-INFO
[0.802s] writing dependency_links to interface.egg-info/dependency_links.txt
[0.803s] writing top-level names to interface.egg-info/top_level.txt
[0.804s] reading manifest file 'interface.egg-info/SOURCES.txt'
[0.805s] writing manifest file 'interface.egg-info/SOURCES.txt'
[0.820s] [  4%] Built target ament_cmake_python_build_interface_egg
[0.845s] [  4%] Built target interface__cpp
[0.852s] [ 10%] [34m[1mGenerating C++ type support dispatch for ROS interfaces[0m
[0.852s] [ 10%] [34m[1mGenerating C++ type support for eProsima Fast-RTPS[0m
[0.852s] [ 10%] [34m[1mGenerating C++ introspection for ROS interfaces[0m
[0.852s] [35m[1mConsolidate compiler generated dependencies of target interface__rosidl_generator_c[0m
[0.862s] [ 17%] [32mBuilding C object CMakeFiles/interface__rosidl_generator_c.dir/rosidl_generator_c/interface/msg/detail/quat__functions.c.o[0m
[0.863s] [ 17%] [32mBuilding C object CMakeFiles/interface__rosidl_generator_c.dir/rosidl_generator_c/interface/msg/detail/state__functions.c.o[0m
[0.863s] [ 17%] [32mBuilding C object CMakeFiles/interface__rosidl_generator_c.dir/rosidl_generator_c/interface/msg/detail/torque__functions.c.o[0m
[0.898s] [ 19%] [32m[1mLinking C shared library libinterface__rosidl_generator_c.so[0m
[0.918s] [ 19%] Built target interface__rosidl_generator_c
[0.924s] [ 23%] [34m[1mGenerating C type support for eProsima Fast-RTPS[0m
[0.924s] [ 23%] [34m[1mGenerating C introspection for ROS interfaces[0m
[0.924s] [ 25%] [34m[1mGenerating C type support dispatch for ROS interfaces[0m
[0.985s] [35m[1mConsolidate compiler generated dependencies of target interface__rosidl_typesupport_cpp[0m
[0.992s] [ 29%] [32mBuilding CXX object CMakeFiles/interface__rosidl_typesupport_cpp.dir/rosidl_typesupport_cpp/interface/msg/state__type_support.cpp.o[0m
[0.992s] [ 29%] [32mBuilding CXX object CMakeFiles/interface__rosidl_typesupport_cpp.dir/rosidl_typesupport_cpp/interface/msg/torque__type_support.cpp.o[0m
[0.993s] [ 31%] [32mBuilding CXX object CMakeFiles/interface__rosidl_typesupport_cpp.dir/rosidl_typesupport_cpp/interface/msg/quat__type_support.cpp.o[0m
[1.020s] [35m[1mConsolidate compiler generated dependencies of target interface__rosidl_typesupport_fastrtps_cpp[0m
[1.026s] [35m[1mConsolidate compiler generated dependencies of target interface__rosidl_typesupport_introspection_cpp[0m
[1.028s] [ 34%] [32mBuilding CXX object CMakeFiles/interface__rosidl_typesupport_fastrtps_cpp.dir/rosidl_typesupport_fastrtps_cpp/interface/msg/detail/dds_fastrtps/state__type_support.cpp.o[0m
[1.031s] [ 38%] [32mBuilding CXX object CMakeFiles/interface__rosidl_typesupport_fastrtps_cpp.dir/rosidl_typesupport_fastrtps_cpp/interface/msg/detail/dds_fastrtps/quat__type_support.cpp.o[0m
[1.031s] [ 38%] [32mBuilding CXX object CMakeFiles/interface__rosidl_typesupport_fastrtps_cpp.dir/rosidl_typesupport_fastrtps_cpp/interface/msg/detail/dds_fastrtps/torque__type_support.cpp.o[0m
[1.033s] [ 40%] [32mBuilding CXX object CMakeFiles/interface__rosidl_typesupport_introspection_cpp.dir/rosidl_typesupport_introspection_cpp/interface/msg/detail/quat__type_support.cpp.o[0m
[1.035s] [ 44%] [32mBuilding CXX object CMakeFiles/interface__rosidl_typesupport_introspection_cpp.dir/rosidl_typesupport_introspection_cpp/interface/msg/detail/torque__type_support.cpp.o[0m
[1.036s] [ 44%] [32mBuilding CXX object CMakeFiles/interface__rosidl_typesupport_introspection_cpp.dir/rosidl_typesupport_introspection_cpp/interface/msg/detail/state__type_support.cpp.o[0m
[1.087s] [35m[1mConsolidate compiler generated dependencies of target interface__rosidl_typesupport_fastrtps_c[0m
[1.087s] [35m[1mConsolidate compiler generated dependencies of target interface__rosidl_typesupport_introspection_c[0m
[1.094s] [35m[1mConsolidate compiler generated dependencies of target interface__rosidl_typesupport_c[0m
[1.097s] [ 53%] [32mBuilding CXX object CMakeFiles/interface__rosidl_typesupport_fastrtps_c.dir/rosidl_typesupport_fastrtps_c/interface/msg/detail/quat__type_support_c.cpp.o[0m
[1.098s] [ 53%] [32mBuilding C object CMakeFiles/interface__rosidl_typesupport_introspection_c.dir/rosidl_typesupport_introspection_c/interface/msg/detail/torque__type_support.c.o[0m
[1.098s] [ 53%] [32mBuilding CXX object CMakeFiles/interface__rosidl_typesupport_fastrtps_c.dir/rosidl_typesupport_fastrtps_c/interface/msg/detail/state__type_support_c.cpp.o[0m
[1.098s] [ 53%] [32mBuilding C object CMakeFiles/interface__rosidl_typesupport_introspection_c.dir/rosidl_typesupport_introspection_c/interface/msg/detail/quat__type_support.c.o[0m
[1.098s] [ 55%] [32mBuilding C object CMakeFiles/interface__rosidl_typesupport_introspection_c.dir/rosidl_typesupport_introspection_c/interface/msg/detail/state__type_support.c.o[0m
[1.098s] [ 57%] [32mBuilding CXX object CMakeFiles/interface__rosidl_typesupport_fastrtps_c.dir/rosidl_typesupport_fastrtps_c/interface/msg/detail/torque__type_support_c.cpp.o[0m
[1.113s] [ 59%] [32mBuilding CXX object CMakeFiles/interface__rosidl_typesupport_c.dir/rosidl_typesupport_c/interface/msg/quat__type_support.cpp.o[0m
[1.114s] [ 61%] [32mBuilding CXX object CMakeFiles/interface__rosidl_typesupport_c.dir/rosidl_typesupport_c/interface/msg/torque__type_support.cpp.o[0m
[1.124s] [ 63%] [32mBuilding CXX object CMakeFiles/interface__rosidl_typesupport_c.dir/rosidl_typesupport_c/interface/msg/state__type_support.cpp.o[0m
[1.129s] [ 65%] [32m[1mLinking C shared library libinterface__rosidl_typesupport_introspection_c.so[0m
[1.149s] [ 68%] [32m[1mLinking CXX shared library libinterface__rosidl_typesupport_c.so[0m
[1.155s] [ 68%] Built target interface__rosidl_typesupport_introspection_c
[1.174s] [ 68%] Built target interface__rosidl_typesupport_c
[1.245s] [ 70%] [32m[1mLinking CXX shared library libinterface__rosidl_typesupport_cpp.so[0m
[1.273s] [ 70%] Built target interface__rosidl_typesupport_cpp
[1.299s] [ 72%] [32m[1mLinking CXX shared library libinterface__rosidl_typesupport_fastrtps_c.so[0m
[1.337s] [ 74%] [32m[1mLinking CXX shared library libinterface__rosidl_typesupport_introspection_cpp.so[0m
[1.340s] [ 76%] [32m[1mLinking CXX shared library libinterface__rosidl_typesupport_fastrtps_cpp.so[0m
[1.340s] [ 76%] Built target interface__rosidl_typesupport_fastrtps_c
[1.369s] [ 76%] Built target interface__rosidl_typesupport_introspection_cpp
[1.379s] [ 76%] Built target interface__rosidl_typesupport_fastrtps_cpp
[1.390s] [ 76%] Built target interface
[1.400s] [ 78%] [34m[1mGenerating Python code for ROS interfaces[0m
[1.622s] [ 78%] Built target interface__py
[1.628s] [35m[1mConsolidate compiler generated dependencies of target interface__rosidl_generator_py[0m
[1.635s] [ 82%] [32mBuilding C object CMakeFiles/interface__rosidl_generator_py.dir/rosidl_generator_py/interface/msg/_state_s.c.o[0m
[1.635s] [ 82%] [32mBuilding C object CMakeFiles/interface__rosidl_generator_py.dir/rosidl_generator_py/interface/msg/_torque_s.c.o[0m
[1.635s] [ 85%] [32mBuilding C object CMakeFiles/interface__rosidl_generator_py.dir/rosidl_generator_py/interface/msg/_quat_s.c.o[0m
[1.704s] [ 87%] [32m[1mLinking C shared library rosidl_generator_py/interface/libinterface__rosidl_generator_py.so[0m
[1.726s] [ 87%] Built target interface__rosidl_generator_py
[1.732s] [35m[1mConsolidate compiler generated dependencies of target interface__rosidl_typesupport_fastrtps_c__pyext[0m
[1.732s] [35m[1mConsolidate compiler generated dependencies of target interface__rosidl_typesupport_introspection_c__pyext[0m
[1.732s] [35m[1mConsolidate compiler generated dependencies of target interface__rosidl_typesupport_c__pyext[0m
[1.739s] [ 93%] [32mBuilding C object CMakeFiles/interface__rosidl_typesupport_introspection_c__pyext.dir/rosidl_generator_py/interface/_interface_s.ep.rosidl_typesupport_introspection_c.c.o[0m
[1.739s] [ 93%] [32mBuilding C object CMakeFiles/interface__rosidl_typesupport_c__pyext.dir/rosidl_generator_py/interface/_interface_s.ep.rosidl_typesupport_c.c.o[0m
[1.739s] [ 93%] [32mBuilding C object CMakeFiles/interface__rosidl_typesupport_fastrtps_c__pyext.dir/rosidl_generator_py/interface/_interface_s.ep.rosidl_typesupport_fastrtps_c.c.o[0m
[1.786s] [100%] [32m[1mLinking C shared library rosidl_generator_py/interface/interface_s__rosidl_typesupport_fastrtps_c.cpython-310-x86_64-linux-gnu.so[0m
[1.786s] [100%] [32m[1mLinking C shared library rosidl_generator_py/interface/interface_s__rosidl_typesupport_c.cpython-310-x86_64-linux-gnu.so[0m
[1.786s] [100%] [32m[1mLinking C shared library rosidl_generator_py/interface/interface_s__rosidl_typesupport_introspection_c.cpython-310-x86_64-linux-gnu.so[0m
[1.803s] [100%] Built target interface__rosidl_typesupport_c__pyext
[1.803s] [100%] Built target interface__rosidl_typesupport_introspection_c__pyext
[1.803s] [100%] Built target interface__rosidl_typesupport_fastrtps_c__pyext
[1.810s] Invoked command in '/home/xie/Desktop/learn/carpole/cartplole/build/interface' returned '0': CMAKE_PREFIX_PATH=${CMAKE_PREFIX_PATH}:/opt/ros/humble /usr/bin/cmake --build /home/xie/Desktop/learn/carpole/cartplole/build/interface -- -j20 -l20
[1.859s] Invoking command in '/home/xie/Desktop/learn/carpole/cartplole/build/interface': CMAKE_PREFIX_PATH=${CMAKE_PREFIX_PATH}:/opt/ros/humble /usr/bin/cmake --install /home/xie/Desktop/learn/carpole/cartplole/build/interface
[1.864s] -- Install configuration: ""
[1.864s] -- Installing: /home/xie/Desktop/learn/carpole/cartplole/install/interface/share/ament_index/resource_index/rosidl_interfaces/interface
[1.864s] -- Up-to-date: /home/xie/Desktop/learn/carpole/cartplole/install/interface/include/interface/interface
[1.864s] -- Up-to-date: /home/xie/Desktop/learn/carpole/cartplole/install/interface/include/interface/interface/msg
[1.864s] -- Installing: /home/xie/Desktop/learn/carpole/cartplole/install/interface/include/interface/interface/msg/quat.h
[1.864s] -- Installing: /home/xie/Desktop/learn/carpole/cartplole/install/interface/include/interface/interface/msg/state.h
[1.864s] -- Installing: /home/xie/Desktop/learn/carpole/cartplole/install/interface/include/interface/interface/msg/torque.h
[1.865s] -- Up-to-date: /home/xie/Desktop/learn/carpole/cartplole/install/interface/include/interface/interface/msg/detail
[1.865s] -- Installing: /home/xie/Desktop/learn/carpole/cartplole/install/interface/include/interface/interface/msg/detail/state__functions.h
[1.865s] -- Installing: /home/xie/Desktop/learn/carpole/cartplole/install/interface/include/interface/interface/msg/detail/quat__functions.c
[1.865s] -- Installing: /home/xie/Desktop/learn/carpole/cartplole/install/interface/include/interface/interface/msg/detail/state__struct.h
[1.865s] -- Installing: /home/xie/Desktop/learn/carpole/cartplole/install/interface/include/interface/interface/msg/detail/torque__struct.h
[1.865s] -- Installing: /home/xie/Desktop/learn/carpole/cartplole/install/interface/include/interface/interface/msg/detail/torque__functions.c
[1.865s] -- Installing: /home/xie/Desktop/learn/carpole/cartplole/install/interface/include/interface/interface/msg/detail/quat__functions.h
[1.865s] -- Installing: /home/xie/Desktop/learn/carpole/cartplole/install/interface/include/interface/interface/msg/detail/quat__struct.h
[1.865s] -- Installing: /home/xie/Desktop/learn/carpole/cartplole/install/interface/include/interface/interface/msg/detail/state__functions.c
[1.865s] -- Installing: /home/xie/Desktop/learn/carpole/cartplole/install/interface/include/interface/interface/msg/detail/quat__type_support.h
[1.865s] -- Installing: /home/xie/Desktop/learn/carpole/cartplole/install/interface/include/interface/interface/msg/detail/torque__type_support.h
[1.865s] -- Installing: /home/xie/Desktop/learn/carpole/cartplole/install/interface/include/interface/interface/msg/detail/torque__functions.h
[1.865s] -- Installing: /home/xie/Desktop/learn/carpole/cartplole/install/interface/include/interface/interface/msg/detail/state__type_support.h
[1.865s] -- Up-to-date: /home/xie/Desktop/learn/carpole/cartplole/install/interface/include/interface/interface/msg/rosidl_generator_c__visibility_control.h
[1.865s] -- Up-to-date: /home/xie/Desktop/learn/carpole/cartplole/install/interface/share/interface/environment/library_path.sh
[1.865s] -- Installing: /home/xie/Desktop/learn/carpole/cartplole/install/interface/share/interface/environment/library_path.dsv
[1.865s] -- Installing: /home/xie/Desktop/learn/carpole/cartplole/install/interface/lib/libinterface__rosidl_generator_c.so
[1.865s] -- Set runtime path of "/home/xie/Desktop/learn/carpole/cartplole/install/interface/lib/libinterface__rosidl_generator_c.so" to ""
[1.865s] -- Up-to-date: /home/xie/Desktop/learn/carpole/cartplole/install/interface/include/interface/interface
[1.865s] -- Up-to-date: /home/xie/Desktop/learn/carpole/cartplole/install/interface/include/interface/interface/msg
[1.865s] -- Up-to-date: /home/xie/Desktop/learn/carpole/cartplole/install/interface/include/interface/interface/msg/detail
[1.865s] -- Installing: /home/xie/Desktop/learn/carpole/cartplole/install/interface/include/interface/interface/msg/detail/state__rosidl_typesupport_fastrtps_c.h
[1.865s] -- Installing: /home/xie/Desktop/learn/carpole/cartplole/install/interface/include/interface/interface/msg/detail/quat__rosidl_typesupport_fastrtps_c.h
[1.865s] -- Installing: /home/xie/Desktop/learn/carpole/cartplole/install/interface/include/interface/interface/msg/detail/torque__rosidl_typesupport_fastrtps_c.h
[1.865s] -- Up-to-date: /home/xie/Desktop/learn/carpole/cartplole/install/interface/include/interface/interface/msg/rosidl_typesupport_fastrtps_c__visibility_control.h
[1.865s] -- Installing: /home/xie/Desktop/learn/carpole/cartplole/install/interface/lib/libinterface__rosidl_typesupport_fastrtps_c.so
[1.865s] -- Set runtime path of "/home/xie/Desktop/learn/carpole/cartplole/install/interface/lib/libinterface__rosidl_typesupport_fastrtps_c.so" to ""
[1.866s] -- Up-to-date: /home/xie/Desktop/learn/carpole/cartplole/install/interface/include/interface/interface
[1.866s] -- Up-to-date: /home/xie/Desktop/learn/carpole/cartplole/install/interface/include/interface/interface/msg
[1.866s] -- Up-to-date: /home/xie/Desktop/learn/carpole/cartplole/install/interface/include/interface/interface/msg/rosidl_typesupport_introspection_c__visibility_control.h
[1.866s] -- Up-to-date: /home/xie/Desktop/learn/carpole/cartplole/install/interface/include/interface/interface/msg/detail
[1.866s] -- Installing: /home/xie/Desktop/learn/carpole/cartplole/install/interface/include/interface/interface/msg/detail/torque__type_support.c
[1.866s] -- Installing: /home/xie/Desktop/learn/carpole/cartplole/install/interface/include/interface/interface/msg/detail/state__rosidl_typesupport_introspection_c.h
[1.866s] -- Installing: /home/xie/Desktop/learn/carpole/cartplole/install/interface/include/interface/interface/msg/detail/state__type_support.c
[1.866s] -- Installing: /home/xie/Desktop/learn/carpole/cartplole/install/interface/include/interface/interface/msg/detail/torque__rosidl_typesupport_introspection_c.h
[1.866s] -- Installing: /home/xie/Desktop/learn/carpole/cartplole/install/interface/include/interface/interface/msg/detail/quat__type_support.c
[1.866s] -- Installing: /home/xie/Desktop/learn/carpole/cartplole/install/interface/include/interface/interface/msg/detail/quat__rosidl_typesupport_introspection_c.h
[1.866s] -- Installing: /home/xie/Desktop/learn/carpole/cartplole/install/interface/lib/libinterface__rosidl_typesupport_introspection_c.so
[1.866s] -- Set runtime path of "/home/xie/Desktop/learn/carpole/cartplole/install/interface/lib/libinterface__rosidl_typesupport_introspection_c.so" to ""
[1.866s] -- Installing: /home/xie/Desktop/learn/carpole/cartplole/install/interface/lib/libinterface__rosidl_typesupport_c.so
[1.866s] -- Set runtime path of "/home/xie/Desktop/learn/carpole/cartplole/install/interface/lib/libinterface__rosidl_typesupport_c.so" to ""
[1.866s] -- Up-to-date: /home/xie/Desktop/learn/carpole/cartplole/install/interface/include/interface/interface
[1.866s] -- Up-to-date: /home/xie/Desktop/learn/carpole/cartplole/install/interface/include/interface/interface/msg
[1.866s] -- Installing: /home/xie/Desktop/learn/carpole/cartplole/install/interface/include/interface/interface/msg/state.hpp
[1.866s] -- Up-to-date: /home/xie/Desktop/learn/carpole/cartplole/install/interface/include/interface/interface/msg/detail
[1.866s] -- Installing: /home/xie/Desktop/learn/carpole/cartplole/install/interface/include/interface/interface/msg/detail/quat__builder.hpp
[1.866s] -- Installing: /home/xie/Desktop/learn/carpole/cartplole/install/interface/include/interface/interface/msg/detail/torque__builder.hpp
[1.866s] -- Installing: /home/xie/Desktop/learn/carpole/cartplole/install/interface/include/interface/interface/msg/detail/state__struct.hpp
[1.866s] -- Installing: /home/xie/Desktop/learn/carpole/cartplole/install/interface/include/interface/interface/msg/detail/torque__struct.hpp
[1.866s] -- Installing: /home/xie/Desktop/learn/carpole/cartplole/install/interface/include/interface/interface/msg/detail/state__traits.hpp
[1.866s] -- Installing: /home/xie/Desktop/learn/carpole/cartplole/install/interface/include/interface/interface/msg/detail/torque__traits.hpp
[1.866s] -- Installing: /home/xie/Desktop/learn/carpole/cartplole/install/interface/include/interface/interface/msg/detail/state__builder.hpp
[1.867s] -- Installing: /home/xie/Desktop/learn/carpole/cartplole/install/interface/include/interface/interface/msg/detail/quat__traits.hpp
[1.867s] -- Installing: /home/xie/Desktop/learn/carpole/cartplole/install/interface/include/interface/interface/msg/detail/quat__struct.hpp
[1.867s] -- Installing: /home/xie/Desktop/learn/carpole/cartplole/install/interface/include/interface/interface/msg/quat.hpp
[1.867s] -- Installing: /home/xie/Desktop/learn/carpole/cartplole/install/interface/include/interface/interface/msg/torque.hpp
[1.867s] -- Up-to-date: /home/xie/Desktop/learn/carpole/cartplole/install/interface/include/interface/interface
[1.867s] -- Up-to-date: /home/xie/Desktop/learn/carpole/cartplole/install/interface/include/interface/interface/msg
[1.867s] -- Up-to-date: /home/xie/Desktop/learn/carpole/cartplole/install/interface/include/interface/interface/msg/detail
[1.867s] -- Installing: /home/xie/Desktop/learn/carpole/cartplole/install/interface/include/interface/interface/msg/detail/state__rosidl_typesupport_fastrtps_cpp.hpp
[1.867s] -- Up-to-date: /home/xie/Desktop/learn/carpole/cartplole/install/interface/include/interface/interface/msg/detail/dds_fastrtps
[1.867s] -- Installing: /home/xie/Desktop/learn/carpole/cartplole/install/interface/include/interface/interface/msg/detail/torque__rosidl_typesupport_fastrtps_cpp.hpp
[1.867s] -- Installing: /home/xie/Desktop/learn/carpole/cartplole/install/interface/include/interface/interface/msg/detail/quat__rosidl_typesupport_fastrtps_cpp.hpp
[1.867s] -- Up-to-date: /home/xie/Desktop/learn/carpole/cartplole/install/interface/include/interface/interface/msg/rosidl_typesupport_fastrtps_cpp__visibility_control.h
[1.867s] -- Installing: /home/xie/Desktop/learn/carpole/cartplole/install/interface/lib/libinterface__rosidl_typesupport_fastrtps_cpp.so
[1.867s] -- Set runtime path of "/home/xie/Desktop/learn/carpole/cartplole/install/interface/lib/libinterface__rosidl_typesupport_fastrtps_cpp.so" to ""
[1.867s] -- Up-to-date: /home/xie/Desktop/learn/carpole/cartplole/install/interface/include/interface/interface
[1.867s] -- Up-to-date: /home/xie/Desktop/learn/carpole/cartplole/install/interface/include/interface/interface/msg
[1.867s] -- Up-to-date: /home/xie/Desktop/learn/carpole/cartplole/install/interface/include/interface/interface/msg/detail
[1.867s] -- Installing: /home/xie/Desktop/learn/carpole/cartplole/install/interface/include/interface/interface/msg/detail/torque__type_support.cpp
[1.867s] -- Installing: /home/xie/Desktop/learn/carpole/cartplole/install/interface/include/interface/interface/msg/detail/quat__type_support.cpp
[1.867s] -- Installing: /home/xie/Desktop/learn/carpole/cartplole/install/interface/include/interface/interface/msg/detail/state__rosidl_typesupport_introspection_cpp.hpp
[1.867s] -- Installing: /home/xie/Desktop/learn/carpole/cartplole/install/interface/include/interface/interface/msg/detail/torque__rosidl_typesupport_introspection_cpp.hpp
[1.867s] -- Installing: /home/xie/Desktop/learn/carpole/cartplole/install/interface/include/interface/interface/msg/detail/state__type_support.cpp
[1.867s] -- Installing: /home/xie/Desktop/learn/carpole/cartplole/install/interface/include/interface/interface/msg/detail/quat__rosidl_typesupport_introspection_cpp.hpp
[1.867s] -- Installing: /home/xie/Desktop/learn/carpole/cartplole/install/interface/lib/libinterface__rosidl_typesupport_introspection_cpp.so
[1.867s] -- Set runtime path of "/home/xie/Desktop/learn/carpole/cartplole/install/interface/lib/libinterface__rosidl_typesupport_introspection_cpp.so" to ""
[1.867s] -- Installing: /home/xie/Desktop/learn/carpole/cartplole/install/interface/lib/libinterface__rosidl_typesupport_cpp.so
[1.868s] -- Set runtime path of "/home/xie/Desktop/learn/carpole/cartplole/install/interface/lib/libinterface__rosidl_typesupport_cpp.so" to ""
[1.868s] -- Up-to-date: /home/xie/Desktop/learn/carpole/cartplole/install/interface/share/interface/environment/pythonpath.sh
[1.868s] -- Installing: /home/xie/Desktop/learn/carpole/cartplole/install/interface/share/interface/environment/pythonpath.dsv
[1.868s] -- Up-to-date: /home/xie/Desktop/learn/carpole/cartplole/install/interface/local/lib/python3.10/dist-packages/interface-0.0.0-py3.10.egg-info
[1.868s] -- Installing: /home/xie/Desktop/learn/carpole/cartplole/install/interface/local/lib/python3.10/dist-packages/interface-0.0.0-py3.10.egg-info/dependency_links.txt
[1.868s] -- Installing: /home/xie/Desktop/learn/carpole/cartplole/install/interface/local/lib/python3.10/dist-packages/interface-0.0.0-py3.10.egg-info/top_level.txt
[1.868s] -- Installing: /home/xie/Desktop/learn/carpole/cartplole/install/interface/local/lib/python3.10/dist-packages/interface-0.0.0-py3.10.egg-info/SOURCES.txt
[1.868s] -- Installing: /home/xie/Desktop/learn/carpole/cartplole/install/interface/local/lib/python3.10/dist-packages/interface-0.0.0-py3.10.egg-info/PKG-INFO
[1.868s] -- Up-to-date: /home/xie/Desktop/learn/carpole/cartplole/install/interface/local/lib/python3.10/dist-packages/interface
[1.868s] -- Up-to-date: /home/xie/Desktop/learn/carpole/cartplole/install/interface/local/lib/python3.10/dist-packages/interface/msg
[1.868s] -- Installing: /home/xie/Desktop/learn/carpole/cartplole/install/interface/local/lib/python3.10/dist-packages/interface/msg/_state_s.c
[1.868s] -- Installing: /home/xie/Desktop/learn/carpole/cartplole/install/interface/local/lib/python3.10/dist-packages/interface/msg/__init__.py
[1.868s] -- Installing: /home/xie/Desktop/learn/carpole/cartplole/install/interface/local/lib/python3.10/dist-packages/interface/msg/_quat.py
[1.868s] -- Installing: /home/xie/Desktop/learn/carpole/cartplole/install/interface/local/lib/python3.10/dist-packages/interface/msg/_torque.py
[1.868s] -- Installing: /home/xie/Desktop/learn/carpole/cartplole/install/interface/local/lib/python3.10/dist-packages/interface/msg/_torque_s.c
[1.868s] -- Installing: /home/xie/Desktop/learn/carpole/cartplole/install/interface/local/lib/python3.10/dist-packages/interface/msg/_quat_s.c
[1.868s] -- Installing: /home/xie/Desktop/learn/carpole/cartplole/install/interface/local/lib/python3.10/dist-packages/interface/msg/_state.py
[1.868s] -- Installing: /home/xie/Desktop/learn/carpole/cartplole/install/interface/local/lib/python3.10/dist-packages/interface/_interface_s.ep.rosidl_typesupport_fastrtps_c.c
[1.868s] -- Installing: /home/xie/Desktop/learn/carpole/cartplole/install/interface/local/lib/python3.10/dist-packages/interface/__init__.py
[1.868s] -- Installing: /home/xie/Desktop/learn/carpole/cartplole/install/interface/local/lib/python3.10/dist-packages/interface/_interface_s.ep.rosidl_typesupport_c.c
[1.868s] -- Installing: /home/xie/Desktop/learn/carpole/cartplole/install/interface/local/lib/python3.10/dist-packages/interface/interface_s__rosidl_typesupport_fastrtps_c.cpython-310-x86_64-linux-gnu.so
[1.868s] -- Installing: /home/xie/Desktop/learn/carpole/cartplole/install/interface/local/lib/python3.10/dist-packages/interface/libinterface__rosidl_generator_py.so
[1.868s] -- Installing: /home/xie/Desktop/learn/carpole/cartplole/install/interface/local/lib/python3.10/dist-packages/interface/interface_s__rosidl_typesupport_introspection_c.cpython-310-x86_64-linux-gnu.so
[1.868s] -- Installing: /home/xie/Desktop/learn/carpole/cartplole/install/interface/local/lib/python3.10/dist-packages/interface/interface_s__rosidl_typesupport_c.cpython-310-x86_64-linux-gnu.so
[1.869s] -- Installing: /home/xie/Desktop/learn/carpole/cartplole/install/interface/local/lib/python3.10/dist-packages/interface/_interface_s.ep.rosidl_typesupport_introspection_c.c
[1.887s] Listing '/home/xie/Desktop/learn/carpole/cartplole/install/interface/local/lib/python3.10/dist-packages/interface'...
[1.887s] Compiling '/home/xie/Desktop/learn/carpole/cartplole/install/interface/local/lib/python3.10/dist-packages/interface/__init__.py'...
[1.887s] Listing '/home/xie/Desktop/learn/carpole/cartplole/install/interface/local/lib/python3.10/dist-packages/interface/msg'...
[1.887s] Compiling '/home/xie/Desktop/learn/carpole/cartplole/install/interface/local/lib/python3.10/dist-packages/interface/msg/__init__.py'...
[1.887s] Compiling '/home/xie/Desktop/learn/carpole/cartplole/install/interface/local/lib/python3.10/dist-packages/interface/msg/_quat.py'...
[1.887s] Compiling '/home/xie/Desktop/learn/carpole/cartplole/install/interface/local/lib/python3.10/dist-packages/interface/msg/_state.py'...
[1.887s] Compiling '/home/xie/Desktop/learn/carpole/cartplole/install/interface/local/lib/python3.10/dist-packages/interface/msg/_torque.py'...
[1.890s] -- Installing: /home/xie/Desktop/learn/carpole/cartplole/install/interface/local/lib/python3.10/dist-packages/interface/interface_s__rosidl_typesupport_fastrtps_c.cpython-310-x86_64-linux-gnu.so
[1.890s] -- Set runtime path of "/home/xie/Desktop/learn/carpole/cartplole/install/interface/local/lib/python3.10/dist-packages/interface/interface_s__rosidl_typesupport_fastrtps_c.cpython-310-x86_64-linux-gnu.so" to ""
[1.890s] -- Installing: /home/xie/Desktop/learn/carpole/cartplole/install/interface/local/lib/python3.10/dist-packages/interface/interface_s__rosidl_typesupport_introspection_c.cpython-310-x86_64-linux-gnu.so
[1.890s] -- Set runtime path of "/home/xie/Desktop/learn/carpole/cartplole/install/interface/local/lib/python3.10/dist-packages/interface/interface_s__rosidl_typesupport_introspection_c.cpython-310-x86_64-linux-gnu.so" to ""
[1.890s] -- Installing: /home/xie/Desktop/learn/carpole/cartplole/install/interface/local/lib/python3.10/dist-packages/interface/interface_s__rosidl_typesupport_c.cpython-310-x86_64-linux-gnu.so
[1.890s] -- Set runtime path of "/home/xie/Desktop/learn/carpole/cartplole/install/interface/local/lib/python3.10/dist-packages/interface/interface_s__rosidl_typesupport_c.cpython-310-x86_64-linux-gnu.so" to ""
[1.890s] -- Installing: /home/xie/Desktop/learn/carpole/cartplole/install/interface/lib/libinterface__rosidl_generator_py.so
[1.890s] -- Set runtime path of "/home/xie/Desktop/learn/carpole/cartplole/install/interface/lib/libinterface__rosidl_generator_py.so" to ""
[1.891s] -- Installing: /home/xie/Desktop/learn/carpole/cartplole/install/interface/share/interface/msg/State.idl
[1.891s] -- Up-to-date: /home/xie/Desktop/learn/carpole/cartplole/install/interface/share/interface/msg/Torque.idl
[1.891s] -- Installing: /home/xie/Desktop/learn/carpole/cartplole/install/interface/share/interface/msg/Quat.idl
[1.891s] -- Installing: /home/xie/Desktop/learn/carpole/cartplole/install/interface/share/interface/msg/State.msg
[1.891s] -- Up-to-date: /home/xie/Desktop/learn/carpole/cartplole/install/interface/share/interface/msg/Torque.msg
[1.891s] -- Installing: /home/xie/Desktop/learn/carpole/cartplole/install/interface/share/interface/msg/Quat.msg
[1.891s] -- Up-to-date: /home/xie/Desktop/learn/carpole/cartplole/install/interface/share/ament_index/resource_index/package_run_dependencies/interface
[1.891s] -- Up-to-date: /home/xie/Desktop/learn/carpole/cartplole/install/interface/share/ament_index/resource_index/parent_prefix_path/interface
[1.891s] -- Up-to-date: /home/xie/Desktop/learn/carpole/cartplole/install/interface/share/interface/environment/ament_prefix_path.sh
[1.891s] -- Installing: /home/xie/Desktop/learn/carpole/cartplole/install/interface/share/interface/environment/ament_prefix_path.dsv
[1.891s] -- Up-to-date: /home/xie/Desktop/learn/carpole/cartplole/install/interface/share/interface/environment/path.sh
[1.891s] -- Installing: /home/xie/Desktop/learn/carpole/cartplole/install/interface/share/interface/environment/path.dsv
[1.891s] -- Up-to-date: /home/xie/Desktop/learn/carpole/cartplole/install/interface/share/interface/local_setup.bash
[1.891s] -- Up-to-date: /home/xie/Desktop/learn/carpole/cartplole/install/interface/share/interface/local_setup.sh
[1.891s] -- Up-to-date: /home/xie/Desktop/learn/carpole/cartplole/install/interface/share/interface/local_setup.zsh
[1.892s] -- Installing: /home/xie/Desktop/learn/carpole/cartplole/install/interface/share/interface/local_setup.dsv
[1.892s] -- Installing: /home/xie/Desktop/learn/carpole/cartplole/install/interface/share/interface/package.dsv
[1.892s] -- Up-to-date: /home/xie/Desktop/learn/carpole/cartplole/install/interface/share/ament_index/resource_index/packages/interface
[1.892s] -- Up-to-date: /home/xie/Desktop/learn/carpole/cartplole/install/interface/share/interface/cmake/export_interface__rosidl_generator_cExport.cmake
[1.892s] -- Up-to-date: /home/xie/Desktop/learn/carpole/cartplole/install/interface/share/interface/cmake/export_interface__rosidl_generator_cExport-noconfig.cmake
[1.892s] -- Up-to-date: /home/xie/Desktop/learn/carpole/cartplole/install/interface/share/interface/cmake/export_interface__rosidl_typesupport_fastrtps_cExport.cmake
[1.892s] -- Up-to-date: /home/xie/Desktop/learn/carpole/cartplole/install/interface/share/interface/cmake/export_interface__rosidl_typesupport_fastrtps_cExport-noconfig.cmake
[1.892s] -- Up-to-date: /home/xie/Desktop/learn/carpole/cartplole/install/interface/share/interface/cmake/interface__rosidl_typesupport_introspection_cExport.cmake
[1.892s] -- Up-to-date: /home/xie/Desktop/learn/carpole/cartplole/install/interface/share/interface/cmake/interface__rosidl_typesupport_introspection_cExport-noconfig.cmake
[1.892s] -- Up-to-date: /home/xie/Desktop/learn/carpole/cartplole/install/interface/share/interface/cmake/interface__rosidl_typesupport_cExport.cmake
[1.892s] -- Up-to-date: /home/xie/Desktop/learn/carpole/cartplole/install/interface/share/interface/cmake/interface__rosidl_typesupport_cExport-noconfig.cmake
[1.892s] -- Up-to-date: /home/xie/Desktop/learn/carpole/cartplole/install/interface/share/interface/cmake/export_interface__rosidl_generator_cppExport.cmake
[1.892s] -- Up-to-date: /home/xie/Desktop/learn/carpole/cartplole/install/interface/share/interface/cmake/export_interface__rosidl_typesupport_fastrtps_cppExport.cmake
[1.893s] -- Up-to-date: /home/xie/Desktop/learn/carpole/cartplole/install/interface/share/interface/cmake/export_interface__rosidl_typesupport_fastrtps_cppExport-noconfig.cmake
[1.893s] -- Up-to-date: /home/xie/Desktop/learn/carpole/cartplole/install/interface/share/interface/cmake/interface__rosidl_typesupport_introspection_cppExport.cmake
[1.893s] -- Up-to-date: /home/xie/Desktop/learn/carpole/cartplole/install/interface/share/interface/cmake/interface__rosidl_typesupport_introspection_cppExport-noconfig.cmake
[1.893s] -- Up-to-date: /home/xie/Desktop/learn/carpole/cartplole/install/interface/share/interface/cmake/interface__rosidl_typesupport_cppExport.cmake
[1.893s] -- Up-to-date: /home/xie/Desktop/learn/carpole/cartplole/install/interface/share/interface/cmake/interface__rosidl_typesupport_cppExport-noconfig.cmake
[1.893s] -- Up-to-date: /home/xie/Desktop/learn/carpole/cartplole/install/interface/share/interface/cmake/export_interface__rosidl_generator_pyExport.cmake
[1.893s] -- Up-to-date: /home/xie/Desktop/learn/carpole/cartplole/install/interface/share/interface/cmake/export_interface__rosidl_generator_pyExport-noconfig.cmake
[1.893s] -- Installing: /home/xie/Desktop/learn/carpole/cartplole/install/interface/share/interface/cmake/rosidl_cmake-extras.cmake
[1.893s] -- Up-to-date: /home/xie/Desktop/learn/carpole/cartplole/install/interface/share/interface/cmake/ament_cmake_export_include_directories-extras.cmake
[1.893s] -- Up-to-date: /home/xie/Desktop/learn/carpole/cartplole/install/interface/share/interface/cmake/ament_cmake_export_libraries-extras.cmake
[1.893s] -- Up-to-date: /home/xie/Desktop/learn/carpole/cartplole/install/interface/share/interface/cmake/ament_cmake_export_targets-extras.cmake
[1.893s] -- Up-to-date: /home/xie/Desktop/learn/carpole/cartplole/install/interface/share/interface/cmake/rosidl_cmake_export_typesupport_targets-extras.cmake
[1.893s] -- Up-to-date: /home/xie/Desktop/learn/carpole/cartplole/install/interface/share/interface/cmake/ament_cmake_export_dependencies-extras.cmake
[1.893s] -- Up-to-date: /home/xie/Desktop/learn/carpole/cartplole/install/interface/share/interface/cmake/rosidl_cmake_export_typesupport_libraries-extras.cmake
[1.893s] -- Up-to-date: /home/xie/Desktop/learn/carpole/cartplole/install/interface/share/interface/cmake/interfaceConfig.cmake
[1.893s] -- Up-to-date: /home/xie/Desktop/learn/carpole/cartplole/install/interface/share/interface/cmake/interfaceConfig-version.cmake
[1.893s] -- Up-to-date: /home/xie/Desktop/learn/carpole/cartplole/install/interface/share/interface/package.xml
[1.894s] Invoked command in '/home/xie/Desktop/learn/carpole/cartplole/build/interface' returned '0': CMAKE_PREFIX_PATH=${CMAKE_PREFIX_PATH}:/opt/ros/humble /usr/bin/cmake --install /home/xie/Desktop/learn/carpole/cartplole/build/interface
