-- Found ament_cmake: 1.3.6 (/opt/ros/humble/share/ament_cmake/cmake)
-- Found ament_lint_auto: 0.12.9 (/opt/ros/humble/share/ament_lint_auto/cmake)
-- Found rosidl_default_generators: 1.2.0 (/opt/ros/humble/share/rosidl_default_generators/cmake)
-- Using all available rosidl_typesupport_c: rosidl_typesupport_fastrtps_c;rosidl_typesupport_introspection_c
-- Found rosidl_adapter: 3.1.5 (/opt/ros/humble/share/rosidl_adapter/cmake)
-- Using all available rosidl_typesupport_cpp: rosidl_typesupport_fastrtps_cpp;rosidl_typesupport_introspection_cpp
-- Found ament_cmake_ros: 0.10.0 (/opt/ros/humble/share/ament_cmake_ros/cmake)
-- Using all available rosidl_typesupport_c: rosidl_typesupport_fastrtps_c;rosidl_typesupport_introspection_c
-- Using all available rosidl_typesupport_cpp: rosidl_typesupport_fastrtps_cpp;rosidl_typesupport_introspection_cpp
-- Found python_cmake_module: 0.10.0 (/opt/ros/humble/share/python_cmake_module/cmake)
-- Using PYTHON_EXECUTABLE: /usr/bin/python3
-- Using PYTHON_INCLUDE_DIRS: /usr/include/python3.10
-- Using PYTHON_LIBRARIES: /usr/lib/x86_64-linux-gnu/libpython3.10.so
-- Added test 'lint_cmake' to check CMake code style
-- Added test 'xmllint' to check XML markup files
-- Configuring done
-- Generating done
-- Build files have been written to: /home/xie/Desktop/learn/carpole/cartplole/build/interface
[35m[1mConsolidate compiler generated dependencies of target interface__rosidl_generator_c[0m
[  2%] Built target interface__cpp
[ 12%] Built target interface__rosidl_generator_c
[ 12%] Built target ament_cmake_python_copy_interface
[35m[1mConsolidate compiler generated dependencies of target interface__rosidl_typesupport_introspection_cpp[0m
[35m[1mConsolidate compiler generated dependencies of target interface__rosidl_typesupport_fastrtps_cpp[0m
[35m[1mConsolidate compiler generated dependencies of target interface__rosidl_typesupport_cpp[0m
[35m[1mConsolidate compiler generated dependencies of target interface__rosidl_typesupport_fastrtps_c[0m
[35m[1mConsolidate compiler generated dependencies of target interface__rosidl_typesupport_introspection_c[0m
[35m[1mConsolidate compiler generated dependencies of target interface__rosidl_typesupport_c[0m
[ 23%] Built target interface__rosidl_typesupport_introspection_cpp
[ 34%] Built target interface__rosidl_typesupport_cpp
[ 44%] Built target interface__rosidl_typesupport_fastrtps_c
[ 55%] Built target interface__rosidl_typesupport_introspection_c
[ 65%] Built target interface__rosidl_typesupport_c
[ 76%] Built target interface__rosidl_typesupport_fastrtps_cpp
[ 76%] Built target interface
[ 78%] Built target interface__py
[35m[1mConsolidate compiler generated dependencies of target interface__rosidl_generator_py[0m
[ 87%] Built target interface__rosidl_generator_py
[35m[1mConsolidate compiler generated dependencies of target interface__rosidl_typesupport_introspection_c__pyext[0m
[35m[1mConsolidate compiler generated dependencies of target interface__rosidl_typesupport_c__pyext[0m
[35m[1mConsolidate compiler generated dependencies of target interface__rosidl_typesupport_fastrtps_c__pyext[0m
[100%] Built target interface__rosidl_typesupport_fastrtps_c__pyext
[100%] Built target interface__rosidl_typesupport_c__pyext
[100%] Built target interface__rosidl_typesupport_introspection_c__pyext
running egg_info
writing interface.egg-info/PKG-INFO
writing dependency_links to interface.egg-info/dependency_links.txt
writing top-level names to interface.egg-info/top_level.txt
reading manifest file 'interface.egg-info/SOURCES.txt'
writing manifest file 'interface.egg-info/SOURCES.txt'
[100%] Built target ament_cmake_python_build_interface_egg
-- Install configuration: ""
-- Up-to-date: /home/xie/Desktop/learn/carpole/cartplole/install/interface/share/ament_index/resource_index/rosidl_interfaces/interface
-- Up-to-date: /home/xie/Desktop/learn/carpole/cartplole/install/interface/include/interface/interface
-- Up-to-date: /home/xie/Desktop/learn/carpole/cartplole/install/interface/include/interface/interface/msg
-- Up-to-date: /home/xie/Desktop/learn/carpole/cartplole/install/interface/include/interface/interface/msg/quat.h
-- Up-to-date: /home/xie/Desktop/learn/carpole/cartplole/install/interface/include/interface/interface/msg/state.h
-- Up-to-date: /home/xie/Desktop/learn/carpole/cartplole/install/interface/include/interface/interface/msg/torque.h
-- Up-to-date: /home/xie/Desktop/learn/carpole/cartplole/install/interface/include/interface/interface/msg/detail
-- Up-to-date: /home/xie/Desktop/learn/carpole/cartplole/install/interface/include/interface/interface/msg/detail/state__functions.h
-- Up-to-date: /home/xie/Desktop/learn/carpole/cartplole/install/interface/include/interface/interface/msg/detail/quat__functions.c
-- Up-to-date: /home/xie/Desktop/learn/carpole/cartplole/install/interface/include/interface/interface/msg/detail/state__struct.h
-- Up-to-date: /home/xie/Desktop/learn/carpole/cartplole/install/interface/include/interface/interface/msg/detail/torque__struct.h
-- Up-to-date: /home/xie/Desktop/learn/carpole/cartplole/install/interface/include/interface/interface/msg/detail/torque__functions.c
-- Up-to-date: /home/xie/Desktop/learn/carpole/cartplole/install/interface/include/interface/interface/msg/detail/quat__functions.h
-- Up-to-date: /home/xie/Desktop/learn/carpole/cartplole/install/interface/include/interface/interface/msg/detail/quat__struct.h
-- Up-to-date: /home/xie/Desktop/learn/carpole/cartplole/install/interface/include/interface/interface/msg/detail/state__functions.c
-- Up-to-date: /home/xie/Desktop/learn/carpole/cartplole/install/interface/include/interface/interface/msg/detail/quat__type_support.h
-- Up-to-date: /home/xie/Desktop/learn/carpole/cartplole/install/interface/include/interface/interface/msg/detail/torque__type_support.h
-- Up-to-date: /home/xie/Desktop/learn/carpole/cartplole/install/interface/include/interface/interface/msg/detail/torque__functions.h
-- Up-to-date: /home/xie/Desktop/learn/carpole/cartplole/install/interface/include/interface/interface/msg/detail/state__type_support.h
-- Up-to-date: /home/xie/Desktop/learn/carpole/cartplole/install/interface/include/interface/interface/msg/rosidl_generator_c__visibility_control.h
-- Up-to-date: /home/xie/Desktop/learn/carpole/cartplole/install/interface/share/interface/environment/library_path.sh
-- Installing: /home/xie/Desktop/learn/carpole/cartplole/install/interface/share/interface/environment/library_path.dsv
-- Up-to-date: /home/xie/Desktop/learn/carpole/cartplole/install/interface/lib/libinterface__rosidl_generator_c.so
-- Up-to-date: /home/xie/Desktop/learn/carpole/cartplole/install/interface/include/interface/interface
-- Up-to-date: /home/xie/Desktop/learn/carpole/cartplole/install/interface/include/interface/interface/msg
-- Up-to-date: /home/xie/Desktop/learn/carpole/cartplole/install/interface/include/interface/interface/msg/detail
-- Up-to-date: /home/xie/Desktop/learn/carpole/cartplole/install/interface/include/interface/interface/msg/detail/state__rosidl_typesupport_fastrtps_c.h
-- Up-to-date: /home/xie/Desktop/learn/carpole/cartplole/install/interface/include/interface/interface/msg/detail/quat__rosidl_typesupport_fastrtps_c.h
-- Up-to-date: /home/xie/Desktop/learn/carpole/cartplole/install/interface/include/interface/interface/msg/detail/torque__rosidl_typesupport_fastrtps_c.h
-- Up-to-date: /home/xie/Desktop/learn/carpole/cartplole/install/interface/include/interface/interface/msg/rosidl_typesupport_fastrtps_c__visibility_control.h
-- Up-to-date: /home/xie/Desktop/learn/carpole/cartplole/install/interface/lib/libinterface__rosidl_typesupport_fastrtps_c.so
-- Up-to-date: /home/xie/Desktop/learn/carpole/cartplole/install/interface/include/interface/interface
-- Up-to-date: /home/xie/Desktop/learn/carpole/cartplole/install/interface/include/interface/interface/msg
-- Up-to-date: /home/xie/Desktop/learn/carpole/cartplole/install/interface/include/interface/interface/msg/rosidl_typesupport_introspection_c__visibility_control.h
-- Up-to-date: /home/xie/Desktop/learn/carpole/cartplole/install/interface/include/interface/interface/msg/detail
-- Up-to-date: /home/xie/Desktop/learn/carpole/cartplole/install/interface/include/interface/interface/msg/detail/torque__type_support.c
-- Up-to-date: /home/xie/Desktop/learn/carpole/cartplole/install/interface/include/interface/interface/msg/detail/state__rosidl_typesupport_introspection_c.h
-- Up-to-date: /home/xie/Desktop/learn/carpole/cartplole/install/interface/include/interface/interface/msg/detail/state__type_support.c
-- Up-to-date: /home/xie/Desktop/learn/carpole/cartplole/install/interface/include/interface/interface/msg/detail/torque__rosidl_typesupport_introspection_c.h
-- Up-to-date: /home/xie/Desktop/learn/carpole/cartplole/install/interface/include/interface/interface/msg/detail/quat__type_support.c
-- Up-to-date: /home/xie/Desktop/learn/carpole/cartplole/install/interface/include/interface/interface/msg/detail/quat__rosidl_typesupport_introspection_c.h
-- Up-to-date: /home/xie/Desktop/learn/carpole/cartplole/install/interface/lib/libinterface__rosidl_typesupport_introspection_c.so
-- Up-to-date: /home/xie/Desktop/learn/carpole/cartplole/install/interface/lib/libinterface__rosidl_typesupport_c.so
-- Up-to-date: /home/xie/Desktop/learn/carpole/cartplole/install/interface/include/interface/interface
-- Up-to-date: /home/xie/Desktop/learn/carpole/cartplole/install/interface/include/interface/interface/msg
-- Up-to-date: /home/xie/Desktop/learn/carpole/cartplole/install/interface/include/interface/interface/msg/state.hpp
-- Up-to-date: /home/xie/Desktop/learn/carpole/cartplole/install/interface/include/interface/interface/msg/detail
-- Up-to-date: /home/xie/Desktop/learn/carpole/cartplole/install/interface/include/interface/interface/msg/detail/quat__builder.hpp
-- Up-to-date: /home/xie/Desktop/learn/carpole/cartplole/install/interface/include/interface/interface/msg/detail/torque__builder.hpp
-- Up-to-date: /home/xie/Desktop/learn/carpole/cartplole/install/interface/include/interface/interface/msg/detail/state__struct.hpp
-- Up-to-date: /home/xie/Desktop/learn/carpole/cartplole/install/interface/include/interface/interface/msg/detail/torque__struct.hpp
-- Up-to-date: /home/xie/Desktop/learn/carpole/cartplole/install/interface/include/interface/interface/msg/detail/state__traits.hpp
-- Up-to-date: /home/xie/Desktop/learn/carpole/cartplole/install/interface/include/interface/interface/msg/detail/torque__traits.hpp
-- Up-to-date: /home/xie/Desktop/learn/carpole/cartplole/install/interface/include/interface/interface/msg/detail/state__builder.hpp
-- Up-to-date: /home/xie/Desktop/learn/carpole/cartplole/install/interface/include/interface/interface/msg/detail/quat__traits.hpp
-- Up-to-date: /home/xie/Desktop/learn/carpole/cartplole/install/interface/include/interface/interface/msg/detail/quat__struct.hpp
-- Up-to-date: /home/xie/Desktop/learn/carpole/cartplole/install/interface/include/interface/interface/msg/quat.hpp
-- Up-to-date: /home/xie/Desktop/learn/carpole/cartplole/install/interface/include/interface/interface/msg/torque.hpp
-- Up-to-date: /home/xie/Desktop/learn/carpole/cartplole/install/interface/include/interface/interface
-- Up-to-date: /home/xie/Desktop/learn/carpole/cartplole/install/interface/include/interface/interface/msg
-- Up-to-date: /home/xie/Desktop/learn/carpole/cartplole/install/interface/include/interface/interface/msg/detail
-- Up-to-date: /home/xie/Desktop/learn/carpole/cartplole/install/interface/include/interface/interface/msg/detail/state__rosidl_typesupport_fastrtps_cpp.hpp
-- Up-to-date: /home/xie/Desktop/learn/carpole/cartplole/install/interface/include/interface/interface/msg/detail/dds_fastrtps
-- Up-to-date: /home/xie/Desktop/learn/carpole/cartplole/install/interface/include/interface/interface/msg/detail/torque__rosidl_typesupport_fastrtps_cpp.hpp
-- Up-to-date: /home/xie/Desktop/learn/carpole/cartplole/install/interface/include/interface/interface/msg/detail/quat__rosidl_typesupport_fastrtps_cpp.hpp
-- Up-to-date: /home/xie/Desktop/learn/carpole/cartplole/install/interface/include/interface/interface/msg/rosidl_typesupport_fastrtps_cpp__visibility_control.h
-- Up-to-date: /home/xie/Desktop/learn/carpole/cartplole/install/interface/lib/libinterface__rosidl_typesupport_fastrtps_cpp.so
-- Up-to-date: /home/xie/Desktop/learn/carpole/cartplole/install/interface/include/interface/interface
-- Up-to-date: /home/xie/Desktop/learn/carpole/cartplole/install/interface/include/interface/interface/msg
-- Up-to-date: /home/xie/Desktop/learn/carpole/cartplole/install/interface/include/interface/interface/msg/detail
-- Up-to-date: /home/xie/Desktop/learn/carpole/cartplole/install/interface/include/interface/interface/msg/detail/torque__type_support.cpp
-- Up-to-date: /home/xie/Desktop/learn/carpole/cartplole/install/interface/include/interface/interface/msg/detail/quat__type_support.cpp
-- Up-to-date: /home/xie/Desktop/learn/carpole/cartplole/install/interface/include/interface/interface/msg/detail/state__rosidl_typesupport_introspection_cpp.hpp
-- Up-to-date: /home/xie/Desktop/learn/carpole/cartplole/install/interface/include/interface/interface/msg/detail/torque__rosidl_typesupport_introspection_cpp.hpp
-- Up-to-date: /home/xie/Desktop/learn/carpole/cartplole/install/interface/include/interface/interface/msg/detail/state__type_support.cpp
-- Up-to-date: /home/xie/Desktop/learn/carpole/cartplole/install/interface/include/interface/interface/msg/detail/quat__rosidl_typesupport_introspection_cpp.hpp
-- Up-to-date: /home/xie/Desktop/learn/carpole/cartplole/install/interface/lib/libinterface__rosidl_typesupport_introspection_cpp.so
-- Up-to-date: /home/xie/Desktop/learn/carpole/cartplole/install/interface/lib/libinterface__rosidl_typesupport_cpp.so
-- Up-to-date: /home/xie/Desktop/learn/carpole/cartplole/install/interface/share/interface/environment/pythonpath.sh
-- Installing: /home/xie/Desktop/learn/carpole/cartplole/install/interface/share/interface/environment/pythonpath.dsv
-- Up-to-date: /home/xie/Desktop/learn/carpole/cartplole/install/interface/local/lib/python3.10/dist-packages/interface-0.0.0-py3.10.egg-info
-- Installing: /home/xie/Desktop/learn/carpole/cartplole/install/interface/local/lib/python3.10/dist-packages/interface-0.0.0-py3.10.egg-info/dependency_links.txt
-- Installing: /home/xie/Desktop/learn/carpole/cartplole/install/interface/local/lib/python3.10/dist-packages/interface-0.0.0-py3.10.egg-info/top_level.txt
-- Installing: /home/xie/Desktop/learn/carpole/cartplole/install/interface/local/lib/python3.10/dist-packages/interface-0.0.0-py3.10.egg-info/SOURCES.txt
-- Installing: /home/xie/Desktop/learn/carpole/cartplole/install/interface/local/lib/python3.10/dist-packages/interface-0.0.0-py3.10.egg-info/PKG-INFO
-- Up-to-date: /home/xie/Desktop/learn/carpole/cartplole/install/interface/local/lib/python3.10/dist-packages/interface
-- Up-to-date: /home/xie/Desktop/learn/carpole/cartplole/install/interface/local/lib/python3.10/dist-packages/interface/msg
-- Up-to-date: /home/xie/Desktop/learn/carpole/cartplole/install/interface/local/lib/python3.10/dist-packages/interface/msg/_state_s.c
-- Up-to-date: /home/xie/Desktop/learn/carpole/cartplole/install/interface/local/lib/python3.10/dist-packages/interface/msg/__init__.py
-- Up-to-date: /home/xie/Desktop/learn/carpole/cartplole/install/interface/local/lib/python3.10/dist-packages/interface/msg/_quat.py
-- Up-to-date: /home/xie/Desktop/learn/carpole/cartplole/install/interface/local/lib/python3.10/dist-packages/interface/msg/_torque.py
-- Up-to-date: /home/xie/Desktop/learn/carpole/cartplole/install/interface/local/lib/python3.10/dist-packages/interface/msg/_torque_s.c
-- Up-to-date: /home/xie/Desktop/learn/carpole/cartplole/install/interface/local/lib/python3.10/dist-packages/interface/msg/_quat_s.c
-- Up-to-date: /home/xie/Desktop/learn/carpole/cartplole/install/interface/local/lib/python3.10/dist-packages/interface/msg/_state.py
-- Up-to-date: /home/xie/Desktop/learn/carpole/cartplole/install/interface/local/lib/python3.10/dist-packages/interface/_interface_s.ep.rosidl_typesupport_fastrtps_c.c
-- Installing: /home/xie/Desktop/learn/carpole/cartplole/install/interface/local/lib/python3.10/dist-packages/interface/__init__.py
-- Up-to-date: /home/xie/Desktop/learn/carpole/cartplole/install/interface/local/lib/python3.10/dist-packages/interface/_interface_s.ep.rosidl_typesupport_c.c
-- Up-to-date: /home/xie/Desktop/learn/carpole/cartplole/install/interface/local/lib/python3.10/dist-packages/interface/interface_s__rosidl_typesupport_fastrtps_c.cpython-310-x86_64-linux-gnu.so
-- Up-to-date: /home/xie/Desktop/learn/carpole/cartplole/install/interface/local/lib/python3.10/dist-packages/interface/libinterface__rosidl_generator_py.so
-- Up-to-date: /home/xie/Desktop/learn/carpole/cartplole/install/interface/local/lib/python3.10/dist-packages/interface/interface_s__rosidl_typesupport_introspection_c.cpython-310-x86_64-linux-gnu.so
-- Up-to-date: /home/xie/Desktop/learn/carpole/cartplole/install/interface/local/lib/python3.10/dist-packages/interface/interface_s__rosidl_typesupport_c.cpython-310-x86_64-linux-gnu.so
-- Up-to-date: /home/xie/Desktop/learn/carpole/cartplole/install/interface/local/lib/python3.10/dist-packages/interface/_interface_s.ep.rosidl_typesupport_introspection_c.c
Listing '/home/xie/Desktop/learn/carpole/cartplole/install/interface/local/lib/python3.10/dist-packages/interface'...
Compiling '/home/xie/Desktop/learn/carpole/cartplole/install/interface/local/lib/python3.10/dist-packages/interface/__init__.py'...
Listing '/home/xie/Desktop/learn/carpole/cartplole/install/interface/local/lib/python3.10/dist-packages/interface/msg'...
-- Up-to-date: /home/xie/Desktop/learn/carpole/cartplole/install/interface/local/lib/python3.10/dist-packages/interface/interface_s__rosidl_typesupport_fastrtps_c.cpython-310-x86_64-linux-gnu.so
-- Up-to-date: /home/xie/Desktop/learn/carpole/cartplole/install/interface/local/lib/python3.10/dist-packages/interface/interface_s__rosidl_typesupport_introspection_c.cpython-310-x86_64-linux-gnu.so
-- Up-to-date: /home/xie/Desktop/learn/carpole/cartplole/install/interface/local/lib/python3.10/dist-packages/interface/interface_s__rosidl_typesupport_c.cpython-310-x86_64-linux-gnu.so
-- Up-to-date: /home/xie/Desktop/learn/carpole/cartplole/install/interface/lib/libinterface__rosidl_generator_py.so
-- Up-to-date: /home/xie/Desktop/learn/carpole/cartplole/install/interface/share/interface/msg/State.idl
-- Up-to-date: /home/xie/Desktop/learn/carpole/cartplole/install/interface/share/interface/msg/Torque.idl
-- Up-to-date: /home/xie/Desktop/learn/carpole/cartplole/install/interface/share/interface/msg/Quat.idl
-- Installing: /home/xie/Desktop/learn/carpole/cartplole/install/interface/share/interface/msg/State.msg
-- Up-to-date: /home/xie/Desktop/learn/carpole/cartplole/install/interface/share/interface/msg/Torque.msg
-- Up-to-date: /home/xie/Desktop/learn/carpole/cartplole/install/interface/share/interface/msg/Quat.msg
-- Up-to-date: /home/xie/Desktop/learn/carpole/cartplole/install/interface/share/ament_index/resource_index/package_run_dependencies/interface
-- Up-to-date: /home/xie/Desktop/learn/carpole/cartplole/install/interface/share/ament_index/resource_index/parent_prefix_path/interface
-- Up-to-date: /home/xie/Desktop/learn/carpole/cartplole/install/interface/share/interface/environment/ament_prefix_path.sh
-- Installing: /home/xie/Desktop/learn/carpole/cartplole/install/interface/share/interface/environment/ament_prefix_path.dsv
-- Up-to-date: /home/xie/Desktop/learn/carpole/cartplole/install/interface/share/interface/environment/path.sh
-- Installing: /home/xie/Desktop/learn/carpole/cartplole/install/interface/share/interface/environment/path.dsv
-- Up-to-date: /home/xie/Desktop/learn/carpole/cartplole/install/interface/share/interface/local_setup.bash
-- Up-to-date: /home/xie/Desktop/learn/carpole/cartplole/install/interface/share/interface/local_setup.sh
-- Up-to-date: /home/xie/Desktop/learn/carpole/cartplole/install/interface/share/interface/local_setup.zsh
-- Installing: /home/xie/Desktop/learn/carpole/cartplole/install/interface/share/interface/local_setup.dsv
-- Installing: /home/xie/Desktop/learn/carpole/cartplole/install/interface/share/interface/package.dsv
-- Up-to-date: /home/xie/Desktop/learn/carpole/cartplole/install/interface/share/ament_index/resource_index/packages/interface
-- Up-to-date: /home/xie/Desktop/learn/carpole/cartplole/install/interface/share/interface/cmake/export_interface__rosidl_generator_cExport.cmake
-- Up-to-date: /home/xie/Desktop/learn/carpole/cartplole/install/interface/share/interface/cmake/export_interface__rosidl_generator_cExport-noconfig.cmake
-- Up-to-date: /home/xie/Desktop/learn/carpole/cartplole/install/interface/share/interface/cmake/export_interface__rosidl_typesupport_fastrtps_cExport.cmake
-- Up-to-date: /home/xie/Desktop/learn/carpole/cartplole/install/interface/share/interface/cmake/export_interface__rosidl_typesupport_fastrtps_cExport-noconfig.cmake
-- Up-to-date: /home/xie/Desktop/learn/carpole/cartplole/install/interface/share/interface/cmake/interface__rosidl_typesupport_introspection_cExport.cmake
-- Up-to-date: /home/xie/Desktop/learn/carpole/cartplole/install/interface/share/interface/cmake/interface__rosidl_typesupport_introspection_cExport-noconfig.cmake
-- Up-to-date: /home/xie/Desktop/learn/carpole/cartplole/install/interface/share/interface/cmake/interface__rosidl_typesupport_cExport.cmake
-- Up-to-date: /home/xie/Desktop/learn/carpole/cartplole/install/interface/share/interface/cmake/interface__rosidl_typesupport_cExport-noconfig.cmake
-- Up-to-date: /home/xie/Desktop/learn/carpole/cartplole/install/interface/share/interface/cmake/export_interface__rosidl_generator_cppExport.cmake
-- Up-to-date: /home/xie/Desktop/learn/carpole/cartplole/install/interface/share/interface/cmake/export_interface__rosidl_typesupport_fastrtps_cppExport.cmake
-- Up-to-date: /home/xie/Desktop/learn/carpole/cartplole/install/interface/share/interface/cmake/export_interface__rosidl_typesupport_fastrtps_cppExport-noconfig.cmake
-- Up-to-date: /home/xie/Desktop/learn/carpole/cartplole/install/interface/share/interface/cmake/interface__rosidl_typesupport_introspection_cppExport.cmake
-- Up-to-date: /home/xie/Desktop/learn/carpole/cartplole/install/interface/share/interface/cmake/interface__rosidl_typesupport_introspection_cppExport-noconfig.cmake
-- Up-to-date: /home/xie/Desktop/learn/carpole/cartplole/install/interface/share/interface/cmake/interface__rosidl_typesupport_cppExport.cmake
-- Up-to-date: /home/xie/Desktop/learn/carpole/cartplole/install/interface/share/interface/cmake/interface__rosidl_typesupport_cppExport-noconfig.cmake
-- Up-to-date: /home/xie/Desktop/learn/carpole/cartplole/install/interface/share/interface/cmake/export_interface__rosidl_generator_pyExport.cmake
-- Up-to-date: /home/xie/Desktop/learn/carpole/cartplole/install/interface/share/interface/cmake/export_interface__rosidl_generator_pyExport-noconfig.cmake
-- Up-to-date: /home/xie/Desktop/learn/carpole/cartplole/install/interface/share/interface/cmake/rosidl_cmake-extras.cmake
-- Up-to-date: /home/xie/Desktop/learn/carpole/cartplole/install/interface/share/interface/cmake/ament_cmake_export_include_directories-extras.cmake
-- Up-to-date: /home/xie/Desktop/learn/carpole/cartplole/install/interface/share/interface/cmake/ament_cmake_export_libraries-extras.cmake
-- Up-to-date: /home/xie/Desktop/learn/carpole/cartplole/install/interface/share/interface/cmake/ament_cmake_export_targets-extras.cmake
-- Up-to-date: /home/xie/Desktop/learn/carpole/cartplole/install/interface/share/interface/cmake/rosidl_cmake_export_typesupport_targets-extras.cmake
-- Up-to-date: /home/xie/Desktop/learn/carpole/cartplole/install/interface/share/interface/cmake/ament_cmake_export_dependencies-extras.cmake
-- Up-to-date: /home/xie/Desktop/learn/carpole/cartplole/install/interface/share/interface/cmake/rosidl_cmake_export_typesupport_libraries-extras.cmake
-- Up-to-date: /home/xie/Desktop/learn/carpole/cartplole/install/interface/share/interface/cmake/interfaceConfig.cmake
-- Up-to-date: /home/xie/Desktop/learn/carpole/cartplole/install/interface/share/interface/cmake/interfaceConfig-version.cmake
-- Up-to-date: /home/xie/Desktop/learn/carpole/cartplole/install/interface/share/interface/package.xml
