[0.050s] Invoking command in '/home/xie/Desktop/learn/carpole/cartplole/build/interface': CMAKE_PREFIX_PATH=${CMAKE_PREFIX_PATH}:/opt/ros/humble /usr/bin/cmake --build /home/xie/Desktop/learn/carpole/cartplole/build/interface -- -j20 -l20
[0.063s] -- Found ament_cmake: 1.3.6 (/opt/ros/humble/share/ament_cmake/cmake)
[0.141s] -- Found ament_lint_auto: 0.12.9 (/opt/ros/humble/share/ament_lint_auto/cmake)
[0.172s] -- Found rosidl_default_generators: 1.2.0 (/opt/ros/humble/share/rosidl_default_generators/cmake)
[0.172s] -- Using all available rosidl_typesupport_c: rosidl_typesupport_fastrtps_c;rosidl_typesupport_introspection_c
[0.174s] -- Found rosidl_adapter: 3.1.5 (/opt/ros/humble/share/rosidl_adapter/cmake)
[0.189s] -- Using all available rosidl_typesupport_cpp: rosidl_typesupport_fastrtps_cpp;rosidl_typesupport_introspection_cpp
[0.300s] -- Found ament_cmake_ros: 0.10.0 (/opt/ros/humble/share/ament_cmake_ros/cmake)
[0.403s] -- Using all available rosidl_typesupport_c: rosidl_typesupport_fastrtps_c;rosidl_typesupport_introspection_c
[0.528s] -- Using all available rosidl_typesupport_cpp: rosidl_typesupport_fastrtps_cpp;rosidl_typesupport_introspection_cpp
[0.541s] -- Found python_cmake_module: 0.10.0 (/opt/ros/humble/share/python_cmake_module/cmake)
[0.553s] -- Using PYTHON_EXECUTABLE: /usr/bin/python3
[0.553s] -- Using PYTHON_INCLUDE_DIRS: /usr/include/python3.10
[0.553s] -- Using PYTHON_LIBRARIES: /usr/lib/x86_64-linux-gnu/libpython3.10.so
[0.560s] -- Added test 'lint_cmake' to check CMake code style
[0.560s] -- Added test 'xmllint' to check XML markup files
[0.561s] -- Configuring done
[0.575s] -- Generating done
[0.576s] -- Build files have been written to: /home/xie/Desktop/learn/carpole/cartplole/build/interface
[0.589s] [35m[1mConsolidate compiler generated dependencies of target interface__rosidl_generator_c[0m
[0.594s] [  2%] Built target interface__cpp
[0.595s] [ 12%] Built target interface__rosidl_generator_c
[0.599s] [ 12%] Built target ament_cmake_python_copy_interface
[0.600s] [35m[1mConsolidate compiler generated dependencies of target interface__rosidl_typesupport_introspection_cpp[0m
[0.600s] [35m[1mConsolidate compiler generated dependencies of target interface__rosidl_typesupport_fastrtps_cpp[0m
[0.600s] [35m[1mConsolidate compiler generated dependencies of target interface__rosidl_typesupport_cpp[0m
[0.600s] [35m[1mConsolidate compiler generated dependencies of target interface__rosidl_typesupport_fastrtps_c[0m
[0.600s] [35m[1mConsolidate compiler generated dependencies of target interface__rosidl_typesupport_introspection_c[0m
[0.603s] [35m[1mConsolidate compiler generated dependencies of target interface__rosidl_typesupport_c[0m
[0.607s] [ 23%] Built target interface__rosidl_typesupport_introspection_cpp
[0.608s] [ 34%] Built target interface__rosidl_typesupport_cpp
[0.608s] [ 44%] Built target interface__rosidl_typesupport_fastrtps_c
[0.608s] [ 55%] Built target interface__rosidl_typesupport_introspection_c
[0.609s] [ 65%] Built target interface__rosidl_typesupport_c
[0.610s] [ 76%] Built target interface__rosidl_typesupport_fastrtps_cpp
[0.621s] [ 76%] Built target interface
[0.633s] [ 78%] Built target interface__py
[0.639s] [35m[1mConsolidate compiler generated dependencies of target interface__rosidl_generator_py[0m
[0.648s] [ 87%] Built target interface__rosidl_generator_py
[0.654s] [35m[1mConsolidate compiler generated dependencies of target interface__rosidl_typesupport_introspection_c__pyext[0m
[0.654s] [35m[1mConsolidate compiler generated dependencies of target interface__rosidl_typesupport_c__pyext[0m
[0.654s] [35m[1mConsolidate compiler generated dependencies of target interface__rosidl_typesupport_fastrtps_c__pyext[0m
[0.661s] [100%] Built target interface__rosidl_typesupport_fastrtps_c__pyext
[0.661s] [100%] Built target interface__rosidl_typesupport_c__pyext
[0.661s] [100%] Built target interface__rosidl_typesupport_introspection_c__pyext
[0.714s] running egg_info
[0.715s] writing interface.egg-info/PKG-INFO
[0.715s] writing dependency_links to interface.egg-info/dependency_links.txt
[0.715s] writing top-level names to interface.egg-info/top_level.txt
[0.716s] reading manifest file 'interface.egg-info/SOURCES.txt'
[0.716s] writing manifest file 'interface.egg-info/SOURCES.txt'
[0.731s] [100%] Built target ament_cmake_python_build_interface_egg
[0.739s] Invoked command in '/home/xie/Desktop/learn/carpole/cartplole/build/interface' returned '0': CMAKE_PREFIX_PATH=${CMAKE_PREFIX_PATH}:/opt/ros/humble /usr/bin/cmake --build /home/xie/Desktop/learn/carpole/cartplole/build/interface -- -j20 -l20
[0.788s] Invoking command in '/home/xie/Desktop/learn/carpole/cartplole/build/interface': CMAKE_PREFIX_PATH=${CMAKE_PREFIX_PATH}:/opt/ros/humble /usr/bin/cmake --install /home/xie/Desktop/learn/carpole/cartplole/build/interface
[0.792s] -- Install configuration: ""
[0.792s] -- Up-to-date: /home/xie/Desktop/learn/carpole/cartplole/install/interface/share/ament_index/resource_index/rosidl_interfaces/interface
[0.792s] -- Up-to-date: /home/xie/Desktop/learn/carpole/cartplole/install/interface/include/interface/interface
[0.792s] -- Up-to-date: /home/xie/Desktop/learn/carpole/cartplole/install/interface/include/interface/interface/msg
[0.792s] -- Up-to-date: /home/xie/Desktop/learn/carpole/cartplole/install/interface/include/interface/interface/msg/quat.h
[0.792s] -- Up-to-date: /home/xie/Desktop/learn/carpole/cartplole/install/interface/include/interface/interface/msg/state.h
[0.792s] -- Up-to-date: /home/xie/Desktop/learn/carpole/cartplole/install/interface/include/interface/interface/msg/torque.h
[0.792s] -- Up-to-date: /home/xie/Desktop/learn/carpole/cartplole/install/interface/include/interface/interface/msg/detail
[0.792s] -- Up-to-date: /home/xie/Desktop/learn/carpole/cartplole/install/interface/include/interface/interface/msg/detail/state__functions.h
[0.793s] -- Up-to-date: /home/xie/Desktop/learn/carpole/cartplole/install/interface/include/interface/interface/msg/detail/quat__functions.c
[0.793s] -- Up-to-date: /home/xie/Desktop/learn/carpole/cartplole/install/interface/include/interface/interface/msg/detail/state__struct.h
[0.793s] -- Up-to-date: /home/xie/Desktop/learn/carpole/cartplole/install/interface/include/interface/interface/msg/detail/torque__struct.h
[0.793s] -- Up-to-date: /home/xie/Desktop/learn/carpole/cartplole/install/interface/include/interface/interface/msg/detail/torque__functions.c
[0.793s] -- Up-to-date: /home/xie/Desktop/learn/carpole/cartplole/install/interface/include/interface/interface/msg/detail/quat__functions.h
[0.793s] -- Up-to-date: /home/xie/Desktop/learn/carpole/cartplole/install/interface/include/interface/interface/msg/detail/quat__struct.h
[0.793s] -- Up-to-date: /home/xie/Desktop/learn/carpole/cartplole/install/interface/include/interface/interface/msg/detail/state__functions.c
[0.793s] -- Up-to-date: /home/xie/Desktop/learn/carpole/cartplole/install/interface/include/interface/interface/msg/detail/quat__type_support.h
[0.793s] -- Up-to-date: /home/xie/Desktop/learn/carpole/cartplole/install/interface/include/interface/interface/msg/detail/torque__type_support.h
[0.793s] -- Up-to-date: /home/xie/Desktop/learn/carpole/cartplole/install/interface/include/interface/interface/msg/detail/torque__functions.h
[0.793s] -- Up-to-date: /home/xie/Desktop/learn/carpole/cartplole/install/interface/include/interface/interface/msg/detail/state__type_support.h
[0.793s] -- Up-to-date: /home/xie/Desktop/learn/carpole/cartplole/install/interface/include/interface/interface/msg/rosidl_generator_c__visibility_control.h
[0.793s] -- Up-to-date: /home/xie/Desktop/learn/carpole/cartplole/install/interface/share/interface/environment/library_path.sh
[0.793s] -- Installing: /home/xie/Desktop/learn/carpole/cartplole/install/interface/share/interface/environment/library_path.dsv
[0.794s] -- Up-to-date: /home/xie/Desktop/learn/carpole/cartplole/install/interface/lib/libinterface__rosidl_generator_c.so
[0.794s] -- Up-to-date: /home/xie/Desktop/learn/carpole/cartplole/install/interface/include/interface/interface
[0.794s] -- Up-to-date: /home/xie/Desktop/learn/carpole/cartplole/install/interface/include/interface/interface/msg
[0.794s] -- Up-to-date: /home/xie/Desktop/learn/carpole/cartplole/install/interface/include/interface/interface/msg/detail
[0.794s] -- Up-to-date: /home/xie/Desktop/learn/carpole/cartplole/install/interface/include/interface/interface/msg/detail/state__rosidl_typesupport_fastrtps_c.h
[0.794s] -- Up-to-date: /home/xie/Desktop/learn/carpole/cartplole/install/interface/include/interface/interface/msg/detail/quat__rosidl_typesupport_fastrtps_c.h
[0.794s] -- Up-to-date: /home/xie/Desktop/learn/carpole/cartplole/install/interface/include/interface/interface/msg/detail/torque__rosidl_typesupport_fastrtps_c.h
[0.794s] -- Up-to-date: /home/xie/Desktop/learn/carpole/cartplole/install/interface/include/interface/interface/msg/rosidl_typesupport_fastrtps_c__visibility_control.h
[0.794s] -- Up-to-date: /home/xie/Desktop/learn/carpole/cartplole/install/interface/lib/libinterface__rosidl_typesupport_fastrtps_c.so
[0.794s] -- Up-to-date: /home/xie/Desktop/learn/carpole/cartplole/install/interface/include/interface/interface
[0.794s] -- Up-to-date: /home/xie/Desktop/learn/carpole/cartplole/install/interface/include/interface/interface/msg
[0.794s] -- Up-to-date: /home/xie/Desktop/learn/carpole/cartplole/install/interface/include/interface/interface/msg/rosidl_typesupport_introspection_c__visibility_control.h
[0.794s] -- Up-to-date: /home/xie/Desktop/learn/carpole/cartplole/install/interface/include/interface/interface/msg/detail
[0.794s] -- Up-to-date: /home/xie/Desktop/learn/carpole/cartplole/install/interface/include/interface/interface/msg/detail/torque__type_support.c
[0.794s] -- Up-to-date: /home/xie/Desktop/learn/carpole/cartplole/install/interface/include/interface/interface/msg/detail/state__rosidl_typesupport_introspection_c.h
[0.794s] -- Up-to-date: /home/xie/Desktop/learn/carpole/cartplole/install/interface/include/interface/interface/msg/detail/state__type_support.c
[0.794s] -- Up-to-date: /home/xie/Desktop/learn/carpole/cartplole/install/interface/include/interface/interface/msg/detail/torque__rosidl_typesupport_introspection_c.h
[0.794s] -- Up-to-date: /home/xie/Desktop/learn/carpole/cartplole/install/interface/include/interface/interface/msg/detail/quat__type_support.c
[0.794s] -- Up-to-date: /home/xie/Desktop/learn/carpole/cartplole/install/interface/include/interface/interface/msg/detail/quat__rosidl_typesupport_introspection_c.h
[0.795s] -- Up-to-date: /home/xie/Desktop/learn/carpole/cartplole/install/interface/lib/libinterface__rosidl_typesupport_introspection_c.so
[0.795s] -- Up-to-date: /home/xie/Desktop/learn/carpole/cartplole/install/interface/lib/libinterface__rosidl_typesupport_c.so
[0.795s] -- Up-to-date: /home/xie/Desktop/learn/carpole/cartplole/install/interface/include/interface/interface
[0.795s] -- Up-to-date: /home/xie/Desktop/learn/carpole/cartplole/install/interface/include/interface/interface/msg
[0.795s] -- Up-to-date: /home/xie/Desktop/learn/carpole/cartplole/install/interface/include/interface/interface/msg/state.hpp
[0.795s] -- Up-to-date: /home/xie/Desktop/learn/carpole/cartplole/install/interface/include/interface/interface/msg/detail
[0.795s] -- Up-to-date: /home/xie/Desktop/learn/carpole/cartplole/install/interface/include/interface/interface/msg/detail/quat__builder.hpp
[0.795s] -- Up-to-date: /home/xie/Desktop/learn/carpole/cartplole/install/interface/include/interface/interface/msg/detail/torque__builder.hpp
[0.795s] -- Up-to-date: /home/xie/Desktop/learn/carpole/cartplole/install/interface/include/interface/interface/msg/detail/state__struct.hpp
[0.795s] -- Up-to-date: /home/xie/Desktop/learn/carpole/cartplole/install/interface/include/interface/interface/msg/detail/torque__struct.hpp
[0.795s] -- Up-to-date: /home/xie/Desktop/learn/carpole/cartplole/install/interface/include/interface/interface/msg/detail/state__traits.hpp
[0.795s] -- Up-to-date: /home/xie/Desktop/learn/carpole/cartplole/install/interface/include/interface/interface/msg/detail/torque__traits.hpp
[0.795s] -- Up-to-date: /home/xie/Desktop/learn/carpole/cartplole/install/interface/include/interface/interface/msg/detail/state__builder.hpp
[0.795s] -- Up-to-date: /home/xie/Desktop/learn/carpole/cartplole/install/interface/include/interface/interface/msg/detail/quat__traits.hpp
[0.795s] -- Up-to-date: /home/xie/Desktop/learn/carpole/cartplole/install/interface/include/interface/interface/msg/detail/quat__struct.hpp
[0.795s] -- Up-to-date: /home/xie/Desktop/learn/carpole/cartplole/install/interface/include/interface/interface/msg/quat.hpp
[0.795s] -- Up-to-date: /home/xie/Desktop/learn/carpole/cartplole/install/interface/include/interface/interface/msg/torque.hpp
[0.795s] -- Up-to-date: /home/xie/Desktop/learn/carpole/cartplole/install/interface/include/interface/interface
[0.795s] -- Up-to-date: /home/xie/Desktop/learn/carpole/cartplole/install/interface/include/interface/interface/msg
[0.795s] -- Up-to-date: /home/xie/Desktop/learn/carpole/cartplole/install/interface/include/interface/interface/msg/detail
[0.795s] -- Up-to-date: /home/xie/Desktop/learn/carpole/cartplole/install/interface/include/interface/interface/msg/detail/state__rosidl_typesupport_fastrtps_cpp.hpp
[0.795s] -- Up-to-date: /home/xie/Desktop/learn/carpole/cartplole/install/interface/include/interface/interface/msg/detail/dds_fastrtps
[0.795s] -- Up-to-date: /home/xie/Desktop/learn/carpole/cartplole/install/interface/include/interface/interface/msg/detail/torque__rosidl_typesupport_fastrtps_cpp.hpp
[0.795s] -- Up-to-date: /home/xie/Desktop/learn/carpole/cartplole/install/interface/include/interface/interface/msg/detail/quat__rosidl_typesupport_fastrtps_cpp.hpp
[0.795s] -- Up-to-date: /home/xie/Desktop/learn/carpole/cartplole/install/interface/include/interface/interface/msg/rosidl_typesupport_fastrtps_cpp__visibility_control.h
[0.795s] -- Up-to-date: /home/xie/Desktop/learn/carpole/cartplole/install/interface/lib/libinterface__rosidl_typesupport_fastrtps_cpp.so
[0.795s] -- Up-to-date: /home/xie/Desktop/learn/carpole/cartplole/install/interface/include/interface/interface
[0.795s] -- Up-to-date: /home/xie/Desktop/learn/carpole/cartplole/install/interface/include/interface/interface/msg
[0.795s] -- Up-to-date: /home/xie/Desktop/learn/carpole/cartplole/install/interface/include/interface/interface/msg/detail
[0.795s] -- Up-to-date: /home/xie/Desktop/learn/carpole/cartplole/install/interface/include/interface/interface/msg/detail/torque__type_support.cpp
[0.795s] -- Up-to-date: /home/xie/Desktop/learn/carpole/cartplole/install/interface/include/interface/interface/msg/detail/quat__type_support.cpp
[0.795s] -- Up-to-date: /home/xie/Desktop/learn/carpole/cartplole/install/interface/include/interface/interface/msg/detail/state__rosidl_typesupport_introspection_cpp.hpp
[0.795s] -- Up-to-date: /home/xie/Desktop/learn/carpole/cartplole/install/interface/include/interface/interface/msg/detail/torque__rosidl_typesupport_introspection_cpp.hpp
[0.795s] -- Up-to-date: /home/xie/Desktop/learn/carpole/cartplole/install/interface/include/interface/interface/msg/detail/state__type_support.cpp
[0.795s] -- Up-to-date: /home/xie/Desktop/learn/carpole/cartplole/install/interface/include/interface/interface/msg/detail/quat__rosidl_typesupport_introspection_cpp.hpp
[0.795s] -- Up-to-date: /home/xie/Desktop/learn/carpole/cartplole/install/interface/lib/libinterface__rosidl_typesupport_introspection_cpp.so
[0.795s] -- Up-to-date: /home/xie/Desktop/learn/carpole/cartplole/install/interface/lib/libinterface__rosidl_typesupport_cpp.so
[0.795s] -- Up-to-date: /home/xie/Desktop/learn/carpole/cartplole/install/interface/share/interface/environment/pythonpath.sh
[0.795s] -- Installing: /home/xie/Desktop/learn/carpole/cartplole/install/interface/share/interface/environment/pythonpath.dsv
[0.795s] -- Up-to-date: /home/xie/Desktop/learn/carpole/cartplole/install/interface/local/lib/python3.10/dist-packages/interface-0.0.0-py3.10.egg-info
[0.795s] -- Installing: /home/xie/Desktop/learn/carpole/cartplole/install/interface/local/lib/python3.10/dist-packages/interface-0.0.0-py3.10.egg-info/dependency_links.txt
[0.795s] -- Installing: /home/xie/Desktop/learn/carpole/cartplole/install/interface/local/lib/python3.10/dist-packages/interface-0.0.0-py3.10.egg-info/top_level.txt
[0.795s] -- Installing: /home/xie/Desktop/learn/carpole/cartplole/install/interface/local/lib/python3.10/dist-packages/interface-0.0.0-py3.10.egg-info/SOURCES.txt
[0.796s] -- Installing: /home/xie/Desktop/learn/carpole/cartplole/install/interface/local/lib/python3.10/dist-packages/interface-0.0.0-py3.10.egg-info/PKG-INFO
[0.796s] -- Up-to-date: /home/xie/Desktop/learn/carpole/cartplole/install/interface/local/lib/python3.10/dist-packages/interface
[0.796s] -- Up-to-date: /home/xie/Desktop/learn/carpole/cartplole/install/interface/local/lib/python3.10/dist-packages/interface/msg
[0.796s] -- Up-to-date: /home/xie/Desktop/learn/carpole/cartplole/install/interface/local/lib/python3.10/dist-packages/interface/msg/_state_s.c
[0.796s] -- Up-to-date: /home/xie/Desktop/learn/carpole/cartplole/install/interface/local/lib/python3.10/dist-packages/interface/msg/__init__.py
[0.796s] -- Up-to-date: /home/xie/Desktop/learn/carpole/cartplole/install/interface/local/lib/python3.10/dist-packages/interface/msg/_quat.py
[0.796s] -- Up-to-date: /home/xie/Desktop/learn/carpole/cartplole/install/interface/local/lib/python3.10/dist-packages/interface/msg/_torque.py
[0.796s] -- Up-to-date: /home/xie/Desktop/learn/carpole/cartplole/install/interface/local/lib/python3.10/dist-packages/interface/msg/_torque_s.c
[0.796s] -- Up-to-date: /home/xie/Desktop/learn/carpole/cartplole/install/interface/local/lib/python3.10/dist-packages/interface/msg/_quat_s.c
[0.796s] -- Up-to-date: /home/xie/Desktop/learn/carpole/cartplole/install/interface/local/lib/python3.10/dist-packages/interface/msg/_state.py
[0.796s] -- Up-to-date: /home/xie/Desktop/learn/carpole/cartplole/install/interface/local/lib/python3.10/dist-packages/interface/_interface_s.ep.rosidl_typesupport_fastrtps_c.c
[0.796s] -- Installing: /home/xie/Desktop/learn/carpole/cartplole/install/interface/local/lib/python3.10/dist-packages/interface/__init__.py
[0.796s] -- Up-to-date: /home/xie/Desktop/learn/carpole/cartplole/install/interface/local/lib/python3.10/dist-packages/interface/_interface_s.ep.rosidl_typesupport_c.c
[0.796s] -- Up-to-date: /home/xie/Desktop/learn/carpole/cartplole/install/interface/local/lib/python3.10/dist-packages/interface/interface_s__rosidl_typesupport_fastrtps_c.cpython-310-x86_64-linux-gnu.so
[0.796s] -- Up-to-date: /home/xie/Desktop/learn/carpole/cartplole/install/interface/local/lib/python3.10/dist-packages/interface/libinterface__rosidl_generator_py.so
[0.796s] -- Up-to-date: /home/xie/Desktop/learn/carpole/cartplole/install/interface/local/lib/python3.10/dist-packages/interface/interface_s__rosidl_typesupport_introspection_c.cpython-310-x86_64-linux-gnu.so
[0.796s] -- Up-to-date: /home/xie/Desktop/learn/carpole/cartplole/install/interface/local/lib/python3.10/dist-packages/interface/interface_s__rosidl_typesupport_c.cpython-310-x86_64-linux-gnu.so
[0.796s] -- Up-to-date: /home/xie/Desktop/learn/carpole/cartplole/install/interface/local/lib/python3.10/dist-packages/interface/_interface_s.ep.rosidl_typesupport_introspection_c.c
[0.811s] Listing '/home/xie/Desktop/learn/carpole/cartplole/install/interface/local/lib/python3.10/dist-packages/interface'...
[0.811s] Compiling '/home/xie/Desktop/learn/carpole/cartplole/install/interface/local/lib/python3.10/dist-packages/interface/__init__.py'...
[0.811s] Listing '/home/xie/Desktop/learn/carpole/cartplole/install/interface/local/lib/python3.10/dist-packages/interface/msg'...
[0.814s] -- Up-to-date: /home/xie/Desktop/learn/carpole/cartplole/install/interface/local/lib/python3.10/dist-packages/interface/interface_s__rosidl_typesupport_fastrtps_c.cpython-310-x86_64-linux-gnu.so
[0.814s] -- Up-to-date: /home/xie/Desktop/learn/carpole/cartplole/install/interface/local/lib/python3.10/dist-packages/interface/interface_s__rosidl_typesupport_introspection_c.cpython-310-x86_64-linux-gnu.so
[0.814s] -- Up-to-date: /home/xie/Desktop/learn/carpole/cartplole/install/interface/local/lib/python3.10/dist-packages/interface/interface_s__rosidl_typesupport_c.cpython-310-x86_64-linux-gnu.so
[0.814s] -- Up-to-date: /home/xie/Desktop/learn/carpole/cartplole/install/interface/lib/libinterface__rosidl_generator_py.so
[0.814s] -- Up-to-date: /home/xie/Desktop/learn/carpole/cartplole/install/interface/share/interface/msg/State.idl
[0.814s] -- Up-to-date: /home/xie/Desktop/learn/carpole/cartplole/install/interface/share/interface/msg/Torque.idl
[0.814s] -- Up-to-date: /home/xie/Desktop/learn/carpole/cartplole/install/interface/share/interface/msg/Quat.idl
[0.814s] -- Installing: /home/xie/Desktop/learn/carpole/cartplole/install/interface/share/interface/msg/State.msg
[0.815s] -- Up-to-date: /home/xie/Desktop/learn/carpole/cartplole/install/interface/share/interface/msg/Torque.msg
[0.815s] -- Up-to-date: /home/xie/Desktop/learn/carpole/cartplole/install/interface/share/interface/msg/Quat.msg
[0.815s] -- Up-to-date: /home/xie/Desktop/learn/carpole/cartplole/install/interface/share/ament_index/resource_index/package_run_dependencies/interface
[0.815s] -- Up-to-date: /home/xie/Desktop/learn/carpole/cartplole/install/interface/share/ament_index/resource_index/parent_prefix_path/interface
[0.815s] -- Up-to-date: /home/xie/Desktop/learn/carpole/cartplole/install/interface/share/interface/environment/ament_prefix_path.sh
[0.815s] -- Installing: /home/xie/Desktop/learn/carpole/cartplole/install/interface/share/interface/environment/ament_prefix_path.dsv
[0.815s] -- Up-to-date: /home/xie/Desktop/learn/carpole/cartplole/install/interface/share/interface/environment/path.sh
[0.815s] -- Installing: /home/xie/Desktop/learn/carpole/cartplole/install/interface/share/interface/environment/path.dsv
[0.815s] -- Up-to-date: /home/xie/Desktop/learn/carpole/cartplole/install/interface/share/interface/local_setup.bash
[0.815s] -- Up-to-date: /home/xie/Desktop/learn/carpole/cartplole/install/interface/share/interface/local_setup.sh
[0.815s] -- Up-to-date: /home/xie/Desktop/learn/carpole/cartplole/install/interface/share/interface/local_setup.zsh
[0.815s] -- Installing: /home/xie/Desktop/learn/carpole/cartplole/install/interface/share/interface/local_setup.dsv
[0.815s] -- Installing: /home/xie/Desktop/learn/carpole/cartplole/install/interface/share/interface/package.dsv
[0.815s] -- Up-to-date: /home/xie/Desktop/learn/carpole/cartplole/install/interface/share/ament_index/resource_index/packages/interface
[0.815s] -- Up-to-date: /home/xie/Desktop/learn/carpole/cartplole/install/interface/share/interface/cmake/export_interface__rosidl_generator_cExport.cmake
[0.815s] -- Up-to-date: /home/xie/Desktop/learn/carpole/cartplole/install/interface/share/interface/cmake/export_interface__rosidl_generator_cExport-noconfig.cmake
[0.815s] -- Up-to-date: /home/xie/Desktop/learn/carpole/cartplole/install/interface/share/interface/cmake/export_interface__rosidl_typesupport_fastrtps_cExport.cmake
[0.815s] -- Up-to-date: /home/xie/Desktop/learn/carpole/cartplole/install/interface/share/interface/cmake/export_interface__rosidl_typesupport_fastrtps_cExport-noconfig.cmake
[0.815s] -- Up-to-date: /home/xie/Desktop/learn/carpole/cartplole/install/interface/share/interface/cmake/interface__rosidl_typesupport_introspection_cExport.cmake
[0.815s] -- Up-to-date: /home/xie/Desktop/learn/carpole/cartplole/install/interface/share/interface/cmake/interface__rosidl_typesupport_introspection_cExport-noconfig.cmake
[0.815s] -- Up-to-date: /home/xie/Desktop/learn/carpole/cartplole/install/interface/share/interface/cmake/interface__rosidl_typesupport_cExport.cmake
[0.815s] -- Up-to-date: /home/xie/Desktop/learn/carpole/cartplole/install/interface/share/interface/cmake/interface__rosidl_typesupport_cExport-noconfig.cmake
[0.815s] -- Up-to-date: /home/xie/Desktop/learn/carpole/cartplole/install/interface/share/interface/cmake/export_interface__rosidl_generator_cppExport.cmake
[0.815s] -- Up-to-date: /home/xie/Desktop/learn/carpole/cartplole/install/interface/share/interface/cmake/export_interface__rosidl_typesupport_fastrtps_cppExport.cmake
[0.815s] -- Up-to-date: /home/xie/Desktop/learn/carpole/cartplole/install/interface/share/interface/cmake/export_interface__rosidl_typesupport_fastrtps_cppExport-noconfig.cmake
[0.815s] -- Up-to-date: /home/xie/Desktop/learn/carpole/cartplole/install/interface/share/interface/cmake/interface__rosidl_typesupport_introspection_cppExport.cmake
[0.815s] -- Up-to-date: /home/xie/Desktop/learn/carpole/cartplole/install/interface/share/interface/cmake/interface__rosidl_typesupport_introspection_cppExport-noconfig.cmake
[0.815s] -- Up-to-date: /home/xie/Desktop/learn/carpole/cartplole/install/interface/share/interface/cmake/interface__rosidl_typesupport_cppExport.cmake
[0.815s] -- Up-to-date: /home/xie/Desktop/learn/carpole/cartplole/install/interface/share/interface/cmake/interface__rosidl_typesupport_cppExport-noconfig.cmake
[0.815s] -- Up-to-date: /home/xie/Desktop/learn/carpole/cartplole/install/interface/share/interface/cmake/export_interface__rosidl_generator_pyExport.cmake
[0.815s] -- Up-to-date: /home/xie/Desktop/learn/carpole/cartplole/install/interface/share/interface/cmake/export_interface__rosidl_generator_pyExport-noconfig.cmake
[0.815s] -- Up-to-date: /home/xie/Desktop/learn/carpole/cartplole/install/interface/share/interface/cmake/rosidl_cmake-extras.cmake
[0.815s] -- Up-to-date: /home/xie/Desktop/learn/carpole/cartplole/install/interface/share/interface/cmake/ament_cmake_export_include_directories-extras.cmake
[0.815s] -- Up-to-date: /home/xie/Desktop/learn/carpole/cartplole/install/interface/share/interface/cmake/ament_cmake_export_libraries-extras.cmake
[0.815s] -- Up-to-date: /home/xie/Desktop/learn/carpole/cartplole/install/interface/share/interface/cmake/ament_cmake_export_targets-extras.cmake
[0.816s] -- Up-to-date: /home/xie/Desktop/learn/carpole/cartplole/install/interface/share/interface/cmake/rosidl_cmake_export_typesupport_targets-extras.cmake
[0.816s] -- Up-to-date: /home/xie/Desktop/learn/carpole/cartplole/install/interface/share/interface/cmake/ament_cmake_export_dependencies-extras.cmake
[0.816s] -- Up-to-date: /home/xie/Desktop/learn/carpole/cartplole/install/interface/share/interface/cmake/rosidl_cmake_export_typesupport_libraries-extras.cmake
[0.816s] -- Up-to-date: /home/xie/Desktop/learn/carpole/cartplole/install/interface/share/interface/cmake/interfaceConfig.cmake
[0.816s] -- Up-to-date: /home/xie/Desktop/learn/carpole/cartplole/install/interface/share/interface/cmake/interfaceConfig-version.cmake
[0.816s] -- Up-to-date: /home/xie/Desktop/learn/carpole/cartplole/install/interface/share/interface/package.xml
[0.816s] Invoked command in '/home/xie/Desktop/learn/carpole/cartplole/build/interface' returned '0': CMAKE_PREFIX_PATH=${CMAKE_PREFIX_PATH}:/opt/ros/humble /usr/bin/cmake --install /home/xie/Desktop/learn/carpole/cartplole/build/interface
