[0.056s] Invoking command in '/home/xie/Desktop/learn/carpole/cartplole/build/control': CMAKE_PREFIX_PATH=/home/xie/Desktop/learn/carpole/cartplole/install/interface:/home/xie/Desktop/learn/carpole/cartplole/install/simulate:/home/xie/Desktop/learn/carpole/cartplole/install/manage:/home/xie/Desktop/learn/carpole/cartplole/install/control:/usr/local:/usr/local:/opt/ros/humble /usr/bin/cmake --build /home/xie/Desktop/learn/carpole/cartplole/build/control -- -j20 -l20
[0.087s] [35m[1mConsolidate compiler generated dependencies of target control_node[0m
[0.116s] [ 20%] [32mBuilding CXX object CMakeFiles/control_node.dir/src/main.cpp.o[0m
[1.583s] [01m[K/home/xie/Desktop/learn/carpole/cartplole/src/control/src/main.cpp:10:10:[m[K [01;31m[Kerror: [m[K#include expects "FILENAME" or <FILENAME>
[1.583s]    10 | #include [01;31m[K"backward.hpp"namespace[m[K backward{
[1.583s]       |          [01;31m[K^~~~~~~~~~~~~~~~~~~~~~~[m[K
[4.263s] [01m[K/home/xie/Desktop/learn/carpole/cartplole/src/control/src/main.cpp:11:5:[m[K [01;31m[Kerror: [m[K‘[01m[Kbackward[m[K’ does not name a type
[4.263s]    11 |     [01;31m[Kbackward[m[K::SignalHandling sh;
[4.263s]       |     [01;31m[K^~~~~~~~[m[K
[4.264s] [01m[K/home/xie/Desktop/learn/carpole/cartplole/src/control/src/main.cpp:12:1:[m[K [01;31m[Kerror: [m[Kexpected declaration before ‘[01m[K}[m[K’ token
[4.264s]    12 | [01;31m[K}[m[K
[4.264s]       | [01;31m[K^[m[K
[4.269s] [01m[K/home/xie/Desktop/learn/carpole/cartplole/src/control/src/main.cpp:[m[K In function ‘[01m[Kint main(int, char**)[m[K’:
[4.269s] [01m[K/home/xie/Desktop/learn/carpole/cartplole/src/control/src/main.cpp:13:14:[m[K [01;35m[Kwarning: [m[Kunused parameter ‘[01m[Kargc[m[K’ [[01;35m[K]8;;https://gcc.gnu.org/onlinedocs/gcc/Warning-Options.html#index-Wunused-parameter-Wunused-parameter]8;;[m[K]
[4.269s]    13 | int main([01;35m[Kint argc[m[K, char** argv) {
[4.269s]       |          [01;35m[K~~~~^~~~[m[K
[4.269s] [01m[K/home/xie/Desktop/learn/carpole/cartplole/src/control/src/main.cpp:13:27:[m[K [01;35m[Kwarning: [m[Kunused parameter ‘[01m[Kargv[m[K’ [[01;35m[K]8;;https://gcc.gnu.org/onlinedocs/gcc/Warning-Options.html#index-Wunused-parameter-Wunused-parameter]8;;[m[K]
[4.269s]    13 | int main(int argc, [01;35m[Kchar** argv[m[K) {
[4.270s]       |                    [01;35m[K~~~~~~~^~~~[m[K
[6.438s] gmake[2]: *** [CMakeFiles/control_node.dir/build.make:118: CMakeFiles/control_node.dir/src/main.cpp.o] Error 1
[6.438s] gmake[1]: *** [CMakeFiles/Makefile2:137: CMakeFiles/control_node.dir/all] Error 2
[6.438s] gmake: *** [Makefile:146: all] Error 2
[6.440s] Invoked command in '/home/xie/Desktop/learn/carpole/cartplole/build/control' returned '2': CMAKE_PREFIX_PATH=/home/xie/Desktop/learn/carpole/cartplole/install/interface:/home/xie/Desktop/learn/carpole/cartplole/install/simulate:/home/xie/Desktop/learn/carpole/cartplole/install/manage:/home/xie/Desktop/learn/carpole/cartplole/install/control:/usr/local:/usr/local:/opt/ros/humble /usr/bin/cmake --build /home/xie/Desktop/learn/carpole/cartplole/build/control -- -j20 -l20
