[0.058s] Invoking command in '/home/xie/Desktop/learn/carpole/cartplole/build/control': CMAKE_PREFIX_PATH=/home/xie/Desktop/learn/carpole/cartplole/install/interface:/home/xie/Desktop/learn/carpole/cartplole/install/simulate:/home/xie/Desktop/learn/carpole/cartplole/install/manage:/home/xie/Desktop/learn/carpole/cartplole/install/control:/usr/local:/usr/local:/opt/ros/humble /usr/bin/cmake --build /home/xie/Desktop/learn/carpole/cartplole/build/control -- -j20 -l20
[0.089s] [35m[1mConsolidate compiler generated dependencies of target control_node[0m
[0.119s] [ 20%] [32mBuilding CXX object CMakeFiles/control_node.dir/src/cppadpino.cpp.o[0m
[2.904s] [01m[K/home/xie/Desktop/learn/carpole/cartplole/src/control/src/cppadpino.cpp:[m[K In constructor ‘[01m[Kmpc::mpc()[m[K’:
[2.905s] [01m[K/home/xie/Desktop/learn/carpole/cartplole/src/control/src/cppadpino.cpp:36:26:[m[K [01;35m[Kwarning: [m[Kcomparison of integer expressions of different signedness: ‘[01m[Ksize_t[m[K’ {aka ‘[01m[Klong unsigned int[m[K’} and ‘[01m[Kint[m[K’ [[01;35m[K]8;;https://gcc.gnu.org/onlinedocs/gcc/Warning-Options.html#index-Wsign-compare-Wsign-compare]8;;[m[K]
[2.905s]    36 |     for (size_t i = 0; [01;35m[Ki < admodel.njoints[m[K; i++) {
[2.905s]       |                        [01;35m[K~~^~~~~~~~~~~~~~~~~[m[K
[2.924s] [01m[K/home/xie/Desktop/learn/carpole/cartplole/src/control/src/cppadpino.cpp:76:41:[m[K [01;31m[Kerror: [m[Kno match for ‘[01m[Koperator=[m[K’ (operand types are ‘[01m[Kstd::vector<CppAD::AD<double>, std::allocator<CppAD::AD<double> > >[m[K’ and ‘[01m[Kstd::vector<double>[m[K’)
[2.924s]    76 |     ad_ddq=kin_dyn.Forward(0,x_input_vec[01;31m[K)[m[K
[2.924s]       |                                         [01;31m[K^[m[K
[2.924s] In file included from [01m[K/usr/include/c++/11/vector:72[m[K,
[2.924s]                  from [01m[K/usr/local/include/yaml-cpp/binary.h:11[m[K,
[2.924s]                  from [01m[K/usr/local/include/yaml-cpp/emitter.h:18[m[K,
[2.924s]                  from [01m[K/usr/local/include/yaml-cpp/yaml.h:11[m[K,
[2.924s]                  from [01m[K/home/xie/Desktop/learn/carpole/cartplole/src/control/include/control/cppadpino.h:1[m[K,
[2.924s]                  from [01m[K/home/xie/Desktop/learn/carpole/cartplole/src/control/src/cppadpino.cpp:1[m[K:
[2.924s] [01m[K/usr/include/c++/11/bits/vector.tcc:198:5:[m[K [01;36m[Knote: [m[Kcandidate: ‘[01m[Kstd::vector<_Tp, _Alloc>& std::vector<_Tp, _Alloc>::operator=(const std::vector<_Tp, _Alloc>&) [with _Tp = CppAD::AD<double>; _Alloc = std::allocator<CppAD::AD<double> >][m[K’
[2.924s]   198 |     [01;36m[Kvector<_Tp, _Alloc>[m[K::
[2.924s]       |     [01;36m[K^~~~~~~~~~~~~~~~~~~[m[K
[2.924s] [01m[K/usr/include/c++/11/bits/vector.tcc:199:42:[m[K [01;36m[Knote: [m[K  no known conversion for argument 1 from ‘[01m[Kstd::vector<double>[m[K’ to ‘[01m[Kconst std::vector<CppAD::AD<double>, std::allocator<CppAD::AD<double> > >&[m[K’
[2.924s]   199 |     operator=([01;36m[Kconst vector<_Tp, _Alloc>& __x[m[K)
[2.924s]       |               [01;36m[K~~~~~~~~~~~~~~~~~~~~~~~~~~~^~~[m[K
[2.924s] In file included from [01m[K/usr/include/c++/11/vector:67[m[K,
[2.924s]                  from [01m[K/usr/local/include/yaml-cpp/binary.h:11[m[K,
[2.924s]                  from [01m[K/usr/local/include/yaml-cpp/emitter.h:18[m[K,
[2.924s]                  from [01m[K/usr/local/include/yaml-cpp/yaml.h:11[m[K,
[2.924s]                  from [01m[K/home/xie/Desktop/learn/carpole/cartplole/src/control/include/control/cppadpino.h:1[m[K,
[2.924s]                  from [01m[K/home/xie/Desktop/learn/carpole/cartplole/src/control/src/cppadpino.cpp:1[m[K:
[2.924s] [01m[K/usr/include/c++/11/bits/stl_vector.h:709:7:[m[K [01;36m[Knote: [m[Kcandidate: ‘[01m[Kstd::vector<_Tp, _Alloc>& std::vector<_Tp, _Alloc>::operator=(std::vector<_Tp, _Alloc>&&) [with _Tp = CppAD::AD<double>; _Alloc = std::allocator<CppAD::AD<double> >][m[K’
[2.924s]   709 |       [01;36m[Koperator[m[K=(vector&& __x) noexcept(_Alloc_traits::_S_nothrow_move())
[2.925s]       |       [01;36m[K^~~~~~~~[m[K
[2.925s] [01m[K/usr/include/c++/11/bits/stl_vector.h:709:26:[m[K [01;36m[Knote: [m[K  no known conversion for argument 1 from ‘[01m[Kstd::vector<double>[m[K’ to ‘[01m[Kstd::vector<CppAD::AD<double>, std::allocator<CppAD::AD<double> > >&&[m[K’
[2.925s]   709 |       operator=([01;36m[Kvector&& __x[m[K) noexcept(_Alloc_traits::_S_nothrow_move())
[2.925s]       |                 [01;36m[K~~~~~~~~~^~~[m[K
[2.925s] [01m[K/usr/include/c++/11/bits/stl_vector.h:730:7:[m[K [01;36m[Knote: [m[Kcandidate: ‘[01m[Kstd::vector<_Tp, _Alloc>& std::vector<_Tp, _Alloc>::operator=(std::initializer_list<_Tp>) [with _Tp = CppAD::AD<double>; _Alloc = std::allocator<CppAD::AD<double> >][m[K’
[2.925s]   730 |       [01;36m[Koperator[m[K=(initializer_list<value_type> __l)
[2.925s]       |       [01;36m[K^~~~~~~~[m[K
[2.925s] [01m[K/usr/include/c++/11/bits/stl_vector.h:730:46:[m[K [01;36m[Knote: [m[K  no known conversion for argument 1 from ‘[01m[Kstd::vector<double>[m[K’ to ‘[01m[Kstd::initializer_list<CppAD::AD<double> >[m[K’
[2.925s]   730 |       operator=([01;36m[Kinitializer_list<value_type> __l[m[K)
[2.925s]       |                 [01;36m[K~~~~~~~~~~~~~~~~~~~~~~~~~~~~~^~~[m[K
[8.398s] gmake[2]: *** [CMakeFiles/control_node.dir/build.make:90: CMakeFiles/control_node.dir/src/cppadpino.cpp.o] Interrupt
[8.398s] gmake[1]: *** [CMakeFiles/Makefile2:137: CMakeFiles/control_node.dir/all] Interrupt
[8.398s] gmake: *** [Makefile:146: all] Interrupt
[8.431s] Invoked command in '/home/xie/Desktop/learn/carpole/cartplole/build/control' returned '-2': CMAKE_PREFIX_PATH=/home/xie/Desktop/learn/carpole/cartplole/install/interface:/home/xie/Desktop/learn/carpole/cartplole/install/simulate:/home/xie/Desktop/learn/carpole/cartplole/install/manage:/home/xie/Desktop/learn/carpole/cartplole/install/control:/usr/local:/usr/local:/opt/ros/humble /usr/bin/cmake --build /home/xie/Desktop/learn/carpole/cartplole/build/control -- -j20 -l20
