[0.438s] DEBUG:colcon:Command line arguments: ['/usr/bin/colcon', 'build']
[0.438s] DEBUG:colcon:Parsed command line arguments: Namespace(log_base=None, log_level=None, verb_name='build', build_base='build', install_base='install', merge_install=False, symlink_install=False, test_result_base=None, continue_on_error=False, executor='parallel', parallel_workers=20, event_handlers=None, ignore_user_meta=False, metas=['./colcon.meta'], base_paths=['.'], packages_ignore=None, packages_ignore_regex=None, paths=None, packages_up_to=None, packages_up_to_regex=None, packages_above=None, packages_above_and_dependencies=None, packages_above_depth=None, packages_select_by_dep=None, packages_skip_by_dep=None, packages_skip_up_to=None, packages_select_build_failed=False, packages_skip_build_finished=False, packages_select_test_failures=False, packages_skip_test_passed=False, packages_select=None, packages_skip=None, packages_select_regex=None, packages_skip_regex=None, packages_start=None, packages_end=None, allow_overriding=[], cmake_args=None, cmake_target=None, cmake_target_skip_unavailable=False, cmake_clean_cache=False, cmake_clean_first=False, cmake_force_configure=False, ament_cmake_args=None, catkin_cmake_args=None, catkin_skip_building_tests=False, verb_parser=<colcon_defaults.argument_parser.defaults.DefaultArgumentsDecorator object at 0x7f4c44c7b460>, verb_extension=<colcon_core.verb.build.BuildVerb object at 0x7f4c44c839d0>, main=<bound method BuildVerb.main of <colcon_core.verb.build.BuildVerb object at 0x7f4c44c839d0>>)
[0.459s] Level 1:colcon.colcon_core.package_discovery:discover_packages(colcon_meta) check parameters
[0.459s] Level 1:colcon.colcon_core.package_discovery:discover_packages(recursive) check parameters
[0.459s] Level 1:colcon.colcon_core.package_discovery:discover_packages(ignore) check parameters
[0.459s] Level 1:colcon.colcon_core.package_discovery:discover_packages(path) check parameters
[0.459s] Level 1:colcon.colcon_core.package_discovery:discover_packages(colcon_meta) discover
[0.459s] Level 1:colcon.colcon_core.package_discovery:discover_packages(recursive) discover
[0.459s] INFO:colcon.colcon_core.package_discovery:Crawling recursively for packages in '/home/xie/Desktop/learn/carpole/cartplole'
[0.459s] Level 1:colcon.colcon_core.package_identification:_identify(.) by extensions ['ignore', 'ignore_ament_install']
[0.460s] Level 1:colcon.colcon_core.package_identification:_identify(.) by extension 'ignore'
[0.460s] Level 1:colcon.colcon_core.package_identification:_identify(.) by extension 'ignore_ament_install'
[0.460s] Level 1:colcon.colcon_core.package_identification:_identify(.) by extensions ['colcon_pkg']
[0.460s] Level 1:colcon.colcon_core.package_identification:_identify(.) by extension 'colcon_pkg'
[0.460s] Level 1:colcon.colcon_core.package_identification:_identify(.) by extensions ['colcon_meta']
[0.460s] Level 1:colcon.colcon_core.package_identification:_identify(.) by extension 'colcon_meta'
[0.460s] Level 1:colcon.colcon_core.package_identification:_identify(.) by extensions ['ros']
[0.460s] Level 1:colcon.colcon_core.package_identification:_identify(.) by extension 'ros'
[0.466s] Level 1:colcon.colcon_core.package_identification:_identify(.) by extensions ['cmake', 'python']
[0.466s] Level 1:colcon.colcon_core.package_identification:_identify(.) by extension 'cmake'
[0.466s] Level 1:colcon.colcon_core.package_identification:_identify(.) by extension 'python'
[0.466s] Level 1:colcon.colcon_core.package_identification:_identify(.) by extensions ['python_setup_py']
[0.466s] Level 1:colcon.colcon_core.package_identification:_identify(.) by extension 'python_setup_py'
[0.466s] Level 1:colcon.colcon_core.package_identification:_identify(build) by extensions ['ignore', 'ignore_ament_install']
[0.466s] Level 1:colcon.colcon_core.package_identification:_identify(build) by extension 'ignore'
[0.466s] Level 1:colcon.colcon_core.package_identification:_identify(build) ignored
[0.467s] Level 1:colcon.colcon_core.package_identification:_identify(install) by extensions ['ignore', 'ignore_ament_install']
[0.467s] Level 1:colcon.colcon_core.package_identification:_identify(install) by extension 'ignore'
[0.467s] Level 1:colcon.colcon_core.package_identification:_identify(install) ignored
[0.467s] Level 1:colcon.colcon_core.package_identification:_identify(log) by extensions ['ignore', 'ignore_ament_install']
[0.467s] Level 1:colcon.colcon_core.package_identification:_identify(log) by extension 'ignore'
[0.467s] Level 1:colcon.colcon_core.package_identification:_identify(log) ignored
[0.467s] Level 1:colcon.colcon_core.package_identification:_identify(src) by extensions ['ignore', 'ignore_ament_install']
[0.467s] Level 1:colcon.colcon_core.package_identification:_identify(src) by extension 'ignore'
[0.467s] Level 1:colcon.colcon_core.package_identification:_identify(src) by extension 'ignore_ament_install'
[0.467s] Level 1:colcon.colcon_core.package_identification:_identify(src) by extensions ['colcon_pkg']
[0.467s] Level 1:colcon.colcon_core.package_identification:_identify(src) by extension 'colcon_pkg'
[0.467s] Level 1:colcon.colcon_core.package_identification:_identify(src) by extensions ['colcon_meta']
[0.467s] Level 1:colcon.colcon_core.package_identification:_identify(src) by extension 'colcon_meta'
[0.467s] Level 1:colcon.colcon_core.package_identification:_identify(src) by extensions ['ros']
[0.467s] Level 1:colcon.colcon_core.package_identification:_identify(src) by extension 'ros'
[0.467s] Level 1:colcon.colcon_core.package_identification:_identify(src) by extensions ['cmake', 'python']
[0.467s] Level 1:colcon.colcon_core.package_identification:_identify(src) by extension 'cmake'
[0.467s] Level 1:colcon.colcon_core.package_identification:_identify(src) by extension 'python'
[0.467s] Level 1:colcon.colcon_core.package_identification:_identify(src) by extensions ['python_setup_py']
[0.467s] Level 1:colcon.colcon_core.package_identification:_identify(src) by extension 'python_setup_py'
[0.467s] Level 1:colcon.colcon_core.package_identification:_identify(src/control) by extensions ['ignore', 'ignore_ament_install']
[0.467s] Level 1:colcon.colcon_core.package_identification:_identify(src/control) by extension 'ignore'
[0.467s] Level 1:colcon.colcon_core.package_identification:_identify(src/control) by extension 'ignore_ament_install'
[0.467s] Level 1:colcon.colcon_core.package_identification:_identify(src/control) by extensions ['colcon_pkg']
[0.467s] Level 1:colcon.colcon_core.package_identification:_identify(src/control) by extension 'colcon_pkg'
[0.467s] Level 1:colcon.colcon_core.package_identification:_identify(src/control) by extensions ['colcon_meta']
[0.467s] Level 1:colcon.colcon_core.package_identification:_identify(src/control) by extension 'colcon_meta'
[0.467s] Level 1:colcon.colcon_core.package_identification:_identify(src/control) by extensions ['ros']
[0.468s] Level 1:colcon.colcon_core.package_identification:_identify(src/control) by extension 'ros'
[0.469s] DEBUG:colcon.colcon_core.package_identification:Package 'src/control' with type 'ros.ament_cmake' and name 'control'
[0.469s] Level 1:colcon.colcon_core.package_identification:_identify(src/interface) by extensions ['ignore', 'ignore_ament_install']
[0.469s] Level 1:colcon.colcon_core.package_identification:_identify(src/interface) by extension 'ignore'
[0.469s] Level 1:colcon.colcon_core.package_identification:_identify(src/interface) by extension 'ignore_ament_install'
[0.470s] Level 1:colcon.colcon_core.package_identification:_identify(src/interface) by extensions ['colcon_pkg']
[0.470s] Level 1:colcon.colcon_core.package_identification:_identify(src/interface) by extension 'colcon_pkg'
[0.470s] Level 1:colcon.colcon_core.package_identification:_identify(src/interface) by extensions ['colcon_meta']
[0.470s] Level 1:colcon.colcon_core.package_identification:_identify(src/interface) by extension 'colcon_meta'
[0.470s] Level 1:colcon.colcon_core.package_identification:_identify(src/interface) by extensions ['ros']
[0.470s] Level 1:colcon.colcon_core.package_identification:_identify(src/interface) by extension 'ros'
[0.470s] DEBUG:colcon.colcon_core.package_identification:Package 'src/interface' with type 'ros.ament_cmake' and name 'interface'
[0.470s] Level 1:colcon.colcon_core.package_identification:_identify(src/manage) by extensions ['ignore', 'ignore_ament_install']
[0.470s] Level 1:colcon.colcon_core.package_identification:_identify(src/manage) by extension 'ignore'
[0.470s] Level 1:colcon.colcon_core.package_identification:_identify(src/manage) by extension 'ignore_ament_install'
[0.470s] Level 1:colcon.colcon_core.package_identification:_identify(src/manage) by extensions ['colcon_pkg']
[0.470s] Level 1:colcon.colcon_core.package_identification:_identify(src/manage) by extension 'colcon_pkg'
[0.470s] Level 1:colcon.colcon_core.package_identification:_identify(src/manage) by extensions ['colcon_meta']
[0.470s] Level 1:colcon.colcon_core.package_identification:_identify(src/manage) by extension 'colcon_meta'
[0.470s] Level 1:colcon.colcon_core.package_identification:_identify(src/manage) by extensions ['ros']
[0.470s] Level 1:colcon.colcon_core.package_identification:_identify(src/manage) by extension 'ros'
[0.470s] DEBUG:colcon.colcon_core.package_identification:Package 'src/manage' with type 'ros.ament_cmake' and name 'manage'
[0.470s] Level 1:colcon.colcon_core.package_identification:_identify(src/models) by extensions ['ignore', 'ignore_ament_install']
[0.470s] Level 1:colcon.colcon_core.package_identification:_identify(src/models) by extension 'ignore'
[0.470s] Level 1:colcon.colcon_core.package_identification:_identify(src/models) by extension 'ignore_ament_install'
[0.470s] Level 1:colcon.colcon_core.package_identification:_identify(src/models) by extensions ['colcon_pkg']
[0.470s] Level 1:colcon.colcon_core.package_identification:_identify(src/models) by extension 'colcon_pkg'
[0.470s] Level 1:colcon.colcon_core.package_identification:_identify(src/models) by extensions ['colcon_meta']
[0.470s] Level 1:colcon.colcon_core.package_identification:_identify(src/models) by extension 'colcon_meta'
[0.470s] Level 1:colcon.colcon_core.package_identification:_identify(src/models) by extensions ['ros']
[0.470s] Level 1:colcon.colcon_core.package_identification:_identify(src/models) by extension 'ros'
[0.470s] Level 1:colcon.colcon_core.package_identification:_identify(src/models) by extensions ['cmake', 'python']
[0.470s] Level 1:colcon.colcon_core.package_identification:_identify(src/models) by extension 'cmake'
[0.471s] Level 1:colcon.colcon_core.package_identification:_identify(src/models) by extension 'python'
[0.471s] Level 1:colcon.colcon_core.package_identification:_identify(src/models) by extensions ['python_setup_py']
[0.471s] Level 1:colcon.colcon_core.package_identification:_identify(src/models) by extension 'python_setup_py'
[0.471s] Level 1:colcon.colcon_core.package_identification:_identify(src/models/inverted_pendulum) by extensions ['ignore', 'ignore_ament_install']
[0.471s] Level 1:colcon.colcon_core.package_identification:_identify(src/models/inverted_pendulum) by extension 'ignore'
[0.471s] Level 1:colcon.colcon_core.package_identification:_identify(src/models/inverted_pendulum) by extension 'ignore_ament_install'
[0.471s] Level 1:colcon.colcon_core.package_identification:_identify(src/models/inverted_pendulum) by extensions ['colcon_pkg']
[0.471s] Level 1:colcon.colcon_core.package_identification:_identify(src/models/inverted_pendulum) by extension 'colcon_pkg'
[0.471s] Level 1:colcon.colcon_core.package_identification:_identify(src/models/inverted_pendulum) by extensions ['colcon_meta']
[0.471s] Level 1:colcon.colcon_core.package_identification:_identify(src/models/inverted_pendulum) by extension 'colcon_meta'
[0.471s] Level 1:colcon.colcon_core.package_identification:_identify(src/models/inverted_pendulum) by extensions ['ros']
[0.471s] Level 1:colcon.colcon_core.package_identification:_identify(src/models/inverted_pendulum) by extension 'ros'
[0.471s] Level 1:colcon.colcon_core.package_identification:_identify(src/models/inverted_pendulum) by extensions ['cmake', 'python']
[0.471s] Level 1:colcon.colcon_core.package_identification:_identify(src/models/inverted_pendulum) by extension 'cmake'
[0.471s] Level 1:colcon.colcon_core.package_identification:_identify(src/models/inverted_pendulum) by extension 'python'
[0.471s] Level 1:colcon.colcon_core.package_identification:_identify(src/models/inverted_pendulum) by extensions ['python_setup_py']
[0.471s] Level 1:colcon.colcon_core.package_identification:_identify(src/models/inverted_pendulum) by extension 'python_setup_py'
[0.471s] Level 1:colcon.colcon_core.package_identification:_identify(src/simulate) by extensions ['ignore', 'ignore_ament_install']
[0.471s] Level 1:colcon.colcon_core.package_identification:_identify(src/simulate) by extension 'ignore'
[0.471s] Level 1:colcon.colcon_core.package_identification:_identify(src/simulate) by extension 'ignore_ament_install'
[0.471s] Level 1:colcon.colcon_core.package_identification:_identify(src/simulate) by extensions ['colcon_pkg']
[0.471s] Level 1:colcon.colcon_core.package_identification:_identify(src/simulate) by extension 'colcon_pkg'
[0.471s] Level 1:colcon.colcon_core.package_identification:_identify(src/simulate) by extensions ['colcon_meta']
[0.471s] Level 1:colcon.colcon_core.package_identification:_identify(src/simulate) by extension 'colcon_meta'
[0.471s] Level 1:colcon.colcon_core.package_identification:_identify(src/simulate) by extensions ['ros']
[0.471s] Level 1:colcon.colcon_core.package_identification:_identify(src/simulate) by extension 'ros'
[0.471s] DEBUG:colcon.colcon_core.package_identification:Package 'src/simulate' with type 'ros.ament_cmake' and name 'simulate'
[0.471s] Level 1:colcon.colcon_core.package_identification:_identify(src/utils) by extensions ['ignore', 'ignore_ament_install']
[0.471s] Level 1:colcon.colcon_core.package_identification:_identify(src/utils) by extension 'ignore'
[0.471s] Level 1:colcon.colcon_core.package_identification:_identify(src/utils) by extension 'ignore_ament_install'
[0.471s] Level 1:colcon.colcon_core.package_identification:_identify(src/utils) by extensions ['colcon_pkg']
[0.471s] Level 1:colcon.colcon_core.package_identification:_identify(src/utils) by extension 'colcon_pkg'
[0.471s] Level 1:colcon.colcon_core.package_identification:_identify(src/utils) by extensions ['colcon_meta']
[0.472s] Level 1:colcon.colcon_core.package_identification:_identify(src/utils) by extension 'colcon_meta'
[0.472s] Level 1:colcon.colcon_core.package_identification:_identify(src/utils) by extensions ['ros']
[0.472s] Level 1:colcon.colcon_core.package_identification:_identify(src/utils) by extension 'ros'
[0.472s] Level 1:colcon.colcon_core.package_identification:_identify(src/utils) by extensions ['cmake', 'python']
[0.472s] Level 1:colcon.colcon_core.package_identification:_identify(src/utils) by extension 'cmake'
[0.472s] Level 1:colcon.colcon_core.package_identification:_identify(src/utils) by extension 'python'
[0.472s] Level 1:colcon.colcon_core.package_identification:_identify(src/utils) by extensions ['python_setup_py']
[0.472s] Level 1:colcon.colcon_core.package_identification:_identify(src/utils) by extension 'python_setup_py'
[0.472s] Level 1:colcon.colcon_core.package_discovery:discover_packages(recursive) using defaults
[0.472s] Level 1:colcon.colcon_core.package_discovery:discover_packages(ignore) discover
[0.472s] Level 1:colcon.colcon_core.package_discovery:discover_packages(ignore) using defaults
[0.472s] Level 1:colcon.colcon_core.package_discovery:discover_packages(path) discover
[0.472s] Level 1:colcon.colcon_core.package_discovery:discover_packages(path) using defaults
[0.511s] Level 1:colcon.colcon_core.package_discovery:discover_packages(prefix_path) check parameters
[0.511s] Level 1:colcon.colcon_core.package_discovery:discover_packages(prefix_path) discover
[0.523s] DEBUG:colcon.colcon_installed_package_information.package_discovery:Found 4 installed packages in /home/xie/Desktop/learn/carpole/cartplole/install
[0.529s] DEBUG:colcon.colcon_installed_package_information.package_discovery:Found 348 installed packages in /opt/ros/humble
[0.530s] Level 1:colcon.colcon_core.package_discovery:discover_packages(prefix_path) using defaults
[0.577s] Level 5:colcon.colcon_core.verb:set package 'interface' build argument 'cmake_args' from command line to 'None'
[0.577s] Level 5:colcon.colcon_core.verb:set package 'interface' build argument 'cmake_target' from command line to 'None'
[0.577s] Level 5:colcon.colcon_core.verb:set package 'interface' build argument 'cmake_target_skip_unavailable' from command line to 'False'
[0.578s] Level 5:colcon.colcon_core.verb:set package 'interface' build argument 'cmake_clean_cache' from command line to 'False'
[0.578s] Level 5:colcon.colcon_core.verb:set package 'interface' build argument 'cmake_clean_first' from command line to 'False'
[0.578s] Level 5:colcon.colcon_core.verb:set package 'interface' build argument 'cmake_force_configure' from command line to 'False'
[0.578s] Level 5:colcon.colcon_core.verb:set package 'interface' build argument 'ament_cmake_args' from command line to 'None'
[0.578s] Level 5:colcon.colcon_core.verb:set package 'interface' build argument 'catkin_cmake_args' from command line to 'None'
[0.578s] Level 5:colcon.colcon_core.verb:set package 'interface' build argument 'catkin_skip_building_tests' from command line to 'False'
[0.578s] DEBUG:colcon.colcon_core.verb:Building package 'interface' with the following arguments: {'ament_cmake_args': None, 'build_base': '/home/xie/Desktop/learn/carpole/cartplole/build/interface', 'catkin_cmake_args': None, 'catkin_skip_building_tests': False, 'cmake_args': None, 'cmake_clean_cache': False, 'cmake_clean_first': False, 'cmake_force_configure': False, 'cmake_target': None, 'cmake_target_skip_unavailable': False, 'install_base': '/home/xie/Desktop/learn/carpole/cartplole/install/interface', 'merge_install': False, 'path': '/home/xie/Desktop/learn/carpole/cartplole/src/interface', 'symlink_install': False, 'test_result_base': None}
[0.583s] Level 5:colcon.colcon_core.verb:set package 'manage' build argument 'cmake_args' from command line to 'None'
[0.583s] Level 5:colcon.colcon_core.verb:set package 'manage' build argument 'cmake_target' from command line to 'None'
[0.583s] Level 5:colcon.colcon_core.verb:set package 'manage' build argument 'cmake_target_skip_unavailable' from command line to 'False'
[0.583s] Level 5:colcon.colcon_core.verb:set package 'manage' build argument 'cmake_clean_cache' from command line to 'False'
[0.583s] Level 5:colcon.colcon_core.verb:set package 'manage' build argument 'cmake_clean_first' from command line to 'False'
[0.583s] Level 5:colcon.colcon_core.verb:set package 'manage' build argument 'cmake_force_configure' from command line to 'False'
[0.583s] Level 5:colcon.colcon_core.verb:set package 'manage' build argument 'ament_cmake_args' from command line to 'None'
[0.583s] Level 5:colcon.colcon_core.verb:set package 'manage' build argument 'catkin_cmake_args' from command line to 'None'
[0.583s] Level 5:colcon.colcon_core.verb:set package 'manage' build argument 'catkin_skip_building_tests' from command line to 'False'
[0.583s] DEBUG:colcon.colcon_core.verb:Building package 'manage' with the following arguments: {'ament_cmake_args': None, 'build_base': '/home/xie/Desktop/learn/carpole/cartplole/build/manage', 'catkin_cmake_args': None, 'catkin_skip_building_tests': False, 'cmake_args': None, 'cmake_clean_cache': False, 'cmake_clean_first': False, 'cmake_force_configure': False, 'cmake_target': None, 'cmake_target_skip_unavailable': False, 'install_base': '/home/xie/Desktop/learn/carpole/cartplole/install/manage', 'merge_install': False, 'path': '/home/xie/Desktop/learn/carpole/cartplole/src/manage', 'symlink_install': False, 'test_result_base': None}
[0.589s] Level 5:colcon.colcon_core.verb:set package 'control' build argument 'cmake_args' from command line to 'None'
[0.589s] Level 5:colcon.colcon_core.verb:set package 'control' build argument 'cmake_target' from command line to 'None'
[0.589s] Level 5:colcon.colcon_core.verb:set package 'control' build argument 'cmake_target_skip_unavailable' from command line to 'False'
[0.589s] Level 5:colcon.colcon_core.verb:set package 'control' build argument 'cmake_clean_cache' from command line to 'False'
[0.589s] Level 5:colcon.colcon_core.verb:set package 'control' build argument 'cmake_clean_first' from command line to 'False'
[0.589s] Level 5:colcon.colcon_core.verb:set package 'control' build argument 'cmake_force_configure' from command line to 'False'
[0.589s] Level 5:colcon.colcon_core.verb:set package 'control' build argument 'ament_cmake_args' from command line to 'None'
[0.589s] Level 5:colcon.colcon_core.verb:set package 'control' build argument 'catkin_cmake_args' from command line to 'None'
[0.589s] Level 5:colcon.colcon_core.verb:set package 'control' build argument 'catkin_skip_building_tests' from command line to 'False'
[0.589s] DEBUG:colcon.colcon_core.verb:Building package 'control' with the following arguments: {'ament_cmake_args': None, 'build_base': '/home/xie/Desktop/learn/carpole/cartplole/build/control', 'catkin_cmake_args': None, 'catkin_skip_building_tests': False, 'cmake_args': None, 'cmake_clean_cache': False, 'cmake_clean_first': False, 'cmake_force_configure': False, 'cmake_target': None, 'cmake_target_skip_unavailable': False, 'install_base': '/home/xie/Desktop/learn/carpole/cartplole/install/control', 'merge_install': False, 'path': '/home/xie/Desktop/learn/carpole/cartplole/src/control', 'symlink_install': False, 'test_result_base': None}
[0.594s] Level 5:colcon.colcon_core.verb:set package 'simulate' build argument 'cmake_args' from command line to 'None'
[0.594s] Level 5:colcon.colcon_core.verb:set package 'simulate' build argument 'cmake_target' from command line to 'None'
[0.594s] Level 5:colcon.colcon_core.verb:set package 'simulate' build argument 'cmake_target_skip_unavailable' from command line to 'False'
[0.594s] Level 5:colcon.colcon_core.verb:set package 'simulate' build argument 'cmake_clean_cache' from command line to 'False'
[0.594s] Level 5:colcon.colcon_core.verb:set package 'simulate' build argument 'cmake_clean_first' from command line to 'False'
[0.594s] Level 5:colcon.colcon_core.verb:set package 'simulate' build argument 'cmake_force_configure' from command line to 'False'
[0.594s] Level 5:colcon.colcon_core.verb:set package 'simulate' build argument 'ament_cmake_args' from command line to 'None'
[0.594s] Level 5:colcon.colcon_core.verb:set package 'simulate' build argument 'catkin_cmake_args' from command line to 'None'
[0.594s] Level 5:colcon.colcon_core.verb:set package 'simulate' build argument 'catkin_skip_building_tests' from command line to 'False'
[0.594s] DEBUG:colcon.colcon_core.verb:Building package 'simulate' with the following arguments: {'ament_cmake_args': None, 'build_base': '/home/xie/Desktop/learn/carpole/cartplole/build/simulate', 'catkin_cmake_args': None, 'catkin_skip_building_tests': False, 'cmake_args': None, 'cmake_clean_cache': False, 'cmake_clean_first': False, 'cmake_force_configure': False, 'cmake_target': None, 'cmake_target_skip_unavailable': False, 'install_base': '/home/xie/Desktop/learn/carpole/cartplole/install/simulate', 'merge_install': False, 'path': '/home/xie/Desktop/learn/carpole/cartplole/src/simulate', 'symlink_install': False, 'test_result_base': None}
[0.599s] INFO:colcon.colcon_core.executor:Executing jobs using 'parallel' executor
[0.605s] DEBUG:colcon.colcon_parallel_executor.executor.parallel:run_until_complete
[0.606s] INFO:colcon.colcon_ros.task.ament_cmake.build:Building ROS package in '/home/xie/Desktop/learn/carpole/cartplole/src/interface' with build type 'ament_cmake'
[0.606s] INFO:colcon.colcon_cmake.task.cmake.build:Building CMake package in '/home/xie/Desktop/learn/carpole/cartplole/src/interface'
[0.614s] INFO:colcon.colcon_core.plugin_system:Skipping extension 'colcon_core.shell.bat': Not used on non-Windows systems
[0.614s] INFO:colcon.colcon_core.shell:Skip shell extension 'powershell' for command environment: Not usable outside of PowerShell
[0.614s] DEBUG:colcon.colcon_core.shell:Skip shell extension 'dsv' for command environment
[0.634s] INFO:colcon.colcon_ros.task.ament_cmake.build:Building ROS package in '/home/xie/Desktop/learn/carpole/cartplole/src/manage' with build type 'ament_cmake'
[0.634s] INFO:colcon.colcon_cmake.task.cmake.build:Building CMake package in '/home/xie/Desktop/learn/carpole/cartplole/src/manage'
[0.640s] INFO:colcon.colcon_core.shell:Skip shell extension 'powershell' for command environment: Not usable outside of PowerShell
[0.640s] DEBUG:colcon.colcon_core.shell:Skip shell extension 'dsv' for command environment
[0.663s] DEBUG:colcon.colcon_core.event_handler.log_command:Invoking command in '/home/xie/Desktop/learn/carpole/cartplole/build/interface': CMAKE_PREFIX_PATH=${CMAKE_PREFIX_PATH}:/opt/ros/humble /usr/bin/cmake --build /home/xie/Desktop/learn/carpole/cartplole/build/interface -- -j20 -l20
[0.665s] DEBUG:colcon.colcon_core.event_handler.log_command:Invoking command in '/home/xie/Desktop/learn/carpole/cartplole/build/manage': CMAKE_PREFIX_PATH=${CMAKE_PREFIX_PATH}:/opt/ros/humble /usr/bin/cmake --build /home/xie/Desktop/learn/carpole/cartplole/build/manage -- -j20 -l20
[0.685s] DEBUG:colcon.colcon_core.event_handler.log_command:Invoked command in '/home/xie/Desktop/learn/carpole/cartplole/build/manage' returned '0': CMAKE_PREFIX_PATH=${CMAKE_PREFIX_PATH}:/opt/ros/humble /usr/bin/cmake --build /home/xie/Desktop/learn/carpole/cartplole/build/manage -- -j20 -l20
[0.707s] DEBUG:colcon.colcon_core.event_handler.log_command:Invoking command in '/home/xie/Desktop/learn/carpole/cartplole/build/manage': CMAKE_PREFIX_PATH=${CMAKE_PREFIX_PATH}:/opt/ros/humble /usr/bin/cmake --install /home/xie/Desktop/learn/carpole/cartplole/build/manage
[0.711s] Level 1:colcon.colcon_core.environment:create_environment_scripts_only(manage)
[0.712s] DEBUG:colcon.colcon_core.event_handler.log_command:Invoked command in '/home/xie/Desktop/learn/carpole/cartplole/build/manage' returned '0': CMAKE_PREFIX_PATH=${CMAKE_PREFIX_PATH}:/opt/ros/humble /usr/bin/cmake --install /home/xie/Desktop/learn/carpole/cartplole/build/manage
[0.723s] Level 1:colcon.colcon_core.environment:checking '/home/xie/Desktop/learn/carpole/cartplole/install/manage' for CMake module files
[0.723s] Level 1:colcon.colcon_core.environment:checking '/home/xie/Desktop/learn/carpole/cartplole/install/manage' for CMake config files
[0.724s] Level 1:colcon.colcon_core.shell:create_environment_hook('manage', 'cmake_prefix_path')
[0.730s] INFO:colcon.colcon_core.shell:Creating environment hook '/home/xie/Desktop/learn/carpole/cartplole/install/manage/share/manage/hook/cmake_prefix_path.ps1'
[0.730s] INFO:colcon.colcon_core.shell:Creating environment descriptor '/home/xie/Desktop/learn/carpole/cartplole/install/manage/share/manage/hook/cmake_prefix_path.dsv'
[0.730s] INFO:colcon.colcon_core.shell:Creating environment hook '/home/xie/Desktop/learn/carpole/cartplole/install/manage/share/manage/hook/cmake_prefix_path.sh'
[0.731s] Level 1:colcon.colcon_core.environment:checking '/home/xie/Desktop/learn/carpole/cartplole/install/manage/bin'
[0.731s] Level 1:colcon.colcon_core.environment:checking '/home/xie/Desktop/learn/carpole/cartplole/install/manage/lib/pkgconfig/manage.pc'
[0.731s] Level 1:colcon.colcon_core.environment:checking '/home/xie/Desktop/learn/carpole/cartplole/install/manage/lib/python3.10/site-packages'
[0.731s] Level 1:colcon.colcon_core.environment:checking '/home/xie/Desktop/learn/carpole/cartplole/install/manage/bin'
[0.738s] INFO:colcon.colcon_core.shell:Creating package script '/home/xie/Desktop/learn/carpole/cartplole/install/manage/share/manage/package.ps1'
[0.738s] INFO:colcon.colcon_core.shell:Creating package descriptor '/home/xie/Desktop/learn/carpole/cartplole/install/manage/share/manage/package.dsv'
[0.739s] INFO:colcon.colcon_core.shell:Creating package script '/home/xie/Desktop/learn/carpole/cartplole/install/manage/share/manage/package.sh'
[0.739s] INFO:colcon.colcon_core.shell:Creating package script '/home/xie/Desktop/learn/carpole/cartplole/install/manage/share/manage/package.bash'
[0.739s] INFO:colcon.colcon_core.shell:Creating package script '/home/xie/Desktop/learn/carpole/cartplole/install/manage/share/manage/package.zsh'
[0.739s] Level 1:colcon.colcon_core.environment:create_file_with_runtime_dependencies(/home/xie/Desktop/learn/carpole/cartplole/install/manage/share/colcon-core/packages/manage)
[0.765s] Level 1:colcon.colcon_core.environment:create_environment_scripts_only(manage)
[0.773s] Level 1:colcon.colcon_core.environment:checking '/home/xie/Desktop/learn/carpole/cartplole/install/manage' for CMake module files
[0.773s] Level 1:colcon.colcon_core.environment:checking '/home/xie/Desktop/learn/carpole/cartplole/install/manage' for CMake config files
[0.773s] Level 1:colcon.colcon_core.shell:create_environment_hook('manage', 'cmake_prefix_path')
[0.779s] INFO:colcon.colcon_core.shell:Creating environment hook '/home/xie/Desktop/learn/carpole/cartplole/install/manage/share/manage/hook/cmake_prefix_path.ps1'
[0.779s] INFO:colcon.colcon_core.shell:Creating environment descriptor '/home/xie/Desktop/learn/carpole/cartplole/install/manage/share/manage/hook/cmake_prefix_path.dsv'
[0.779s] INFO:colcon.colcon_core.shell:Creating environment hook '/home/xie/Desktop/learn/carpole/cartplole/install/manage/share/manage/hook/cmake_prefix_path.sh'
[0.780s] Level 1:colcon.colcon_core.environment:checking '/home/xie/Desktop/learn/carpole/cartplole/install/manage/bin'
[0.780s] Level 1:colcon.colcon_core.environment:checking '/home/xie/Desktop/learn/carpole/cartplole/install/manage/lib/pkgconfig/manage.pc'
[0.780s] Level 1:colcon.colcon_core.environment:checking '/home/xie/Desktop/learn/carpole/cartplole/install/manage/lib/python3.10/site-packages'
[0.780s] Level 1:colcon.colcon_core.environment:checking '/home/xie/Desktop/learn/carpole/cartplole/install/manage/bin'
[0.787s] INFO:colcon.colcon_core.shell:Creating package script '/home/xie/Desktop/learn/carpole/cartplole/install/manage/share/manage/package.ps1'
[0.787s] INFO:colcon.colcon_core.shell:Creating package descriptor '/home/xie/Desktop/learn/carpole/cartplole/install/manage/share/manage/package.dsv'
[0.787s] INFO:colcon.colcon_core.shell:Creating package script '/home/xie/Desktop/learn/carpole/cartplole/install/manage/share/manage/package.sh'
[0.788s] INFO:colcon.colcon_core.shell:Creating package script '/home/xie/Desktop/learn/carpole/cartplole/install/manage/share/manage/package.bash'
[0.788s] INFO:colcon.colcon_core.shell:Creating package script '/home/xie/Desktop/learn/carpole/cartplole/install/manage/share/manage/package.zsh'
[0.788s] Level 1:colcon.colcon_core.environment:create_file_with_runtime_dependencies(/home/xie/Desktop/learn/carpole/cartplole/install/manage/share/colcon-core/packages/manage)
[0.842s] DEBUG:colcon.colcon_core.event_handler.log_command:Invoked command in '/home/xie/Desktop/learn/carpole/cartplole/build/interface' returned '0': CMAKE_PREFIX_PATH=${CMAKE_PREFIX_PATH}:/opt/ros/humble /usr/bin/cmake --build /home/xie/Desktop/learn/carpole/cartplole/build/interface -- -j20 -l20
[0.882s] DEBUG:colcon.colcon_core.event_handler.log_command:Invoking command in '/home/xie/Desktop/learn/carpole/cartplole/build/interface': CMAKE_PREFIX_PATH=${CMAKE_PREFIX_PATH}:/opt/ros/humble /usr/bin/cmake --install /home/xie/Desktop/learn/carpole/cartplole/build/interface
[0.914s] Level 1:colcon.colcon_core.environment:create_environment_scripts_only(interface)
[0.914s] DEBUG:colcon.colcon_core.event_handler.log_command:Invoked command in '/home/xie/Desktop/learn/carpole/cartplole/build/interface' returned '0': CMAKE_PREFIX_PATH=${CMAKE_PREFIX_PATH}:/opt/ros/humble /usr/bin/cmake --install /home/xie/Desktop/learn/carpole/cartplole/build/interface
[0.922s] Level 1:colcon.colcon_core.environment:checking '/home/xie/Desktop/learn/carpole/cartplole/install/interface' for CMake module files
[0.922s] Level 1:colcon.colcon_core.environment:checking '/home/xie/Desktop/learn/carpole/cartplole/install/interface' for CMake config files
[0.922s] Level 1:colcon.colcon_core.shell:create_environment_hook('interface', 'cmake_prefix_path')
[0.929s] INFO:colcon.colcon_core.shell:Creating environment hook '/home/xie/Desktop/learn/carpole/cartplole/install/interface/share/interface/hook/cmake_prefix_path.ps1'
[0.930s] INFO:colcon.colcon_core.shell:Creating environment descriptor '/home/xie/Desktop/learn/carpole/cartplole/install/interface/share/interface/hook/cmake_prefix_path.dsv'
[0.930s] INFO:colcon.colcon_core.shell:Creating environment hook '/home/xie/Desktop/learn/carpole/cartplole/install/interface/share/interface/hook/cmake_prefix_path.sh'
[0.930s] Level 1:colcon.colcon_core.environment:checking '/home/xie/Desktop/learn/carpole/cartplole/install/interface/lib'
[0.930s] Level 1:colcon.colcon_core.shell:create_environment_hook('interface', 'ld_library_path_lib')
[0.937s] INFO:colcon.colcon_core.shell:Creating environment hook '/home/xie/Desktop/learn/carpole/cartplole/install/interface/share/interface/hook/ld_library_path_lib.ps1'
[0.937s] INFO:colcon.colcon_core.shell:Creating environment descriptor '/home/xie/Desktop/learn/carpole/cartplole/install/interface/share/interface/hook/ld_library_path_lib.dsv'
[0.937s] INFO:colcon.colcon_core.shell:Creating environment hook '/home/xie/Desktop/learn/carpole/cartplole/install/interface/share/interface/hook/ld_library_path_lib.sh'
[0.937s] Level 1:colcon.colcon_core.environment:checking '/home/xie/Desktop/learn/carpole/cartplole/install/interface/bin'
[0.937s] Level 1:colcon.colcon_core.environment:checking '/home/xie/Desktop/learn/carpole/cartplole/install/interface/lib/pkgconfig/interface.pc'
[0.937s] Level 1:colcon.colcon_core.environment:checking '/home/xie/Desktop/learn/carpole/cartplole/install/interface/lib/python3.10/site-packages'
[0.937s] Level 1:colcon.colcon_core.environment:checking '/home/xie/Desktop/learn/carpole/cartplole/install/interface/bin'
[0.944s] INFO:colcon.colcon_core.shell:Creating package script '/home/xie/Desktop/learn/carpole/cartplole/install/interface/share/interface/package.ps1'
[0.944s] INFO:colcon.colcon_core.shell:Creating package descriptor '/home/xie/Desktop/learn/carpole/cartplole/install/interface/share/interface/package.dsv'
[0.944s] INFO:colcon.colcon_core.shell:Creating package script '/home/xie/Desktop/learn/carpole/cartplole/install/interface/share/interface/package.sh'
[0.944s] INFO:colcon.colcon_core.shell:Creating package script '/home/xie/Desktop/learn/carpole/cartplole/install/interface/share/interface/package.bash'
[0.945s] INFO:colcon.colcon_core.shell:Creating package script '/home/xie/Desktop/learn/carpole/cartplole/install/interface/share/interface/package.zsh'
[0.945s] Level 1:colcon.colcon_core.environment:create_file_with_runtime_dependencies(/home/xie/Desktop/learn/carpole/cartplole/install/interface/share/colcon-core/packages/interface)
[0.991s] Level 1:colcon.colcon_core.environment:create_environment_scripts_only(interface)
[0.998s] Level 1:colcon.colcon_core.environment:checking '/home/xie/Desktop/learn/carpole/cartplole/install/interface' for CMake module files
[0.998s] Level 1:colcon.colcon_core.environment:checking '/home/xie/Desktop/learn/carpole/cartplole/install/interface' for CMake config files
[0.998s] Level 1:colcon.colcon_core.shell:create_environment_hook('interface', 'cmake_prefix_path')
[1.005s] INFO:colcon.colcon_core.shell:Creating environment hook '/home/xie/Desktop/learn/carpole/cartplole/install/interface/share/interface/hook/cmake_prefix_path.ps1'
[1.005s] INFO:colcon.colcon_core.shell:Creating environment descriptor '/home/xie/Desktop/learn/carpole/cartplole/install/interface/share/interface/hook/cmake_prefix_path.dsv'
[1.005s] INFO:colcon.colcon_core.shell:Creating environment hook '/home/xie/Desktop/learn/carpole/cartplole/install/interface/share/interface/hook/cmake_prefix_path.sh'
[1.005s] Level 1:colcon.colcon_core.environment:checking '/home/xie/Desktop/learn/carpole/cartplole/install/interface/lib'
[1.005s] Level 1:colcon.colcon_core.shell:create_environment_hook('interface', 'ld_library_path_lib')
[1.012s] INFO:colcon.colcon_core.shell:Creating environment hook '/home/xie/Desktop/learn/carpole/cartplole/install/interface/share/interface/hook/ld_library_path_lib.ps1'
[1.012s] INFO:colcon.colcon_core.shell:Creating environment descriptor '/home/xie/Desktop/learn/carpole/cartplole/install/interface/share/interface/hook/ld_library_path_lib.dsv'
[1.012s] INFO:colcon.colcon_core.shell:Creating environment hook '/home/xie/Desktop/learn/carpole/cartplole/install/interface/share/interface/hook/ld_library_path_lib.sh'
[1.012s] Level 1:colcon.colcon_core.environment:checking '/home/xie/Desktop/learn/carpole/cartplole/install/interface/bin'
[1.013s] Level 1:colcon.colcon_core.environment:checking '/home/xie/Desktop/learn/carpole/cartplole/install/interface/lib/pkgconfig/interface.pc'
[1.013s] Level 1:colcon.colcon_core.environment:checking '/home/xie/Desktop/learn/carpole/cartplole/install/interface/lib/python3.10/site-packages'
[1.013s] Level 1:colcon.colcon_core.environment:checking '/home/xie/Desktop/learn/carpole/cartplole/install/interface/bin'
[1.019s] INFO:colcon.colcon_core.shell:Creating package script '/home/xie/Desktop/learn/carpole/cartplole/install/interface/share/interface/package.ps1'
[1.019s] INFO:colcon.colcon_core.shell:Creating package descriptor '/home/xie/Desktop/learn/carpole/cartplole/install/interface/share/interface/package.dsv'
[1.019s] INFO:colcon.colcon_core.shell:Creating package script '/home/xie/Desktop/learn/carpole/cartplole/install/interface/share/interface/package.sh'
[1.020s] INFO:colcon.colcon_core.shell:Creating package script '/home/xie/Desktop/learn/carpole/cartplole/install/interface/share/interface/package.bash'
[1.020s] INFO:colcon.colcon_core.shell:Creating package script '/home/xie/Desktop/learn/carpole/cartplole/install/interface/share/interface/package.zsh'
[1.020s] Level 1:colcon.colcon_core.environment:create_file_with_runtime_dependencies(/home/xie/Desktop/learn/carpole/cartplole/install/interface/share/colcon-core/packages/interface)
[1.020s] INFO:colcon.colcon_ros.task.ament_cmake.build:Building ROS package in '/home/xie/Desktop/learn/carpole/cartplole/src/control' with build type 'ament_cmake'
[1.021s] INFO:colcon.colcon_cmake.task.cmake.build:Building CMake package in '/home/xie/Desktop/learn/carpole/cartplole/src/control'
[1.031s] INFO:colcon.colcon_core.shell:Skip shell extension 'powershell' for command environment: Not usable outside of PowerShell
[1.031s] DEBUG:colcon.colcon_core.shell:Skip shell extension 'dsv' for command environment
[1.050s] INFO:colcon.colcon_ros.task.ament_cmake.build:Building ROS package in '/home/xie/Desktop/learn/carpole/cartplole/src/simulate' with build type 'ament_cmake'
[1.050s] INFO:colcon.colcon_cmake.task.cmake.build:Building CMake package in '/home/xie/Desktop/learn/carpole/cartplole/src/simulate'
[1.057s] INFO:colcon.colcon_core.shell:Skip shell extension 'powershell' for command environment: Not usable outside of PowerShell
[1.057s] DEBUG:colcon.colcon_core.shell:Skip shell extension 'dsv' for command environment
[1.080s] DEBUG:colcon.colcon_core.event_handler.log_command:Invoking command in '/home/xie/Desktop/learn/carpole/cartplole/build/control': CMAKE_PREFIX_PATH=/home/xie/Desktop/learn/carpole/cartplole/install/interface:/home/xie/Desktop/learn/carpole/cartplole/install/simulate:/home/xie/Desktop/learn/carpole/cartplole/install/manage:/home/xie/Desktop/learn/carpole/cartplole/install/control:/usr/local:/usr/local:/opt/ros/humble /usr/bin/cmake --build /home/xie/Desktop/learn/carpole/cartplole/build/control -- -j20 -l20
[1.081s] DEBUG:colcon.colcon_core.event_handler.log_command:Invoking command in '/home/xie/Desktop/learn/carpole/cartplole/build/simulate': CMAKE_PREFIX_PATH=/home/xie/Desktop/learn/carpole/cartplole/install/interface:/home/xie/Desktop/learn/carpole/cartplole/install/simulate:/home/xie/Desktop/learn/carpole/cartplole/install/manage:/home/xie/Desktop/learn/carpole/cartplole/install/control:/usr/local:/usr/local:/opt/ros/humble /usr/bin/cmake --build /home/xie/Desktop/learn/carpole/cartplole/build/simulate -- -j20 -l20
[1.122s] DEBUG:colcon.colcon_core.event_handler.log_command:Invoked command in '/home/xie/Desktop/learn/carpole/cartplole/build/simulate' returned '0': CMAKE_PREFIX_PATH=/home/xie/Desktop/learn/carpole/cartplole/install/interface:/home/xie/Desktop/learn/carpole/cartplole/install/simulate:/home/xie/Desktop/learn/carpole/cartplole/install/manage:/home/xie/Desktop/learn/carpole/cartplole/install/control:/usr/local:/usr/local:/opt/ros/humble /usr/bin/cmake --build /home/xie/Desktop/learn/carpole/cartplole/build/simulate -- -j20 -l20
[1.142s] DEBUG:colcon.colcon_core.event_handler.log_command:Invoking command in '/home/xie/Desktop/learn/carpole/cartplole/build/simulate': CMAKE_PREFIX_PATH=/home/xie/Desktop/learn/carpole/cartplole/install/interface:/home/xie/Desktop/learn/carpole/cartplole/install/simulate:/home/xie/Desktop/learn/carpole/cartplole/install/manage:/home/xie/Desktop/learn/carpole/cartplole/install/control:/usr/local:/usr/local:/opt/ros/humble /usr/bin/cmake --install /home/xie/Desktop/learn/carpole/cartplole/build/simulate
[1.148s] Level 1:colcon.colcon_core.environment:create_environment_scripts_only(simulate)
[1.148s] DEBUG:colcon.colcon_core.event_handler.log_command:Invoked command in '/home/xie/Desktop/learn/carpole/cartplole/build/simulate' returned '0': CMAKE_PREFIX_PATH=/home/xie/Desktop/learn/carpole/cartplole/install/interface:/home/xie/Desktop/learn/carpole/cartplole/install/simulate:/home/xie/Desktop/learn/carpole/cartplole/install/manage:/home/xie/Desktop/learn/carpole/cartplole/install/control:/usr/local:/usr/local:/opt/ros/humble /usr/bin/cmake --install /home/xie/Desktop/learn/carpole/cartplole/build/simulate
[1.156s] Level 1:colcon.colcon_core.environment:checking '/home/xie/Desktop/learn/carpole/cartplole/install/simulate' for CMake module files
[1.156s] Level 1:colcon.colcon_core.environment:checking '/home/xie/Desktop/learn/carpole/cartplole/install/simulate' for CMake config files
[1.156s] Level 1:colcon.colcon_core.shell:create_environment_hook('simulate', 'cmake_prefix_path')
[1.162s] INFO:colcon.colcon_core.shell:Creating environment hook '/home/xie/Desktop/learn/carpole/cartplole/install/simulate/share/simulate/hook/cmake_prefix_path.ps1'
[1.163s] INFO:colcon.colcon_core.shell:Creating environment descriptor '/home/xie/Desktop/learn/carpole/cartplole/install/simulate/share/simulate/hook/cmake_prefix_path.dsv'
[1.163s] INFO:colcon.colcon_core.shell:Creating environment hook '/home/xie/Desktop/learn/carpole/cartplole/install/simulate/share/simulate/hook/cmake_prefix_path.sh'
[1.163s] Level 1:colcon.colcon_core.environment:checking '/home/xie/Desktop/learn/carpole/cartplole/install/simulate/lib'
[1.163s] Level 1:colcon.colcon_core.environment:checking '/home/xie/Desktop/learn/carpole/cartplole/install/simulate/bin'
[1.163s] Level 1:colcon.colcon_core.environment:checking '/home/xie/Desktop/learn/carpole/cartplole/install/simulate/lib/pkgconfig/simulate.pc'
[1.163s] Level 1:colcon.colcon_core.environment:checking '/home/xie/Desktop/learn/carpole/cartplole/install/simulate/lib/python3.10/site-packages'
[1.164s] Level 1:colcon.colcon_core.environment:checking '/home/xie/Desktop/learn/carpole/cartplole/install/simulate/bin'
[1.173s] INFO:colcon.colcon_core.shell:Creating package script '/home/xie/Desktop/learn/carpole/cartplole/install/simulate/share/simulate/package.ps1'
[1.173s] INFO:colcon.colcon_core.shell:Creating package descriptor '/home/xie/Desktop/learn/carpole/cartplole/install/simulate/share/simulate/package.dsv'
[1.173s] INFO:colcon.colcon_core.shell:Creating package script '/home/xie/Desktop/learn/carpole/cartplole/install/simulate/share/simulate/package.sh'
[1.173s] INFO:colcon.colcon_core.shell:Creating package script '/home/xie/Desktop/learn/carpole/cartplole/install/simulate/share/simulate/package.bash'
[1.173s] INFO:colcon.colcon_core.shell:Creating package script '/home/xie/Desktop/learn/carpole/cartplole/install/simulate/share/simulate/package.zsh'
[1.174s] Level 1:colcon.colcon_core.environment:create_file_with_runtime_dependencies(/home/xie/Desktop/learn/carpole/cartplole/install/simulate/share/colcon-core/packages/simulate)
[1.198s] Level 1:colcon.colcon_core.environment:create_environment_scripts_only(simulate)
[1.204s] Level 1:colcon.colcon_core.environment:checking '/home/xie/Desktop/learn/carpole/cartplole/install/simulate' for CMake module files
[1.205s] Level 1:colcon.colcon_core.environment:checking '/home/xie/Desktop/learn/carpole/cartplole/install/simulate' for CMake config files
[1.205s] Level 1:colcon.colcon_core.shell:create_environment_hook('simulate', 'cmake_prefix_path')
[1.213s] INFO:colcon.colcon_core.shell:Creating environment hook '/home/xie/Desktop/learn/carpole/cartplole/install/simulate/share/simulate/hook/cmake_prefix_path.ps1'
[1.213s] INFO:colcon.colcon_core.shell:Creating environment descriptor '/home/xie/Desktop/learn/carpole/cartplole/install/simulate/share/simulate/hook/cmake_prefix_path.dsv'
[1.213s] INFO:colcon.colcon_core.shell:Creating environment hook '/home/xie/Desktop/learn/carpole/cartplole/install/simulate/share/simulate/hook/cmake_prefix_path.sh'
[1.214s] Level 1:colcon.colcon_core.environment:checking '/home/xie/Desktop/learn/carpole/cartplole/install/simulate/lib'
[1.214s] Level 1:colcon.colcon_core.environment:checking '/home/xie/Desktop/learn/carpole/cartplole/install/simulate/bin'
[1.214s] Level 1:colcon.colcon_core.environment:checking '/home/xie/Desktop/learn/carpole/cartplole/install/simulate/lib/pkgconfig/simulate.pc'
[1.214s] Level 1:colcon.colcon_core.environment:checking '/home/xie/Desktop/learn/carpole/cartplole/install/simulate/lib/python3.10/site-packages'
[1.214s] Level 1:colcon.colcon_core.environment:checking '/home/xie/Desktop/learn/carpole/cartplole/install/simulate/bin'
[1.220s] INFO:colcon.colcon_core.shell:Creating package script '/home/xie/Desktop/learn/carpole/cartplole/install/simulate/share/simulate/package.ps1'
[1.220s] INFO:colcon.colcon_core.shell:Creating package descriptor '/home/xie/Desktop/learn/carpole/cartplole/install/simulate/share/simulate/package.dsv'
[1.220s] INFO:colcon.colcon_core.shell:Creating package script '/home/xie/Desktop/learn/carpole/cartplole/install/simulate/share/simulate/package.sh'
[1.220s] INFO:colcon.colcon_core.shell:Creating package script '/home/xie/Desktop/learn/carpole/cartplole/install/simulate/share/simulate/package.bash'
[1.220s] INFO:colcon.colcon_core.shell:Creating package script '/home/xie/Desktop/learn/carpole/cartplole/install/simulate/share/simulate/package.zsh'
[1.220s] Level 1:colcon.colcon_core.environment:create_file_with_runtime_dependencies(/home/xie/Desktop/learn/carpole/cartplole/install/simulate/share/colcon-core/packages/simulate)
[30.732s] DEBUG:colcon.colcon_core.event_handler.log_command:Invoked command in '/home/xie/Desktop/learn/carpole/cartplole/build/control' returned '0': CMAKE_PREFIX_PATH=/home/xie/Desktop/learn/carpole/cartplole/install/interface:/home/xie/Desktop/learn/carpole/cartplole/install/simulate:/home/xie/Desktop/learn/carpole/cartplole/install/manage:/home/xie/Desktop/learn/carpole/cartplole/install/control:/usr/local:/usr/local:/opt/ros/humble /usr/bin/cmake --build /home/xie/Desktop/learn/carpole/cartplole/build/control -- -j20 -l20
[30.748s] DEBUG:colcon.colcon_core.event_handler.log_command:Invoking command in '/home/xie/Desktop/learn/carpole/cartplole/build/control': CMAKE_PREFIX_PATH=/home/xie/Desktop/learn/carpole/cartplole/install/interface:/home/xie/Desktop/learn/carpole/cartplole/install/simulate:/home/xie/Desktop/learn/carpole/cartplole/install/manage:/home/xie/Desktop/learn/carpole/cartplole/install/control:/usr/local:/usr/local:/opt/ros/humble /usr/bin/cmake --install /home/xie/Desktop/learn/carpole/cartplole/build/control
[30.755s] Level 1:colcon.colcon_core.environment:create_environment_scripts_only(control)
[30.756s] DEBUG:colcon.colcon_core.event_handler.log_command:Invoked command in '/home/xie/Desktop/learn/carpole/cartplole/build/control' returned '0': CMAKE_PREFIX_PATH=/home/xie/Desktop/learn/carpole/cartplole/install/interface:/home/xie/Desktop/learn/carpole/cartplole/install/simulate:/home/xie/Desktop/learn/carpole/cartplole/install/manage:/home/xie/Desktop/learn/carpole/cartplole/install/control:/usr/local:/usr/local:/opt/ros/humble /usr/bin/cmake --install /home/xie/Desktop/learn/carpole/cartplole/build/control
[30.762s] Level 1:colcon.colcon_core.environment:checking '/home/xie/Desktop/learn/carpole/cartplole/install/control' for CMake module files
[30.762s] Level 1:colcon.colcon_core.environment:checking '/home/xie/Desktop/learn/carpole/cartplole/install/control' for CMake config files
[30.762s] Level 1:colcon.colcon_core.shell:create_environment_hook('control', 'cmake_prefix_path')
[30.768s] INFO:colcon.colcon_core.shell:Creating environment hook '/home/xie/Desktop/learn/carpole/cartplole/install/control/share/control/hook/cmake_prefix_path.ps1'
[30.768s] INFO:colcon.colcon_core.shell:Creating environment descriptor '/home/xie/Desktop/learn/carpole/cartplole/install/control/share/control/hook/cmake_prefix_path.dsv'
[30.769s] INFO:colcon.colcon_core.shell:Creating environment hook '/home/xie/Desktop/learn/carpole/cartplole/install/control/share/control/hook/cmake_prefix_path.sh'
[30.769s] Level 1:colcon.colcon_core.environment:checking '/home/xie/Desktop/learn/carpole/cartplole/install/control/lib'
[30.769s] Level 1:colcon.colcon_core.environment:checking '/home/xie/Desktop/learn/carpole/cartplole/install/control/bin'
[30.769s] Level 1:colcon.colcon_core.environment:checking '/home/xie/Desktop/learn/carpole/cartplole/install/control/lib/pkgconfig/control.pc'
[30.769s] Level 1:colcon.colcon_core.environment:checking '/home/xie/Desktop/learn/carpole/cartplole/install/control/lib/python3.10/site-packages'
[30.769s] Level 1:colcon.colcon_core.environment:checking '/home/xie/Desktop/learn/carpole/cartplole/install/control/bin'
[30.775s] INFO:colcon.colcon_core.shell:Creating package script '/home/xie/Desktop/learn/carpole/cartplole/install/control/share/control/package.ps1'
[30.775s] INFO:colcon.colcon_core.shell:Creating package descriptor '/home/xie/Desktop/learn/carpole/cartplole/install/control/share/control/package.dsv'
[30.775s] INFO:colcon.colcon_core.shell:Creating package script '/home/xie/Desktop/learn/carpole/cartplole/install/control/share/control/package.sh'
[30.775s] INFO:colcon.colcon_core.shell:Creating package script '/home/xie/Desktop/learn/carpole/cartplole/install/control/share/control/package.bash'
[30.775s] INFO:colcon.colcon_core.shell:Creating package script '/home/xie/Desktop/learn/carpole/cartplole/install/control/share/control/package.zsh'
[30.776s] Level 1:colcon.colcon_core.environment:create_file_with_runtime_dependencies(/home/xie/Desktop/learn/carpole/cartplole/install/control/share/colcon-core/packages/control)
[30.800s] Level 1:colcon.colcon_core.environment:create_environment_scripts_only(control)
[30.806s] Level 1:colcon.colcon_core.environment:checking '/home/xie/Desktop/learn/carpole/cartplole/install/control' for CMake module files
[30.806s] Level 1:colcon.colcon_core.environment:checking '/home/xie/Desktop/learn/carpole/cartplole/install/control' for CMake config files
[30.806s] Level 1:colcon.colcon_core.shell:create_environment_hook('control', 'cmake_prefix_path')
[30.812s] INFO:colcon.colcon_core.shell:Creating environment hook '/home/xie/Desktop/learn/carpole/cartplole/install/control/share/control/hook/cmake_prefix_path.ps1'
[30.812s] INFO:colcon.colcon_core.shell:Creating environment descriptor '/home/xie/Desktop/learn/carpole/cartplole/install/control/share/control/hook/cmake_prefix_path.dsv'
[30.812s] INFO:colcon.colcon_core.shell:Creating environment hook '/home/xie/Desktop/learn/carpole/cartplole/install/control/share/control/hook/cmake_prefix_path.sh'
[30.812s] Level 1:colcon.colcon_core.environment:checking '/home/xie/Desktop/learn/carpole/cartplole/install/control/lib'
[30.812s] Level 1:colcon.colcon_core.environment:checking '/home/xie/Desktop/learn/carpole/cartplole/install/control/bin'
[30.812s] Level 1:colcon.colcon_core.environment:checking '/home/xie/Desktop/learn/carpole/cartplole/install/control/lib/pkgconfig/control.pc'
[30.812s] Level 1:colcon.colcon_core.environment:checking '/home/xie/Desktop/learn/carpole/cartplole/install/control/lib/python3.10/site-packages'
[30.813s] Level 1:colcon.colcon_core.environment:checking '/home/xie/Desktop/learn/carpole/cartplole/install/control/bin'
[30.818s] INFO:colcon.colcon_core.shell:Creating package script '/home/xie/Desktop/learn/carpole/cartplole/install/control/share/control/package.ps1'
[30.818s] INFO:colcon.colcon_core.shell:Creating package descriptor '/home/xie/Desktop/learn/carpole/cartplole/install/control/share/control/package.dsv'
[30.819s] INFO:colcon.colcon_core.shell:Creating package script '/home/xie/Desktop/learn/carpole/cartplole/install/control/share/control/package.sh'
[30.819s] INFO:colcon.colcon_core.shell:Creating package script '/home/xie/Desktop/learn/carpole/cartplole/install/control/share/control/package.bash'
[30.819s] INFO:colcon.colcon_core.shell:Creating package script '/home/xie/Desktop/learn/carpole/cartplole/install/control/share/control/package.zsh'
[30.819s] Level 1:colcon.colcon_core.environment:create_file_with_runtime_dependencies(/home/xie/Desktop/learn/carpole/cartplole/install/control/share/colcon-core/packages/control)
[30.819s] DEBUG:colcon.colcon_parallel_executor.executor.parallel:closing loop
[30.819s] DEBUG:colcon.colcon_parallel_executor.executor.parallel:loop closed
[30.819s] DEBUG:colcon.colcon_parallel_executor.executor.parallel:run_until_complete finished with '0'
[30.819s] DEBUG:colcon.colcon_core.event_reactor:joining thread
[30.830s] INFO:colcon.colcon_core.plugin_system:Skipping extension 'colcon_notification.desktop_notification.terminal_notifier': Not used on non-Darwin systems
[30.830s] INFO:colcon.colcon_core.plugin_system:Skipping extension 'colcon_notification.desktop_notification.win32': Not used on non-Windows systems
[30.830s] INFO:colcon.colcon_notification.desktop_notification:Sending desktop notification using 'notify2'
[30.838s] DEBUG:colcon.colcon_core.event_reactor:joined thread
[30.844s] INFO:colcon.colcon_core.shell:Creating prefix script '/home/xie/Desktop/learn/carpole/cartplole/install/local_setup.ps1'
[30.845s] INFO:colcon.colcon_core.shell:Creating prefix util module '/home/xie/Desktop/learn/carpole/cartplole/install/_local_setup_util_ps1.py'
[30.845s] INFO:colcon.colcon_core.shell:Creating prefix chain script '/home/xie/Desktop/learn/carpole/cartplole/install/setup.ps1'
[30.851s] INFO:colcon.colcon_core.shell:Creating prefix script '/home/xie/Desktop/learn/carpole/cartplole/install/local_setup.sh'
[30.851s] INFO:colcon.colcon_core.shell:Creating prefix util module '/home/xie/Desktop/learn/carpole/cartplole/install/_local_setup_util_sh.py'
[30.852s] INFO:colcon.colcon_core.shell:Creating prefix chain script '/home/xie/Desktop/learn/carpole/cartplole/install/setup.sh'
[30.858s] INFO:colcon.colcon_core.shell:Creating prefix script '/home/xie/Desktop/learn/carpole/cartplole/install/local_setup.bash'
[30.858s] INFO:colcon.colcon_core.shell:Creating prefix chain script '/home/xie/Desktop/learn/carpole/cartplole/install/setup.bash'
[30.865s] INFO:colcon.colcon_core.shell:Creating prefix script '/home/xie/Desktop/learn/carpole/cartplole/install/local_setup.zsh'
[30.866s] INFO:colcon.colcon_core.shell:Creating prefix chain script '/home/xie/Desktop/learn/carpole/cartplole/install/setup.zsh'
