[0.416s] DEBUG:colcon:Command line arguments: ['/usr/bin/colcon', 'build']
[0.416s] DEBUG:colcon:Parsed command line arguments: Namespace(log_base=None, log_level=None, verb_name='build', build_base='build', install_base='install', merge_install=False, symlink_install=False, test_result_base=None, continue_on_error=False, executor='parallel', parallel_workers=20, event_handlers=None, ignore_user_meta=False, metas=['./colcon.meta'], base_paths=['.'], packages_ignore=None, packages_ignore_regex=None, paths=None, packages_up_to=None, packages_up_to_regex=None, packages_above=None, packages_above_and_dependencies=None, packages_above_depth=None, packages_select_by_dep=None, packages_skip_by_dep=None, packages_skip_up_to=None, packages_select_build_failed=False, packages_skip_build_finished=False, packages_select_test_failures=False, packages_skip_test_passed=False, packages_select=None, packages_skip=None, packages_select_regex=None, packages_skip_regex=None, packages_start=None, packages_end=None, allow_overriding=[], cmake_args=None, cmake_target=None, cmake_target_skip_unavailable=False, cmake_clean_cache=False, cmake_clean_first=False, cmake_force_configure=False, ament_cmake_args=None, catkin_cmake_args=None, catkin_skip_building_tests=False, verb_parser=<colcon_defaults.argument_parser.defaults.DefaultArgumentsDecorator object at 0x7fa2ae48f3a0>, verb_extension=<colcon_core.verb.build.BuildVerb object at 0x7fa2ae497970>, main=<bound method BuildVerb.main of <colcon_core.verb.build.BuildVerb object at 0x7fa2ae497970>>)
[0.438s] Level 1:colcon.colcon_core.package_discovery:discover_packages(colcon_meta) check parameters
[0.438s] Level 1:colcon.colcon_core.package_discovery:discover_packages(recursive) check parameters
[0.438s] Level 1:colcon.colcon_core.package_discovery:discover_packages(ignore) check parameters
[0.438s] Level 1:colcon.colcon_core.package_discovery:discover_packages(path) check parameters
[0.438s] Level 1:colcon.colcon_core.package_discovery:discover_packages(colcon_meta) discover
[0.438s] Level 1:colcon.colcon_core.package_discovery:discover_packages(recursive) discover
[0.438s] INFO:colcon.colcon_core.package_discovery:Crawling recursively for packages in '/home/xie/Desktop/learn/carpole/cartplole'
[0.438s] Level 1:colcon.colcon_core.package_identification:_identify(.) by extensions ['ignore', 'ignore_ament_install']
[0.438s] Level 1:colcon.colcon_core.package_identification:_identify(.) by extension 'ignore'
[0.438s] Level 1:colcon.colcon_core.package_identification:_identify(.) by extension 'ignore_ament_install'
[0.438s] Level 1:colcon.colcon_core.package_identification:_identify(.) by extensions ['colcon_pkg']
[0.438s] Level 1:colcon.colcon_core.package_identification:_identify(.) by extension 'colcon_pkg'
[0.438s] Level 1:colcon.colcon_core.package_identification:_identify(.) by extensions ['colcon_meta']
[0.438s] Level 1:colcon.colcon_core.package_identification:_identify(.) by extension 'colcon_meta'
[0.438s] Level 1:colcon.colcon_core.package_identification:_identify(.) by extensions ['ros']
[0.438s] Level 1:colcon.colcon_core.package_identification:_identify(.) by extension 'ros'
[0.444s] Level 1:colcon.colcon_core.package_identification:_identify(.) by extensions ['cmake', 'python']
[0.444s] Level 1:colcon.colcon_core.package_identification:_identify(.) by extension 'cmake'
[0.444s] Level 1:colcon.colcon_core.package_identification:_identify(.) by extension 'python'
[0.444s] Level 1:colcon.colcon_core.package_identification:_identify(.) by extensions ['python_setup_py']
[0.444s] Level 1:colcon.colcon_core.package_identification:_identify(.) by extension 'python_setup_py'
[0.444s] Level 1:colcon.colcon_core.package_identification:_identify(build) by extensions ['ignore', 'ignore_ament_install']
[0.444s] Level 1:colcon.colcon_core.package_identification:_identify(build) by extension 'ignore'
[0.444s] Level 1:colcon.colcon_core.package_identification:_identify(build) ignored
[0.444s] Level 1:colcon.colcon_core.package_identification:_identify(install) by extensions ['ignore', 'ignore_ament_install']
[0.444s] Level 1:colcon.colcon_core.package_identification:_identify(install) by extension 'ignore'
[0.444s] Level 1:colcon.colcon_core.package_identification:_identify(install) ignored
[0.444s] Level 1:colcon.colcon_core.package_identification:_identify(log) by extensions ['ignore', 'ignore_ament_install']
[0.445s] Level 1:colcon.colcon_core.package_identification:_identify(log) by extension 'ignore'
[0.445s] Level 1:colcon.colcon_core.package_identification:_identify(log) ignored
[0.445s] Level 1:colcon.colcon_core.package_identification:_identify(src) by extensions ['ignore', 'ignore_ament_install']
[0.445s] Level 1:colcon.colcon_core.package_identification:_identify(src) by extension 'ignore'
[0.445s] Level 1:colcon.colcon_core.package_identification:_identify(src) by extension 'ignore_ament_install'
[0.445s] Level 1:colcon.colcon_core.package_identification:_identify(src) by extensions ['colcon_pkg']
[0.445s] Level 1:colcon.colcon_core.package_identification:_identify(src) by extension 'colcon_pkg'
[0.445s] Level 1:colcon.colcon_core.package_identification:_identify(src) by extensions ['colcon_meta']
[0.445s] Level 1:colcon.colcon_core.package_identification:_identify(src) by extension 'colcon_meta'
[0.445s] Level 1:colcon.colcon_core.package_identification:_identify(src) by extensions ['ros']
[0.445s] Level 1:colcon.colcon_core.package_identification:_identify(src) by extension 'ros'
[0.445s] Level 1:colcon.colcon_core.package_identification:_identify(src) by extensions ['cmake', 'python']
[0.445s] Level 1:colcon.colcon_core.package_identification:_identify(src) by extension 'cmake'
[0.445s] Level 1:colcon.colcon_core.package_identification:_identify(src) by extension 'python'
[0.445s] Level 1:colcon.colcon_core.package_identification:_identify(src) by extensions ['python_setup_py']
[0.445s] Level 1:colcon.colcon_core.package_identification:_identify(src) by extension 'python_setup_py'
[0.445s] Level 1:colcon.colcon_core.package_identification:_identify(src/control) by extensions ['ignore', 'ignore_ament_install']
[0.445s] Level 1:colcon.colcon_core.package_identification:_identify(src/control) by extension 'ignore'
[0.445s] Level 1:colcon.colcon_core.package_identification:_identify(src/control) by extension 'ignore_ament_install'
[0.445s] Level 1:colcon.colcon_core.package_identification:_identify(src/control) by extensions ['colcon_pkg']
[0.445s] Level 1:colcon.colcon_core.package_identification:_identify(src/control) by extension 'colcon_pkg'
[0.445s] Level 1:colcon.colcon_core.package_identification:_identify(src/control) by extensions ['colcon_meta']
[0.445s] Level 1:colcon.colcon_core.package_identification:_identify(src/control) by extension 'colcon_meta'
[0.445s] Level 1:colcon.colcon_core.package_identification:_identify(src/control) by extensions ['ros']
[0.445s] Level 1:colcon.colcon_core.package_identification:_identify(src/control) by extension 'ros'
[0.447s] DEBUG:colcon.colcon_core.package_identification:Package 'src/control' with type 'ros.ament_cmake' and name 'control'
[0.447s] Level 1:colcon.colcon_core.package_identification:_identify(src/interface) by extensions ['ignore', 'ignore_ament_install']
[0.447s] Level 1:colcon.colcon_core.package_identification:_identify(src/interface) by extension 'ignore'
[0.447s] Level 1:colcon.colcon_core.package_identification:_identify(src/interface) by extension 'ignore_ament_install'
[0.447s] Level 1:colcon.colcon_core.package_identification:_identify(src/interface) by extensions ['colcon_pkg']
[0.447s] Level 1:colcon.colcon_core.package_identification:_identify(src/interface) by extension 'colcon_pkg'
[0.447s] Level 1:colcon.colcon_core.package_identification:_identify(src/interface) by extensions ['colcon_meta']
[0.447s] Level 1:colcon.colcon_core.package_identification:_identify(src/interface) by extension 'colcon_meta'
[0.447s] Level 1:colcon.colcon_core.package_identification:_identify(src/interface) by extensions ['ros']
[0.447s] Level 1:colcon.colcon_core.package_identification:_identify(src/interface) by extension 'ros'
[0.447s] DEBUG:colcon.colcon_core.package_identification:Package 'src/interface' with type 'ros.ament_cmake' and name 'interface'
[0.447s] Level 1:colcon.colcon_core.package_identification:_identify(src/manage) by extensions ['ignore', 'ignore_ament_install']
[0.447s] Level 1:colcon.colcon_core.package_identification:_identify(src/manage) by extension 'ignore'
[0.447s] Level 1:colcon.colcon_core.package_identification:_identify(src/manage) by extension 'ignore_ament_install'
[0.447s] Level 1:colcon.colcon_core.package_identification:_identify(src/manage) by extensions ['colcon_pkg']
[0.447s] Level 1:colcon.colcon_core.package_identification:_identify(src/manage) by extension 'colcon_pkg'
[0.447s] Level 1:colcon.colcon_core.package_identification:_identify(src/manage) by extensions ['colcon_meta']
[0.447s] Level 1:colcon.colcon_core.package_identification:_identify(src/manage) by extension 'colcon_meta'
[0.447s] Level 1:colcon.colcon_core.package_identification:_identify(src/manage) by extensions ['ros']
[0.447s] Level 1:colcon.colcon_core.package_identification:_identify(src/manage) by extension 'ros'
[0.448s] DEBUG:colcon.colcon_core.package_identification:Package 'src/manage' with type 'ros.ament_cmake' and name 'manage'
[0.448s] Level 1:colcon.colcon_core.package_identification:_identify(src/models) by extensions ['ignore', 'ignore_ament_install']
[0.448s] Level 1:colcon.colcon_core.package_identification:_identify(src/models) by extension 'ignore'
[0.448s] Level 1:colcon.colcon_core.package_identification:_identify(src/models) by extension 'ignore_ament_install'
[0.448s] Level 1:colcon.colcon_core.package_identification:_identify(src/models) by extensions ['colcon_pkg']
[0.448s] Level 1:colcon.colcon_core.package_identification:_identify(src/models) by extension 'colcon_pkg'
[0.448s] Level 1:colcon.colcon_core.package_identification:_identify(src/models) by extensions ['colcon_meta']
[0.448s] Level 1:colcon.colcon_core.package_identification:_identify(src/models) by extension 'colcon_meta'
[0.448s] Level 1:colcon.colcon_core.package_identification:_identify(src/models) by extensions ['ros']
[0.448s] Level 1:colcon.colcon_core.package_identification:_identify(src/models) by extension 'ros'
[0.448s] Level 1:colcon.colcon_core.package_identification:_identify(src/models) by extensions ['cmake', 'python']
[0.448s] Level 1:colcon.colcon_core.package_identification:_identify(src/models) by extension 'cmake'
[0.448s] Level 1:colcon.colcon_core.package_identification:_identify(src/models) by extension 'python'
[0.448s] Level 1:colcon.colcon_core.package_identification:_identify(src/models) by extensions ['python_setup_py']
[0.448s] Level 1:colcon.colcon_core.package_identification:_identify(src/models) by extension 'python_setup_py'
[0.448s] Level 1:colcon.colcon_core.package_identification:_identify(src/models/inverted_pendulum) by extensions ['ignore', 'ignore_ament_install']
[0.448s] Level 1:colcon.colcon_core.package_identification:_identify(src/models/inverted_pendulum) by extension 'ignore'
[0.448s] Level 1:colcon.colcon_core.package_identification:_identify(src/models/inverted_pendulum) by extension 'ignore_ament_install'
[0.448s] Level 1:colcon.colcon_core.package_identification:_identify(src/models/inverted_pendulum) by extensions ['colcon_pkg']
[0.448s] Level 1:colcon.colcon_core.package_identification:_identify(src/models/inverted_pendulum) by extension 'colcon_pkg'
[0.448s] Level 1:colcon.colcon_core.package_identification:_identify(src/models/inverted_pendulum) by extensions ['colcon_meta']
[0.448s] Level 1:colcon.colcon_core.package_identification:_identify(src/models/inverted_pendulum) by extension 'colcon_meta'
[0.448s] Level 1:colcon.colcon_core.package_identification:_identify(src/models/inverted_pendulum) by extensions ['ros']
[0.448s] Level 1:colcon.colcon_core.package_identification:_identify(src/models/inverted_pendulum) by extension 'ros'
[0.448s] Level 1:colcon.colcon_core.package_identification:_identify(src/models/inverted_pendulum) by extensions ['cmake', 'python']
[0.448s] Level 1:colcon.colcon_core.package_identification:_identify(src/models/inverted_pendulum) by extension 'cmake'
[0.448s] Level 1:colcon.colcon_core.package_identification:_identify(src/models/inverted_pendulum) by extension 'python'
[0.448s] Level 1:colcon.colcon_core.package_identification:_identify(src/models/inverted_pendulum) by extensions ['python_setup_py']
[0.448s] Level 1:colcon.colcon_core.package_identification:_identify(src/models/inverted_pendulum) by extension 'python_setup_py'
[0.448s] Level 1:colcon.colcon_core.package_identification:_identify(src/simulate) by extensions ['ignore', 'ignore_ament_install']
[0.448s] Level 1:colcon.colcon_core.package_identification:_identify(src/simulate) by extension 'ignore'
[0.448s] Level 1:colcon.colcon_core.package_identification:_identify(src/simulate) by extension 'ignore_ament_install'
[0.448s] Level 1:colcon.colcon_core.package_identification:_identify(src/simulate) by extensions ['colcon_pkg']
[0.448s] Level 1:colcon.colcon_core.package_identification:_identify(src/simulate) by extension 'colcon_pkg'
[0.448s] Level 1:colcon.colcon_core.package_identification:_identify(src/simulate) by extensions ['colcon_meta']
[0.448s] Level 1:colcon.colcon_core.package_identification:_identify(src/simulate) by extension 'colcon_meta'
[0.448s] Level 1:colcon.colcon_core.package_identification:_identify(src/simulate) by extensions ['ros']
[0.448s] Level 1:colcon.colcon_core.package_identification:_identify(src/simulate) by extension 'ros'
[0.449s] DEBUG:colcon.colcon_core.package_identification:Package 'src/simulate' with type 'ros.ament_cmake' and name 'simulate'
[0.449s] Level 1:colcon.colcon_core.package_identification:_identify(src/utils) by extensions ['ignore', 'ignore_ament_install']
[0.449s] Level 1:colcon.colcon_core.package_identification:_identify(src/utils) by extension 'ignore'
[0.449s] Level 1:colcon.colcon_core.package_identification:_identify(src/utils) by extension 'ignore_ament_install'
[0.449s] Level 1:colcon.colcon_core.package_identification:_identify(src/utils) by extensions ['colcon_pkg']
[0.449s] Level 1:colcon.colcon_core.package_identification:_identify(src/utils) by extension 'colcon_pkg'
[0.449s] Level 1:colcon.colcon_core.package_identification:_identify(src/utils) by extensions ['colcon_meta']
[0.449s] Level 1:colcon.colcon_core.package_identification:_identify(src/utils) by extension 'colcon_meta'
[0.449s] Level 1:colcon.colcon_core.package_identification:_identify(src/utils) by extensions ['ros']
[0.449s] Level 1:colcon.colcon_core.package_identification:_identify(src/utils) by extension 'ros'
[0.449s] Level 1:colcon.colcon_core.package_identification:_identify(src/utils) by extensions ['cmake', 'python']
[0.449s] Level 1:colcon.colcon_core.package_identification:_identify(src/utils) by extension 'cmake'
[0.449s] Level 1:colcon.colcon_core.package_identification:_identify(src/utils) by extension 'python'
[0.449s] Level 1:colcon.colcon_core.package_identification:_identify(src/utils) by extensions ['python_setup_py']
[0.449s] Level 1:colcon.colcon_core.package_identification:_identify(src/utils) by extension 'python_setup_py'
[0.449s] Level 1:colcon.colcon_core.package_discovery:discover_packages(recursive) using defaults
[0.449s] Level 1:colcon.colcon_core.package_discovery:discover_packages(ignore) discover
[0.449s] Level 1:colcon.colcon_core.package_discovery:discover_packages(ignore) using defaults
[0.449s] Level 1:colcon.colcon_core.package_discovery:discover_packages(path) discover
[0.449s] Level 1:colcon.colcon_core.package_discovery:discover_packages(path) using defaults
[0.488s] Level 1:colcon.colcon_core.package_discovery:discover_packages(prefix_path) check parameters
[0.488s] Level 1:colcon.colcon_core.package_discovery:discover_packages(prefix_path) discover
[0.499s] DEBUG:colcon.colcon_installed_package_information.package_discovery:Found 4 installed packages in /home/xie/Desktop/learn/carpole/cartplole/install
[0.507s] DEBUG:colcon.colcon_installed_package_information.package_discovery:Found 348 installed packages in /opt/ros/humble
[0.508s] Level 1:colcon.colcon_core.package_discovery:discover_packages(prefix_path) using defaults
[0.554s] Level 5:colcon.colcon_core.verb:set package 'interface' build argument 'cmake_args' from command line to 'None'
[0.554s] Level 5:colcon.colcon_core.verb:set package 'interface' build argument 'cmake_target' from command line to 'None'
[0.554s] Level 5:colcon.colcon_core.verb:set package 'interface' build argument 'cmake_target_skip_unavailable' from command line to 'False'
[0.554s] Level 5:colcon.colcon_core.verb:set package 'interface' build argument 'cmake_clean_cache' from command line to 'False'
[0.554s] Level 5:colcon.colcon_core.verb:set package 'interface' build argument 'cmake_clean_first' from command line to 'False'
[0.554s] Level 5:colcon.colcon_core.verb:set package 'interface' build argument 'cmake_force_configure' from command line to 'False'
[0.554s] Level 5:colcon.colcon_core.verb:set package 'interface' build argument 'ament_cmake_args' from command line to 'None'
[0.554s] Level 5:colcon.colcon_core.verb:set package 'interface' build argument 'catkin_cmake_args' from command line to 'None'
[0.554s] Level 5:colcon.colcon_core.verb:set package 'interface' build argument 'catkin_skip_building_tests' from command line to 'False'
[0.554s] DEBUG:colcon.colcon_core.verb:Building package 'interface' with the following arguments: {'ament_cmake_args': None, 'build_base': '/home/xie/Desktop/learn/carpole/cartplole/build/interface', 'catkin_cmake_args': None, 'catkin_skip_building_tests': False, 'cmake_args': None, 'cmake_clean_cache': False, 'cmake_clean_first': False, 'cmake_force_configure': False, 'cmake_target': None, 'cmake_target_skip_unavailable': False, 'install_base': '/home/xie/Desktop/learn/carpole/cartplole/install/interface', 'merge_install': False, 'path': '/home/xie/Desktop/learn/carpole/cartplole/src/interface', 'symlink_install': False, 'test_result_base': None}
[0.560s] Level 5:colcon.colcon_core.verb:set package 'manage' build argument 'cmake_args' from command line to 'None'
[0.560s] Level 5:colcon.colcon_core.verb:set package 'manage' build argument 'cmake_target' from command line to 'None'
[0.560s] Level 5:colcon.colcon_core.verb:set package 'manage' build argument 'cmake_target_skip_unavailable' from command line to 'False'
[0.560s] Level 5:colcon.colcon_core.verb:set package 'manage' build argument 'cmake_clean_cache' from command line to 'False'
[0.560s] Level 5:colcon.colcon_core.verb:set package 'manage' build argument 'cmake_clean_first' from command line to 'False'
[0.560s] Level 5:colcon.colcon_core.verb:set package 'manage' build argument 'cmake_force_configure' from command line to 'False'
[0.560s] Level 5:colcon.colcon_core.verb:set package 'manage' build argument 'ament_cmake_args' from command line to 'None'
[0.560s] Level 5:colcon.colcon_core.verb:set package 'manage' build argument 'catkin_cmake_args' from command line to 'None'
[0.560s] Level 5:colcon.colcon_core.verb:set package 'manage' build argument 'catkin_skip_building_tests' from command line to 'False'
[0.560s] DEBUG:colcon.colcon_core.verb:Building package 'manage' with the following arguments: {'ament_cmake_args': None, 'build_base': '/home/xie/Desktop/learn/carpole/cartplole/build/manage', 'catkin_cmake_args': None, 'catkin_skip_building_tests': False, 'cmake_args': None, 'cmake_clean_cache': False, 'cmake_clean_first': False, 'cmake_force_configure': False, 'cmake_target': None, 'cmake_target_skip_unavailable': False, 'install_base': '/home/xie/Desktop/learn/carpole/cartplole/install/manage', 'merge_install': False, 'path': '/home/xie/Desktop/learn/carpole/cartplole/src/manage', 'symlink_install': False, 'test_result_base': None}
[0.566s] Level 5:colcon.colcon_core.verb:set package 'control' build argument 'cmake_args' from command line to 'None'
[0.566s] Level 5:colcon.colcon_core.verb:set package 'control' build argument 'cmake_target' from command line to 'None'
[0.566s] Level 5:colcon.colcon_core.verb:set package 'control' build argument 'cmake_target_skip_unavailable' from command line to 'False'
[0.566s] Level 5:colcon.colcon_core.verb:set package 'control' build argument 'cmake_clean_cache' from command line to 'False'
[0.566s] Level 5:colcon.colcon_core.verb:set package 'control' build argument 'cmake_clean_first' from command line to 'False'
[0.566s] Level 5:colcon.colcon_core.verb:set package 'control' build argument 'cmake_force_configure' from command line to 'False'
[0.566s] Level 5:colcon.colcon_core.verb:set package 'control' build argument 'ament_cmake_args' from command line to 'None'
[0.566s] Level 5:colcon.colcon_core.verb:set package 'control' build argument 'catkin_cmake_args' from command line to 'None'
[0.566s] Level 5:colcon.colcon_core.verb:set package 'control' build argument 'catkin_skip_building_tests' from command line to 'False'
[0.566s] DEBUG:colcon.colcon_core.verb:Building package 'control' with the following arguments: {'ament_cmake_args': None, 'build_base': '/home/xie/Desktop/learn/carpole/cartplole/build/control', 'catkin_cmake_args': None, 'catkin_skip_building_tests': False, 'cmake_args': None, 'cmake_clean_cache': False, 'cmake_clean_first': False, 'cmake_force_configure': False, 'cmake_target': None, 'cmake_target_skip_unavailable': False, 'install_base': '/home/xie/Desktop/learn/carpole/cartplole/install/control', 'merge_install': False, 'path': '/home/xie/Desktop/learn/carpole/cartplole/src/control', 'symlink_install': False, 'test_result_base': None}
[0.572s] Level 5:colcon.colcon_core.verb:set package 'simulate' build argument 'cmake_args' from command line to 'None'
[0.573s] Level 5:colcon.colcon_core.verb:set package 'simulate' build argument 'cmake_target' from command line to 'None'
[0.573s] Level 5:colcon.colcon_core.verb:set package 'simulate' build argument 'cmake_target_skip_unavailable' from command line to 'False'
[0.573s] Level 5:colcon.colcon_core.verb:set package 'simulate' build argument 'cmake_clean_cache' from command line to 'False'
[0.573s] Level 5:colcon.colcon_core.verb:set package 'simulate' build argument 'cmake_clean_first' from command line to 'False'
[0.573s] Level 5:colcon.colcon_core.verb:set package 'simulate' build argument 'cmake_force_configure' from command line to 'False'
[0.573s] Level 5:colcon.colcon_core.verb:set package 'simulate' build argument 'ament_cmake_args' from command line to 'None'
[0.573s] Level 5:colcon.colcon_core.verb:set package 'simulate' build argument 'catkin_cmake_args' from command line to 'None'
[0.573s] Level 5:colcon.colcon_core.verb:set package 'simulate' build argument 'catkin_skip_building_tests' from command line to 'False'
[0.573s] DEBUG:colcon.colcon_core.verb:Building package 'simulate' with the following arguments: {'ament_cmake_args': None, 'build_base': '/home/xie/Desktop/learn/carpole/cartplole/build/simulate', 'catkin_cmake_args': None, 'catkin_skip_building_tests': False, 'cmake_args': None, 'cmake_clean_cache': False, 'cmake_clean_first': False, 'cmake_force_configure': False, 'cmake_target': None, 'cmake_target_skip_unavailable': False, 'install_base': '/home/xie/Desktop/learn/carpole/cartplole/install/simulate', 'merge_install': False, 'path': '/home/xie/Desktop/learn/carpole/cartplole/src/simulate', 'symlink_install': False, 'test_result_base': None}
[0.578s] INFO:colcon.colcon_core.executor:Executing jobs using 'parallel' executor
[0.584s] DEBUG:colcon.colcon_parallel_executor.executor.parallel:run_until_complete
[0.585s] INFO:colcon.colcon_ros.task.ament_cmake.build:Building ROS package in '/home/xie/Desktop/learn/carpole/cartplole/src/interface' with build type 'ament_cmake'
[0.585s] INFO:colcon.colcon_cmake.task.cmake.build:Building CMake package in '/home/xie/Desktop/learn/carpole/cartplole/src/interface'
[0.591s] INFO:colcon.colcon_core.plugin_system:Skipping extension 'colcon_core.shell.bat': Not used on non-Windows systems
[0.591s] INFO:colcon.colcon_core.shell:Skip shell extension 'powershell' for command environment: Not usable outside of PowerShell
[0.591s] DEBUG:colcon.colcon_core.shell:Skip shell extension 'dsv' for command environment
[0.611s] INFO:colcon.colcon_ros.task.ament_cmake.build:Building ROS package in '/home/xie/Desktop/learn/carpole/cartplole/src/manage' with build type 'ament_cmake'
[0.612s] INFO:colcon.colcon_cmake.task.cmake.build:Building CMake package in '/home/xie/Desktop/learn/carpole/cartplole/src/manage'
[0.617s] INFO:colcon.colcon_core.shell:Skip shell extension 'powershell' for command environment: Not usable outside of PowerShell
[0.617s] DEBUG:colcon.colcon_core.shell:Skip shell extension 'dsv' for command environment
[0.640s] DEBUG:colcon.colcon_core.event_handler.log_command:Invoking command in '/home/xie/Desktop/learn/carpole/cartplole/build/interface': CMAKE_PREFIX_PATH=${CMAKE_PREFIX_PATH}:/opt/ros/humble /usr/bin/cmake --build /home/xie/Desktop/learn/carpole/cartplole/build/interface -- -j20 -l20
[0.643s] DEBUG:colcon.colcon_core.event_handler.log_command:Invoking command in '/home/xie/Desktop/learn/carpole/cartplole/build/manage': CMAKE_PREFIX_PATH=${CMAKE_PREFIX_PATH}:/opt/ros/humble /usr/bin/cmake --build /home/xie/Desktop/learn/carpole/cartplole/build/manage -- -j20 -l20
[0.662s] DEBUG:colcon.colcon_core.event_handler.log_command:Invoked command in '/home/xie/Desktop/learn/carpole/cartplole/build/manage' returned '0': CMAKE_PREFIX_PATH=${CMAKE_PREFIX_PATH}:/opt/ros/humble /usr/bin/cmake --build /home/xie/Desktop/learn/carpole/cartplole/build/manage -- -j20 -l20
[0.683s] DEBUG:colcon.colcon_core.event_handler.log_command:Invoking command in '/home/xie/Desktop/learn/carpole/cartplole/build/manage': CMAKE_PREFIX_PATH=${CMAKE_PREFIX_PATH}:/opt/ros/humble /usr/bin/cmake --install /home/xie/Desktop/learn/carpole/cartplole/build/manage
[0.690s] Level 1:colcon.colcon_core.environment:create_environment_scripts_only(manage)
[0.691s] DEBUG:colcon.colcon_core.event_handler.log_command:Invoked command in '/home/xie/Desktop/learn/carpole/cartplole/build/manage' returned '0': CMAKE_PREFIX_PATH=${CMAKE_PREFIX_PATH}:/opt/ros/humble /usr/bin/cmake --install /home/xie/Desktop/learn/carpole/cartplole/build/manage
[0.701s] Level 1:colcon.colcon_core.environment:checking '/home/xie/Desktop/learn/carpole/cartplole/install/manage' for CMake module files
[0.702s] Level 1:colcon.colcon_core.environment:checking '/home/xie/Desktop/learn/carpole/cartplole/install/manage' for CMake config files
[0.702s] Level 1:colcon.colcon_core.shell:create_environment_hook('manage', 'cmake_prefix_path')
[0.709s] INFO:colcon.colcon_core.shell:Creating environment hook '/home/xie/Desktop/learn/carpole/cartplole/install/manage/share/manage/hook/cmake_prefix_path.ps1'
[0.709s] INFO:colcon.colcon_core.shell:Creating environment descriptor '/home/xie/Desktop/learn/carpole/cartplole/install/manage/share/manage/hook/cmake_prefix_path.dsv'
[0.709s] INFO:colcon.colcon_core.shell:Creating environment hook '/home/xie/Desktop/learn/carpole/cartplole/install/manage/share/manage/hook/cmake_prefix_path.sh'
[0.710s] Level 1:colcon.colcon_core.environment:checking '/home/xie/Desktop/learn/carpole/cartplole/install/manage/bin'
[0.710s] Level 1:colcon.colcon_core.environment:checking '/home/xie/Desktop/learn/carpole/cartplole/install/manage/lib/pkgconfig/manage.pc'
[0.710s] Level 1:colcon.colcon_core.environment:checking '/home/xie/Desktop/learn/carpole/cartplole/install/manage/lib/python3.10/site-packages'
[0.710s] Level 1:colcon.colcon_core.environment:checking '/home/xie/Desktop/learn/carpole/cartplole/install/manage/bin'
[0.717s] INFO:colcon.colcon_core.shell:Creating package script '/home/xie/Desktop/learn/carpole/cartplole/install/manage/share/manage/package.ps1'
[0.717s] INFO:colcon.colcon_core.shell:Creating package descriptor '/home/xie/Desktop/learn/carpole/cartplole/install/manage/share/manage/package.dsv'
[0.718s] INFO:colcon.colcon_core.shell:Creating package script '/home/xie/Desktop/learn/carpole/cartplole/install/manage/share/manage/package.sh'
[0.718s] INFO:colcon.colcon_core.shell:Creating package script '/home/xie/Desktop/learn/carpole/cartplole/install/manage/share/manage/package.bash'
[0.718s] INFO:colcon.colcon_core.shell:Creating package script '/home/xie/Desktop/learn/carpole/cartplole/install/manage/share/manage/package.zsh'
[0.718s] Level 1:colcon.colcon_core.environment:create_file_with_runtime_dependencies(/home/xie/Desktop/learn/carpole/cartplole/install/manage/share/colcon-core/packages/manage)
[0.745s] Level 1:colcon.colcon_core.environment:create_environment_scripts_only(manage)
[0.751s] Level 1:colcon.colcon_core.environment:checking '/home/xie/Desktop/learn/carpole/cartplole/install/manage' for CMake module files
[0.751s] Level 1:colcon.colcon_core.environment:checking '/home/xie/Desktop/learn/carpole/cartplole/install/manage' for CMake config files
[0.751s] Level 1:colcon.colcon_core.shell:create_environment_hook('manage', 'cmake_prefix_path')
[0.756s] INFO:colcon.colcon_core.shell:Creating environment hook '/home/xie/Desktop/learn/carpole/cartplole/install/manage/share/manage/hook/cmake_prefix_path.ps1'
[0.757s] INFO:colcon.colcon_core.shell:Creating environment descriptor '/home/xie/Desktop/learn/carpole/cartplole/install/manage/share/manage/hook/cmake_prefix_path.dsv'
[0.757s] INFO:colcon.colcon_core.shell:Creating environment hook '/home/xie/Desktop/learn/carpole/cartplole/install/manage/share/manage/hook/cmake_prefix_path.sh'
[0.757s] Level 1:colcon.colcon_core.environment:checking '/home/xie/Desktop/learn/carpole/cartplole/install/manage/bin'
[0.757s] Level 1:colcon.colcon_core.environment:checking '/home/xie/Desktop/learn/carpole/cartplole/install/manage/lib/pkgconfig/manage.pc'
[0.757s] Level 1:colcon.colcon_core.environment:checking '/home/xie/Desktop/learn/carpole/cartplole/install/manage/lib/python3.10/site-packages'
[0.757s] Level 1:colcon.colcon_core.environment:checking '/home/xie/Desktop/learn/carpole/cartplole/install/manage/bin'
[0.765s] INFO:colcon.colcon_core.shell:Creating package script '/home/xie/Desktop/learn/carpole/cartplole/install/manage/share/manage/package.ps1'
[0.766s] INFO:colcon.colcon_core.shell:Creating package descriptor '/home/xie/Desktop/learn/carpole/cartplole/install/manage/share/manage/package.dsv'
[0.766s] INFO:colcon.colcon_core.shell:Creating package script '/home/xie/Desktop/learn/carpole/cartplole/install/manage/share/manage/package.sh'
[0.766s] INFO:colcon.colcon_core.shell:Creating package script '/home/xie/Desktop/learn/carpole/cartplole/install/manage/share/manage/package.bash'
[0.767s] INFO:colcon.colcon_core.shell:Creating package script '/home/xie/Desktop/learn/carpole/cartplole/install/manage/share/manage/package.zsh'
[0.767s] Level 1:colcon.colcon_core.environment:create_file_with_runtime_dependencies(/home/xie/Desktop/learn/carpole/cartplole/install/manage/share/colcon-core/packages/manage)
[0.820s] DEBUG:colcon.colcon_core.event_handler.log_command:Invoked command in '/home/xie/Desktop/learn/carpole/cartplole/build/interface' returned '0': CMAKE_PREFIX_PATH=${CMAKE_PREFIX_PATH}:/opt/ros/humble /usr/bin/cmake --build /home/xie/Desktop/learn/carpole/cartplole/build/interface -- -j20 -l20
[0.859s] DEBUG:colcon.colcon_core.event_handler.log_command:Invoking command in '/home/xie/Desktop/learn/carpole/cartplole/build/interface': CMAKE_PREFIX_PATH=${CMAKE_PREFIX_PATH}:/opt/ros/humble /usr/bin/cmake --install /home/xie/Desktop/learn/carpole/cartplole/build/interface
[0.888s] Level 1:colcon.colcon_core.environment:create_environment_scripts_only(interface)
[0.889s] DEBUG:colcon.colcon_core.event_handler.log_command:Invoked command in '/home/xie/Desktop/learn/carpole/cartplole/build/interface' returned '0': CMAKE_PREFIX_PATH=${CMAKE_PREFIX_PATH}:/opt/ros/humble /usr/bin/cmake --install /home/xie/Desktop/learn/carpole/cartplole/build/interface
[0.896s] Level 1:colcon.colcon_core.environment:checking '/home/xie/Desktop/learn/carpole/cartplole/install/interface' for CMake module files
[0.896s] Level 1:colcon.colcon_core.environment:checking '/home/xie/Desktop/learn/carpole/cartplole/install/interface' for CMake config files
[0.896s] Level 1:colcon.colcon_core.shell:create_environment_hook('interface', 'cmake_prefix_path')
[0.903s] INFO:colcon.colcon_core.shell:Creating environment hook '/home/xie/Desktop/learn/carpole/cartplole/install/interface/share/interface/hook/cmake_prefix_path.ps1'
[0.904s] INFO:colcon.colcon_core.shell:Creating environment descriptor '/home/xie/Desktop/learn/carpole/cartplole/install/interface/share/interface/hook/cmake_prefix_path.dsv'
[0.904s] INFO:colcon.colcon_core.shell:Creating environment hook '/home/xie/Desktop/learn/carpole/cartplole/install/interface/share/interface/hook/cmake_prefix_path.sh'
[0.904s] Level 1:colcon.colcon_core.environment:checking '/home/xie/Desktop/learn/carpole/cartplole/install/interface/lib'
[0.904s] Level 1:colcon.colcon_core.shell:create_environment_hook('interface', 'ld_library_path_lib')
[0.911s] INFO:colcon.colcon_core.shell:Creating environment hook '/home/xie/Desktop/learn/carpole/cartplole/install/interface/share/interface/hook/ld_library_path_lib.ps1'
[0.911s] INFO:colcon.colcon_core.shell:Creating environment descriptor '/home/xie/Desktop/learn/carpole/cartplole/install/interface/share/interface/hook/ld_library_path_lib.dsv'
[0.911s] INFO:colcon.colcon_core.shell:Creating environment hook '/home/xie/Desktop/learn/carpole/cartplole/install/interface/share/interface/hook/ld_library_path_lib.sh'
[0.911s] Level 1:colcon.colcon_core.environment:checking '/home/xie/Desktop/learn/carpole/cartplole/install/interface/bin'
[0.911s] Level 1:colcon.colcon_core.environment:checking '/home/xie/Desktop/learn/carpole/cartplole/install/interface/lib/pkgconfig/interface.pc'
[0.911s] Level 1:colcon.colcon_core.environment:checking '/home/xie/Desktop/learn/carpole/cartplole/install/interface/lib/python3.10/site-packages'
[0.911s] Level 1:colcon.colcon_core.environment:checking '/home/xie/Desktop/learn/carpole/cartplole/install/interface/bin'
[0.917s] INFO:colcon.colcon_core.shell:Creating package script '/home/xie/Desktop/learn/carpole/cartplole/install/interface/share/interface/package.ps1'
[0.918s] INFO:colcon.colcon_core.shell:Creating package descriptor '/home/xie/Desktop/learn/carpole/cartplole/install/interface/share/interface/package.dsv'
[0.918s] INFO:colcon.colcon_core.shell:Creating package script '/home/xie/Desktop/learn/carpole/cartplole/install/interface/share/interface/package.sh'
[0.918s] INFO:colcon.colcon_core.shell:Creating package script '/home/xie/Desktop/learn/carpole/cartplole/install/interface/share/interface/package.bash'
[0.918s] INFO:colcon.colcon_core.shell:Creating package script '/home/xie/Desktop/learn/carpole/cartplole/install/interface/share/interface/package.zsh'
[0.918s] Level 1:colcon.colcon_core.environment:create_file_with_runtime_dependencies(/home/xie/Desktop/learn/carpole/cartplole/install/interface/share/colcon-core/packages/interface)
[0.964s] Level 1:colcon.colcon_core.environment:create_environment_scripts_only(interface)
[0.971s] Level 1:colcon.colcon_core.environment:checking '/home/xie/Desktop/learn/carpole/cartplole/install/interface' for CMake module files
[0.972s] Level 1:colcon.colcon_core.environment:checking '/home/xie/Desktop/learn/carpole/cartplole/install/interface' for CMake config files
[0.972s] Level 1:colcon.colcon_core.shell:create_environment_hook('interface', 'cmake_prefix_path')
[0.978s] INFO:colcon.colcon_core.shell:Creating environment hook '/home/xie/Desktop/learn/carpole/cartplole/install/interface/share/interface/hook/cmake_prefix_path.ps1'
[0.978s] INFO:colcon.colcon_core.shell:Creating environment descriptor '/home/xie/Desktop/learn/carpole/cartplole/install/interface/share/interface/hook/cmake_prefix_path.dsv'
[0.978s] INFO:colcon.colcon_core.shell:Creating environment hook '/home/xie/Desktop/learn/carpole/cartplole/install/interface/share/interface/hook/cmake_prefix_path.sh'
[0.979s] Level 1:colcon.colcon_core.environment:checking '/home/xie/Desktop/learn/carpole/cartplole/install/interface/lib'
[0.979s] Level 1:colcon.colcon_core.shell:create_environment_hook('interface', 'ld_library_path_lib')
[0.984s] INFO:colcon.colcon_core.shell:Creating environment hook '/home/xie/Desktop/learn/carpole/cartplole/install/interface/share/interface/hook/ld_library_path_lib.ps1'
[0.985s] INFO:colcon.colcon_core.shell:Creating environment descriptor '/home/xie/Desktop/learn/carpole/cartplole/install/interface/share/interface/hook/ld_library_path_lib.dsv'
[0.985s] INFO:colcon.colcon_core.shell:Creating environment hook '/home/xie/Desktop/learn/carpole/cartplole/install/interface/share/interface/hook/ld_library_path_lib.sh'
[0.985s] Level 1:colcon.colcon_core.environment:checking '/home/xie/Desktop/learn/carpole/cartplole/install/interface/bin'
[0.985s] Level 1:colcon.colcon_core.environment:checking '/home/xie/Desktop/learn/carpole/cartplole/install/interface/lib/pkgconfig/interface.pc'
[0.985s] Level 1:colcon.colcon_core.environment:checking '/home/xie/Desktop/learn/carpole/cartplole/install/interface/lib/python3.10/site-packages'
[0.985s] Level 1:colcon.colcon_core.environment:checking '/home/xie/Desktop/learn/carpole/cartplole/install/interface/bin'
[0.991s] INFO:colcon.colcon_core.shell:Creating package script '/home/xie/Desktop/learn/carpole/cartplole/install/interface/share/interface/package.ps1'
[0.992s] INFO:colcon.colcon_core.shell:Creating package descriptor '/home/xie/Desktop/learn/carpole/cartplole/install/interface/share/interface/package.dsv'
[0.992s] INFO:colcon.colcon_core.shell:Creating package script '/home/xie/Desktop/learn/carpole/cartplole/install/interface/share/interface/package.sh'
[0.992s] INFO:colcon.colcon_core.shell:Creating package script '/home/xie/Desktop/learn/carpole/cartplole/install/interface/share/interface/package.bash'
[0.992s] INFO:colcon.colcon_core.shell:Creating package script '/home/xie/Desktop/learn/carpole/cartplole/install/interface/share/interface/package.zsh'
[0.992s] Level 1:colcon.colcon_core.environment:create_file_with_runtime_dependencies(/home/xie/Desktop/learn/carpole/cartplole/install/interface/share/colcon-core/packages/interface)
[0.993s] INFO:colcon.colcon_ros.task.ament_cmake.build:Building ROS package in '/home/xie/Desktop/learn/carpole/cartplole/src/control' with build type 'ament_cmake'
[0.993s] INFO:colcon.colcon_cmake.task.cmake.build:Building CMake package in '/home/xie/Desktop/learn/carpole/cartplole/src/control'
[1.000s] INFO:colcon.colcon_core.shell:Skip shell extension 'powershell' for command environment: Not usable outside of PowerShell
[1.000s] DEBUG:colcon.colcon_core.shell:Skip shell extension 'dsv' for command environment
[1.020s] INFO:colcon.colcon_ros.task.ament_cmake.build:Building ROS package in '/home/xie/Desktop/learn/carpole/cartplole/src/simulate' with build type 'ament_cmake'
[1.020s] INFO:colcon.colcon_cmake.task.cmake.build:Building CMake package in '/home/xie/Desktop/learn/carpole/cartplole/src/simulate'
[1.026s] INFO:colcon.colcon_core.shell:Skip shell extension 'powershell' for command environment: Not usable outside of PowerShell
[1.026s] DEBUG:colcon.colcon_core.shell:Skip shell extension 'dsv' for command environment
[1.049s] DEBUG:colcon.colcon_core.event_handler.log_command:Invoking command in '/home/xie/Desktop/learn/carpole/cartplole/build/control': CMAKE_PREFIX_PATH=/home/xie/Desktop/learn/carpole/cartplole/install/interface:/home/xie/Desktop/learn/carpole/cartplole/install/simulate:/home/xie/Desktop/learn/carpole/cartplole/install/manage:/home/xie/Desktop/learn/carpole/cartplole/install/control:/usr/local:/usr/local:/opt/ros/humble /usr/bin/cmake --build /home/xie/Desktop/learn/carpole/cartplole/build/control -- -j20 -l20
[1.050s] DEBUG:colcon.colcon_core.event_handler.log_command:Invoking command in '/home/xie/Desktop/learn/carpole/cartplole/build/simulate': CMAKE_PREFIX_PATH=/home/xie/Desktop/learn/carpole/cartplole/install/interface:/home/xie/Desktop/learn/carpole/cartplole/install/simulate:/home/xie/Desktop/learn/carpole/cartplole/install/manage:/home/xie/Desktop/learn/carpole/cartplole/install/control:/usr/local:/usr/local:/opt/ros/humble /usr/bin/cmake --build /home/xie/Desktop/learn/carpole/cartplole/build/simulate -- -j20 -l20
[1.088s] DEBUG:colcon.colcon_core.event_handler.log_command:Invoked command in '/home/xie/Desktop/learn/carpole/cartplole/build/simulate' returned '0': CMAKE_PREFIX_PATH=/home/xie/Desktop/learn/carpole/cartplole/install/interface:/home/xie/Desktop/learn/carpole/cartplole/install/simulate:/home/xie/Desktop/learn/carpole/cartplole/install/manage:/home/xie/Desktop/learn/carpole/cartplole/install/control:/usr/local:/usr/local:/opt/ros/humble /usr/bin/cmake --build /home/xie/Desktop/learn/carpole/cartplole/build/simulate -- -j20 -l20
[1.109s] DEBUG:colcon.colcon_core.event_handler.log_command:Invoking command in '/home/xie/Desktop/learn/carpole/cartplole/build/simulate': CMAKE_PREFIX_PATH=/home/xie/Desktop/learn/carpole/cartplole/install/interface:/home/xie/Desktop/learn/carpole/cartplole/install/simulate:/home/xie/Desktop/learn/carpole/cartplole/install/manage:/home/xie/Desktop/learn/carpole/cartplole/install/control:/usr/local:/usr/local:/opt/ros/humble /usr/bin/cmake --install /home/xie/Desktop/learn/carpole/cartplole/build/simulate
[1.115s] Level 1:colcon.colcon_core.environment:create_environment_scripts_only(simulate)
[1.115s] DEBUG:colcon.colcon_core.event_handler.log_command:Invoked command in '/home/xie/Desktop/learn/carpole/cartplole/build/simulate' returned '0': CMAKE_PREFIX_PATH=/home/xie/Desktop/learn/carpole/cartplole/install/interface:/home/xie/Desktop/learn/carpole/cartplole/install/simulate:/home/xie/Desktop/learn/carpole/cartplole/install/manage:/home/xie/Desktop/learn/carpole/cartplole/install/control:/usr/local:/usr/local:/opt/ros/humble /usr/bin/cmake --install /home/xie/Desktop/learn/carpole/cartplole/build/simulate
[1.121s] Level 1:colcon.colcon_core.environment:checking '/home/xie/Desktop/learn/carpole/cartplole/install/simulate' for CMake module files
[1.121s] Level 1:colcon.colcon_core.environment:checking '/home/xie/Desktop/learn/carpole/cartplole/install/simulate' for CMake config files
[1.121s] Level 1:colcon.colcon_core.shell:create_environment_hook('simulate', 'cmake_prefix_path')
[1.127s] INFO:colcon.colcon_core.shell:Creating environment hook '/home/xie/Desktop/learn/carpole/cartplole/install/simulate/share/simulate/hook/cmake_prefix_path.ps1'
[1.127s] INFO:colcon.colcon_core.shell:Creating environment descriptor '/home/xie/Desktop/learn/carpole/cartplole/install/simulate/share/simulate/hook/cmake_prefix_path.dsv'
[1.127s] INFO:colcon.colcon_core.shell:Creating environment hook '/home/xie/Desktop/learn/carpole/cartplole/install/simulate/share/simulate/hook/cmake_prefix_path.sh'
[1.127s] Level 1:colcon.colcon_core.environment:checking '/home/xie/Desktop/learn/carpole/cartplole/install/simulate/lib'
[1.128s] Level 1:colcon.colcon_core.environment:checking '/home/xie/Desktop/learn/carpole/cartplole/install/simulate/bin'
[1.128s] Level 1:colcon.colcon_core.environment:checking '/home/xie/Desktop/learn/carpole/cartplole/install/simulate/lib/pkgconfig/simulate.pc'
[1.128s] Level 1:colcon.colcon_core.environment:checking '/home/xie/Desktop/learn/carpole/cartplole/install/simulate/lib/python3.10/site-packages'
[1.128s] Level 1:colcon.colcon_core.environment:checking '/home/xie/Desktop/learn/carpole/cartplole/install/simulate/bin'
[1.134s] INFO:colcon.colcon_core.shell:Creating package script '/home/xie/Desktop/learn/carpole/cartplole/install/simulate/share/simulate/package.ps1'
[1.134s] INFO:colcon.colcon_core.shell:Creating package descriptor '/home/xie/Desktop/learn/carpole/cartplole/install/simulate/share/simulate/package.dsv'
[1.134s] INFO:colcon.colcon_core.shell:Creating package script '/home/xie/Desktop/learn/carpole/cartplole/install/simulate/share/simulate/package.sh'
[1.134s] INFO:colcon.colcon_core.shell:Creating package script '/home/xie/Desktop/learn/carpole/cartplole/install/simulate/share/simulate/package.bash'
[1.134s] INFO:colcon.colcon_core.shell:Creating package script '/home/xie/Desktop/learn/carpole/cartplole/install/simulate/share/simulate/package.zsh'
[1.135s] Level 1:colcon.colcon_core.environment:create_file_with_runtime_dependencies(/home/xie/Desktop/learn/carpole/cartplole/install/simulate/share/colcon-core/packages/simulate)
[1.159s] Level 1:colcon.colcon_core.environment:create_environment_scripts_only(simulate)
[1.165s] Level 1:colcon.colcon_core.environment:checking '/home/xie/Desktop/learn/carpole/cartplole/install/simulate' for CMake module files
[1.165s] Level 1:colcon.colcon_core.environment:checking '/home/xie/Desktop/learn/carpole/cartplole/install/simulate' for CMake config files
[1.165s] Level 1:colcon.colcon_core.shell:create_environment_hook('simulate', 'cmake_prefix_path')
[1.174s] INFO:colcon.colcon_core.shell:Creating environment hook '/home/xie/Desktop/learn/carpole/cartplole/install/simulate/share/simulate/hook/cmake_prefix_path.ps1'
[1.174s] INFO:colcon.colcon_core.shell:Creating environment descriptor '/home/xie/Desktop/learn/carpole/cartplole/install/simulate/share/simulate/hook/cmake_prefix_path.dsv'
[1.174s] INFO:colcon.colcon_core.shell:Creating environment hook '/home/xie/Desktop/learn/carpole/cartplole/install/simulate/share/simulate/hook/cmake_prefix_path.sh'
[1.174s] Level 1:colcon.colcon_core.environment:checking '/home/xie/Desktop/learn/carpole/cartplole/install/simulate/lib'
[1.175s] Level 1:colcon.colcon_core.environment:checking '/home/xie/Desktop/learn/carpole/cartplole/install/simulate/bin'
[1.175s] Level 1:colcon.colcon_core.environment:checking '/home/xie/Desktop/learn/carpole/cartplole/install/simulate/lib/pkgconfig/simulate.pc'
[1.175s] Level 1:colcon.colcon_core.environment:checking '/home/xie/Desktop/learn/carpole/cartplole/install/simulate/lib/python3.10/site-packages'
[1.175s] Level 1:colcon.colcon_core.environment:checking '/home/xie/Desktop/learn/carpole/cartplole/install/simulate/bin'
[1.181s] INFO:colcon.colcon_core.shell:Creating package script '/home/xie/Desktop/learn/carpole/cartplole/install/simulate/share/simulate/package.ps1'
[1.181s] INFO:colcon.colcon_core.shell:Creating package descriptor '/home/xie/Desktop/learn/carpole/cartplole/install/simulate/share/simulate/package.dsv'
[1.181s] INFO:colcon.colcon_core.shell:Creating package script '/home/xie/Desktop/learn/carpole/cartplole/install/simulate/share/simulate/package.sh'
[1.181s] INFO:colcon.colcon_core.shell:Creating package script '/home/xie/Desktop/learn/carpole/cartplole/install/simulate/share/simulate/package.bash'
[1.181s] INFO:colcon.colcon_core.shell:Creating package script '/home/xie/Desktop/learn/carpole/cartplole/install/simulate/share/simulate/package.zsh'
[1.182s] Level 1:colcon.colcon_core.environment:create_file_with_runtime_dependencies(/home/xie/Desktop/learn/carpole/cartplole/install/simulate/share/colcon-core/packages/simulate)
[30.723s] DEBUG:colcon.colcon_core.event_handler.log_command:Invoked command in '/home/xie/Desktop/learn/carpole/cartplole/build/control' returned '0': CMAKE_PREFIX_PATH=/home/xie/Desktop/learn/carpole/cartplole/install/interface:/home/xie/Desktop/learn/carpole/cartplole/install/simulate:/home/xie/Desktop/learn/carpole/cartplole/install/manage:/home/xie/Desktop/learn/carpole/cartplole/install/control:/usr/local:/usr/local:/opt/ros/humble /usr/bin/cmake --build /home/xie/Desktop/learn/carpole/cartplole/build/control -- -j20 -l20
[30.740s] DEBUG:colcon.colcon_core.event_handler.log_command:Invoking command in '/home/xie/Desktop/learn/carpole/cartplole/build/control': CMAKE_PREFIX_PATH=/home/xie/Desktop/learn/carpole/cartplole/install/interface:/home/xie/Desktop/learn/carpole/cartplole/install/simulate:/home/xie/Desktop/learn/carpole/cartplole/install/manage:/home/xie/Desktop/learn/carpole/cartplole/install/control:/usr/local:/usr/local:/opt/ros/humble /usr/bin/cmake --install /home/xie/Desktop/learn/carpole/cartplole/build/control
[30.747s] Level 1:colcon.colcon_core.environment:create_environment_scripts_only(control)
[30.747s] DEBUG:colcon.colcon_core.event_handler.log_command:Invoked command in '/home/xie/Desktop/learn/carpole/cartplole/build/control' returned '0': CMAKE_PREFIX_PATH=/home/xie/Desktop/learn/carpole/cartplole/install/interface:/home/xie/Desktop/learn/carpole/cartplole/install/simulate:/home/xie/Desktop/learn/carpole/cartplole/install/manage:/home/xie/Desktop/learn/carpole/cartplole/install/control:/usr/local:/usr/local:/opt/ros/humble /usr/bin/cmake --install /home/xie/Desktop/learn/carpole/cartplole/build/control
[30.754s] Level 1:colcon.colcon_core.environment:checking '/home/xie/Desktop/learn/carpole/cartplole/install/control' for CMake module files
[30.754s] Level 1:colcon.colcon_core.environment:checking '/home/xie/Desktop/learn/carpole/cartplole/install/control' for CMake config files
[30.754s] Level 1:colcon.colcon_core.shell:create_environment_hook('control', 'cmake_prefix_path')
[30.760s] INFO:colcon.colcon_core.shell:Creating environment hook '/home/xie/Desktop/learn/carpole/cartplole/install/control/share/control/hook/cmake_prefix_path.ps1'
[30.760s] INFO:colcon.colcon_core.shell:Creating environment descriptor '/home/xie/Desktop/learn/carpole/cartplole/install/control/share/control/hook/cmake_prefix_path.dsv'
[30.760s] INFO:colcon.colcon_core.shell:Creating environment hook '/home/xie/Desktop/learn/carpole/cartplole/install/control/share/control/hook/cmake_prefix_path.sh'
[30.760s] Level 1:colcon.colcon_core.environment:checking '/home/xie/Desktop/learn/carpole/cartplole/install/control/lib'
[30.760s] Level 1:colcon.colcon_core.environment:checking '/home/xie/Desktop/learn/carpole/cartplole/install/control/bin'
[30.760s] Level 1:colcon.colcon_core.environment:checking '/home/xie/Desktop/learn/carpole/cartplole/install/control/lib/pkgconfig/control.pc'
[30.760s] Level 1:colcon.colcon_core.environment:checking '/home/xie/Desktop/learn/carpole/cartplole/install/control/lib/python3.10/site-packages'
[30.761s] Level 1:colcon.colcon_core.environment:checking '/home/xie/Desktop/learn/carpole/cartplole/install/control/bin'
[30.767s] INFO:colcon.colcon_core.shell:Creating package script '/home/xie/Desktop/learn/carpole/cartplole/install/control/share/control/package.ps1'
[30.767s] INFO:colcon.colcon_core.shell:Creating package descriptor '/home/xie/Desktop/learn/carpole/cartplole/install/control/share/control/package.dsv'
[30.768s] INFO:colcon.colcon_core.shell:Creating package script '/home/xie/Desktop/learn/carpole/cartplole/install/control/share/control/package.sh'
[30.768s] INFO:colcon.colcon_core.shell:Creating package script '/home/xie/Desktop/learn/carpole/cartplole/install/control/share/control/package.bash'
[30.768s] INFO:colcon.colcon_core.shell:Creating package script '/home/xie/Desktop/learn/carpole/cartplole/install/control/share/control/package.zsh'
[30.768s] Level 1:colcon.colcon_core.environment:create_file_with_runtime_dependencies(/home/xie/Desktop/learn/carpole/cartplole/install/control/share/colcon-core/packages/control)
[30.795s] Level 1:colcon.colcon_core.environment:create_environment_scripts_only(control)
[30.801s] Level 1:colcon.colcon_core.environment:checking '/home/xie/Desktop/learn/carpole/cartplole/install/control' for CMake module files
[30.801s] Level 1:colcon.colcon_core.environment:checking '/home/xie/Desktop/learn/carpole/cartplole/install/control' for CMake config files
[30.802s] Level 1:colcon.colcon_core.shell:create_environment_hook('control', 'cmake_prefix_path')
[30.811s] INFO:colcon.colcon_core.shell:Creating environment hook '/home/xie/Desktop/learn/carpole/cartplole/install/control/share/control/hook/cmake_prefix_path.ps1'
[30.811s] INFO:colcon.colcon_core.shell:Creating environment descriptor '/home/xie/Desktop/learn/carpole/cartplole/install/control/share/control/hook/cmake_prefix_path.dsv'
[30.811s] INFO:colcon.colcon_core.shell:Creating environment hook '/home/xie/Desktop/learn/carpole/cartplole/install/control/share/control/hook/cmake_prefix_path.sh'
[30.811s] Level 1:colcon.colcon_core.environment:checking '/home/xie/Desktop/learn/carpole/cartplole/install/control/lib'
[30.812s] Level 1:colcon.colcon_core.environment:checking '/home/xie/Desktop/learn/carpole/cartplole/install/control/bin'
[30.812s] Level 1:colcon.colcon_core.environment:checking '/home/xie/Desktop/learn/carpole/cartplole/install/control/lib/pkgconfig/control.pc'
[30.812s] Level 1:colcon.colcon_core.environment:checking '/home/xie/Desktop/learn/carpole/cartplole/install/control/lib/python3.10/site-packages'
[30.812s] Level 1:colcon.colcon_core.environment:checking '/home/xie/Desktop/learn/carpole/cartplole/install/control/bin'
[30.818s] INFO:colcon.colcon_core.shell:Creating package script '/home/xie/Desktop/learn/carpole/cartplole/install/control/share/control/package.ps1'
[30.818s] INFO:colcon.colcon_core.shell:Creating package descriptor '/home/xie/Desktop/learn/carpole/cartplole/install/control/share/control/package.dsv'
[30.818s] INFO:colcon.colcon_core.shell:Creating package script '/home/xie/Desktop/learn/carpole/cartplole/install/control/share/control/package.sh'
[30.819s] INFO:colcon.colcon_core.shell:Creating package script '/home/xie/Desktop/learn/carpole/cartplole/install/control/share/control/package.bash'
[30.819s] INFO:colcon.colcon_core.shell:Creating package script '/home/xie/Desktop/learn/carpole/cartplole/install/control/share/control/package.zsh'
[30.819s] Level 1:colcon.colcon_core.environment:create_file_with_runtime_dependencies(/home/xie/Desktop/learn/carpole/cartplole/install/control/share/colcon-core/packages/control)
[30.819s] DEBUG:colcon.colcon_parallel_executor.executor.parallel:closing loop
[30.819s] DEBUG:colcon.colcon_parallel_executor.executor.parallel:loop closed
[30.819s] DEBUG:colcon.colcon_parallel_executor.executor.parallel:run_until_complete finished with '0'
[30.819s] DEBUG:colcon.colcon_core.event_reactor:joining thread
[30.828s] INFO:colcon.colcon_core.plugin_system:Skipping extension 'colcon_notification.desktop_notification.terminal_notifier': Not used on non-Darwin systems
[30.828s] INFO:colcon.colcon_core.plugin_system:Skipping extension 'colcon_notification.desktop_notification.win32': Not used on non-Windows systems
[30.828s] INFO:colcon.colcon_notification.desktop_notification:Sending desktop notification using 'notify2'
[30.836s] DEBUG:colcon.colcon_core.event_reactor:joined thread
[30.842s] INFO:colcon.colcon_core.shell:Creating prefix script '/home/xie/Desktop/learn/carpole/cartplole/install/local_setup.ps1'
[30.843s] INFO:colcon.colcon_core.shell:Creating prefix util module '/home/xie/Desktop/learn/carpole/cartplole/install/_local_setup_util_ps1.py'
[30.843s] INFO:colcon.colcon_core.shell:Creating prefix chain script '/home/xie/Desktop/learn/carpole/cartplole/install/setup.ps1'
[30.850s] INFO:colcon.colcon_core.shell:Creating prefix script '/home/xie/Desktop/learn/carpole/cartplole/install/local_setup.sh'
[30.851s] INFO:colcon.colcon_core.shell:Creating prefix util module '/home/xie/Desktop/learn/carpole/cartplole/install/_local_setup_util_sh.py'
[30.851s] INFO:colcon.colcon_core.shell:Creating prefix chain script '/home/xie/Desktop/learn/carpole/cartplole/install/setup.sh'
[30.857s] INFO:colcon.colcon_core.shell:Creating prefix script '/home/xie/Desktop/learn/carpole/cartplole/install/local_setup.bash'
[30.857s] INFO:colcon.colcon_core.shell:Creating prefix chain script '/home/xie/Desktop/learn/carpole/cartplole/install/setup.bash'
[30.864s] INFO:colcon.colcon_core.shell:Creating prefix script '/home/xie/Desktop/learn/carpole/cartplole/install/local_setup.zsh'
[30.864s] INFO:colcon.colcon_core.shell:Creating prefix chain script '/home/xie/Desktop/learn/carpole/cartplole/install/setup.zsh'
