-- Install configuration: ""
-- Up-to-date: /home/xie/Desktop/learn/carpole/cartplole/install/manage/share/manage/launch
-- Up-to-date: /home/xie/Desktop/learn/carpole/cartplole/install/manage/share/manage/launch/simulate.launch.py
-- Up-to-date: /home/xie/Desktop/learn/carpole/cartplole/install/manage/share/manage/config
-- Up-to-date: /home/xie/Desktop/learn/carpole/cartplole/install/manage/share/manage/config/simulate_cfg.yaml
-- Up-to-date: /home/xie/Desktop/learn/carpole/cartplole/install/manage/share/manage/config/config.yaml
-- Up-to-date: /home/xie/Desktop/learn/carpole/cartplole/install/manage/share/ament_index/resource_index/package_run_dependencies/manage
-- Up-to-date: /home/xie/Desktop/learn/carpole/cartplole/install/manage/share/ament_index/resource_index/parent_prefix_path/manage
-- Up-to-date: /home/xie/Desktop/learn/carpole/cartplole/install/manage/share/manage/environment/ament_prefix_path.sh
-- Up-to-date: /home/xie/Desktop/learn/carpole/cartplole/install/manage/share/manage/environment/ament_prefix_path.dsv
-- Up-to-date: /home/xie/Desktop/learn/carpole/cartplole/install/manage/share/manage/environment/path.sh
-- Up-to-date: /home/xie/Desktop/learn/carpole/cartplole/install/manage/share/manage/environment/path.dsv
-- Up-to-date: /home/xie/Desktop/learn/carpole/cartplole/install/manage/share/manage/local_setup.bash
-- Up-to-date: /home/xie/Desktop/learn/carpole/cartplole/install/manage/share/manage/local_setup.sh
-- Up-to-date: /home/xie/Desktop/learn/carpole/cartplole/install/manage/share/manage/local_setup.zsh
-- Up-to-date: /home/xie/Desktop/learn/carpole/cartplole/install/manage/share/manage/local_setup.dsv
-- Installing: /home/xie/Desktop/learn/carpole/cartplole/install/manage/share/manage/package.dsv
-- Up-to-date: /home/xie/Desktop/learn/carpole/cartplole/install/manage/share/ament_index/resource_index/packages/manage
-- Up-to-date: /home/xie/Desktop/learn/carpole/cartplole/install/manage/share/manage/cmake/manageConfig.cmake
-- Up-to-date: /home/xie/Desktop/learn/carpole/cartplole/install/manage/share/manage/cmake/manageConfig-version.cmake
-- Up-to-date: /home/xie/Desktop/learn/carpole/cartplole/install/manage/share/manage/package.xml
