[0.058s] Invoking command in '/home/xie/Desktop/learn/carpole/cartplole/build/control': AMENT_PREFIX_PATH=/home/xie/Desktop/learn/carpole/cartplole/install/interface:${AMENT_PREFIX_PATH} CMAKE_PREFIX_PATH=/home/xie/Desktop/learn/carpole/cartplole/install/interface:/usr/local:/usr/local:/opt/ros/humble LD_LIBRARY_PATH=/home/xie/Desktop/learn/carpole/cartplole/install/interface/lib:${LD_LIBRARY_PATH} PYTHONPATH=/home/xie/Desktop/learn/carpole/cartplole/install/interface/local/lib/python3.10/dist-packages:${PYTHONPATH} /usr/bin/cmake --build /home/xie/Desktop/learn/carpole/cartplole/build/control -- -j20 -l20
[0.100s] [ 20%] [32mBuilding CXX object CMakeFiles/control_node.dir/src/control_node.cpp.o[0m
[0.102s] [ 40%] [32mBuilding CXX object CMakeFiles/control_node.dir/src/cppadpino.cpp.o[0m
[0.103s] [ 60%] [32mBuilding CXX object CMakeFiles/control_node.dir/src/main.cpp.o[0m
[1.488s] [01m[K/home/xie/Desktop/learn/carpole/cartplole/src/control/src/main.cpp:11:[m[K [01;35m[Kwarning: [m[K"BACKWARD_HAS_DW" redefined
[1.488s]    11 | #define BACKWARD_HAS_DW 1
[1.488s]       | 
[1.488s] In file included from [01m[K/home/xie/Desktop/learn/carpole/cartplole/src/control/src/main.cpp:2[m[K:
[1.488s] [01m[K/usr/include/backward.hpp:193:[m[K [01;36m[Knote: [m[Kthis is the location of the previous definition
[1.488s]   193 | #define BACKWARD_HAS_DW 0
[1.489s]       | 
[3.111s] [01m[K/home/xie/Desktop/learn/carpole/cartplole/src/control/src/cppadpino.cpp:[m[K In constructor ‘[01m[Kdyn::dyn()[m[K’:
[3.111s] [01m[K/home/xie/Desktop/learn/carpole/cartplole/src/control/src/cppadpino.cpp:31:26:[m[K [01;35m[Kwarning: [m[Kcomparison of integer expressions of different signedness: ‘[01m[Ksize_t[m[K’ {aka ‘[01m[Klong unsigned int[m[K’} and ‘[01m[Kint[m[K’ [[01;35m[K]8;;https://gcc.gnu.org/onlinedocs/gcc/Warning-Options.html#index-Wsign-compare-Wsign-compare]8;;[m[K]
[3.111s]    31 |     for (size_t i = 0; [01;35m[Ki < admodel.njoints[m[K; i++) {
[3.111s]       |                        [01;35m[K~~^~~~~~~~~~~~~~~~~[m[K
[36.732s] [ 80%] [32m[1mLinking CXX executable control_node[0m
[36.946s] [100%] Built target control_node
[36.953s] Invoked command in '/home/xie/Desktop/learn/carpole/cartplole/build/control' returned '0': AMENT_PREFIX_PATH=/home/xie/Desktop/learn/carpole/cartplole/install/interface:${AMENT_PREFIX_PATH} CMAKE_PREFIX_PATH=/home/xie/Desktop/learn/carpole/cartplole/install/interface:/usr/local:/usr/local:/opt/ros/humble LD_LIBRARY_PATH=/home/xie/Desktop/learn/carpole/cartplole/install/interface/lib:${LD_LIBRARY_PATH} PYTHONPATH=/home/xie/Desktop/learn/carpole/cartplole/install/interface/local/lib/python3.10/dist-packages:${PYTHONPATH} /usr/bin/cmake --build /home/xie/Desktop/learn/carpole/cartplole/build/control -- -j20 -l20
[36.967s] Invoking command in '/home/xie/Desktop/learn/carpole/cartplole/build/control': AMENT_PREFIX_PATH=/home/xie/Desktop/learn/carpole/cartplole/install/interface:${AMENT_PREFIX_PATH} CMAKE_PREFIX_PATH=/home/xie/Desktop/learn/carpole/cartplole/install/interface:/usr/local:/usr/local:/opt/ros/humble LD_LIBRARY_PATH=/home/xie/Desktop/learn/carpole/cartplole/install/interface/lib:${LD_LIBRARY_PATH} PYTHONPATH=/home/xie/Desktop/learn/carpole/cartplole/install/interface/local/lib/python3.10/dist-packages:${PYTHONPATH} /usr/bin/cmake --install /home/xie/Desktop/learn/carpole/cartplole/build/control
[36.971s] -- Install configuration: "Release"
[36.971s] -- Installing: /home/xie/Desktop/learn/carpole/cartplole/install/control/lib/control/control_node
[36.974s] -- Set runtime path of "/home/xie/Desktop/learn/carpole/cartplole/install/control/lib/control/control_node" to "/home/xie/Desktop/learn/carpole/cartplole/src/control/lib"
[36.974s] -- Up-to-date: /home/xie/Desktop/learn/carpole/cartplole/install/control/share/ament_index/resource_index/package_run_dependencies/control
[36.974s] -- Up-to-date: /home/xie/Desktop/learn/carpole/cartplole/install/control/share/ament_index/resource_index/parent_prefix_path/control
[36.974s] -- Up-to-date: /home/xie/Desktop/learn/carpole/cartplole/install/control/share/control/environment/ament_prefix_path.sh
[36.974s] -- Up-to-date: /home/xie/Desktop/learn/carpole/cartplole/install/control/share/control/environment/ament_prefix_path.dsv
[36.974s] -- Up-to-date: /home/xie/Desktop/learn/carpole/cartplole/install/control/share/control/environment/path.sh
[36.974s] -- Up-to-date: /home/xie/Desktop/learn/carpole/cartplole/install/control/share/control/environment/path.dsv
[36.974s] -- Up-to-date: /home/xie/Desktop/learn/carpole/cartplole/install/control/share/control/local_setup.bash
[36.974s] -- Up-to-date: /home/xie/Desktop/learn/carpole/cartplole/install/control/share/control/local_setup.sh
[36.974s] -- Up-to-date: /home/xie/Desktop/learn/carpole/cartplole/install/control/share/control/local_setup.zsh
[36.974s] -- Up-to-date: /home/xie/Desktop/learn/carpole/cartplole/install/control/share/control/local_setup.dsv
[36.974s] -- Installing: /home/xie/Desktop/learn/carpole/cartplole/install/control/share/control/package.dsv
[36.974s] -- Up-to-date: /home/xie/Desktop/learn/carpole/cartplole/install/control/share/ament_index/resource_index/packages/control
[36.974s] -- Up-to-date: /home/xie/Desktop/learn/carpole/cartplole/install/control/share/control/cmake/controlConfig.cmake
[36.974s] -- Up-to-date: /home/xie/Desktop/learn/carpole/cartplole/install/control/share/control/cmake/controlConfig-version.cmake
[36.974s] -- Up-to-date: /home/xie/Desktop/learn/carpole/cartplole/install/control/share/control/package.xml
[36.975s] Invoked command in '/home/xie/Desktop/learn/carpole/cartplole/build/control' returned '0': AMENT_PREFIX_PATH=/home/xie/Desktop/learn/carpole/cartplole/install/interface:${AMENT_PREFIX_PATH} CMAKE_PREFIX_PATH=/home/xie/Desktop/learn/carpole/cartplole/install/interface:/usr/local:/usr/local:/opt/ros/humble LD_LIBRARY_PATH=/home/xie/Desktop/learn/carpole/cartplole/install/interface/lib:${LD_LIBRARY_PATH} PYTHONPATH=/home/xie/Desktop/learn/carpole/cartplole/install/interface/local/lib/python3.10/dist-packages:${PYTHONPATH} /usr/bin/cmake --install /home/xie/Desktop/learn/carpole/cartplole/build/control
