[0.374s] DEBUG:colcon:Command line arguments: ['/usr/bin/colcon', 'build']
[0.374s] DEBUG:colcon:Parsed command line arguments: Namespace(log_base=None, log_level=None, verb_name='build', build_base='build', install_base='install', merge_install=False, symlink_install=False, test_result_base=None, continue_on_error=False, executor='parallel', parallel_workers=20, event_handlers=None, ignore_user_meta=False, metas=['./colcon.meta'], base_paths=['.'], packages_ignore=None, packages_ignore_regex=None, paths=None, packages_up_to=None, packages_up_to_regex=None, packages_above=None, packages_above_and_dependencies=None, packages_above_depth=None, packages_select_by_dep=None, packages_skip_by_dep=None, packages_skip_up_to=None, packages_select_build_failed=False, packages_skip_build_finished=False, packages_select_test_failures=False, packages_skip_test_passed=False, packages_select=None, packages_skip=None, packages_select_regex=None, packages_skip_regex=None, packages_start=None, packages_end=None, allow_overriding=[], cmake_args=None, cmake_target=None, cmake_target_skip_unavailable=False, cmake_clean_cache=False, cmake_clean_first=False, cmake_force_configure=False, ament_cmake_args=None, catkin_cmake_args=None, catkin_skip_building_tests=False, verb_parser=<colcon_defaults.argument_parser.defaults.DefaultArgumentsDecorator object at 0x7f6d9c3d0d90>, verb_extension=<colcon_core.verb.build.BuildVerb object at 0x7f6d9c406aa0>, main=<bound method BuildVerb.main of <colcon_core.verb.build.BuildVerb object at 0x7f6d9c406aa0>>)
[0.394s] Level 1:colcon.colcon_core.package_discovery:discover_packages(colcon_meta) check parameters
[0.394s] Level 1:colcon.colcon_core.package_discovery:discover_packages(recursive) check parameters
[0.394s] Level 1:colcon.colcon_core.package_discovery:discover_packages(ignore) check parameters
[0.394s] Level 1:colcon.colcon_core.package_discovery:discover_packages(path) check parameters
[0.394s] Level 1:colcon.colcon_core.package_discovery:discover_packages(colcon_meta) discover
[0.394s] Level 1:colcon.colcon_core.package_discovery:discover_packages(recursive) discover
[0.394s] INFO:colcon.colcon_core.package_discovery:Crawling recursively for packages in '/home/xie/Desktop/learn/carpole/cartplole'
[0.394s] Level 1:colcon.colcon_core.package_identification:_identify(.) by extensions ['ignore', 'ignore_ament_install']
[0.394s] Level 1:colcon.colcon_core.package_identification:_identify(.) by extension 'ignore'
[0.395s] Level 1:colcon.colcon_core.package_identification:_identify(.) by extension 'ignore_ament_install'
[0.395s] Level 1:colcon.colcon_core.package_identification:_identify(.) by extensions ['colcon_pkg']
[0.395s] Level 1:colcon.colcon_core.package_identification:_identify(.) by extension 'colcon_pkg'
[0.395s] Level 1:colcon.colcon_core.package_identification:_identify(.) by extensions ['colcon_meta']
[0.395s] Level 1:colcon.colcon_core.package_identification:_identify(.) by extension 'colcon_meta'
[0.395s] Level 1:colcon.colcon_core.package_identification:_identify(.) by extensions ['ros']
[0.395s] Level 1:colcon.colcon_core.package_identification:_identify(.) by extension 'ros'
[0.400s] Level 1:colcon.colcon_core.package_identification:_identify(.) by extensions ['cmake', 'python']
[0.400s] Level 1:colcon.colcon_core.package_identification:_identify(.) by extension 'cmake'
[0.400s] Level 1:colcon.colcon_core.package_identification:_identify(.) by extension 'python'
[0.400s] Level 1:colcon.colcon_core.package_identification:_identify(.) by extensions ['python_setup_py']
[0.400s] Level 1:colcon.colcon_core.package_identification:_identify(.) by extension 'python_setup_py'
[0.400s] Level 1:colcon.colcon_core.package_identification:_identify(build) by extensions ['ignore', 'ignore_ament_install']
[0.400s] Level 1:colcon.colcon_core.package_identification:_identify(build) by extension 'ignore'
[0.401s] Level 1:colcon.colcon_core.package_identification:_identify(build) ignored
[0.401s] Level 1:colcon.colcon_core.package_identification:_identify(install) by extensions ['ignore', 'ignore_ament_install']
[0.401s] Level 1:colcon.colcon_core.package_identification:_identify(install) by extension 'ignore'
[0.401s] Level 1:colcon.colcon_core.package_identification:_identify(install) ignored
[0.401s] Level 1:colcon.colcon_core.package_identification:_identify(log) by extensions ['ignore', 'ignore_ament_install']
[0.401s] Level 1:colcon.colcon_core.package_identification:_identify(log) by extension 'ignore'
[0.401s] Level 1:colcon.colcon_core.package_identification:_identify(log) ignored
[0.401s] Level 1:colcon.colcon_core.package_identification:_identify(src) by extensions ['ignore', 'ignore_ament_install']
[0.401s] Level 1:colcon.colcon_core.package_identification:_identify(src) by extension 'ignore'
[0.401s] Level 1:colcon.colcon_core.package_identification:_identify(src) by extension 'ignore_ament_install'
[0.401s] Level 1:colcon.colcon_core.package_identification:_identify(src) by extensions ['colcon_pkg']
[0.401s] Level 1:colcon.colcon_core.package_identification:_identify(src) by extension 'colcon_pkg'
[0.401s] Level 1:colcon.colcon_core.package_identification:_identify(src) by extensions ['colcon_meta']
[0.401s] Level 1:colcon.colcon_core.package_identification:_identify(src) by extension 'colcon_meta'
[0.401s] Level 1:colcon.colcon_core.package_identification:_identify(src) by extensions ['ros']
[0.401s] Level 1:colcon.colcon_core.package_identification:_identify(src) by extension 'ros'
[0.401s] Level 1:colcon.colcon_core.package_identification:_identify(src) by extensions ['cmake', 'python']
[0.401s] Level 1:colcon.colcon_core.package_identification:_identify(src) by extension 'cmake'
[0.401s] Level 1:colcon.colcon_core.package_identification:_identify(src) by extension 'python'
[0.401s] Level 1:colcon.colcon_core.package_identification:_identify(src) by extensions ['python_setup_py']
[0.401s] Level 1:colcon.colcon_core.package_identification:_identify(src) by extension 'python_setup_py'
[0.401s] Level 1:colcon.colcon_core.package_identification:_identify(src/control) by extensions ['ignore', 'ignore_ament_install']
[0.401s] Level 1:colcon.colcon_core.package_identification:_identify(src/control) by extension 'ignore'
[0.401s] Level 1:colcon.colcon_core.package_identification:_identify(src/control) by extension 'ignore_ament_install'
[0.401s] Level 1:colcon.colcon_core.package_identification:_identify(src/control) by extensions ['colcon_pkg']
[0.401s] Level 1:colcon.colcon_core.package_identification:_identify(src/control) by extension 'colcon_pkg'
[0.401s] Level 1:colcon.colcon_core.package_identification:_identify(src/control) by extensions ['colcon_meta']
[0.401s] Level 1:colcon.colcon_core.package_identification:_identify(src/control) by extension 'colcon_meta'
[0.401s] Level 1:colcon.colcon_core.package_identification:_identify(src/control) by extensions ['ros']
[0.401s] Level 1:colcon.colcon_core.package_identification:_identify(src/control) by extension 'ros'
[0.403s] DEBUG:colcon.colcon_core.package_identification:Package 'src/control' with type 'ros.ament_cmake' and name 'control'
[0.403s] Level 1:colcon.colcon_core.package_identification:_identify(src/interface) by extensions ['ignore', 'ignore_ament_install']
[0.403s] Level 1:colcon.colcon_core.package_identification:_identify(src/interface) by extension 'ignore'
[0.403s] Level 1:colcon.colcon_core.package_identification:_identify(src/interface) by extension 'ignore_ament_install'
[0.403s] Level 1:colcon.colcon_core.package_identification:_identify(src/interface) by extensions ['colcon_pkg']
[0.403s] Level 1:colcon.colcon_core.package_identification:_identify(src/interface) by extension 'colcon_pkg'
[0.403s] Level 1:colcon.colcon_core.package_identification:_identify(src/interface) by extensions ['colcon_meta']
[0.403s] Level 1:colcon.colcon_core.package_identification:_identify(src/interface) by extension 'colcon_meta'
[0.403s] Level 1:colcon.colcon_core.package_identification:_identify(src/interface) by extensions ['ros']
[0.403s] Level 1:colcon.colcon_core.package_identification:_identify(src/interface) by extension 'ros'
[0.403s] DEBUG:colcon.colcon_core.package_identification:Package 'src/interface' with type 'ros.ament_cmake' and name 'interface'
[0.403s] Level 1:colcon.colcon_core.package_identification:_identify(src/manage) by extensions ['ignore', 'ignore_ament_install']
[0.403s] Level 1:colcon.colcon_core.package_identification:_identify(src/manage) by extension 'ignore'
[0.403s] Level 1:colcon.colcon_core.package_identification:_identify(src/manage) by extension 'ignore_ament_install'
[0.403s] Level 1:colcon.colcon_core.package_identification:_identify(src/manage) by extensions ['colcon_pkg']
[0.403s] Level 1:colcon.colcon_core.package_identification:_identify(src/manage) by extension 'colcon_pkg'
[0.403s] Level 1:colcon.colcon_core.package_identification:_identify(src/manage) by extensions ['colcon_meta']
[0.403s] Level 1:colcon.colcon_core.package_identification:_identify(src/manage) by extension 'colcon_meta'
[0.403s] Level 1:colcon.colcon_core.package_identification:_identify(src/manage) by extensions ['ros']
[0.403s] Level 1:colcon.colcon_core.package_identification:_identify(src/manage) by extension 'ros'
[0.404s] DEBUG:colcon.colcon_core.package_identification:Package 'src/manage' with type 'ros.ament_cmake' and name 'manage'
[0.404s] Level 1:colcon.colcon_core.package_identification:_identify(src/models) by extensions ['ignore', 'ignore_ament_install']
[0.404s] Level 1:colcon.colcon_core.package_identification:_identify(src/models) by extension 'ignore'
[0.404s] Level 1:colcon.colcon_core.package_identification:_identify(src/models) by extension 'ignore_ament_install'
[0.404s] Level 1:colcon.colcon_core.package_identification:_identify(src/models) by extensions ['colcon_pkg']
[0.404s] Level 1:colcon.colcon_core.package_identification:_identify(src/models) by extension 'colcon_pkg'
[0.404s] Level 1:colcon.colcon_core.package_identification:_identify(src/models) by extensions ['colcon_meta']
[0.404s] Level 1:colcon.colcon_core.package_identification:_identify(src/models) by extension 'colcon_meta'
[0.404s] Level 1:colcon.colcon_core.package_identification:_identify(src/models) by extensions ['ros']
[0.404s] Level 1:colcon.colcon_core.package_identification:_identify(src/models) by extension 'ros'
[0.404s] Level 1:colcon.colcon_core.package_identification:_identify(src/models) by extensions ['cmake', 'python']
[0.404s] Level 1:colcon.colcon_core.package_identification:_identify(src/models) by extension 'cmake'
[0.404s] Level 1:colcon.colcon_core.package_identification:_identify(src/models) by extension 'python'
[0.404s] Level 1:colcon.colcon_core.package_identification:_identify(src/models) by extensions ['python_setup_py']
[0.404s] Level 1:colcon.colcon_core.package_identification:_identify(src/models) by extension 'python_setup_py'
[0.404s] Level 1:colcon.colcon_core.package_identification:_identify(src/models/inverted_pendulum) by extensions ['ignore', 'ignore_ament_install']
[0.404s] Level 1:colcon.colcon_core.package_identification:_identify(src/models/inverted_pendulum) by extension 'ignore'
[0.404s] Level 1:colcon.colcon_core.package_identification:_identify(src/models/inverted_pendulum) by extension 'ignore_ament_install'
[0.404s] Level 1:colcon.colcon_core.package_identification:_identify(src/models/inverted_pendulum) by extensions ['colcon_pkg']
[0.404s] Level 1:colcon.colcon_core.package_identification:_identify(src/models/inverted_pendulum) by extension 'colcon_pkg'
[0.404s] Level 1:colcon.colcon_core.package_identification:_identify(src/models/inverted_pendulum) by extensions ['colcon_meta']
[0.404s] Level 1:colcon.colcon_core.package_identification:_identify(src/models/inverted_pendulum) by extension 'colcon_meta'
[0.404s] Level 1:colcon.colcon_core.package_identification:_identify(src/models/inverted_pendulum) by extensions ['ros']
[0.404s] Level 1:colcon.colcon_core.package_identification:_identify(src/models/inverted_pendulum) by extension 'ros'
[0.404s] Level 1:colcon.colcon_core.package_identification:_identify(src/models/inverted_pendulum) by extensions ['cmake', 'python']
[0.404s] Level 1:colcon.colcon_core.package_identification:_identify(src/models/inverted_pendulum) by extension 'cmake'
[0.404s] Level 1:colcon.colcon_core.package_identification:_identify(src/models/inverted_pendulum) by extension 'python'
[0.404s] Level 1:colcon.colcon_core.package_identification:_identify(src/models/inverted_pendulum) by extensions ['python_setup_py']
[0.404s] Level 1:colcon.colcon_core.package_identification:_identify(src/models/inverted_pendulum) by extension 'python_setup_py'
[0.404s] Level 1:colcon.colcon_core.package_identification:_identify(src/simulate) by extensions ['ignore', 'ignore_ament_install']
[0.404s] Level 1:colcon.colcon_core.package_identification:_identify(src/simulate) by extension 'ignore'
[0.404s] Level 1:colcon.colcon_core.package_identification:_identify(src/simulate) by extension 'ignore_ament_install'
[0.404s] Level 1:colcon.colcon_core.package_identification:_identify(src/simulate) by extensions ['colcon_pkg']
[0.404s] Level 1:colcon.colcon_core.package_identification:_identify(src/simulate) by extension 'colcon_pkg'
[0.404s] Level 1:colcon.colcon_core.package_identification:_identify(src/simulate) by extensions ['colcon_meta']
[0.404s] Level 1:colcon.colcon_core.package_identification:_identify(src/simulate) by extension 'colcon_meta'
[0.404s] Level 1:colcon.colcon_core.package_identification:_identify(src/simulate) by extensions ['ros']
[0.404s] Level 1:colcon.colcon_core.package_identification:_identify(src/simulate) by extension 'ros'
[0.405s] DEBUG:colcon.colcon_core.package_identification:Package 'src/simulate' with type 'ros.ament_cmake' and name 'simulate'
[0.405s] Level 1:colcon.colcon_core.package_identification:_identify(src/utils) by extensions ['ignore', 'ignore_ament_install']
[0.405s] Level 1:colcon.colcon_core.package_identification:_identify(src/utils) by extension 'ignore'
[0.405s] Level 1:colcon.colcon_core.package_identification:_identify(src/utils) by extension 'ignore_ament_install'
[0.405s] Level 1:colcon.colcon_core.package_identification:_identify(src/utils) by extensions ['colcon_pkg']
[0.405s] Level 1:colcon.colcon_core.package_identification:_identify(src/utils) by extension 'colcon_pkg'
[0.405s] Level 1:colcon.colcon_core.package_identification:_identify(src/utils) by extensions ['colcon_meta']
[0.405s] Level 1:colcon.colcon_core.package_identification:_identify(src/utils) by extension 'colcon_meta'
[0.405s] Level 1:colcon.colcon_core.package_identification:_identify(src/utils) by extensions ['ros']
[0.405s] Level 1:colcon.colcon_core.package_identification:_identify(src/utils) by extension 'ros'
[0.405s] Level 1:colcon.colcon_core.package_identification:_identify(src/utils) by extensions ['cmake', 'python']
[0.405s] Level 1:colcon.colcon_core.package_identification:_identify(src/utils) by extension 'cmake'
[0.405s] Level 1:colcon.colcon_core.package_identification:_identify(src/utils) by extension 'python'
[0.405s] Level 1:colcon.colcon_core.package_identification:_identify(src/utils) by extensions ['python_setup_py']
[0.405s] Level 1:colcon.colcon_core.package_identification:_identify(src/utils) by extension 'python_setup_py'
[0.405s] Level 1:colcon.colcon_core.package_discovery:discover_packages(recursive) using defaults
[0.405s] Level 1:colcon.colcon_core.package_discovery:discover_packages(ignore) discover
[0.405s] Level 1:colcon.colcon_core.package_discovery:discover_packages(ignore) using defaults
[0.405s] Level 1:colcon.colcon_core.package_discovery:discover_packages(path) discover
[0.405s] Level 1:colcon.colcon_core.package_discovery:discover_packages(path) using defaults
[0.440s] Level 1:colcon.colcon_core.package_discovery:discover_packages(prefix_path) check parameters
[0.440s] Level 1:colcon.colcon_core.package_discovery:discover_packages(prefix_path) discover
[0.452s] DEBUG:colcon.colcon_installed_package_information.package_discovery:Found 330 installed packages in /opt/ros/humble
[0.452s] Level 1:colcon.colcon_core.package_discovery:discover_packages(prefix_path) using defaults
[0.494s] Level 5:colcon.colcon_core.verb:set package 'interface' build argument 'cmake_args' from command line to 'None'
[0.494s] Level 5:colcon.colcon_core.verb:set package 'interface' build argument 'cmake_target' from command line to 'None'
[0.494s] Level 5:colcon.colcon_core.verb:set package 'interface' build argument 'cmake_target_skip_unavailable' from command line to 'False'
[0.494s] Level 5:colcon.colcon_core.verb:set package 'interface' build argument 'cmake_clean_cache' from command line to 'False'
[0.494s] Level 5:colcon.colcon_core.verb:set package 'interface' build argument 'cmake_clean_first' from command line to 'False'
[0.494s] Level 5:colcon.colcon_core.verb:set package 'interface' build argument 'cmake_force_configure' from command line to 'False'
[0.494s] Level 5:colcon.colcon_core.verb:set package 'interface' build argument 'ament_cmake_args' from command line to 'None'
[0.494s] Level 5:colcon.colcon_core.verb:set package 'interface' build argument 'catkin_cmake_args' from command line to 'None'
[0.494s] Level 5:colcon.colcon_core.verb:set package 'interface' build argument 'catkin_skip_building_tests' from command line to 'False'
[0.495s] DEBUG:colcon.colcon_core.verb:Building package 'interface' with the following arguments: {'ament_cmake_args': None, 'build_base': '/home/xie/Desktop/learn/carpole/cartplole/build/interface', 'catkin_cmake_args': None, 'catkin_skip_building_tests': False, 'cmake_args': None, 'cmake_clean_cache': False, 'cmake_clean_first': False, 'cmake_force_configure': False, 'cmake_target': None, 'cmake_target_skip_unavailable': False, 'install_base': '/home/xie/Desktop/learn/carpole/cartplole/install/interface', 'merge_install': False, 'path': '/home/xie/Desktop/learn/carpole/cartplole/src/interface', 'symlink_install': False, 'test_result_base': None}
[0.500s] Level 5:colcon.colcon_core.verb:set package 'manage' build argument 'cmake_args' from command line to 'None'
[0.500s] Level 5:colcon.colcon_core.verb:set package 'manage' build argument 'cmake_target' from command line to 'None'
[0.500s] Level 5:colcon.colcon_core.verb:set package 'manage' build argument 'cmake_target_skip_unavailable' from command line to 'False'
[0.500s] Level 5:colcon.colcon_core.verb:set package 'manage' build argument 'cmake_clean_cache' from command line to 'False'
[0.500s] Level 5:colcon.colcon_core.verb:set package 'manage' build argument 'cmake_clean_first' from command line to 'False'
[0.500s] Level 5:colcon.colcon_core.verb:set package 'manage' build argument 'cmake_force_configure' from command line to 'False'
[0.500s] Level 5:colcon.colcon_core.verb:set package 'manage' build argument 'ament_cmake_args' from command line to 'None'
[0.500s] Level 5:colcon.colcon_core.verb:set package 'manage' build argument 'catkin_cmake_args' from command line to 'None'
[0.500s] Level 5:colcon.colcon_core.verb:set package 'manage' build argument 'catkin_skip_building_tests' from command line to 'False'
[0.500s] DEBUG:colcon.colcon_core.verb:Building package 'manage' with the following arguments: {'ament_cmake_args': None, 'build_base': '/home/xie/Desktop/learn/carpole/cartplole/build/manage', 'catkin_cmake_args': None, 'catkin_skip_building_tests': False, 'cmake_args': None, 'cmake_clean_cache': False, 'cmake_clean_first': False, 'cmake_force_configure': False, 'cmake_target': None, 'cmake_target_skip_unavailable': False, 'install_base': '/home/xie/Desktop/learn/carpole/cartplole/install/manage', 'merge_install': False, 'path': '/home/xie/Desktop/learn/carpole/cartplole/src/manage', 'symlink_install': False, 'test_result_base': None}
[0.505s] Level 5:colcon.colcon_core.verb:set package 'control' build argument 'cmake_args' from command line to 'None'
[0.505s] Level 5:colcon.colcon_core.verb:set package 'control' build argument 'cmake_target' from command line to 'None'
[0.505s] Level 5:colcon.colcon_core.verb:set package 'control' build argument 'cmake_target_skip_unavailable' from command line to 'False'
[0.505s] Level 5:colcon.colcon_core.verb:set package 'control' build argument 'cmake_clean_cache' from command line to 'False'
[0.505s] Level 5:colcon.colcon_core.verb:set package 'control' build argument 'cmake_clean_first' from command line to 'False'
[0.505s] Level 5:colcon.colcon_core.verb:set package 'control' build argument 'cmake_force_configure' from command line to 'False'
[0.505s] Level 5:colcon.colcon_core.verb:set package 'control' build argument 'ament_cmake_args' from command line to 'None'
[0.505s] Level 5:colcon.colcon_core.verb:set package 'control' build argument 'catkin_cmake_args' from command line to 'None'
[0.505s] Level 5:colcon.colcon_core.verb:set package 'control' build argument 'catkin_skip_building_tests' from command line to 'False'
[0.505s] DEBUG:colcon.colcon_core.verb:Building package 'control' with the following arguments: {'ament_cmake_args': None, 'build_base': '/home/xie/Desktop/learn/carpole/cartplole/build/control', 'catkin_cmake_args': None, 'catkin_skip_building_tests': False, 'cmake_args': None, 'cmake_clean_cache': False, 'cmake_clean_first': False, 'cmake_force_configure': False, 'cmake_target': None, 'cmake_target_skip_unavailable': False, 'install_base': '/home/xie/Desktop/learn/carpole/cartplole/install/control', 'merge_install': False, 'path': '/home/xie/Desktop/learn/carpole/cartplole/src/control', 'symlink_install': False, 'test_result_base': None}
[0.510s] Level 5:colcon.colcon_core.verb:set package 'simulate' build argument 'cmake_args' from command line to 'None'
[0.510s] Level 5:colcon.colcon_core.verb:set package 'simulate' build argument 'cmake_target' from command line to 'None'
[0.510s] Level 5:colcon.colcon_core.verb:set package 'simulate' build argument 'cmake_target_skip_unavailable' from command line to 'False'
[0.510s] Level 5:colcon.colcon_core.verb:set package 'simulate' build argument 'cmake_clean_cache' from command line to 'False'
[0.510s] Level 5:colcon.colcon_core.verb:set package 'simulate' build argument 'cmake_clean_first' from command line to 'False'
[0.510s] Level 5:colcon.colcon_core.verb:set package 'simulate' build argument 'cmake_force_configure' from command line to 'False'
[0.510s] Level 5:colcon.colcon_core.verb:set package 'simulate' build argument 'ament_cmake_args' from command line to 'None'
[0.510s] Level 5:colcon.colcon_core.verb:set package 'simulate' build argument 'catkin_cmake_args' from command line to 'None'
[0.510s] Level 5:colcon.colcon_core.verb:set package 'simulate' build argument 'catkin_skip_building_tests' from command line to 'False'
[0.510s] DEBUG:colcon.colcon_core.verb:Building package 'simulate' with the following arguments: {'ament_cmake_args': None, 'build_base': '/home/xie/Desktop/learn/carpole/cartplole/build/simulate', 'catkin_cmake_args': None, 'catkin_skip_building_tests': False, 'cmake_args': None, 'cmake_clean_cache': False, 'cmake_clean_first': False, 'cmake_force_configure': False, 'cmake_target': None, 'cmake_target_skip_unavailable': False, 'install_base': '/home/xie/Desktop/learn/carpole/cartplole/install/simulate', 'merge_install': False, 'path': '/home/xie/Desktop/learn/carpole/cartplole/src/simulate', 'symlink_install': False, 'test_result_base': None}
[0.515s] INFO:colcon.colcon_core.executor:Executing jobs using 'parallel' executor
[0.521s] DEBUG:colcon.colcon_parallel_executor.executor.parallel:run_until_complete
[0.521s] INFO:colcon.colcon_ros.task.ament_cmake.build:Building ROS package in '/home/xie/Desktop/learn/carpole/cartplole/src/interface' with build type 'ament_cmake'
[0.521s] INFO:colcon.colcon_cmake.task.cmake.build:Building CMake package in '/home/xie/Desktop/learn/carpole/cartplole/src/interface'
[0.527s] INFO:colcon.colcon_core.plugin_system:Skipping extension 'colcon_core.shell.bat': Not used on non-Windows systems
[0.527s] INFO:colcon.colcon_core.shell:Skip shell extension 'powershell' for command environment: Not usable outside of PowerShell
[0.527s] DEBUG:colcon.colcon_core.shell:Skip shell extension 'dsv' for command environment
[0.539s] INFO:colcon.colcon_ros.task.ament_cmake.build:Building ROS package in '/home/xie/Desktop/learn/carpole/cartplole/src/manage' with build type 'ament_cmake'
[0.539s] INFO:colcon.colcon_cmake.task.cmake.build:Building CMake package in '/home/xie/Desktop/learn/carpole/cartplole/src/manage'
[0.544s] INFO:colcon.colcon_core.shell:Skip shell extension 'powershell' for command environment: Not usable outside of PowerShell
[0.545s] DEBUG:colcon.colcon_core.shell:Skip shell extension 'dsv' for command environment
[0.559s] DEBUG:colcon.colcon_core.event_handler.log_command:Invoking command in '/home/xie/Desktop/learn/carpole/cartplole/build/interface': CMAKE_PREFIX_PATH=${CMAKE_PREFIX_PATH}:/opt/ros/humble /usr/bin/cmake /home/xie/Desktop/learn/carpole/cartplole/src/interface -DCMAKE_INSTALL_PREFIX=/home/xie/Desktop/learn/carpole/cartplole/install/interface
[0.560s] DEBUG:colcon.colcon_core.event_handler.log_command:Invoking command in '/home/xie/Desktop/learn/carpole/cartplole/build/manage': CMAKE_PREFIX_PATH=${CMAKE_PREFIX_PATH}:/opt/ros/humble /usr/bin/cmake /home/xie/Desktop/learn/carpole/cartplole/src/manage -DCMAKE_INSTALL_PREFIX=/home/xie/Desktop/learn/carpole/cartplole/install/manage
[0.891s] DEBUG:colcon.colcon_core.event_handler.log_command:Invoked command in '/home/xie/Desktop/learn/carpole/cartplole/build/manage' returned '0': CMAKE_PREFIX_PATH=${CMAKE_PREFIX_PATH}:/opt/ros/humble /usr/bin/cmake /home/xie/Desktop/learn/carpole/cartplole/src/manage -DCMAKE_INSTALL_PREFIX=/home/xie/Desktop/learn/carpole/cartplole/install/manage
[0.891s] DEBUG:colcon.colcon_core.event_handler.log_command:Invoking command in '/home/xie/Desktop/learn/carpole/cartplole/build/manage': CMAKE_PREFIX_PATH=${CMAKE_PREFIX_PATH}:/opt/ros/humble /usr/bin/cmake --build /home/xie/Desktop/learn/carpole/cartplole/build/manage -- -j20 -l20
[0.910s] DEBUG:colcon.colcon_core.event_handler.log_command:Invoked command in '/home/xie/Desktop/learn/carpole/cartplole/build/manage' returned '0': CMAKE_PREFIX_PATH=${CMAKE_PREFIX_PATH}:/opt/ros/humble /usr/bin/cmake --build /home/xie/Desktop/learn/carpole/cartplole/build/manage -- -j20 -l20
[0.924s] DEBUG:colcon.colcon_core.event_handler.log_command:Invoking command in '/home/xie/Desktop/learn/carpole/cartplole/build/manage': CMAKE_PREFIX_PATH=${CMAKE_PREFIX_PATH}:/opt/ros/humble /usr/bin/cmake --install /home/xie/Desktop/learn/carpole/cartplole/build/manage
[0.929s] Level 1:colcon.colcon_core.environment:create_environment_scripts_only(manage)
[0.929s] DEBUG:colcon.colcon_core.event_handler.log_command:Invoked command in '/home/xie/Desktop/learn/carpole/cartplole/build/manage' returned '0': CMAKE_PREFIX_PATH=${CMAKE_PREFIX_PATH}:/opt/ros/humble /usr/bin/cmake --install /home/xie/Desktop/learn/carpole/cartplole/build/manage
[0.938s] Level 1:colcon.colcon_core.environment:checking '/home/xie/Desktop/learn/carpole/cartplole/install/manage' for CMake module files
[0.938s] Level 1:colcon.colcon_core.environment:checking '/home/xie/Desktop/learn/carpole/cartplole/install/manage' for CMake config files
[0.938s] Level 1:colcon.colcon_core.shell:create_environment_hook('manage', 'cmake_prefix_path')
[0.944s] INFO:colcon.colcon_core.shell:Creating environment hook '/home/xie/Desktop/learn/carpole/cartplole/install/manage/share/manage/hook/cmake_prefix_path.ps1'
[0.944s] INFO:colcon.colcon_core.shell:Creating environment descriptor '/home/xie/Desktop/learn/carpole/cartplole/install/manage/share/manage/hook/cmake_prefix_path.dsv'
[0.944s] INFO:colcon.colcon_core.shell:Creating environment hook '/home/xie/Desktop/learn/carpole/cartplole/install/manage/share/manage/hook/cmake_prefix_path.sh'
[0.944s] Level 1:colcon.colcon_core.environment:checking '/home/xie/Desktop/learn/carpole/cartplole/install/manage/bin'
[0.944s] Level 1:colcon.colcon_core.environment:checking '/home/xie/Desktop/learn/carpole/cartplole/install/manage/lib/pkgconfig/manage.pc'
[0.945s] Level 1:colcon.colcon_core.environment:checking '/home/xie/Desktop/learn/carpole/cartplole/install/manage/lib/python3.10/site-packages'
[0.945s] Level 1:colcon.colcon_core.environment:checking '/home/xie/Desktop/learn/carpole/cartplole/install/manage/bin'
[0.950s] INFO:colcon.colcon_core.shell:Creating package script '/home/xie/Desktop/learn/carpole/cartplole/install/manage/share/manage/package.ps1'
[0.951s] INFO:colcon.colcon_core.shell:Creating package descriptor '/home/xie/Desktop/learn/carpole/cartplole/install/manage/share/manage/package.dsv'
[0.951s] INFO:colcon.colcon_core.shell:Creating package script '/home/xie/Desktop/learn/carpole/cartplole/install/manage/share/manage/package.sh'
[0.951s] INFO:colcon.colcon_core.shell:Creating package script '/home/xie/Desktop/learn/carpole/cartplole/install/manage/share/manage/package.bash'
[0.952s] INFO:colcon.colcon_core.shell:Creating package script '/home/xie/Desktop/learn/carpole/cartplole/install/manage/share/manage/package.zsh'
[0.952s] Level 1:colcon.colcon_core.environment:create_file_with_runtime_dependencies(/home/xie/Desktop/learn/carpole/cartplole/install/manage/share/colcon-core/packages/manage)
[0.969s] Level 1:colcon.colcon_core.environment:create_environment_scripts_only(manage)
[0.974s] Level 1:colcon.colcon_core.environment:checking '/home/xie/Desktop/learn/carpole/cartplole/install/manage' for CMake module files
[0.975s] Level 1:colcon.colcon_core.environment:checking '/home/xie/Desktop/learn/carpole/cartplole/install/manage' for CMake config files
[0.975s] Level 1:colcon.colcon_core.shell:create_environment_hook('manage', 'cmake_prefix_path')
[0.980s] INFO:colcon.colcon_core.shell:Creating environment hook '/home/xie/Desktop/learn/carpole/cartplole/install/manage/share/manage/hook/cmake_prefix_path.ps1'
[0.980s] INFO:colcon.colcon_core.shell:Creating environment descriptor '/home/xie/Desktop/learn/carpole/cartplole/install/manage/share/manage/hook/cmake_prefix_path.dsv'
[0.981s] INFO:colcon.colcon_core.shell:Creating environment hook '/home/xie/Desktop/learn/carpole/cartplole/install/manage/share/manage/hook/cmake_prefix_path.sh'
[0.981s] Level 1:colcon.colcon_core.environment:checking '/home/xie/Desktop/learn/carpole/cartplole/install/manage/bin'
[0.981s] Level 1:colcon.colcon_core.environment:checking '/home/xie/Desktop/learn/carpole/cartplole/install/manage/lib/pkgconfig/manage.pc'
[0.981s] Level 1:colcon.colcon_core.environment:checking '/home/xie/Desktop/learn/carpole/cartplole/install/manage/lib/python3.10/site-packages'
[0.981s] Level 1:colcon.colcon_core.environment:checking '/home/xie/Desktop/learn/carpole/cartplole/install/manage/bin'
[0.992s] INFO:colcon.colcon_core.shell:Creating package script '/home/xie/Desktop/learn/carpole/cartplole/install/manage/share/manage/package.ps1'
[0.992s] INFO:colcon.colcon_core.shell:Creating package descriptor '/home/xie/Desktop/learn/carpole/cartplole/install/manage/share/manage/package.dsv'
[0.992s] INFO:colcon.colcon_core.shell:Creating package script '/home/xie/Desktop/learn/carpole/cartplole/install/manage/share/manage/package.sh'
[0.993s] INFO:colcon.colcon_core.shell:Creating package script '/home/xie/Desktop/learn/carpole/cartplole/install/manage/share/manage/package.bash'
[0.993s] INFO:colcon.colcon_core.shell:Creating package script '/home/xie/Desktop/learn/carpole/cartplole/install/manage/share/manage/package.zsh'
[0.993s] Level 1:colcon.colcon_core.environment:create_file_with_runtime_dependencies(/home/xie/Desktop/learn/carpole/cartplole/install/manage/share/colcon-core/packages/manage)
[1.332s] DEBUG:colcon.colcon_core.event_handler.log_command:Invoked command in '/home/xie/Desktop/learn/carpole/cartplole/build/interface' returned '0': CMAKE_PREFIX_PATH=${CMAKE_PREFIX_PATH}:/opt/ros/humble /usr/bin/cmake /home/xie/Desktop/learn/carpole/cartplole/src/interface -DCMAKE_INSTALL_PREFIX=/home/xie/Desktop/learn/carpole/cartplole/install/interface
[1.333s] DEBUG:colcon.colcon_core.event_handler.log_command:Invoking command in '/home/xie/Desktop/learn/carpole/cartplole/build/interface': CMAKE_PREFIX_PATH=${CMAKE_PREFIX_PATH}:/opt/ros/humble /usr/bin/cmake --build /home/xie/Desktop/learn/carpole/cartplole/build/interface -- -j20 -l20
[2.280s] DEBUG:colcon.colcon_core.event_handler.log_command:Invoked command in '/home/xie/Desktop/learn/carpole/cartplole/build/interface' returned '0': CMAKE_PREFIX_PATH=${CMAKE_PREFIX_PATH}:/opt/ros/humble /usr/bin/cmake --build /home/xie/Desktop/learn/carpole/cartplole/build/interface -- -j20 -l20
[2.314s] DEBUG:colcon.colcon_core.event_handler.log_command:Invoking command in '/home/xie/Desktop/learn/carpole/cartplole/build/interface': CMAKE_PREFIX_PATH=${CMAKE_PREFIX_PATH}:/opt/ros/humble /usr/bin/cmake --install /home/xie/Desktop/learn/carpole/cartplole/build/interface
[2.345s] Level 1:colcon.colcon_core.environment:create_environment_scripts_only(interface)
[2.345s] DEBUG:colcon.colcon_core.event_handler.log_command:Invoked command in '/home/xie/Desktop/learn/carpole/cartplole/build/interface' returned '0': CMAKE_PREFIX_PATH=${CMAKE_PREFIX_PATH}:/opt/ros/humble /usr/bin/cmake --install /home/xie/Desktop/learn/carpole/cartplole/build/interface
[2.351s] Level 1:colcon.colcon_core.environment:checking '/home/xie/Desktop/learn/carpole/cartplole/install/interface' for CMake module files
[2.351s] Level 1:colcon.colcon_core.environment:checking '/home/xie/Desktop/learn/carpole/cartplole/install/interface' for CMake config files
[2.351s] Level 1:colcon.colcon_core.shell:create_environment_hook('interface', 'cmake_prefix_path')
[2.357s] INFO:colcon.colcon_core.shell:Creating environment hook '/home/xie/Desktop/learn/carpole/cartplole/install/interface/share/interface/hook/cmake_prefix_path.ps1'
[2.357s] INFO:colcon.colcon_core.shell:Creating environment descriptor '/home/xie/Desktop/learn/carpole/cartplole/install/interface/share/interface/hook/cmake_prefix_path.dsv'
[2.357s] INFO:colcon.colcon_core.shell:Creating environment hook '/home/xie/Desktop/learn/carpole/cartplole/install/interface/share/interface/hook/cmake_prefix_path.sh'
[2.357s] Level 1:colcon.colcon_core.environment:checking '/home/xie/Desktop/learn/carpole/cartplole/install/interface/lib'
[2.358s] Level 1:colcon.colcon_core.shell:create_environment_hook('interface', 'ld_library_path_lib')
[2.363s] INFO:colcon.colcon_core.shell:Creating environment hook '/home/xie/Desktop/learn/carpole/cartplole/install/interface/share/interface/hook/ld_library_path_lib.ps1'
[2.363s] INFO:colcon.colcon_core.shell:Creating environment descriptor '/home/xie/Desktop/learn/carpole/cartplole/install/interface/share/interface/hook/ld_library_path_lib.dsv'
[2.363s] INFO:colcon.colcon_core.shell:Creating environment hook '/home/xie/Desktop/learn/carpole/cartplole/install/interface/share/interface/hook/ld_library_path_lib.sh'
[2.363s] Level 1:colcon.colcon_core.environment:checking '/home/xie/Desktop/learn/carpole/cartplole/install/interface/bin'
[2.363s] Level 1:colcon.colcon_core.environment:checking '/home/xie/Desktop/learn/carpole/cartplole/install/interface/lib/pkgconfig/interface.pc'
[2.363s] Level 1:colcon.colcon_core.environment:checking '/home/xie/Desktop/learn/carpole/cartplole/install/interface/lib/python3.10/site-packages'
[2.363s] Level 1:colcon.colcon_core.environment:checking '/home/xie/Desktop/learn/carpole/cartplole/install/interface/bin'
[2.369s] INFO:colcon.colcon_core.shell:Creating package script '/home/xie/Desktop/learn/carpole/cartplole/install/interface/share/interface/package.ps1'
[2.369s] INFO:colcon.colcon_core.shell:Creating package descriptor '/home/xie/Desktop/learn/carpole/cartplole/install/interface/share/interface/package.dsv'
[2.369s] INFO:colcon.colcon_core.shell:Creating package script '/home/xie/Desktop/learn/carpole/cartplole/install/interface/share/interface/package.sh'
[2.369s] INFO:colcon.colcon_core.shell:Creating package script '/home/xie/Desktop/learn/carpole/cartplole/install/interface/share/interface/package.bash'
[2.369s] INFO:colcon.colcon_core.shell:Creating package script '/home/xie/Desktop/learn/carpole/cartplole/install/interface/share/interface/package.zsh'
[2.369s] Level 1:colcon.colcon_core.environment:create_file_with_runtime_dependencies(/home/xie/Desktop/learn/carpole/cartplole/install/interface/share/colcon-core/packages/interface)
[2.412s] Level 1:colcon.colcon_core.environment:create_environment_scripts_only(interface)
[2.417s] Level 1:colcon.colcon_core.environment:checking '/home/xie/Desktop/learn/carpole/cartplole/install/interface' for CMake module files
[2.417s] Level 1:colcon.colcon_core.environment:checking '/home/xie/Desktop/learn/carpole/cartplole/install/interface' for CMake config files
[2.418s] Level 1:colcon.colcon_core.shell:create_environment_hook('interface', 'cmake_prefix_path')
[2.423s] INFO:colcon.colcon_core.shell:Creating environment hook '/home/xie/Desktop/learn/carpole/cartplole/install/interface/share/interface/hook/cmake_prefix_path.ps1'
[2.423s] INFO:colcon.colcon_core.shell:Creating environment descriptor '/home/xie/Desktop/learn/carpole/cartplole/install/interface/share/interface/hook/cmake_prefix_path.dsv'
[2.423s] INFO:colcon.colcon_core.shell:Creating environment hook '/home/xie/Desktop/learn/carpole/cartplole/install/interface/share/interface/hook/cmake_prefix_path.sh'
[2.423s] Level 1:colcon.colcon_core.environment:checking '/home/xie/Desktop/learn/carpole/cartplole/install/interface/lib'
[2.423s] Level 1:colcon.colcon_core.shell:create_environment_hook('interface', 'ld_library_path_lib')
[2.429s] INFO:colcon.colcon_core.shell:Creating environment hook '/home/xie/Desktop/learn/carpole/cartplole/install/interface/share/interface/hook/ld_library_path_lib.ps1'
[2.429s] INFO:colcon.colcon_core.shell:Creating environment descriptor '/home/xie/Desktop/learn/carpole/cartplole/install/interface/share/interface/hook/ld_library_path_lib.dsv'
[2.429s] INFO:colcon.colcon_core.shell:Creating environment hook '/home/xie/Desktop/learn/carpole/cartplole/install/interface/share/interface/hook/ld_library_path_lib.sh'
[2.429s] Level 1:colcon.colcon_core.environment:checking '/home/xie/Desktop/learn/carpole/cartplole/install/interface/bin'
[2.429s] Level 1:colcon.colcon_core.environment:checking '/home/xie/Desktop/learn/carpole/cartplole/install/interface/lib/pkgconfig/interface.pc'
[2.429s] Level 1:colcon.colcon_core.environment:checking '/home/xie/Desktop/learn/carpole/cartplole/install/interface/lib/python3.10/site-packages'
[2.429s] Level 1:colcon.colcon_core.environment:checking '/home/xie/Desktop/learn/carpole/cartplole/install/interface/bin'
[2.435s] INFO:colcon.colcon_core.shell:Creating package script '/home/xie/Desktop/learn/carpole/cartplole/install/interface/share/interface/package.ps1'
[2.435s] INFO:colcon.colcon_core.shell:Creating package descriptor '/home/xie/Desktop/learn/carpole/cartplole/install/interface/share/interface/package.dsv'
[2.435s] INFO:colcon.colcon_core.shell:Creating package script '/home/xie/Desktop/learn/carpole/cartplole/install/interface/share/interface/package.sh'
[2.435s] INFO:colcon.colcon_core.shell:Creating package script '/home/xie/Desktop/learn/carpole/cartplole/install/interface/share/interface/package.bash'
[2.435s] INFO:colcon.colcon_core.shell:Creating package script '/home/xie/Desktop/learn/carpole/cartplole/install/interface/share/interface/package.zsh'
[2.436s] Level 1:colcon.colcon_core.environment:create_file_with_runtime_dependencies(/home/xie/Desktop/learn/carpole/cartplole/install/interface/share/colcon-core/packages/interface)
[2.436s] INFO:colcon.colcon_ros.task.ament_cmake.build:Building ROS package in '/home/xie/Desktop/learn/carpole/cartplole/src/control' with build type 'ament_cmake'
[2.436s] INFO:colcon.colcon_cmake.task.cmake.build:Building CMake package in '/home/xie/Desktop/learn/carpole/cartplole/src/control'
[2.441s] INFO:colcon.colcon_core.shell:Skip shell extension 'powershell' for command environment: Not usable outside of PowerShell
[2.441s] DEBUG:colcon.colcon_core.shell:Skip shell extension 'dsv' for command environment
[2.453s] INFO:colcon.colcon_ros.task.ament_cmake.build:Building ROS package in '/home/xie/Desktop/learn/carpole/cartplole/src/simulate' with build type 'ament_cmake'
[2.453s] INFO:colcon.colcon_cmake.task.cmake.build:Building CMake package in '/home/xie/Desktop/learn/carpole/cartplole/src/simulate'
[2.459s] INFO:colcon.colcon_core.shell:Skip shell extension 'powershell' for command environment: Not usable outside of PowerShell
[2.459s] DEBUG:colcon.colcon_core.shell:Skip shell extension 'dsv' for command environment
[2.472s] DEBUG:colcon.colcon_core.event_handler.log_command:Invoking command in '/home/xie/Desktop/learn/carpole/cartplole/build/control': AMENT_PREFIX_PATH=/home/xie/Desktop/learn/carpole/cartplole/install/interface:${AMENT_PREFIX_PATH} CMAKE_PREFIX_PATH=/home/xie/Desktop/learn/carpole/cartplole/install/interface:/usr/local:/opt/ros/humble LD_LIBRARY_PATH=/home/xie/Desktop/learn/carpole/cartplole/install/interface/lib:${LD_LIBRARY_PATH} PYTHONPATH=/home/xie/Desktop/learn/carpole/cartplole/install/interface/local/lib/python3.10/dist-packages:${PYTHONPATH} /usr/bin/cmake /home/xie/Desktop/learn/carpole/cartplole/src/control -DCMAKE_INSTALL_PREFIX=/home/xie/Desktop/learn/carpole/cartplole/install/control
[2.474s] DEBUG:colcon.colcon_core.event_handler.log_command:Invoking command in '/home/xie/Desktop/learn/carpole/cartplole/build/simulate': AMENT_PREFIX_PATH=/home/xie/Desktop/learn/carpole/cartplole/install/interface:${AMENT_PREFIX_PATH} CMAKE_PREFIX_PATH=/home/xie/Desktop/learn/carpole/cartplole/install/interface:/usr/local:/opt/ros/humble LD_LIBRARY_PATH=/home/xie/Desktop/learn/carpole/cartplole/install/interface/lib:${LD_LIBRARY_PATH} PYTHONPATH=/home/xie/Desktop/learn/carpole/cartplole/install/interface/local/lib/python3.10/dist-packages:${PYTHONPATH} /usr/bin/cmake /home/xie/Desktop/learn/carpole/cartplole/src/simulate -DCMAKE_INSTALL_PREFIX=/home/xie/Desktop/learn/carpole/cartplole/install/simulate
[3.207s] DEBUG:colcon.colcon_core.event_handler.log_command:Invoked command in '/home/xie/Desktop/learn/carpole/cartplole/build/simulate' returned '0': AMENT_PREFIX_PATH=/home/xie/Desktop/learn/carpole/cartplole/install/interface:${AMENT_PREFIX_PATH} CMAKE_PREFIX_PATH=/home/xie/Desktop/learn/carpole/cartplole/install/interface:/usr/local:/opt/ros/humble LD_LIBRARY_PATH=/home/xie/Desktop/learn/carpole/cartplole/install/interface/lib:${LD_LIBRARY_PATH} PYTHONPATH=/home/xie/Desktop/learn/carpole/cartplole/install/interface/local/lib/python3.10/dist-packages:${PYTHONPATH} /usr/bin/cmake /home/xie/Desktop/learn/carpole/cartplole/src/simulate -DCMAKE_INSTALL_PREFIX=/home/xie/Desktop/learn/carpole/cartplole/install/simulate
[3.207s] DEBUG:colcon.colcon_core.event_handler.log_command:Invoking command in '/home/xie/Desktop/learn/carpole/cartplole/build/simulate': AMENT_PREFIX_PATH=/home/xie/Desktop/learn/carpole/cartplole/install/interface:${AMENT_PREFIX_PATH} CMAKE_PREFIX_PATH=/home/xie/Desktop/learn/carpole/cartplole/install/interface:/usr/local:/opt/ros/humble LD_LIBRARY_PATH=/home/xie/Desktop/learn/carpole/cartplole/install/interface/lib:${LD_LIBRARY_PATH} PYTHONPATH=/home/xie/Desktop/learn/carpole/cartplole/install/interface/local/lib/python3.10/dist-packages:${PYTHONPATH} /usr/bin/cmake --build /home/xie/Desktop/learn/carpole/cartplole/build/simulate -- -j20 -l20
[3.690s] DEBUG:colcon.colcon_core.event_handler.log_command:Invoked command in '/home/xie/Desktop/learn/carpole/cartplole/build/control' returned '0': AMENT_PREFIX_PATH=/home/xie/Desktop/learn/carpole/cartplole/install/interface:${AMENT_PREFIX_PATH} CMAKE_PREFIX_PATH=/home/xie/Desktop/learn/carpole/cartplole/install/interface:/usr/local:/opt/ros/humble LD_LIBRARY_PATH=/home/xie/Desktop/learn/carpole/cartplole/install/interface/lib:${LD_LIBRARY_PATH} PYTHONPATH=/home/xie/Desktop/learn/carpole/cartplole/install/interface/local/lib/python3.10/dist-packages:${PYTHONPATH} /usr/bin/cmake /home/xie/Desktop/learn/carpole/cartplole/src/control -DCMAKE_INSTALL_PREFIX=/home/xie/Desktop/learn/carpole/cartplole/install/control
[3.693s] DEBUG:colcon.colcon_core.event_handler.log_command:Invoking command in '/home/xie/Desktop/learn/carpole/cartplole/build/control': AMENT_PREFIX_PATH=/home/xie/Desktop/learn/carpole/cartplole/install/interface:${AMENT_PREFIX_PATH} CMAKE_PREFIX_PATH=/home/xie/Desktop/learn/carpole/cartplole/install/interface:/usr/local:/opt/ros/humble LD_LIBRARY_PATH=/home/xie/Desktop/learn/carpole/cartplole/install/interface/lib:${LD_LIBRARY_PATH} PYTHONPATH=/home/xie/Desktop/learn/carpole/cartplole/install/interface/local/lib/python3.10/dist-packages:${PYTHONPATH} /usr/bin/cmake --build /home/xie/Desktop/learn/carpole/cartplole/build/control -- -j20 -l20
[9.407s] DEBUG:colcon.colcon_core.event_handler.log_command:Invoked command in '/home/xie/Desktop/learn/carpole/cartplole/build/simulate' returned '0': AMENT_PREFIX_PATH=/home/xie/Desktop/learn/carpole/cartplole/install/interface:${AMENT_PREFIX_PATH} CMAKE_PREFIX_PATH=/home/xie/Desktop/learn/carpole/cartplole/install/interface:/usr/local:/opt/ros/humble LD_LIBRARY_PATH=/home/xie/Desktop/learn/carpole/cartplole/install/interface/lib:${LD_LIBRARY_PATH} PYTHONPATH=/home/xie/Desktop/learn/carpole/cartplole/install/interface/local/lib/python3.10/dist-packages:${PYTHONPATH} /usr/bin/cmake --build /home/xie/Desktop/learn/carpole/cartplole/build/simulate -- -j20 -l20
[9.425s] DEBUG:colcon.colcon_core.event_handler.log_command:Invoking command in '/home/xie/Desktop/learn/carpole/cartplole/build/simulate': AMENT_PREFIX_PATH=/home/xie/Desktop/learn/carpole/cartplole/install/interface:${AMENT_PREFIX_PATH} CMAKE_PREFIX_PATH=/home/xie/Desktop/learn/carpole/cartplole/install/interface:/usr/local:/opt/ros/humble LD_LIBRARY_PATH=/home/xie/Desktop/learn/carpole/cartplole/install/interface/lib:${LD_LIBRARY_PATH} PYTHONPATH=/home/xie/Desktop/learn/carpole/cartplole/install/interface/local/lib/python3.10/dist-packages:${PYTHONPATH} /usr/bin/cmake --install /home/xie/Desktop/learn/carpole/cartplole/build/simulate
[9.432s] Level 1:colcon.colcon_core.environment:create_environment_scripts_only(simulate)
[9.432s] DEBUG:colcon.colcon_core.event_handler.log_command:Invoked command in '/home/xie/Desktop/learn/carpole/cartplole/build/simulate' returned '0': AMENT_PREFIX_PATH=/home/xie/Desktop/learn/carpole/cartplole/install/interface:${AMENT_PREFIX_PATH} CMAKE_PREFIX_PATH=/home/xie/Desktop/learn/carpole/cartplole/install/interface:/usr/local:/opt/ros/humble LD_LIBRARY_PATH=/home/xie/Desktop/learn/carpole/cartplole/install/interface/lib:${LD_LIBRARY_PATH} PYTHONPATH=/home/xie/Desktop/learn/carpole/cartplole/install/interface/local/lib/python3.10/dist-packages:${PYTHONPATH} /usr/bin/cmake --install /home/xie/Desktop/learn/carpole/cartplole/build/simulate
[9.438s] Level 1:colcon.colcon_core.environment:checking '/home/xie/Desktop/learn/carpole/cartplole/install/simulate' for CMake module files
[9.438s] Level 1:colcon.colcon_core.environment:checking '/home/xie/Desktop/learn/carpole/cartplole/install/simulate' for CMake config files
[9.439s] Level 1:colcon.colcon_core.shell:create_environment_hook('simulate', 'cmake_prefix_path')
[9.444s] INFO:colcon.colcon_core.shell:Creating environment hook '/home/xie/Desktop/learn/carpole/cartplole/install/simulate/share/simulate/hook/cmake_prefix_path.ps1'
[9.444s] INFO:colcon.colcon_core.shell:Creating environment descriptor '/home/xie/Desktop/learn/carpole/cartplole/install/simulate/share/simulate/hook/cmake_prefix_path.dsv'
[9.444s] INFO:colcon.colcon_core.shell:Creating environment hook '/home/xie/Desktop/learn/carpole/cartplole/install/simulate/share/simulate/hook/cmake_prefix_path.sh'
[9.445s] Level 1:colcon.colcon_core.environment:checking '/home/xie/Desktop/learn/carpole/cartplole/install/simulate/lib'
[9.445s] Level 1:colcon.colcon_core.environment:checking '/home/xie/Desktop/learn/carpole/cartplole/install/simulate/bin'
[9.445s] Level 1:colcon.colcon_core.environment:checking '/home/xie/Desktop/learn/carpole/cartplole/install/simulate/lib/pkgconfig/simulate.pc'
[9.445s] Level 1:colcon.colcon_core.environment:checking '/home/xie/Desktop/learn/carpole/cartplole/install/simulate/lib/python3.10/site-packages'
[9.445s] Level 1:colcon.colcon_core.environment:checking '/home/xie/Desktop/learn/carpole/cartplole/install/simulate/bin'
[9.451s] INFO:colcon.colcon_core.shell:Creating package script '/home/xie/Desktop/learn/carpole/cartplole/install/simulate/share/simulate/package.ps1'
[9.451s] INFO:colcon.colcon_core.shell:Creating package descriptor '/home/xie/Desktop/learn/carpole/cartplole/install/simulate/share/simulate/package.dsv'
[9.451s] INFO:colcon.colcon_core.shell:Creating package script '/home/xie/Desktop/learn/carpole/cartplole/install/simulate/share/simulate/package.sh'
[9.451s] INFO:colcon.colcon_core.shell:Creating package script '/home/xie/Desktop/learn/carpole/cartplole/install/simulate/share/simulate/package.bash'
[9.452s] INFO:colcon.colcon_core.shell:Creating package script '/home/xie/Desktop/learn/carpole/cartplole/install/simulate/share/simulate/package.zsh'
[9.452s] Level 1:colcon.colcon_core.environment:create_file_with_runtime_dependencies(/home/xie/Desktop/learn/carpole/cartplole/install/simulate/share/colcon-core/packages/simulate)
[9.475s] Level 1:colcon.colcon_core.environment:create_environment_scripts_only(simulate)
[9.480s] Level 1:colcon.colcon_core.environment:checking '/home/xie/Desktop/learn/carpole/cartplole/install/simulate' for CMake module files
[9.480s] Level 1:colcon.colcon_core.environment:checking '/home/xie/Desktop/learn/carpole/cartplole/install/simulate' for CMake config files
[9.480s] Level 1:colcon.colcon_core.shell:create_environment_hook('simulate', 'cmake_prefix_path')
[9.486s] INFO:colcon.colcon_core.shell:Creating environment hook '/home/xie/Desktop/learn/carpole/cartplole/install/simulate/share/simulate/hook/cmake_prefix_path.ps1'
[9.486s] INFO:colcon.colcon_core.shell:Creating environment descriptor '/home/xie/Desktop/learn/carpole/cartplole/install/simulate/share/simulate/hook/cmake_prefix_path.dsv'
[9.486s] INFO:colcon.colcon_core.shell:Creating environment hook '/home/xie/Desktop/learn/carpole/cartplole/install/simulate/share/simulate/hook/cmake_prefix_path.sh'
[9.486s] Level 1:colcon.colcon_core.environment:checking '/home/xie/Desktop/learn/carpole/cartplole/install/simulate/lib'
[9.486s] Level 1:colcon.colcon_core.environment:checking '/home/xie/Desktop/learn/carpole/cartplole/install/simulate/bin'
[9.486s] Level 1:colcon.colcon_core.environment:checking '/home/xie/Desktop/learn/carpole/cartplole/install/simulate/lib/pkgconfig/simulate.pc'
[9.487s] Level 1:colcon.colcon_core.environment:checking '/home/xie/Desktop/learn/carpole/cartplole/install/simulate/lib/python3.10/site-packages'
[9.487s] Level 1:colcon.colcon_core.environment:checking '/home/xie/Desktop/learn/carpole/cartplole/install/simulate/bin'
[9.492s] INFO:colcon.colcon_core.shell:Creating package script '/home/xie/Desktop/learn/carpole/cartplole/install/simulate/share/simulate/package.ps1'
[9.492s] INFO:colcon.colcon_core.shell:Creating package descriptor '/home/xie/Desktop/learn/carpole/cartplole/install/simulate/share/simulate/package.dsv'
[9.492s] INFO:colcon.colcon_core.shell:Creating package script '/home/xie/Desktop/learn/carpole/cartplole/install/simulate/share/simulate/package.sh'
[9.493s] INFO:colcon.colcon_core.shell:Creating package script '/home/xie/Desktop/learn/carpole/cartplole/install/simulate/share/simulate/package.bash'
[9.493s] INFO:colcon.colcon_core.shell:Creating package script '/home/xie/Desktop/learn/carpole/cartplole/install/simulate/share/simulate/package.zsh'
[9.493s] Level 1:colcon.colcon_core.environment:create_file_with_runtime_dependencies(/home/xie/Desktop/learn/carpole/cartplole/install/simulate/share/colcon-core/packages/simulate)
[9.962s] DEBUG:colcon.colcon_core.event_handler.log_command:Invoked command in '/home/xie/Desktop/learn/carpole/cartplole/build/control' returned '0': AMENT_PREFIX_PATH=/home/xie/Desktop/learn/carpole/cartplole/install/interface:${AMENT_PREFIX_PATH} CMAKE_PREFIX_PATH=/home/xie/Desktop/learn/carpole/cartplole/install/interface:/usr/local:/opt/ros/humble LD_LIBRARY_PATH=/home/xie/Desktop/learn/carpole/cartplole/install/interface/lib:${LD_LIBRARY_PATH} PYTHONPATH=/home/xie/Desktop/learn/carpole/cartplole/install/interface/local/lib/python3.10/dist-packages:${PYTHONPATH} /usr/bin/cmake --build /home/xie/Desktop/learn/carpole/cartplole/build/control -- -j20 -l20
[9.978s] DEBUG:colcon.colcon_core.event_handler.log_command:Invoking command in '/home/xie/Desktop/learn/carpole/cartplole/build/control': AMENT_PREFIX_PATH=/home/xie/Desktop/learn/carpole/cartplole/install/interface:${AMENT_PREFIX_PATH} CMAKE_PREFIX_PATH=/home/xie/Desktop/learn/carpole/cartplole/install/interface:/usr/local:/opt/ros/humble LD_LIBRARY_PATH=/home/xie/Desktop/learn/carpole/cartplole/install/interface/lib:${LD_LIBRARY_PATH} PYTHONPATH=/home/xie/Desktop/learn/carpole/cartplole/install/interface/local/lib/python3.10/dist-packages:${PYTHONPATH} /usr/bin/cmake --install /home/xie/Desktop/learn/carpole/cartplole/build/control
[9.984s] Level 1:colcon.colcon_core.environment:create_environment_scripts_only(control)
[9.984s] DEBUG:colcon.colcon_core.event_handler.log_command:Invoked command in '/home/xie/Desktop/learn/carpole/cartplole/build/control' returned '0': AMENT_PREFIX_PATH=/home/xie/Desktop/learn/carpole/cartplole/install/interface:${AMENT_PREFIX_PATH} CMAKE_PREFIX_PATH=/home/xie/Desktop/learn/carpole/cartplole/install/interface:/usr/local:/opt/ros/humble LD_LIBRARY_PATH=/home/xie/Desktop/learn/carpole/cartplole/install/interface/lib:${LD_LIBRARY_PATH} PYTHONPATH=/home/xie/Desktop/learn/carpole/cartplole/install/interface/local/lib/python3.10/dist-packages:${PYTHONPATH} /usr/bin/cmake --install /home/xie/Desktop/learn/carpole/cartplole/build/control
[9.990s] Level 1:colcon.colcon_core.environment:checking '/home/xie/Desktop/learn/carpole/cartplole/install/control' for CMake module files
[9.990s] Level 1:colcon.colcon_core.environment:checking '/home/xie/Desktop/learn/carpole/cartplole/install/control' for CMake config files
[9.990s] Level 1:colcon.colcon_core.shell:create_environment_hook('control', 'cmake_prefix_path')
[9.996s] INFO:colcon.colcon_core.shell:Creating environment hook '/home/xie/Desktop/learn/carpole/cartplole/install/control/share/control/hook/cmake_prefix_path.ps1'
[9.996s] INFO:colcon.colcon_core.shell:Creating environment descriptor '/home/xie/Desktop/learn/carpole/cartplole/install/control/share/control/hook/cmake_prefix_path.dsv'
[9.996s] INFO:colcon.colcon_core.shell:Creating environment hook '/home/xie/Desktop/learn/carpole/cartplole/install/control/share/control/hook/cmake_prefix_path.sh'
[9.996s] Level 1:colcon.colcon_core.environment:checking '/home/xie/Desktop/learn/carpole/cartplole/install/control/lib'
[9.996s] Level 1:colcon.colcon_core.environment:checking '/home/xie/Desktop/learn/carpole/cartplole/install/control/bin'
[9.996s] Level 1:colcon.colcon_core.environment:checking '/home/xie/Desktop/learn/carpole/cartplole/install/control/lib/pkgconfig/control.pc'
[9.997s] Level 1:colcon.colcon_core.environment:checking '/home/xie/Desktop/learn/carpole/cartplole/install/control/lib/python3.10/site-packages'
[9.997s] Level 1:colcon.colcon_core.environment:checking '/home/xie/Desktop/learn/carpole/cartplole/install/control/bin'
[10.002s] INFO:colcon.colcon_core.shell:Creating package script '/home/xie/Desktop/learn/carpole/cartplole/install/control/share/control/package.ps1'
[10.002s] INFO:colcon.colcon_core.shell:Creating package descriptor '/home/xie/Desktop/learn/carpole/cartplole/install/control/share/control/package.dsv'
[10.002s] INFO:colcon.colcon_core.shell:Creating package script '/home/xie/Desktop/learn/carpole/cartplole/install/control/share/control/package.sh'
[10.002s] INFO:colcon.colcon_core.shell:Creating package script '/home/xie/Desktop/learn/carpole/cartplole/install/control/share/control/package.bash'
[10.003s] INFO:colcon.colcon_core.shell:Creating package script '/home/xie/Desktop/learn/carpole/cartplole/install/control/share/control/package.zsh'
[10.003s] Level 1:colcon.colcon_core.environment:create_file_with_runtime_dependencies(/home/xie/Desktop/learn/carpole/cartplole/install/control/share/colcon-core/packages/control)
[10.024s] Level 1:colcon.colcon_core.environment:create_environment_scripts_only(control)
[10.029s] Level 1:colcon.colcon_core.environment:checking '/home/xie/Desktop/learn/carpole/cartplole/install/control' for CMake module files
[10.030s] Level 1:colcon.colcon_core.environment:checking '/home/xie/Desktop/learn/carpole/cartplole/install/control' for CMake config files
[10.030s] Level 1:colcon.colcon_core.shell:create_environment_hook('control', 'cmake_prefix_path')
[10.035s] INFO:colcon.colcon_core.shell:Creating environment hook '/home/xie/Desktop/learn/carpole/cartplole/install/control/share/control/hook/cmake_prefix_path.ps1'
[10.035s] INFO:colcon.colcon_core.shell:Creating environment descriptor '/home/xie/Desktop/learn/carpole/cartplole/install/control/share/control/hook/cmake_prefix_path.dsv'
[10.035s] INFO:colcon.colcon_core.shell:Creating environment hook '/home/xie/Desktop/learn/carpole/cartplole/install/control/share/control/hook/cmake_prefix_path.sh'
[10.036s] Level 1:colcon.colcon_core.environment:checking '/home/xie/Desktop/learn/carpole/cartplole/install/control/lib'
[10.036s] Level 1:colcon.colcon_core.environment:checking '/home/xie/Desktop/learn/carpole/cartplole/install/control/bin'
[10.036s] Level 1:colcon.colcon_core.environment:checking '/home/xie/Desktop/learn/carpole/cartplole/install/control/lib/pkgconfig/control.pc'
[10.036s] Level 1:colcon.colcon_core.environment:checking '/home/xie/Desktop/learn/carpole/cartplole/install/control/lib/python3.10/site-packages'
[10.036s] Level 1:colcon.colcon_core.environment:checking '/home/xie/Desktop/learn/carpole/cartplole/install/control/bin'
[10.041s] INFO:colcon.colcon_core.shell:Creating package script '/home/xie/Desktop/learn/carpole/cartplole/install/control/share/control/package.ps1'
[10.042s] INFO:colcon.colcon_core.shell:Creating package descriptor '/home/xie/Desktop/learn/carpole/cartplole/install/control/share/control/package.dsv'
[10.042s] INFO:colcon.colcon_core.shell:Creating package script '/home/xie/Desktop/learn/carpole/cartplole/install/control/share/control/package.sh'
[10.042s] INFO:colcon.colcon_core.shell:Creating package script '/home/xie/Desktop/learn/carpole/cartplole/install/control/share/control/package.bash'
[10.042s] INFO:colcon.colcon_core.shell:Creating package script '/home/xie/Desktop/learn/carpole/cartplole/install/control/share/control/package.zsh'
[10.042s] Level 1:colcon.colcon_core.environment:create_file_with_runtime_dependencies(/home/xie/Desktop/learn/carpole/cartplole/install/control/share/colcon-core/packages/control)
[10.042s] DEBUG:colcon.colcon_parallel_executor.executor.parallel:closing loop
[10.042s] DEBUG:colcon.colcon_parallel_executor.executor.parallel:loop closed
[10.042s] DEBUG:colcon.colcon_parallel_executor.executor.parallel:run_until_complete finished with '0'
[10.043s] DEBUG:colcon.colcon_core.event_reactor:joining thread
[10.056s] INFO:colcon.colcon_core.plugin_system:Skipping extension 'colcon_notification.desktop_notification.terminal_notifier': Not used on non-Darwin systems
[10.056s] INFO:colcon.colcon_core.plugin_system:Skipping extension 'colcon_notification.desktop_notification.win32': Not used on non-Windows systems
[10.056s] INFO:colcon.colcon_notification.desktop_notification:Sending desktop notification using 'notify2'
[10.069s] DEBUG:colcon.colcon_core.event_reactor:joined thread
[10.074s] INFO:colcon.colcon_core.shell:Creating prefix script '/home/xie/Desktop/learn/carpole/cartplole/install/local_setup.ps1'
[10.075s] INFO:colcon.colcon_core.shell:Creating prefix util module '/home/xie/Desktop/learn/carpole/cartplole/install/_local_setup_util_ps1.py'
[10.075s] INFO:colcon.colcon_core.shell:Creating prefix chain script '/home/xie/Desktop/learn/carpole/cartplole/install/setup.ps1'
[10.081s] INFO:colcon.colcon_core.shell:Creating prefix script '/home/xie/Desktop/learn/carpole/cartplole/install/local_setup.sh'
[10.082s] INFO:colcon.colcon_core.shell:Creating prefix util module '/home/xie/Desktop/learn/carpole/cartplole/install/_local_setup_util_sh.py'
[10.082s] INFO:colcon.colcon_core.shell:Creating prefix chain script '/home/xie/Desktop/learn/carpole/cartplole/install/setup.sh'
[10.087s] INFO:colcon.colcon_core.shell:Creating prefix script '/home/xie/Desktop/learn/carpole/cartplole/install/local_setup.bash'
[10.087s] INFO:colcon.colcon_core.shell:Creating prefix chain script '/home/xie/Desktop/learn/carpole/cartplole/install/setup.bash'
[10.093s] INFO:colcon.colcon_core.shell:Creating prefix script '/home/xie/Desktop/learn/carpole/cartplole/install/local_setup.zsh'
[10.093s] INFO:colcon.colcon_core.shell:Creating prefix chain script '/home/xie/Desktop/learn/carpole/cartplole/install/setup.zsh'
