[0.033s] Invoking command in '/home/xie/Desktop/learn/carpole/cartplole/build/simulate': CMAKE_PREFIX_PATH=/home/xie/Desktop/learn/carpole/cartplole/install/interface:/home/xie/Desktop/learn/carpole/cartplole/install/simulate:/home/xie/Desktop/learn/carpole/cartplole/install/manage:/home/xie/Desktop/learn/carpole/cartplole/install/control:/usr/local:/usr/local:/opt/ros/humble /usr/bin/cmake --build /home/xie/Desktop/learn/carpole/cartplole/build/simulate -- -j20 -l20
[0.056s] [35m[1mConsolidate compiler generated dependencies of target simulate_node[0m
[0.069s] [100%] Built target simulate_node
[0.076s] Invoked command in '/home/xie/Desktop/learn/carpole/cartplole/build/simulate' returned '0': CMAKE_PREFIX_PATH=/home/xie/Desktop/learn/carpole/cartplole/install/interface:/home/xie/Desktop/learn/carpole/cartplole/install/simulate:/home/xie/Desktop/learn/carpole/cartplole/install/manage:/home/xie/Desktop/learn/carpole/cartplole/install/control:/usr/local:/usr/local:/opt/ros/humble /usr/bin/cmake --build /home/xie/Desktop/learn/carpole/cartplole/build/simulate -- -j20 -l20
[0.096s] Invoking command in '/home/xie/Desktop/learn/carpole/cartplole/build/simulate': CMAKE_PREFIX_PATH=/home/xie/Desktop/learn/carpole/cartplole/install/interface:/home/xie/Desktop/learn/carpole/cartplole/install/simulate:/home/xie/Desktop/learn/carpole/cartplole/install/manage:/home/xie/Desktop/learn/carpole/cartplole/install/control:/usr/local:/usr/local:/opt/ros/humble /usr/bin/cmake --install /home/xie/Desktop/learn/carpole/cartplole/build/simulate
[0.100s] -- Install configuration: "Release"
[0.100s] -- Up-to-date: /home/xie/Desktop/learn/carpole/cartplole/install/simulate/lib/simulate/simulate_node
[0.100s] -- Up-to-date: /home/xie/Desktop/learn/carpole/cartplole/install/simulate/share/ament_index/resource_index/package_run_dependencies/simulate
[0.101s] -- Up-to-date: /home/xie/Desktop/learn/carpole/cartplole/install/simulate/share/ament_index/resource_index/parent_prefix_path/simulate
[0.101s] -- Up-to-date: /home/xie/Desktop/learn/carpole/cartplole/install/simulate/share/simulate/environment/ament_prefix_path.sh
[0.101s] -- Up-to-date: /home/xie/Desktop/learn/carpole/cartplole/install/simulate/share/simulate/environment/ament_prefix_path.dsv
[0.101s] -- Up-to-date: /home/xie/Desktop/learn/carpole/cartplole/install/simulate/share/simulate/environment/path.sh
[0.101s] -- Up-to-date: /home/xie/Desktop/learn/carpole/cartplole/install/simulate/share/simulate/environment/path.dsv
[0.101s] -- Up-to-date: /home/xie/Desktop/learn/carpole/cartplole/install/simulate/share/simulate/local_setup.bash
[0.101s] -- Up-to-date: /home/xie/Desktop/learn/carpole/cartplole/install/simulate/share/simulate/local_setup.sh
[0.101s] -- Up-to-date: /home/xie/Desktop/learn/carpole/cartplole/install/simulate/share/simulate/local_setup.zsh
[0.101s] -- Up-to-date: /home/xie/Desktop/learn/carpole/cartplole/install/simulate/share/simulate/local_setup.dsv
[0.101s] -- Installing: /home/xie/Desktop/learn/carpole/cartplole/install/simulate/share/simulate/package.dsv
[0.101s] -- Up-to-date: /home/xie/Desktop/learn/carpole/cartplole/install/simulate/share/ament_index/resource_index/packages/simulate
[0.102s] -- Up-to-date: /home/xie/Desktop/learn/carpole/cartplole/install/simulate/share/simulate/cmake/simulateConfig.cmake
[0.102s] -- Up-to-date: /home/xie/Desktop/learn/carpole/cartplole/install/simulate/share/simulate/cmake/simulateConfig-version.cmake
[0.102s] -- Up-to-date: /home/xie/Desktop/learn/carpole/cartplole/install/simulate/share/simulate/package.xml
[0.102s] Invoked command in '/home/xie/Desktop/learn/carpole/cartplole/build/simulate' returned '0': CMAKE_PREFIX_PATH=/home/xie/Desktop/learn/carpole/cartplole/install/interface:/home/xie/Desktop/learn/carpole/cartplole/install/simulate:/home/xie/Desktop/learn/carpole/cartplole/install/manage:/home/xie/Desktop/learn/carpole/cartplole/install/control:/usr/local:/usr/local:/opt/ros/humble /usr/bin/cmake --install /home/xie/Desktop/learn/carpole/cartplole/build/simulate
