[0.037s] Invoking command in '/home/xie/Desktop/learn/carpole/cartplole/build/interface': CMAKE_PREFIX_PATH=${CMAKE_PREFIX_PATH}:/opt/ros/humble /usr/bin/cmake /home/xie/Desktop/learn/carpole/cartplole/src/interface -DCMAKE_INSTALL_PREFIX=/home/xie/Desktop/learn/carpole/cartplole/install/interface
[0.065s] -- The C compiler identification is GNU 11.4.0
[0.094s] -- The CXX compiler identification is GNU 11.4.0
[0.098s] -- Detecting C compiler ABI info
[0.133s] -- Detecting C compiler ABI info - done
[0.136s] -- Check for working C compiler: /usr/bin/cc - skipped
[0.136s] -- Detecting C compile features
[0.137s] -- Detecting C compile features - done
[0.138s] -- Detecting CXX compiler ABI info
[0.178s] -- Detecting CXX compiler ABI info - done
[0.182s] -- Check for working CXX compiler: /usr/bin/c++ - skipped
[0.182s] -- Detecting CXX compile features
[0.182s] -- Detecting CXX compile features - done
[0.188s] -- Found ament_cmake: 1.3.6 (/opt/ros/humble/share/ament_cmake/cmake)
[0.276s] -- Found Python3: /usr/bin/python3.10 (found version "3.10.12") found components: Interpreter 
[0.320s] -- Found ament_lint_auto: 0.12.9 (/opt/ros/humble/share/ament_lint_auto/cmake)
[0.361s] -- Found rosidl_default_generators: 1.2.0 (/opt/ros/humble/share/rosidl_default_generators/cmake)
[0.363s] -- Using all available rosidl_typesupport_c: rosidl_typesupport_fastrtps_c;rosidl_typesupport_introspection_c
[0.369s] -- Found rosidl_adapter: 3.1.5 (/opt/ros/humble/share/rosidl_adapter/cmake)
[0.392s] -- Using all available rosidl_typesupport_cpp: rosidl_typesupport_fastrtps_cpp;rosidl_typesupport_introspection_cpp
[0.511s] -- Found ament_cmake_ros: 0.10.0 (/opt/ros/humble/share/ament_cmake_ros/cmake)
[0.609s] -- Using all available rosidl_typesupport_c: rosidl_typesupport_fastrtps_c;rosidl_typesupport_introspection_c
[0.729s] -- Using all available rosidl_typesupport_cpp: rosidl_typesupport_fastrtps_cpp;rosidl_typesupport_introspection_cpp
[0.741s] -- Found PythonInterp: /usr/bin/python3 (found suitable version "3.10.12", minimum required is "3.6") 
[0.742s] -- Found python_cmake_module: 0.10.0 (/opt/ros/humble/share/python_cmake_module/cmake)
[0.757s] -- Found PythonLibs: /usr/lib/x86_64-linux-gnu/libpython3.10.so (found suitable version "3.10.12", minimum required is "3.5") 
[0.757s] -- Using PYTHON_EXECUTABLE: /usr/bin/python3
[0.757s] -- Using PYTHON_INCLUDE_DIRS: /usr/include/python3.10
[0.757s] -- Using PYTHON_LIBRARIES: /usr/lib/x86_64-linux-gnu/libpython3.10.so
[0.767s] -- Found PythonExtra: .so  
[0.788s] -- Added test 'lint_cmake' to check CMake code style
[0.789s] -- Added test 'xmllint' to check XML markup files
[0.793s] -- Configuring done
[0.805s] -- Generating done
[0.806s] -- Build files have been written to: /home/xie/Desktop/learn/carpole/cartplole/build/interface
[0.811s] Invoked command in '/home/xie/Desktop/learn/carpole/cartplole/build/interface' returned '0': CMAKE_PREFIX_PATH=${CMAKE_PREFIX_PATH}:/opt/ros/humble /usr/bin/cmake /home/xie/Desktop/learn/carpole/cartplole/src/interface -DCMAKE_INSTALL_PREFIX=/home/xie/Desktop/learn/carpole/cartplole/install/interface
[0.811s] Invoking command in '/home/xie/Desktop/learn/carpole/cartplole/build/interface': CMAKE_PREFIX_PATH=${CMAKE_PREFIX_PATH}:/opt/ros/humble /usr/bin/cmake --build /home/xie/Desktop/learn/carpole/cartplole/build/interface -- -j20 -l20
[0.830s] [  2%] [34m[1mGenerating C code for ROS interfaces[0m
[0.835s] [  5%] [34m[1mGenerating C++ code for ROS interfaces[0m
[0.839s] [  5%] Built target ament_cmake_python_copy_interface
[0.948s] running egg_info
[0.948s] creating interface.egg-info
[0.948s] writing interface.egg-info/PKG-INFO
[0.948s] writing dependency_links to interface.egg-info/dependency_links.txt
[0.948s] writing top-level names to interface.egg-info/top_level.txt
[0.948s] writing manifest file 'interface.egg-info/SOURCES.txt'
[0.949s] reading manifest file 'interface.egg-info/SOURCES.txt'
[0.949s] writing manifest file 'interface.egg-info/SOURCES.txt'
[0.964s] [  5%] Built target ament_cmake_python_build_interface_egg
[0.971s] [  5%] Built target interface__cpp
[0.976s] [ 10%] [34m[1mGenerating C++ introspection for ROS interfaces[0m
[0.976s] [ 10%] [34m[1mGenerating C++ type support dispatch for ROS interfaces[0m
[0.976s] [ 12%] [34m[1mGenerating C++ type support for eProsima Fast-RTPS[0m
[0.978s] [ 17%] [32mBuilding C object CMakeFiles/interface__rosidl_generator_c.dir/rosidl_generator_c/interface/msg/detail/torque__functions.c.o[0m
[0.978s] [ 17%] [32mBuilding C object CMakeFiles/interface__rosidl_generator_c.dir/rosidl_generator_c/interface/msg/detail/state__functions.c.o[0m
[1.001s] [ 20%] [32m[1mLinking C shared library libinterface__rosidl_generator_c.so[0m
[1.020s] [ 20%] Built target interface__rosidl_generator_c
[1.025s] [ 28%] [34m[1mGenerating C type support for eProsima Fast-RTPS[0m
[1.025s] [ 28%] [34m[1mGenerating C type support dispatch for ROS interfaces[0m
[1.025s] [ 28%] [34m[1mGenerating C introspection for ROS interfaces[0m
[1.095s] [ 30%] [32mBuilding CXX object CMakeFiles/interface__rosidl_typesupport_cpp.dir/rosidl_typesupport_cpp/interface/msg/state__type_support.cpp.o[0m
[1.097s] [ 33%] [32mBuilding CXX object CMakeFiles/interface__rosidl_typesupport_cpp.dir/rosidl_typesupport_cpp/interface/msg/torque__type_support.cpp.o[0m
[1.104s] [ 38%] [32mBuilding CXX object CMakeFiles/interface__rosidl_typesupport_introspection_cpp.dir/rosidl_typesupport_introspection_cpp/interface/msg/detail/torque__type_support.cpp.o[0m
[1.104s] [ 38%] [32mBuilding CXX object CMakeFiles/interface__rosidl_typesupport_introspection_cpp.dir/rosidl_typesupport_introspection_cpp/interface/msg/detail/state__type_support.cpp.o[0m
[1.117s] [ 43%] [32mBuilding CXX object CMakeFiles/interface__rosidl_typesupport_fastrtps_cpp.dir/rosidl_typesupport_fastrtps_cpp/interface/msg/detail/dds_fastrtps/state__type_support.cpp.o[0m
[1.117s] [ 43%] [32mBuilding CXX object CMakeFiles/interface__rosidl_typesupport_fastrtps_cpp.dir/rosidl_typesupport_fastrtps_cpp/interface/msg/detail/dds_fastrtps/torque__type_support.cpp.o[0m
[1.146s] [ 46%] [32mBuilding CXX object CMakeFiles/interface__rosidl_typesupport_c.dir/rosidl_typesupport_c/interface/msg/state__type_support.cpp.o[0m
[1.146s] [ 48%] [32mBuilding CXX object CMakeFiles/interface__rosidl_typesupport_c.dir/rosidl_typesupport_c/interface/msg/torque__type_support.cpp.o[0m
[1.162s] [ 51%] [32m[1mLinking CXX shared library libinterface__rosidl_typesupport_c.so[0m
[1.164s] [ 53%] [32mBuilding CXX object CMakeFiles/interface__rosidl_typesupport_fastrtps_c.dir/rosidl_typesupport_fastrtps_c/interface/msg/detail/state__type_support_c.cpp.o[0m
[1.165s] [ 56%] [32mBuilding CXX object CMakeFiles/interface__rosidl_typesupport_fastrtps_c.dir/rosidl_typesupport_fastrtps_c/interface/msg/detail/torque__type_support_c.cpp.o[0m
[1.171s] [ 58%] [32mBuilding C object CMakeFiles/interface__rosidl_typesupport_introspection_c.dir/rosidl_typesupport_introspection_c/interface/msg/detail/state__type_support.c.o[0m
[1.174s] [ 61%] [32mBuilding C object CMakeFiles/interface__rosidl_typesupport_introspection_c.dir/rosidl_typesupport_introspection_c/interface/msg/detail/torque__type_support.c.o[0m
[1.183s] [ 61%] Built target interface__rosidl_typesupport_c
[1.199s] [ 64%] [32m[1mLinking C shared library libinterface__rosidl_typesupport_introspection_c.so[0m
[1.215s] [ 64%] Built target interface__rosidl_typesupport_introspection_c
[1.296s] [ 66%] [32m[1mLinking CXX shared library libinterface__rosidl_typesupport_cpp.so[0m
[1.315s] [ 69%] [32m[1mLinking CXX shared library libinterface__rosidl_typesupport_introspection_cpp.so[0m
[1.318s] [ 69%] Built target interface__rosidl_typesupport_cpp
[1.337s] [ 69%] Built target interface__rosidl_typesupport_introspection_cpp
[1.349s] [ 71%] [32m[1mLinking CXX shared library libinterface__rosidl_typesupport_fastrtps_c.so[0m
[1.376s] [ 74%] [32m[1mLinking CXX shared library libinterface__rosidl_typesupport_fastrtps_cpp.so[0m
[1.387s] [ 74%] Built target interface__rosidl_typesupport_fastrtps_c
[1.413s] [ 74%] Built target interface__rosidl_typesupport_fastrtps_cpp
[1.423s] [ 74%] Built target interface
[1.433s] [ 76%] [34m[1mGenerating Python code for ROS interfaces[0m
[1.601s] [ 76%] Built target interface__py
[1.611s] [ 79%] [32mBuilding C object CMakeFiles/interface__rosidl_generator_py.dir/rosidl_generator_py/interface/msg/_state_s.c.o[0m
[1.611s] [ 82%] [32mBuilding C object CMakeFiles/interface__rosidl_generator_py.dir/rosidl_generator_py/interface/msg/_torque_s.c.o[0m
[1.658s] [ 84%] [32m[1mLinking C shared library rosidl_generator_py/interface/libinterface__rosidl_generator_py.so[0m
[1.678s] [ 84%] Built target interface__rosidl_generator_py
[1.688s] [ 89%] [32mBuilding C object CMakeFiles/interface__rosidl_typesupport_introspection_c__pyext.dir/rosidl_generator_py/interface/_interface_s.ep.rosidl_typesupport_introspection_c.c.o[0m
[1.689s] [ 87%] [32mBuilding C object CMakeFiles/interface__rosidl_typesupport_fastrtps_c__pyext.dir/rosidl_generator_py/interface/_interface_s.ep.rosidl_typesupport_fastrtps_c.c.o[0m
[1.689s] [ 92%] [32mBuilding C object CMakeFiles/interface__rosidl_typesupport_c__pyext.dir/rosidl_generator_py/interface/_interface_s.ep.rosidl_typesupport_c.c.o[0m
[1.733s] [ 94%] [32m[1mLinking C shared library rosidl_generator_py/interface/interface_s__rosidl_typesupport_c.cpython-310-x86_64-linux-gnu.so[0m
[1.733s] [100%] [32m[1mLinking C shared library rosidl_generator_py/interface/interface_s__rosidl_typesupport_introspection_c.cpython-310-x86_64-linux-gnu.so[0m
[1.733s] [100%] [32m[1mLinking C shared library rosidl_generator_py/interface/interface_s__rosidl_typesupport_fastrtps_c.cpython-310-x86_64-linux-gnu.so[0m
[1.750s] [100%] Built target interface__rosidl_typesupport_introspection_c__pyext
[1.750s] [100%] Built target interface__rosidl_typesupport_fastrtps_c__pyext
[1.752s] [100%] Built target interface__rosidl_typesupport_c__pyext
[1.758s] Invoked command in '/home/xie/Desktop/learn/carpole/cartplole/build/interface' returned '0': CMAKE_PREFIX_PATH=${CMAKE_PREFIX_PATH}:/opt/ros/humble /usr/bin/cmake --build /home/xie/Desktop/learn/carpole/cartplole/build/interface -- -j20 -l20
[1.792s] Invoking command in '/home/xie/Desktop/learn/carpole/cartplole/build/interface': CMAKE_PREFIX_PATH=${CMAKE_PREFIX_PATH}:/opt/ros/humble /usr/bin/cmake --install /home/xie/Desktop/learn/carpole/cartplole/build/interface
[1.796s] -- Install configuration: ""
[1.796s] -- Installing: /home/xie/Desktop/learn/carpole/cartplole/install/interface/share/ament_index/resource_index/rosidl_interfaces/interface
[1.796s] -- Installing: /home/xie/Desktop/learn/carpole/cartplole/install/interface/include/interface/interface
[1.796s] -- Installing: /home/xie/Desktop/learn/carpole/cartplole/install/interface/include/interface/interface/msg
[1.796s] -- Installing: /home/xie/Desktop/learn/carpole/cartplole/install/interface/include/interface/interface/msg/state.h
[1.796s] -- Installing: /home/xie/Desktop/learn/carpole/cartplole/install/interface/include/interface/interface/msg/torque.h
[1.796s] -- Installing: /home/xie/Desktop/learn/carpole/cartplole/install/interface/include/interface/interface/msg/detail
[1.796s] -- Installing: /home/xie/Desktop/learn/carpole/cartplole/install/interface/include/interface/interface/msg/detail/state__functions.h
[1.796s] -- Installing: /home/xie/Desktop/learn/carpole/cartplole/install/interface/include/interface/interface/msg/detail/state__struct.h
[1.796s] -- Installing: /home/xie/Desktop/learn/carpole/cartplole/install/interface/include/interface/interface/msg/detail/torque__struct.h
[1.796s] -- Installing: /home/xie/Desktop/learn/carpole/cartplole/install/interface/include/interface/interface/msg/detail/torque__functions.c
[1.796s] -- Installing: /home/xie/Desktop/learn/carpole/cartplole/install/interface/include/interface/interface/msg/detail/state__functions.c
[1.796s] -- Installing: /home/xie/Desktop/learn/carpole/cartplole/install/interface/include/interface/interface/msg/detail/torque__type_support.h
[1.796s] -- Installing: /home/xie/Desktop/learn/carpole/cartplole/install/interface/include/interface/interface/msg/detail/torque__functions.h
[1.796s] -- Installing: /home/xie/Desktop/learn/carpole/cartplole/install/interface/include/interface/interface/msg/detail/state__type_support.h
[1.796s] -- Installing: /home/xie/Desktop/learn/carpole/cartplole/install/interface/include/interface/interface/msg/rosidl_generator_c__visibility_control.h
[1.796s] -- Installing: /home/xie/Desktop/learn/carpole/cartplole/install/interface/share/interface/environment/library_path.sh
[1.797s] -- Installing: /home/xie/Desktop/learn/carpole/cartplole/install/interface/share/interface/environment/library_path.dsv
[1.797s] -- Installing: /home/xie/Desktop/learn/carpole/cartplole/install/interface/lib/libinterface__rosidl_generator_c.so
[1.797s] -- Set runtime path of "/home/xie/Desktop/learn/carpole/cartplole/install/interface/lib/libinterface__rosidl_generator_c.so" to ""
[1.797s] -- Up-to-date: /home/xie/Desktop/learn/carpole/cartplole/install/interface/include/interface/interface
[1.797s] -- Up-to-date: /home/xie/Desktop/learn/carpole/cartplole/install/interface/include/interface/interface/msg
[1.797s] -- Up-to-date: /home/xie/Desktop/learn/carpole/cartplole/install/interface/include/interface/interface/msg/detail
[1.797s] -- Installing: /home/xie/Desktop/learn/carpole/cartplole/install/interface/include/interface/interface/msg/detail/state__rosidl_typesupport_fastrtps_c.h
[1.797s] -- Installing: /home/xie/Desktop/learn/carpole/cartplole/install/interface/include/interface/interface/msg/detail/torque__rosidl_typesupport_fastrtps_c.h
[1.797s] -- Installing: /home/xie/Desktop/learn/carpole/cartplole/install/interface/include/interface/interface/msg/rosidl_typesupport_fastrtps_c__visibility_control.h
[1.797s] -- Installing: /home/xie/Desktop/learn/carpole/cartplole/install/interface/lib/libinterface__rosidl_typesupport_fastrtps_c.so
[1.797s] -- Set runtime path of "/home/xie/Desktop/learn/carpole/cartplole/install/interface/lib/libinterface__rosidl_typesupport_fastrtps_c.so" to ""
[1.797s] -- Up-to-date: /home/xie/Desktop/learn/carpole/cartplole/install/interface/include/interface/interface
[1.797s] -- Up-to-date: /home/xie/Desktop/learn/carpole/cartplole/install/interface/include/interface/interface/msg
[1.797s] -- Installing: /home/xie/Desktop/learn/carpole/cartplole/install/interface/include/interface/interface/msg/rosidl_typesupport_introspection_c__visibility_control.h
[1.797s] -- Up-to-date: /home/xie/Desktop/learn/carpole/cartplole/install/interface/include/interface/interface/msg/detail
[1.797s] -- Installing: /home/xie/Desktop/learn/carpole/cartplole/install/interface/include/interface/interface/msg/detail/torque__type_support.c
[1.797s] -- Installing: /home/xie/Desktop/learn/carpole/cartplole/install/interface/include/interface/interface/msg/detail/state__rosidl_typesupport_introspection_c.h
[1.797s] -- Installing: /home/xie/Desktop/learn/carpole/cartplole/install/interface/include/interface/interface/msg/detail/state__type_support.c
[1.797s] -- Installing: /home/xie/Desktop/learn/carpole/cartplole/install/interface/include/interface/interface/msg/detail/torque__rosidl_typesupport_introspection_c.h
[1.797s] -- Installing: /home/xie/Desktop/learn/carpole/cartplole/install/interface/lib/libinterface__rosidl_typesupport_introspection_c.so
[1.797s] -- Set runtime path of "/home/xie/Desktop/learn/carpole/cartplole/install/interface/lib/libinterface__rosidl_typesupport_introspection_c.so" to ""
[1.797s] -- Installing: /home/xie/Desktop/learn/carpole/cartplole/install/interface/lib/libinterface__rosidl_typesupport_c.so
[1.797s] -- Set runtime path of "/home/xie/Desktop/learn/carpole/cartplole/install/interface/lib/libinterface__rosidl_typesupport_c.so" to ""
[1.797s] -- Up-to-date: /home/xie/Desktop/learn/carpole/cartplole/install/interface/include/interface/interface
[1.797s] -- Up-to-date: /home/xie/Desktop/learn/carpole/cartplole/install/interface/include/interface/interface/msg
[1.798s] -- Installing: /home/xie/Desktop/learn/carpole/cartplole/install/interface/include/interface/interface/msg/state.hpp
[1.798s] -- Up-to-date: /home/xie/Desktop/learn/carpole/cartplole/install/interface/include/interface/interface/msg/detail
[1.798s] -- Installing: /home/xie/Desktop/learn/carpole/cartplole/install/interface/include/interface/interface/msg/detail/torque__builder.hpp
[1.798s] -- Installing: /home/xie/Desktop/learn/carpole/cartplole/install/interface/include/interface/interface/msg/detail/state__struct.hpp
[1.798s] -- Installing: /home/xie/Desktop/learn/carpole/cartplole/install/interface/include/interface/interface/msg/detail/torque__struct.hpp
[1.798s] -- Installing: /home/xie/Desktop/learn/carpole/cartplole/install/interface/include/interface/interface/msg/detail/state__traits.hpp
[1.798s] -- Installing: /home/xie/Desktop/learn/carpole/cartplole/install/interface/include/interface/interface/msg/detail/torque__traits.hpp
[1.798s] -- Installing: /home/xie/Desktop/learn/carpole/cartplole/install/interface/include/interface/interface/msg/detail/state__builder.hpp
[1.798s] -- Installing: /home/xie/Desktop/learn/carpole/cartplole/install/interface/include/interface/interface/msg/torque.hpp
[1.798s] -- Up-to-date: /home/xie/Desktop/learn/carpole/cartplole/install/interface/include/interface/interface
[1.798s] -- Up-to-date: /home/xie/Desktop/learn/carpole/cartplole/install/interface/include/interface/interface/msg
[1.798s] -- Up-to-date: /home/xie/Desktop/learn/carpole/cartplole/install/interface/include/interface/interface/msg/detail
[1.798s] -- Installing: /home/xie/Desktop/learn/carpole/cartplole/install/interface/include/interface/interface/msg/detail/state__rosidl_typesupport_fastrtps_cpp.hpp
[1.798s] -- Installing: /home/xie/Desktop/learn/carpole/cartplole/install/interface/include/interface/interface/msg/detail/dds_fastrtps
[1.798s] -- Installing: /home/xie/Desktop/learn/carpole/cartplole/install/interface/include/interface/interface/msg/detail/torque__rosidl_typesupport_fastrtps_cpp.hpp
[1.798s] -- Installing: /home/xie/Desktop/learn/carpole/cartplole/install/interface/include/interface/interface/msg/rosidl_typesupport_fastrtps_cpp__visibility_control.h
[1.798s] -- Installing: /home/xie/Desktop/learn/carpole/cartplole/install/interface/lib/libinterface__rosidl_typesupport_fastrtps_cpp.so
[1.798s] -- Set runtime path of "/home/xie/Desktop/learn/carpole/cartplole/install/interface/lib/libinterface__rosidl_typesupport_fastrtps_cpp.so" to ""
[1.798s] -- Up-to-date: /home/xie/Desktop/learn/carpole/cartplole/install/interface/include/interface/interface
[1.798s] -- Up-to-date: /home/xie/Desktop/learn/carpole/cartplole/install/interface/include/interface/interface/msg
[1.798s] -- Up-to-date: /home/xie/Desktop/learn/carpole/cartplole/install/interface/include/interface/interface/msg/detail
[1.798s] -- Installing: /home/xie/Desktop/learn/carpole/cartplole/install/interface/include/interface/interface/msg/detail/torque__type_support.cpp
[1.798s] -- Installing: /home/xie/Desktop/learn/carpole/cartplole/install/interface/include/interface/interface/msg/detail/state__rosidl_typesupport_introspection_cpp.hpp
[1.798s] -- Installing: /home/xie/Desktop/learn/carpole/cartplole/install/interface/include/interface/interface/msg/detail/torque__rosidl_typesupport_introspection_cpp.hpp
[1.798s] -- Installing: /home/xie/Desktop/learn/carpole/cartplole/install/interface/include/interface/interface/msg/detail/state__type_support.cpp
[1.798s] -- Installing: /home/xie/Desktop/learn/carpole/cartplole/install/interface/lib/libinterface__rosidl_typesupport_introspection_cpp.so
[1.798s] -- Set runtime path of "/home/xie/Desktop/learn/carpole/cartplole/install/interface/lib/libinterface__rosidl_typesupport_introspection_cpp.so" to ""
[1.798s] -- Installing: /home/xie/Desktop/learn/carpole/cartplole/install/interface/lib/libinterface__rosidl_typesupport_cpp.so
[1.798s] -- Set runtime path of "/home/xie/Desktop/learn/carpole/cartplole/install/interface/lib/libinterface__rosidl_typesupport_cpp.so" to ""
[1.798s] -- Installing: /home/xie/Desktop/learn/carpole/cartplole/install/interface/share/interface/environment/pythonpath.sh
[1.799s] -- Installing: /home/xie/Desktop/learn/carpole/cartplole/install/interface/share/interface/environment/pythonpath.dsv
[1.799s] -- Installing: /home/xie/Desktop/learn/carpole/cartplole/install/interface/local/lib/python3.10/dist-packages/interface-0.0.0-py3.10.egg-info
[1.799s] -- Installing: /home/xie/Desktop/learn/carpole/cartplole/install/interface/local/lib/python3.10/dist-packages/interface-0.0.0-py3.10.egg-info/dependency_links.txt
[1.799s] -- Installing: /home/xie/Desktop/learn/carpole/cartplole/install/interface/local/lib/python3.10/dist-packages/interface-0.0.0-py3.10.egg-info/top_level.txt
[1.799s] -- Installing: /home/xie/Desktop/learn/carpole/cartplole/install/interface/local/lib/python3.10/dist-packages/interface-0.0.0-py3.10.egg-info/SOURCES.txt
[1.799s] -- Installing: /home/xie/Desktop/learn/carpole/cartplole/install/interface/local/lib/python3.10/dist-packages/interface-0.0.0-py3.10.egg-info/PKG-INFO
[1.799s] -- Installing: /home/xie/Desktop/learn/carpole/cartplole/install/interface/local/lib/python3.10/dist-packages/interface
[1.799s] -- Installing: /home/xie/Desktop/learn/carpole/cartplole/install/interface/local/lib/python3.10/dist-packages/interface/msg
[1.799s] -- Installing: /home/xie/Desktop/learn/carpole/cartplole/install/interface/local/lib/python3.10/dist-packages/interface/msg/_state_s.c
[1.799s] -- Installing: /home/xie/Desktop/learn/carpole/cartplole/install/interface/local/lib/python3.10/dist-packages/interface/msg/__init__.py
[1.799s] -- Installing: /home/xie/Desktop/learn/carpole/cartplole/install/interface/local/lib/python3.10/dist-packages/interface/msg/_torque.py
[1.799s] -- Installing: /home/xie/Desktop/learn/carpole/cartplole/install/interface/local/lib/python3.10/dist-packages/interface/msg/_torque_s.c
[1.799s] -- Installing: /home/xie/Desktop/learn/carpole/cartplole/install/interface/local/lib/python3.10/dist-packages/interface/msg/_state.py
[1.799s] -- Installing: /home/xie/Desktop/learn/carpole/cartplole/install/interface/local/lib/python3.10/dist-packages/interface/_interface_s.ep.rosidl_typesupport_fastrtps_c.c
[1.799s] -- Installing: /home/xie/Desktop/learn/carpole/cartplole/install/interface/local/lib/python3.10/dist-packages/interface/__init__.py
[1.799s] -- Installing: /home/xie/Desktop/learn/carpole/cartplole/install/interface/local/lib/python3.10/dist-packages/interface/_interface_s.ep.rosidl_typesupport_c.c
[1.799s] -- Installing: /home/xie/Desktop/learn/carpole/cartplole/install/interface/local/lib/python3.10/dist-packages/interface/interface_s__rosidl_typesupport_fastrtps_c.cpython-310-x86_64-linux-gnu.so
[1.799s] -- Installing: /home/xie/Desktop/learn/carpole/cartplole/install/interface/local/lib/python3.10/dist-packages/interface/libinterface__rosidl_generator_py.so
[1.799s] -- Installing: /home/xie/Desktop/learn/carpole/cartplole/install/interface/local/lib/python3.10/dist-packages/interface/interface_s__rosidl_typesupport_introspection_c.cpython-310-x86_64-linux-gnu.so
[1.799s] -- Installing: /home/xie/Desktop/learn/carpole/cartplole/install/interface/local/lib/python3.10/dist-packages/interface/interface_s__rosidl_typesupport_c.cpython-310-x86_64-linux-gnu.so
[1.799s] -- Installing: /home/xie/Desktop/learn/carpole/cartplole/install/interface/local/lib/python3.10/dist-packages/interface/_interface_s.ep.rosidl_typesupport_introspection_c.c
[1.817s] Listing '/home/xie/Desktop/learn/carpole/cartplole/install/interface/local/lib/python3.10/dist-packages/interface'...
[1.817s] Compiling '/home/xie/Desktop/learn/carpole/cartplole/install/interface/local/lib/python3.10/dist-packages/interface/__init__.py'...
[1.817s] Listing '/home/xie/Desktop/learn/carpole/cartplole/install/interface/local/lib/python3.10/dist-packages/interface/msg'...
[1.817s] Compiling '/home/xie/Desktop/learn/carpole/cartplole/install/interface/local/lib/python3.10/dist-packages/interface/msg/__init__.py'...
[1.817s] Compiling '/home/xie/Desktop/learn/carpole/cartplole/install/interface/local/lib/python3.10/dist-packages/interface/msg/_state.py'...
[1.817s] Compiling '/home/xie/Desktop/learn/carpole/cartplole/install/interface/local/lib/python3.10/dist-packages/interface/msg/_torque.py'...
[1.819s] -- Installing: /home/xie/Desktop/learn/carpole/cartplole/install/interface/local/lib/python3.10/dist-packages/interface/interface_s__rosidl_typesupport_fastrtps_c.cpython-310-x86_64-linux-gnu.so
[1.819s] -- Set runtime path of "/home/xie/Desktop/learn/carpole/cartplole/install/interface/local/lib/python3.10/dist-packages/interface/interface_s__rosidl_typesupport_fastrtps_c.cpython-310-x86_64-linux-gnu.so" to ""
[1.820s] -- Installing: /home/xie/Desktop/learn/carpole/cartplole/install/interface/local/lib/python3.10/dist-packages/interface/interface_s__rosidl_typesupport_introspection_c.cpython-310-x86_64-linux-gnu.so
[1.820s] -- Set runtime path of "/home/xie/Desktop/learn/carpole/cartplole/install/interface/local/lib/python3.10/dist-packages/interface/interface_s__rosidl_typesupport_introspection_c.cpython-310-x86_64-linux-gnu.so" to ""
[1.820s] -- Installing: /home/xie/Desktop/learn/carpole/cartplole/install/interface/local/lib/python3.10/dist-packages/interface/interface_s__rosidl_typesupport_c.cpython-310-x86_64-linux-gnu.so
[1.820s] -- Set runtime path of "/home/xie/Desktop/learn/carpole/cartplole/install/interface/local/lib/python3.10/dist-packages/interface/interface_s__rosidl_typesupport_c.cpython-310-x86_64-linux-gnu.so" to ""
[1.820s] -- Installing: /home/xie/Desktop/learn/carpole/cartplole/install/interface/lib/libinterface__rosidl_generator_py.so
[1.820s] -- Set runtime path of "/home/xie/Desktop/learn/carpole/cartplole/install/interface/lib/libinterface__rosidl_generator_py.so" to ""
[1.820s] -- Installing: /home/xie/Desktop/learn/carpole/cartplole/install/interface/share/interface/msg/State.idl
[1.820s] -- Installing: /home/xie/Desktop/learn/carpole/cartplole/install/interface/share/interface/msg/Torque.idl
[1.820s] -- Installing: /home/xie/Desktop/learn/carpole/cartplole/install/interface/share/interface/msg/State.msg
[1.820s] -- Installing: /home/xie/Desktop/learn/carpole/cartplole/install/interface/share/interface/msg/Torque.msg
[1.820s] -- Installing: /home/xie/Desktop/learn/carpole/cartplole/install/interface/share/ament_index/resource_index/package_run_dependencies/interface
[1.820s] -- Installing: /home/xie/Desktop/learn/carpole/cartplole/install/interface/share/ament_index/resource_index/parent_prefix_path/interface
[1.820s] -- Installing: /home/xie/Desktop/learn/carpole/cartplole/install/interface/share/interface/environment/ament_prefix_path.sh
[1.820s] -- Installing: /home/xie/Desktop/learn/carpole/cartplole/install/interface/share/interface/environment/ament_prefix_path.dsv
[1.820s] -- Installing: /home/xie/Desktop/learn/carpole/cartplole/install/interface/share/interface/environment/path.sh
[1.820s] -- Installing: /home/xie/Desktop/learn/carpole/cartplole/install/interface/share/interface/environment/path.dsv
[1.820s] -- Installing: /home/xie/Desktop/learn/carpole/cartplole/install/interface/share/interface/local_setup.bash
[1.820s] -- Installing: /home/xie/Desktop/learn/carpole/cartplole/install/interface/share/interface/local_setup.sh
[1.820s] -- Installing: /home/xie/Desktop/learn/carpole/cartplole/install/interface/share/interface/local_setup.zsh
[1.821s] -- Installing: /home/xie/Desktop/learn/carpole/cartplole/install/interface/share/interface/local_setup.dsv
[1.821s] -- Installing: /home/xie/Desktop/learn/carpole/cartplole/install/interface/share/interface/package.dsv
[1.821s] -- Installing: /home/xie/Desktop/learn/carpole/cartplole/install/interface/share/ament_index/resource_index/packages/interface
[1.821s] -- Installing: /home/xie/Desktop/learn/carpole/cartplole/install/interface/share/interface/cmake/export_interface__rosidl_generator_cExport.cmake
[1.821s] -- Installing: /home/xie/Desktop/learn/carpole/cartplole/install/interface/share/interface/cmake/export_interface__rosidl_generator_cExport-noconfig.cmake
[1.821s] -- Installing: /home/xie/Desktop/learn/carpole/cartplole/install/interface/share/interface/cmake/export_interface__rosidl_typesupport_fastrtps_cExport.cmake
[1.821s] -- Installing: /home/xie/Desktop/learn/carpole/cartplole/install/interface/share/interface/cmake/export_interface__rosidl_typesupport_fastrtps_cExport-noconfig.cmake
[1.821s] -- Installing: /home/xie/Desktop/learn/carpole/cartplole/install/interface/share/interface/cmake/interface__rosidl_typesupport_introspection_cExport.cmake
[1.821s] -- Installing: /home/xie/Desktop/learn/carpole/cartplole/install/interface/share/interface/cmake/interface__rosidl_typesupport_introspection_cExport-noconfig.cmake
[1.821s] -- Installing: /home/xie/Desktop/learn/carpole/cartplole/install/interface/share/interface/cmake/interface__rosidl_typesupport_cExport.cmake
[1.821s] -- Installing: /home/xie/Desktop/learn/carpole/cartplole/install/interface/share/interface/cmake/interface__rosidl_typesupport_cExport-noconfig.cmake
[1.821s] -- Installing: /home/xie/Desktop/learn/carpole/cartplole/install/interface/share/interface/cmake/export_interface__rosidl_generator_cppExport.cmake
[1.821s] -- Installing: /home/xie/Desktop/learn/carpole/cartplole/install/interface/share/interface/cmake/export_interface__rosidl_typesupport_fastrtps_cppExport.cmake
[1.821s] -- Installing: /home/xie/Desktop/learn/carpole/cartplole/install/interface/share/interface/cmake/export_interface__rosidl_typesupport_fastrtps_cppExport-noconfig.cmake
[1.821s] -- Installing: /home/xie/Desktop/learn/carpole/cartplole/install/interface/share/interface/cmake/interface__rosidl_typesupport_introspection_cppExport.cmake
[1.821s] -- Installing: /home/xie/Desktop/learn/carpole/cartplole/install/interface/share/interface/cmake/interface__rosidl_typesupport_introspection_cppExport-noconfig.cmake
[1.821s] -- Installing: /home/xie/Desktop/learn/carpole/cartplole/install/interface/share/interface/cmake/interface__rosidl_typesupport_cppExport.cmake
[1.821s] -- Installing: /home/xie/Desktop/learn/carpole/cartplole/install/interface/share/interface/cmake/interface__rosidl_typesupport_cppExport-noconfig.cmake
[1.821s] -- Installing: /home/xie/Desktop/learn/carpole/cartplole/install/interface/share/interface/cmake/export_interface__rosidl_generator_pyExport.cmake
[1.821s] -- Installing: /home/xie/Desktop/learn/carpole/cartplole/install/interface/share/interface/cmake/export_interface__rosidl_generator_pyExport-noconfig.cmake
[1.822s] -- Installing: /home/xie/Desktop/learn/carpole/cartplole/install/interface/share/interface/cmake/rosidl_cmake-extras.cmake
[1.822s] -- Installing: /home/xie/Desktop/learn/carpole/cartplole/install/interface/share/interface/cmake/ament_cmake_export_include_directories-extras.cmake
[1.822s] -- Installing: /home/xie/Desktop/learn/carpole/cartplole/install/interface/share/interface/cmake/ament_cmake_export_libraries-extras.cmake
[1.822s] -- Installing: /home/xie/Desktop/learn/carpole/cartplole/install/interface/share/interface/cmake/ament_cmake_export_targets-extras.cmake
[1.822s] -- Installing: /home/xie/Desktop/learn/carpole/cartplole/install/interface/share/interface/cmake/rosidl_cmake_export_typesupport_targets-extras.cmake
[1.822s] -- Installing: /home/xie/Desktop/learn/carpole/cartplole/install/interface/share/interface/cmake/ament_cmake_export_dependencies-extras.cmake
[1.822s] -- Installing: /home/xie/Desktop/learn/carpole/cartplole/install/interface/share/interface/cmake/rosidl_cmake_export_typesupport_libraries-extras.cmake
[1.822s] -- Installing: /home/xie/Desktop/learn/carpole/cartplole/install/interface/share/interface/cmake/interfaceConfig.cmake
[1.822s] -- Installing: /home/xie/Desktop/learn/carpole/cartplole/install/interface/share/interface/cmake/interfaceConfig-version.cmake
[1.822s] -- Installing: /home/xie/Desktop/learn/carpole/cartplole/install/interface/share/interface/package.xml
[1.823s] Invoked command in '/home/xie/Desktop/learn/carpole/cartplole/build/interface' returned '0': CMAKE_PREFIX_PATH=${CMAKE_PREFIX_PATH}:/opt/ros/humble /usr/bin/cmake --install /home/xie/Desktop/learn/carpole/cartplole/build/interface
