[35m[1mConsolidate compiler generated dependencies of target control_node[0m
[ 20%] [32mBuilding CXX object CMakeFiles/control_node.dir/src/main.cpp.o[0m
[01m[K/home/xie/Desktop/learn/carpole/cartplole/src/control/src/main.cpp:11:[m[K [01;35m[Kwarning: [m[K"BACKWARD_HAS_DW" redefined
   11 | #define BACKWARD_HAS_DW 1
      | 
In file included from [01m[K/home/xie/Desktop/learn/carpole/cartplole/src/control/src/main.cpp:3[m[K:
[01m[K/usr/include/backward.hpp:193:[m[K [01;36m[Knote: [m[Kthis is the location of the previous definition
  193 | #define BACKWARD_HAS_DW 0
      | 
[01m[K/home/xie/Desktop/learn/carpole/cartplole/src/control/src/main.cpp:[m[K In function ‘[01m[Kint main(int, char**)[m[K’:
[01m[K/home/xie/Desktop/learn/carpole/cartplole/src/control/src/main.cpp:32:8:[m[K [01;31m[Kerror: [m[Kno match for call to ‘[01m[K(FG_eval) ()[m[K’
   32 | [01;31m[Kfg_eval()[m[K;
      | [01;31m[K~~~~~~~^~[m[K
In file included from [01m[K/home/xie/Desktop/learn/carpole/cartplole/src/control/src/main.cpp:2[m[K:
[01m[K/home/xie/Desktop/learn/carpole/cartplole/src/control/include/control/cppadpino.h:99:10:[m[K [01;36m[Knote: [m[Kcandidate: ‘[01m[Kvoid FG_eval::operator()(FG_eval::ADvector&, const ADvector&)[m[K’
   99 |     void [01;36m[Koperator[m[K()(ADvector &fg, const ADvector &vars) {
      |          [01;36m[K^~~~~~~~[m[K
[01m[K/home/xie/Desktop/learn/carpole/cartplole/src/control/include/control/cppadpino.h:99:10:[m[K [01;36m[Knote: [m[K  candidate expects 2 arguments, 0 provided
[01m[K/home/xie/Desktop/learn/carpole/cartplole/src/control/src/main.cpp:15:14:[m[K [01;35m[Kwarning: [m[Kunused parameter ‘[01m[Kargc[m[K’ [[01;35m[K]8;;https://gcc.gnu.org/onlinedocs/gcc/Warning-Options.html#index-Wunused-parameter-Wunused-parameter]8;;[m[K]
   15 | int main([01;35m[Kint argc[m[K, char** argv) {
      |          [01;35m[K~~~~^~~~[m[K
[01m[K/home/xie/Desktop/learn/carpole/cartplole/src/control/src/main.cpp:15:27:[m[K [01;35m[Kwarning: [m[Kunused parameter ‘[01m[Kargv[m[K’ [[01;35m[K]8;;https://gcc.gnu.org/onlinedocs/gcc/Warning-Options.html#index-Wunused-parameter-Wunused-parameter]8;;[m[K]
   15 | int main(int argc, [01;35m[Kchar** argv[m[K) {
      |                    [01;35m[K~~~~~~~^~~~[m[K
gmake[2]: *** [CMakeFiles/control_node.dir/build.make:118: CMakeFiles/control_node.dir/src/main.cpp.o] Error 1
gmake[1]: *** [CMakeFiles/Makefile2:137: CMakeFiles/control_node.dir/all] Error 2
gmake: *** [Makefile:146: all] Error 2
