In file included from [01m[K/home/xie/Desktop/learn/carpole/cartplole/src/control/include/control/cppadpino.h:1[m[K,
                 from [01m[K/home/xie/Desktop/learn/carpole/cartplole/src/control/include/control/cppadpino.h:1[m[K,
                 from [01m[K/home/xie/Desktop/learn/carpole/cartplole/src/control/include/control/cppadpino.h:1[m[K,
                 from [01m[K/home/xie/Desktop/learn/carpole/cartplole/src/control/include/control/cppadpino.h:1[m[K,
                 from [01m[K/home/xie/Desktop/learn/carpole/cartplole/src/control/include/control/cppadpino.h:1[m[K,
                 from [01m[K/home/xie/Desktop/learn/carpole/cartplole/src/control/include/control/cppadpino.h:1[m[K,
                 from [01m[K/home/xie/Desktop/learn/carpole/cartplole/src/control/include/control/cppadpino.h:1[m[K,
                 from [01m[K/home/xie/Desktop/learn/carpole/cartplole/src/control/include/control/cppadpino.h:1[m[K,
                 from [01m[K/home/xie/Desktop/learn/carpole/cartplole/src/control/include/control/cppadpino.h:1[m[K,
                 from [01m[K/home/xie/Desktop/learn/carpole/cartplole/src/control/include/control/cppadpino.h:1[m[K,
                 from [01m[K/home/xie/Desktop/learn/carpole/cartplole/src/control/include/control/cppadpino.h:1[m[K,
                 from [01m[K/home/xie/Desktop/learn/carpole/cartplole/src/control/include/control/cppadpino.h:1[m[K,
                 from [01m[K/home/xie/Desktop/learn/carpole/cartplole/src/control/include/control/cppadpino.h:1[m[K,
                 from [01m[K/home/xie/Desktop/learn/carpole/cartplole/src/control/include/control/cppadpino.h:1[m[K,
                 from [01m[K/home/xie/Desktop/learn/carpole/cartplole/src/control/include/control/cppadpino.h:1[m[K,
                 from [01m[K/home/xie/Desktop/learn/carpole/cartplole/src/control/include/control/cppadpino.h:1[m[K,
                 from [01m[K/home/xie/Desktop/learn/carpole/cartplole/src/control/include/control/cppadpino.h:1[m[K,
                 from [01m[K/home/xie/Desktop/learn/carpole/cartplole/src/control/include/control/cppadpino.h:1[m[K,
                 from [01m[K/home/xie/Desktop/learn/carpole/cartplole/src/control/include/control/cppadpino.h:1[m[K,
                 from [01m[K/home/xie/Desktop/learn/carpole/cartplole/src/control/include/control/cppadpino.h:1[m[K,
                 from [01m[K/home/xie/Desktop/learn/carpole/cartplole/src/control/include/control/cppadpino.h:1[m[K,
                 from [01m[K/home/xie/Desktop/learn/carpole/cartplole/src/control/include/control/cppadpino.h:1[m[K,
                 from [01m[K/home/xie/Desktop/learn/carpole/cartplole/src/control/include/control/cppadpino.h:1[m[K,
                 from [01m[K/home/xie/Desktop/learn/carpole/cartplole/src/control/include/control/cppadpino.h:1[m[K,
                 from [01m[K/home/xie/Desktop/learn/carpole/cartplole/src/control/include/control/cppadpino.h:1[m[K,
                 from [01m[K/home/xie/Desktop/learn/carpole/cartplole/src/control/include/control/cppadpino.h:1[m[K,
                 from [01m[K/home/xie/Desktop/learn/carpole/cartplole/src/control/include/control/cppadpino.h:1[m[K,
                 from [01m[K/home/xie/Desktop/learn/carpole/cartplole/src/control/include/control/cppadpino.h:1[m[K,
                 from [01m[K/home/xie/Desktop/learn/carpole/cartplole/src/control/include/control/cppadpino.h:1[m[K,
                 from [01m[K/home/xie/Desktop/learn/carpole/cartplole/src/control/include/control/cppadpino.h:1[m[K,
                 from [01m[K/home/xie/Desktop/learn/carpole/cartplole/src/control/include/control/cppadpino.h:1[m[K,
                 from [01m[K/home/xie/Desktop/learn/carpole/cartplole/src/control/include/control/cppadpino.h:1[m[K,
                 from [01m[K/home/xie/Desktop/learn/carpole/cartplole/src/control/include/control/cppadpino.h:1[m[K,
                 from [01m[K/home/xie/Desktop/learn/carpole/cartplole/src/control/include/control/cppadpino.h:1[m[K,
                 from [01m[K/home/xie/Desktop/learn/carpole/cartplole/src/control/include/control/cppadpino.h:1[m[K,
                 from [01m[K/home/xie/Desktop/learn/carpole/cartplole/src/control/include/control/cppadpino.h:1[m[K,
                 from [01m[K/home/xie/Desktop/learn/carpole/cartplole/src/control/include/control/cppadpino.h:1[m[K,
                 from [01m[K/home/xie/Desktop/learn/carpole/cartplole/src/control/include/control/cppadpino.h:1[m[K,
                 from [01m[K/home/xie/Desktop/learn/carpole/cartplole/src/control/include/control/cppadpino.h:1[m[K,
                 from [01m[K/home/xie/Desktop/learn/carpole/cartplole/src/control/include/control/cppadpino.h:1[m[K,
                 from [01m[K/home/xie/Desktop/learn/carpole/cartplole/src/control/include/control/cppadpino.h:1[m[K,
                 from [01m[K/home/xie/Desktop/learn/carpole/cartplole/src/control/include/control/cppadpino.h:1[m[K,
                 from [01m[K/home/xie/Desktop/learn/carpole/cartplole/src/control/include/control/cppadpino.h:1[m[K,
                 from [01m[K/home/xie/Desktop/learn/carpole/cartplole/src/control/include/control/cppadpino.h:1[m[K,
                 from [01m[K/home/xie/Desktop/learn/carpole/cartplole/src/control/include/control/cppadpino.h:1[m[K,
                 from [01m[K/home/xie/Desktop/learn/carpole/cartplole/src/control/include/control/cppadpino.h:1[m[K,
                 from [01m[K/home/xie/Desktop/learn/carpole/cartplole/src/control/include/control/cppadpino.h:1[m[K,
                 from [01m[K/home/xie/Desktop/learn/carpole/cartplole/src/control/include/control/cppadpino.h:1[m[K,
                 from [01m[K/home/xie/Desktop/learn/carpole/cartplole/src/control/include/control/cppadpino.h:1[m[K,
                 from [01m[K/home/xie/Desktop/learn/carpole/cartplole/src/control/include/control/cppadpino.h:1[m[K,
                 from [01m[K/home/xie/Desktop/learn/carpole/cartplole/src/control/include/control/cppadpino.h:1[m[K,
                 from [01m[K/home/xie/Desktop/learn/carpole/cartplole/src/control/include/control/cppadpino.h:1[m[K,
                 from [01m[K/home/xie/Desktop/learn/carpole/cartplole/src/control/include/control/cppadpino.h:1[m[K,
                 from [01m[K/home/xie/Desktop/learn/carpole/cartplole/src/control/include/control/cppadpino.h:1[m[K,
                 from [01m[K/home/xie/Desktop/learn/carpole/cartplole/src/control/include/control/cppadpino.h:1[m[K,
                 from [01m[K/home/xie/Desktop/learn/carpole/cartplole/src/control/include/control/cppadpino.h:1[m[K,
                 from [01m[K/home/xie/Desktop/learn/carpole/cartplole/src/control/include/control/cppadpino.h:1[m[K,
                 from [01m[K/home/xie/Desktop/learn/carpole/cartplole/src/control/include/control/cppadpino.h:1[m[K,
                 from [01m[K/home/xie/Desktop/learn/carpole/cartplole/src/control/include/control/cppadpino.h:1[m[K,
                 from [01m[K/home/xie/Desktop/learn/carpole/cartplole/src/control/include/control/cppadpino.h:1[m[K,
                 from [01m[K/home/xie/Desktop/learn/carpole/cartplole/src/control/include/control/cppadpino.h:1[m[K,
                 from [01m[K/home/xie/Desktop/learn/carpole/cartplole/src/control/include/control/cppadpino.h:1[m[K,
                 from [01m[K/home/xie/Desktop/learn/carpole/cartplole/src/control/include/control/cppadpino.h:1[m[K,
                 from [01m[K/home/xie/Desktop/learn/carpole/cartplole/src/control/include/control/cppadpino.h:1[m[K,
                 from [01m[K/home/xie/Desktop/learn/carpole/cartplole/src/control/include/control/cppadpino.h:1[m[K,
                 from [01m[K/home/xie/Desktop/learn/carpole/cartplole/src/control/include/control/cppadpino.h:1[m[K,
                 from [01m[K/home/xie/Desktop/learn/carpole/cartplole/src/control/include/control/cppadpino.h:1[m[K,
                 from [01m[K/home/xie/Desktop/learn/carpole/cartplole/src/control/include/control/cppadpino.h:1[m[K,
                 from [01m[K/home/xie/Desktop/learn/carpole/cartplole/src/control/include/control/cppadpino.h:1[m[K,
                 from [01m[K/home/xie/Desktop/learn/carpole/cartplole/src/control/include/control/cppadpino.h:1[m[K,
                 from [01m[K/home/xie/Desktop/learn/carpole/cartplole/src/control/include/control/cppadpino.h:1[m[K,
                 from [01m[K/home/xie/Desktop/learn/carpole/cartplole/src/control/include/control/cppadpino.h:1[m[K,
                 from [01m[K/home/xie/Desktop/learn/carpole/cartplole/src/control/include/control/cppadpino.h:1[m[K,
                 from [01m[K/home/xie/Desktop/learn/carpole/cartplole/src/control/include/control/cppadpino.h:1[m[K,
                 from [01m[K/home/xie/Desktop/learn/carpole/cartplole/src/control/include/control/cppadpino.h:1[m[K,
                 from [01m[K/home/xie/Desktop/learn/carpole/cartplole/src/control/include/control/cppadpino.h:1[m[K,
                 from [01m[K/home/xie/Desktop/learn/carpole/cartplole/src/control/include/control/cppadpino.h:1[m[K,
                 from [01m[K/home/xie/Desktop/learn/carpole/cartplole/src/control/include/control/cppadpino.h:1[m[K,
                 from [01m[K/home/xie/Desktop/learn/carpole/cartplole/src/control/include/control/cppadpino.h:1[m[K,
                 from [01m[K/home/xie/Desktop/learn/carpole/cartplole/src/control/include/control/cppadpino.h:1[m[K,
                 from [01m[K/home/xie/Desktop/learn/carpole/cartplole/src/control/include/control/cppadpino.h:1[m[K,
                 from [01m[K/home/xie/Desktop/learn/carpole/cartplole/src/control/include/control/cppadpino.h:1[m[K,
                 from [01m[K/home/xie/Desktop/learn/carpole/cartplole/src/control/include/control/cppadpino.h:1[m[K,
                 from [01m[K/home/xie/Desktop/learn/carpole/cartplole/src/control/include/control/cppadpino.h:1[m[K,
                 from [01m[K/home/xie/Desktop/learn/carpole/cartplole/src/control/include/control/cppadpino.h:1[m[K,
                 from [01m[K/home/xie/Desktop/learn/carpole/cartplole/src/control/include/control/cppadpino.h:1[m[K,
                 from [01m[K/home/xie/Desktop/learn/carpole/cartplole/src/control/include/control/cppadpino.h:1[m[K,
                 from [01m[K/home/xie/Desktop/learn/carpole/cartplole/src/control/include/control/cppadpino.h:1[m[K,
                 from [01m[K/home/xie/Desktop/learn/carpole/cartplole/src/control/include/control/cppadpino.h:1[m[K,
                 from [01m[K/home/xie/Desktop/learn/carpole/cartplole/src/control/include/control/cppadpino.h:1[m[K,
                 from [01m[K/home/xie/Desktop/learn/carpole/cartplole/src/control/include/control/cppadpino.h:1[m[K,
                 from [01m[K/home/xie/Desktop/learn/carpole/cartplole/src/control/include/control/cppadpino.h:1[m[K,
                 from [01m[K/home/xie/Desktop/learn/carpole/cartplole/src/control/include/control/cppadpino.h:1[m[K,
                 from [01m[K/home/xie/Desktop/learn/carpole/cartplole/src/control/include/control/cppadpino.h:1[m[K,
                 from [01m[K/home/xie/Desktop/learn/carpole/cartplole/src/control/include/control/cppadpino.h:1[m[K,
                 from [01m[K/home/xie/Desktop/learn/carpole/cartplole/src/control/include/control/cppadpino.h:1[m[K,
                 from [01m[K/home/xie/Desktop/learn/carpole/cartplole/src/control/include/control/cppadpino.h:1[m[K,
                 from [01m[K/home/xie/Desktop/learn/carpole/cartplole/src/control/include/control/cppadpino.h:1[m[K,
                 from [01m[K/home/xie/Desktop/learn/carpole/cartplole/src/control/include/control/cppadpino.h:1[m[K,
                 from [01m[K/home/xie/Desktop/learn/carpole/cartplole/src/control/include/control/cppadpino.h:1[m[K,
                 from [01m[K/home/xie/Desktop/learn/carpole/cartplole/src/control/include/control/cppadpino.h:1[m[K,
                 from [01m[K/home/xie/Desktop/learn/carpole/cartplole/src/control/include/control/cppadpino.h:1[m[K,
                 from [01m[K/home/xie/Desktop/learn/carpole/cartplole/src/control/include/control/cppadpino.h:1[m[K,
                 from [01m[K/home/xie/Desktop/learn/carpole/cartplole/src/control/include/control/cppadpino.h:1[m[K,
                 from [01m[K/home/xie/Desktop/learn/carpole/cartplole/src/control/include/control/cppadpino.h:1[m[K,
                 from [01m[K/home/xie/Desktop/learn/carpole/cartplole/src/control/include/control/cppadpino.h:1[m[K,
                 from [01m[K/home/xie/Desktop/learn/carpole/cartplole/src/control/include/control/cppadpino.h:1[m[K,
                 from [01m[K/home/xie/Desktop/learn/carpole/cartplole/src/control/include/control/cppadpino.h:1[m[K,
                 from [01m[K/home/xie/Desktop/learn/carpole/cartplole/src/control/include/control/cppadpino.h:1[m[K,
                 from [01m[K/home/xie/Desktop/learn/carpole/cartplole/src/control/include/control/cppadpino.h:1[m[K,
                 from [01m[K/home/xie/Desktop/learn/carpole/cartplole/src/control/include/control/cppadpino.h:1[m[K,
                 from [01m[K/home/xie/Desktop/learn/carpole/cartplole/src/control/include/control/cppadpino.h:1[m[K,
                 from [01m[K/home/xie/Desktop/learn/carpole/cartplole/src/control/include/control/cppadpino.h:1[m[K,
                 from [01m[K/home/xie/Desktop/learn/carpole/cartplole/src/control/include/control/cppadpino.h:1[m[K,
                 from [01m[K/home/xie/Desktop/learn/carpole/cartplole/src/control/include/control/cppadpino.h:1[m[K,
                 from [01m[K/home/xie/Desktop/learn/carpole/cartplole/src/control/include/control/cppadpino.h:1[m[K,
                 from [01m[K/home/xie/Desktop/learn/carpole/cartplole/src/control/include/control/cppadpino.h:1[m[K,
                 from [01m[K/home/xie/Desktop/learn/carpole/cartplole/src/control/include/control/cppadpino.h:1[m[K,
                 from [01m[K/home/xie/Desktop/learn/carpole/cartplole/src/control/include/control/cppadpino.h:1[m[K,
                 from [01m[K/home/xie/Desktop/learn/carpole/cartplole/src/control/include/control/cppadpino.h:1[m[K,
                 from [01m[K/home/xie/Desktop/learn/carpole/cartplole/src/control/include/control/cppadpino.h:1[m[K,
                 from [01m[K/home/xie/Desktop/learn/carpole/cartplole/src/control/include/control/cppadpino.h:1[m[K,
                 from [01m[K/home/xie/Desktop/learn/carpole/cartplole/src/control/include/control/cppadpino.h:1[m[K,
                 from [01m[K/home/xie/Desktop/learn/carpole/cartplole/src/control/include/control/cppadpino.h:1[m[K,
                 from [01m[K/home/xie/Desktop/learn/carpole/cartplole/src/control/include/control/cppadpino.h:1[m[K,
                 from [01m[K/home/xie/Desktop/learn/carpole/cartplole/src/control/include/control/cppadpino.h:1[m[K,
                 from [01m[K/home/xie/Desktop/learn/carpole/cartplole/src/control/include/control/cppadpino.h:1[m[K,
                 from [01m[K/home/xie/Desktop/learn/carpole/cartplole/src/control/include/control/cppadpino.h:1[m[K,
                 from [01m[K/home/xie/Desktop/learn/carpole/cartplole/src/control/include/control/cppadpino.h:1[m[K,
                 from [01m[K/home/xie/Desktop/learn/carpole/cartplole/src/control/include/control/cppadpino.h:1[m[K,
                 from [01m[K/home/xie/Desktop/learn/carpole/cartplole/src/control/include/control/cppadpino.h:1[m[K,
                 from [01m[K/home/xie/Desktop/learn/carpole/cartplole/src/control/include/control/cppadpino.h:1[m[K,
                 from [01m[K/home/xie/Desktop/learn/carpole/cartplole/src/control/include/control/cppadpino.h:1[m[K,
                 from [01m[K/home/xie/Desktop/learn/carpole/cartplole/src/control/include/control/cppadpino.h:1[m[K,
                 from [01m[K/home/xie/Desktop/learn/carpole/cartplole/src/control/include/control/cppadpino.h:1[m[K,
                 from [01m[K/home/xie/Desktop/learn/carpole/cartplole/src/control/include/control/cppadpino.h:1[m[K,
                 from [01m[K/home/xie/Desktop/learn/carpole/cartplole/src/control/include/control/cppadpino.h:1[m[K,
                 from [01m[K/home/xie/Desktop/learn/carpole/cartplole/src/control/include/control/cppadpino.h:1[m[K,
                 from [01m[K/home/xie/Desktop/learn/carpole/cartplole/src/control/include/control/cppadpino.h:1[m[K,
                 from [01m[K/home/xie/Desktop/learn/carpole/cartplole/src/control/include/control/cppadpino.h:1[m[K,
                 from [01m[K/home/xie/Desktop/learn/carpole/cartplole/src/control/include/control/cppadpino.h:1[m[K,
                 from [01m[K/home/xie/Desktop/learn/carpole/cartplole/src/control/include/control/cppadpino.h:1[m[K,
                 from [01m[K/home/xie/Desktop/learn/carpole/cartplole/src/control/include/control/cppadpino.h:1[m[K,
                 from [01m[K/home/xie/Desktop/learn/carpole/cartplole/src/control/include/control/cppadpino.h:1[m[K,
                 from [01m[K/home/xie/Desktop/learn/carpole/cartplole/src/control/include/control/cppadpino.h:1[m[K,
                 from [01m[K/home/xie/Desktop/learn/carpole/cartplole/src/control/include/control/cppadpino.h:1[m[K,
                 from [01m[K/home/xie/Desktop/learn/carpole/cartplole/src/control/include/control/cppadpino.h:1[m[K,
                 from [01m[K/home/xie/Desktop/learn/carpole/cartplole/src/control/include/control/cppadpino.h:1[m[K,
                 from [01m[K/home/xie/Desktop/learn/carpole/cartplole/src/control/include/control/cppadpino.h:1[m[K,
                 from [01m[K/home/xie/Desktop/learn/carpole/cartplole/src/control/include/control/cppadpino.h:1[m[K,
                 from [01m[K/home/xie/Desktop/learn/carpole/cartplole/src/control/include/control/cppadpino.h:1[m[K,
                 from [01m[K/home/xie/Desktop/learn/carpole/cartplole/src/control/include/control/cppadpino.h:1[m[K,
                 from [01m[K/home/xie/Desktop/learn/carpole/cartplole/src/control/include/control/cppadpino.h:1[m[K,
                 from [01m[K/home/xie/Desktop/learn/carpole/cartplole/src/control/include/control/cppadpino.h:1[m[K,
                 from [01m[K/home/xie/Desktop/learn/carpole/cartplole/src/control/include/control/cppadpino.h:1[m[K,
                 from [01m[K/home/xie/Desktop/learn/carpole/cartplole/src/control/include/control/cppadpino.h:1[m[K,
                 from [01m[K/home/xie/Desktop/learn/carpole/cartplole/src/control/include/control/cppadpino.h:1[m[K,
                 from [01m[K/home/xie/Desktop/learn/carpole/cartplole/src/control/include/control/cppadpino.h:1[m[K,
                 from [01m[K/home/xie/Desktop/learn/carpole/cartplole/src/control/include/control/cppadpino.h:1[m[K,
                 from [01m[K/home/xie/Desktop/learn/carpole/cartplole/src/control/include/control/cppadpino.h:1[m[K,
                 from [01m[K/home/xie/Desktop/learn/carpole/cartplole/src/control/include/control/cppadpino.h:1[m[K,
                 from [01m[K/home/xie/Desktop/learn/carpole/cartplole/src/control/include/control/cppadpino.h:1[m[K,
                 from [01m[K/home/xie/Desktop/learn/carpole/cartplole/src/control/include/control/cppadpino.h:1[m[K,
                 from [01m[K/home/xie/Desktop/learn/carpole/cartplole/src/control/include/control/cppadpino.h:1[m[K,
                 from [01m[K/home/xie/Desktop/learn/carpole/cartplole/src/control/include/control/cppadpino.h:1[m[K,
                 from [01m[K/home/xie/Desktop/learn/carpole/cartplole/src/control/include/control/cppadpino.h:1[m[K,
                 from [01m[K/home/xie/Desktop/learn/carpole/cartplole/src/control/include/control/cppadpino.h:1[m[K,
                 from [01m[K/home/xie/Desktop/learn/carpole/cartplole/src/control/include/control/cppadpino.h:1[m[K,
                 from [01m[K/home/xie/Desktop/learn/carpole/cartplole/src/control/include/control/cppadpino.h:1[m[K,
                 from [01m[K/home/xie/Desktop/learn/carpole/cartplole/src/control/include/control/cppadpino.h:1[m[K,
                 from [01m[K/home/xie/Desktop/learn/carpole/cartplole/src/control/include/control/cppadpino.h:1[m[K,
                 from [01m[K/home/xie/Desktop/learn/carpole/cartplole/src/control/include/control/cppadpino.h:1[m[K,
                 from [01m[K/home/xie/Desktop/learn/carpole/cartplole/src/control/include/control/cppadpino.h:1[m[K,
                 from [01m[K/home/xie/Desktop/learn/carpole/cartplole/src/control/include/control/cppadpino.h:1[m[K,
                 from [01m[K/home/xie/Desktop/learn/carpole/cartplole/src/control/include/control/cppadpino.h:1[m[K,
                 from [01m[K/home/xie/Desktop/learn/carpole/cartplole/src/control/include/control/cppadpino.h:1[m[K,
                 from [01m[K/home/xie/Desktop/learn/carpole/cartplole/src/control/include/control/cppadpino.h:1[m[K,
                 from [01m[K/home/xie/Desktop/learn/carpole/cartplole/src/control/include/control/cppadpino.h:1[m[K,
                 from [01m[K/home/xie/Desktop/learn/carpole/cartplole/src/control/include/control/cppadpino.h:1[m[K,
                 from [01m[K/home/xie/Desktop/learn/carpole/cartplole/src/control/include/control/cppadpino.h:1[m[K,
                 from [01m[K/home/xie/Desktop/learn/carpole/cartplole/src/control/include/control/cppadpino.h:1[m[K,
                 from [01m[K/home/xie/Desktop/learn/carpole/cartplole/src/control/include/control/cppadpino.h:1[m[K,
                 from [01m[K/home/xie/Desktop/learn/carpole/cartplole/src/control/include/control/cppadpino.h:1[m[K,
                 from [01m[K/home/xie/Desktop/learn/carpole/cartplole/src/control/include/control/cppadpino.h:1[m[K,
                 from [01m[K/home/xie/Desktop/learn/carpole/cartplole/src/control/include/control/cppadpino.h:1[m[K,
                 from [01m[K/home/xie/Desktop/learn/carpole/cartplole/src/control/include/control/cppadpino.h:1[m[K,
                 from [01m[K/home/xie/Desktop/learn/carpole/cartplole/src/control/include/control/cppadpino.h:1[m[K,
                 from [01m[K/home/xie/Desktop/learn/carpole/cartplole/src/control/include/control/cppadpino.h:1[m[K,
                 from [01m[K/home/xie/Desktop/learn/carpole/cartplole/src/control/include/control/cppadpino.h:1[m[K,
                 from [01m[K/home/xie/Desktop/learn/carpole/cartplole/src/control/include/control/cppadpino.h:1[m[K,
                 from [01m[K/home/xie/Desktop/learn/carpole/cartplole/src/control/include/control/cppadpino.h:1[m[K,
                 from [01m[K/home/xie/Desktop/learn/carpole/cartplole/src/control/include/control/cppadpino.h:1[m[K,
                 from [01m[K/home/xie/Desktop/learn/carpole/cartplole/src/control/include/control/cppadpino.h:1[m[K,
                 from [01m[K/home/xie/Desktop/learn/carpole/cartplole/src/control/include/control/cppadpino.h:1[m[K,
                 from [01m[K/home/xie/Desktop/learn/carpole/cartplole/src/control/include/control/cppadpino.h:1[m[K,
                 from [01m[K/home/xie/Desktop/learn/carpole/cartplole/src/control/include/control/cppadpino.h:1[m[K,
                 from [01m[K/home/xie/Desktop/learn/carpole/cartplole/src/control/include/control/cppadpino.h:1[m[K,
                 from [01m[K/home/xie/Desktop/learn/carpole/cartplole/src/control/include/control/cppadpino.h:1[m[K,
                 from [01m[K/home/xie/Desktop/learn/carpole/cartplole/src/control/src/cppadpino.cpp:1[m[K:
[01m[K/home/xie/Desktop/learn/carpole/cartplole/src/control/include/control/cppadpino.h:1:31:[m[K [01;31m[Kerror: [m[K#include nested depth 200 exceeds maximum of 200 (use -fmax-include-depth=DEPTH to increase the maximum)
    1 | #include "control/cppadpino.h"
      |                               [01;31m[K^[m[K
[01m[K/home/xie/Desktop/learn/carpole/cartplole/src/control/include/control/cppadpino.h:2:25:[m[K [01;31m[Kerror: [m[K#include nested depth 200 exceeds maximum of 200 (use -fmax-include-depth=DEPTH to increase the maximum)
    2 | #include "cppad/cppad.h"
      |                         [01;31m[K^[m[K
In file included from [01m[K/home/xie/Desktop/learn/carpole/cartplole/src/control/include/control/cppadpino.h:1[m[K,
                 from [01m[K/home/xie/Desktop/learn/carpole/cartplole/src/control/include/control/cppadpino.h:1[m[K,
                 from [01m[K/home/xie/Desktop/learn/carpole/cartplole/src/control/include/control/cppadpino.h:1[m[K,
                 from [01m[K/home/xie/Desktop/learn/carpole/cartplole/src/control/include/control/cppadpino.h:1[m[K,
                 from [01m[K/home/xie/Desktop/learn/carpole/cartplole/src/control/include/control/cppadpino.h:1[m[K,
                 from [01m[K/home/xie/Desktop/learn/carpole/cartplole/src/control/include/control/cppadpino.h:1[m[K,
                 from [01m[K/home/xie/Desktop/learn/carpole/cartplole/src/control/include/control/cppadpino.h:1[m[K,
                 from [01m[K/home/xie/Desktop/learn/carpole/cartplole/src/control/include/control/cppadpino.h:1[m[K,
                 from [01m[K/home/xie/Desktop/learn/carpole/cartplole/src/control/include/control/cppadpino.h:1[m[K,
                 from [01m[K/home/xie/Desktop/learn/carpole/cartplole/src/control/include/control/cppadpino.h:1[m[K,
                 from [01m[K/home/xie/Desktop/learn/carpole/cartplole/src/control/include/control/cppadpino.h:1[m[K,
                 from [01m[K/home/xie/Desktop/learn/carpole/cartplole/src/control/include/control/cppadpino.h:1[m[K,
                 from [01m[K/home/xie/Desktop/learn/carpole/cartplole/src/control/include/control/cppadpino.h:1[m[K,
                 from [01m[K/home/xie/Desktop/learn/carpole/cartplole/src/control/include/control/cppadpino.h:1[m[K,
                 from [01m[K/home/xie/Desktop/learn/carpole/cartplole/src/control/include/control/cppadpino.h:1[m[K,
                 from [01m[K/home/xie/Desktop/learn/carpole/cartplole/src/control/include/control/cppadpino.h:1[m[K,
                 from [01m[K/home/xie/Desktop/learn/carpole/cartplole/src/control/include/control/cppadpino.h:1[m[K,
                 from [01m[K/home/xie/Desktop/learn/carpole/cartplole/src/control/include/control/cppadpino.h:1[m[K,
                 from [01m[K/home/xie/Desktop/learn/carpole/cartplole/src/control/include/control/cppadpino.h:1[m[K,
                 from [01m[K/home/xie/Desktop/learn/carpole/cartplole/src/control/include/control/cppadpino.h:1[m[K,
                 from [01m[K/home/xie/Desktop/learn/carpole/cartplole/src/control/include/control/cppadpino.h:1[m[K,
                 from [01m[K/home/xie/Desktop/learn/carpole/cartplole/src/control/include/control/cppadpino.h:1[m[K,
                 from [01m[K/home/xie/Desktop/learn/carpole/cartplole/src/control/include/control/cppadpino.h:1[m[K,
                 from [01m[K/home/xie/Desktop/learn/carpole/cartplole/src/control/include/control/cppadpino.h:1[m[K,
                 from [01m[K/home/xie/Desktop/learn/carpole/cartplole/src/control/include/control/cppadpino.h:1[m[K,
                 from [01m[K/home/xie/Desktop/learn/carpole/cartplole/src/control/include/control/cppadpino.h:1[m[K,
                 from [01m[K/home/xie/Desktop/learn/carpole/cartplole/src/control/include/control/cppadpino.h:1[m[K,
                 from [01m[K/home/xie/Desktop/learn/carpole/cartplole/src/control/include/control/cppadpino.h:1[m[K,
                 from [01m[K/home/xie/Desktop/learn/carpole/cartplole/src/control/include/control/cppadpino.h:1[m[K,
                 from [01m[K/home/xie/Desktop/learn/carpole/cartplole/src/control/include/control/cppadpino.h:1[m[K,
                 from [01m[K/home/xie/Desktop/learn/carpole/cartplole/src/control/include/control/cppadpino.h:1[m[K,
                 from [01m[K/home/xie/Desktop/learn/carpole/cartplole/src/control/include/control/cppadpino.h:1[m[K,
                 from [01m[K/home/xie/Desktop/learn/carpole/cartplole/src/control/include/control/cppadpino.h:1[m[K,
                 from [01m[K/home/xie/Desktop/learn/carpole/cartplole/src/control/include/control/cppadpino.h:1[m[K,
                 from [01m[K/home/xie/Desktop/learn/carpole/cartplole/src/control/include/control/cppadpino.h:1[m[K,
                 from [01m[K/home/xie/Desktop/learn/carpole/cartplole/src/control/include/control/cppadpino.h:1[m[K,
                 from [01m[K/home/xie/Desktop/learn/carpole/cartplole/src/control/include/control/cppadpino.h:1[m[K,
                 from [01m[K/home/xie/Desktop/learn/carpole/cartplole/src/control/include/control/cppadpino.h:1[m[K,
                 from [01m[K/home/xie/Desktop/learn/carpole/cartplole/src/control/include/control/cppadpino.h:1[m[K,
                 from [01m[K/home/xie/Desktop/learn/carpole/cartplole/src/control/include/control/cppadpino.h:1[m[K,
                 from [01m[K/home/xie/Desktop/learn/carpole/cartplole/src/control/include/control/cppadpino.h:1[m[K,
                 from [01m[K/home/xie/Desktop/learn/carpole/cartplole/src/control/include/control/cppadpino.h:1[m[K,
                 from [01m[K/home/xie/Desktop/learn/carpole/cartplole/src/control/include/control/cppadpino.h:1[m[K,
                 from [01m[K/home/xie/Desktop/learn/carpole/cartplole/src/control/include/control/cppadpino.h:1[m[K,
                 from [01m[K/home/xie/Desktop/learn/carpole/cartplole/src/control/include/control/cppadpino.h:1[m[K,
                 from [01m[K/home/xie/Desktop/learn/carpole/cartplole/src/control/include/control/cppadpino.h:1[m[K,
                 from [01m[K/home/xie/Desktop/learn/carpole/cartplole/src/control/include/control/cppadpino.h:1[m[K,
                 from [01m[K/home/xie/Desktop/learn/carpole/cartplole/src/control/include/control/cppadpino.h:1[m[K,
                 from [01m[K/home/xie/Desktop/learn/carpole/cartplole/src/control/include/control/cppadpino.h:1[m[K,
                 from [01m[K/home/xie/Desktop/learn/carpole/cartplole/src/control/include/control/cppadpino.h:1[m[K,
                 from [01m[K/home/xie/Desktop/learn/carpole/cartplole/src/control/include/control/cppadpino.h:1[m[K,
                 from [01m[K/home/xie/Desktop/learn/carpole/cartplole/src/control/include/control/cppadpino.h:1[m[K,
                 from [01m[K/home/xie/Desktop/learn/carpole/cartplole/src/control/include/control/cppadpino.h:1[m[K,
                 from [01m[K/home/xie/Desktop/learn/carpole/cartplole/src/control/include/control/cppadpino.h:1[m[K,
                 from [01m[K/home/xie/Desktop/learn/carpole/cartplole/src/control/include/control/cppadpino.h:1[m[K,
                 from [01m[K/home/xie/Desktop/learn/carpole/cartplole/src/control/include/control/cppadpino.h:1[m[K,
                 from [01m[K/home/xie/Desktop/learn/carpole/cartplole/src/control/include/control/cppadpino.h:1[m[K,
                 from [01m[K/home/xie/Desktop/learn/carpole/cartplole/src/control/include/control/cppadpino.h:1[m[K,
                 from [01m[K/home/xie/Desktop/learn/carpole/cartplole/src/control/include/control/cppadpino.h:1[m[K,
                 from [01m[K/home/xie/Desktop/learn/carpole/cartplole/src/control/include/control/cppadpino.h:1[m[K,
                 from [01m[K/home/xie/Desktop/learn/carpole/cartplole/src/control/include/control/cppadpino.h:1[m[K,
                 from [01m[K/home/xie/Desktop/learn/carpole/cartplole/src/control/include/control/cppadpino.h:1[m[K,
                 from [01m[K/home/xie/Desktop/learn/carpole/cartplole/src/control/include/control/cppadpino.h:1[m[K,
                 from [01m[K/home/xie/Desktop/learn/carpole/cartplole/src/control/include/control/cppadpino.h:1[m[K,
                 from [01m[K/home/xie/Desktop/learn/carpole/cartplole/src/control/include/control/cppadpino.h:1[m[K,
                 from [01m[K/home/xie/Desktop/learn/carpole/cartplole/src/control/include/control/cppadpino.h:1[m[K,
                 from [01m[K/home/xie/Desktop/learn/carpole/cartplole/src/control/include/control/cppadpino.h:1[m[K,
                 from [01m[K/home/xie/Desktop/learn/carpole/cartplole/src/control/include/control/cppadpino.h:1[m[K,
                 from [01m[K/home/xie/Desktop/learn/carpole/cartplole/src/control/include/control/cppadpino.h:1[m[K,
                 from [01m[K/home/xie/Desktop/learn/carpole/cartplole/src/control/include/control/cppadpino.h:1[m[K,
                 from [01m[K/home/xie/Desktop/learn/carpole/cartplole/src/control/include/control/cppadpino.h:1[m[K,
                 from [01m[K/home/xie/Desktop/learn/carpole/cartplole/src/control/include/control/cppadpino.h:1[m[K,
                 from [01m[K/home/xie/Desktop/learn/carpole/cartplole/src/control/include/control/cppadpino.h:1[m[K,
                 from [01m[K/home/xie/Desktop/learn/carpole/cartplole/src/control/include/control/cppadpino.h:1[m[K,
                 from [01m[K/home/xie/Desktop/learn/carpole/cartplole/src/control/include/control/cppadpino.h:1[m[K,
                 from [01m[K/home/xie/Desktop/learn/carpole/cartplole/src/control/include/control/cppadpino.h:1[m[K,
                 from [01m[K/home/xie/Desktop/learn/carpole/cartplole/src/control/include/control/cppadpino.h:1[m[K,
                 from [01m[K/home/xie/Desktop/learn/carpole/cartplole/src/control/include/control/cppadpino.h:1[m[K,
                 from [01m[K/home/xie/Desktop/learn/carpole/cartplole/src/control/include/control/cppadpino.h:1[m[K,
                 from [01m[K/home/xie/Desktop/learn/carpole/cartplole/src/control/include/control/cppadpino.h:1[m[K,
                 from [01m[K/home/xie/Desktop/learn/carpole/cartplole/src/control/include/control/cppadpino.h:1[m[K,
                 from [01m[K/home/xie/Desktop/learn/carpole/cartplole/src/control/include/control/cppadpino.h:1[m[K,
                 from [01m[K/home/xie/Desktop/learn/carpole/cartplole/src/control/include/control/cppadpino.h:1[m[K,
                 from [01m[K/home/xie/Desktop/learn/carpole/cartplole/src/control/include/control/cppadpino.h:1[m[K,
                 from [01m[K/home/xie/Desktop/learn/carpole/cartplole/src/control/include/control/cppadpino.h:1[m[K,
                 from [01m[K/home/xie/Desktop/learn/carpole/cartplole/src/control/include/control/cppadpino.h:1[m[K,
                 from [01m[K/home/xie/Desktop/learn/carpole/cartplole/src/control/include/control/cppadpino.h:1[m[K,
                 from [01m[K/home/xie/Desktop/learn/carpole/cartplole/src/control/include/control/cppadpino.h:1[m[K,
                 from [01m[K/home/xie/Desktop/learn/carpole/cartplole/src/control/include/control/cppadpino.h:1[m[K,
                 from [01m[K/home/xie/Desktop/learn/carpole/cartplole/src/control/include/control/cppadpino.h:1[m[K,
                 from [01m[K/home/xie/Desktop/learn/carpole/cartplole/src/control/include/control/cppadpino.h:1[m[K,
                 from [01m[K/home/xie/Desktop/learn/carpole/cartplole/src/control/include/control/cppadpino.h:1[m[K,
                 from [01m[K/home/xie/Desktop/learn/carpole/cartplole/src/control/include/control/cppadpino.h:1[m[K,
                 from [01m[K/home/xie/Desktop/learn/carpole/cartplole/src/control/include/control/cppadpino.h:1[m[K,
                 from [01m[K/home/xie/Desktop/learn/carpole/cartplole/src/control/include/control/cppadpino.h:1[m[K,
                 from [01m[K/home/xie/Desktop/learn/carpole/cartplole/src/control/include/control/cppadpino.h:1[m[K,
                 from [01m[K/home/xie/Desktop/learn/carpole/cartplole/src/control/include/control/cppadpino.h:1[m[K,
                 from [01m[K/home/xie/Desktop/learn/carpole/cartplole/src/control/include/control/cppadpino.h:1[m[K,
                 from [01m[K/home/xie/Desktop/learn/carpole/cartplole/src/control/include/control/cppadpino.h:1[m[K,
                 from [01m[K/home/xie/Desktop/learn/carpole/cartplole/src/control/include/control/cppadpino.h:1[m[K,
                 from [01m[K/home/xie/Desktop/learn/carpole/cartplole/src/control/include/control/cppadpino.h:1[m[K,
                 from [01m[K/home/xie/Desktop/learn/carpole/cartplole/src/control/include/control/cppadpino.h:1[m[K,
                 from [01m[K/home/xie/Desktop/learn/carpole/cartplole/src/control/include/control/cppadpino.h:1[m[K,
                 from [01m[K/home/xie/Desktop/learn/carpole/cartplole/src/control/include/control/cppadpino.h:1[m[K,
                 from [01m[K/home/xie/Desktop/learn/carpole/cartplole/src/control/include/control/cppadpino.h:1[m[K,
                 from [01m[K/home/xie/Desktop/learn/carpole/cartplole/src/control/include/control/cppadpino.h:1[m[K,
                 from [01m[K/home/xie/Desktop/learn/carpole/cartplole/src/control/include/control/cppadpino.h:1[m[K,
                 from [01m[K/home/xie/Desktop/learn/carpole/cartplole/src/control/include/control/cppadpino.h:1[m[K,
                 from [01m[K/home/xie/Desktop/learn/carpole/cartplole/src/control/include/control/cppadpino.h:1[m[K,
                 from [01m[K/home/xie/Desktop/learn/carpole/cartplole/src/control/include/control/cppadpino.h:1[m[K,
                 from [01m[K/home/xie/Desktop/learn/carpole/cartplole/src/control/include/control/cppadpino.h:1[m[K,
                 from [01m[K/home/xie/Desktop/learn/carpole/cartplole/src/control/include/control/cppadpino.h:1[m[K,
                 from [01m[K/home/xie/Desktop/learn/carpole/cartplole/src/control/include/control/cppadpino.h:1[m[K,
                 from [01m[K/home/xie/Desktop/learn/carpole/cartplole/src/control/include/control/cppadpino.h:1[m[K,
                 from [01m[K/home/xie/Desktop/learn/carpole/cartplole/src/control/include/control/cppadpino.h:1[m[K,
                 from [01m[K/home/xie/Desktop/learn/carpole/cartplole/src/control/include/control/cppadpino.h:1[m[K,
                 from [01m[K/home/xie/Desktop/learn/carpole/cartplole/src/control/include/control/cppadpino.h:1[m[K,
                 from [01m[K/home/xie/Desktop/learn/carpole/cartplole/src/control/include/control/cppadpino.h:1[m[K,
                 from [01m[K/home/xie/Desktop/learn/carpole/cartplole/src/control/include/control/cppadpino.h:1[m[K,
                 from [01m[K/home/xie/Desktop/learn/carpole/cartplole/src/control/include/control/cppadpino.h:1[m[K,
                 from [01m[K/home/xie/Desktop/learn/carpole/cartplole/src/control/include/control/cppadpino.h:1[m[K,
                 from [01m[K/home/xie/Desktop/learn/carpole/cartplole/src/control/include/control/cppadpino.h:1[m[K,
                 from [01m[K/home/xie/Desktop/learn/carpole/cartplole/src/control/include/control/cppadpino.h:1[m[K,
                 from [01m[K/home/xie/Desktop/learn/carpole/cartplole/src/control/include/control/cppadpino.h:1[m[K,
                 from [01m[K/home/xie/Desktop/learn/carpole/cartplole/src/control/include/control/cppadpino.h:1[m[K,
                 from [01m[K/home/xie/Desktop/learn/carpole/cartplole/src/control/include/control/cppadpino.h:1[m[K,
                 from [01m[K/home/xie/Desktop/learn/carpole/cartplole/src/control/include/control/cppadpino.h:1[m[K,
                 from [01m[K/home/xie/Desktop/learn/carpole/cartplole/src/control/include/control/cppadpino.h:1[m[K,
                 from [01m[K/home/xie/Desktop/learn/carpole/cartplole/src/control/include/control/cppadpino.h:1[m[K,
                 from [01m[K/home/xie/Desktop/learn/carpole/cartplole/src/control/include/control/cppadpino.h:1[m[K,
                 from [01m[K/home/xie/Desktop/learn/carpole/cartplole/src/control/include/control/cppadpino.h:1[m[K,
                 from [01m[K/home/xie/Desktop/learn/carpole/cartplole/src/control/include/control/cppadpino.h:1[m[K,
                 from [01m[K/home/xie/Desktop/learn/carpole/cartplole/src/control/include/control/cppadpino.h:1[m[K,
                 from [01m[K/home/xie/Desktop/learn/carpole/cartplole/src/control/include/control/cppadpino.h:1[m[K,
                 from [01m[K/home/xie/Desktop/learn/carpole/cartplole/src/control/include/control/cppadpino.h:1[m[K,
                 from [01m[K/home/xie/Desktop/learn/carpole/cartplole/src/control/include/control/cppadpino.h:1[m[K,
                 from [01m[K/home/xie/Desktop/learn/carpole/cartplole/src/control/include/control/cppadpino.h:1[m[K,
                 from [01m[K/home/xie/Desktop/learn/carpole/cartplole/src/control/include/control/cppadpino.h:1[m[K,
                 from [01m[K/home/xie/Desktop/learn/carpole/cartplole/src/control/include/control/cppadpino.h:1[m[K,
                 from [01m[K/home/xie/Desktop/learn/carpole/cartplole/src/control/include/control/cppadpino.h:1[m[K,
                 from [01m[K/home/xie/Desktop/learn/carpole/cartplole/src/control/include/control/cppadpino.h:1[m[K,
                 from [01m[K/home/xie/Desktop/learn/carpole/cartplole/src/control/include/control/cppadpino.h:1[m[K,
                 from [01m[K/home/xie/Desktop/learn/carpole/cartplole/src/control/include/control/cppadpino.h:1[m[K,
                 from [01m[K/home/xie/Desktop/learn/carpole/cartplole/src/control/include/control/cppadpino.h:1[m[K,
                 from [01m[K/home/xie/Desktop/learn/carpole/cartplole/src/control/include/control/cppadpino.h:1[m[K,
                 from [01m[K/home/xie/Desktop/learn/carpole/cartplole/src/control/include/control/cppadpino.h:1[m[K,
                 from [01m[K/home/xie/Desktop/learn/carpole/cartplole/src/control/include/control/cppadpino.h:1[m[K,
                 from [01m[K/home/xie/Desktop/learn/carpole/cartplole/src/control/include/control/cppadpino.h:1[m[K,
                 from [01m[K/home/xie/Desktop/learn/carpole/cartplole/src/control/include/control/cppadpino.h:1[m[K,
                 from [01m[K/home/xie/Desktop/learn/carpole/cartplole/src/control/include/control/cppadpino.h:1[m[K,
                 from [01m[K/home/xie/Desktop/learn/carpole/cartplole/src/control/include/control/cppadpino.h:1[m[K,
                 from [01m[K/home/xie/Desktop/learn/carpole/cartplole/src/control/include/control/cppadpino.h:1[m[K,
                 from [01m[K/home/xie/Desktop/learn/carpole/cartplole/src/control/include/control/cppadpino.h:1[m[K,
                 from [01m[K/home/xie/Desktop/learn/carpole/cartplole/src/control/include/control/cppadpino.h:1[m[K,
                 from [01m[K/home/xie/Desktop/learn/carpole/cartplole/src/control/include/control/cppadpino.h:1[m[K,
                 from [01m[K/home/xie/Desktop/learn/carpole/cartplole/src/control/include/control/cppadpino.h:1[m[K,
                 from [01m[K/home/xie/Desktop/learn/carpole/cartplole/src/control/include/control/cppadpino.h:1[m[K,
                 from [01m[K/home/xie/Desktop/learn/carpole/cartplole/src/control/include/control/cppadpino.h:1[m[K,
                 from [01m[K/home/xie/Desktop/learn/carpole/cartplole/src/control/include/control/cppadpino.h:1[m[K,
                 from [01m[K/home/xie/Desktop/learn/carpole/cartplole/src/control/include/control/cppadpino.h:1[m[K,
                 from [01m[K/home/xie/Desktop/learn/carpole/cartplole/src/control/include/control/cppadpino.h:1[m[K,
                 from [01m[K/home/xie/Desktop/learn/carpole/cartplole/src/control/include/control/cppadpino.h:1[m[K,
                 from [01m[K/home/xie/Desktop/learn/carpole/cartplole/src/control/include/control/cppadpino.h:1[m[K,
                 from [01m[K/home/xie/Desktop/learn/carpole/cartplole/src/control/include/control/cppadpino.h:1[m[K,
                 from [01m[K/home/xie/Desktop/learn/carpole/cartplole/src/control/include/control/cppadpino.h:1[m[K,
                 from [01m[K/home/xie/Desktop/learn/carpole/cartplole/src/control/include/control/cppadpino.h:1[m[K,
                 from [01m[K/home/xie/Desktop/learn/carpole/cartplole/src/control/include/control/cppadpino.h:1[m[K,
                 from [01m[K/home/xie/Desktop/learn/carpole/cartplole/src/control/include/control/cppadpino.h:1[m[K,
                 from [01m[K/home/xie/Desktop/learn/carpole/cartplole/src/control/include/control/cppadpino.h:1[m[K,
                 from [01m[K/home/xie/Desktop/learn/carpole/cartplole/src/control/include/control/cppadpino.h:1[m[K,
                 from [01m[K/home/xie/Desktop/learn/carpole/cartplole/src/control/include/control/cppadpino.h:1[m[K,
                 from [01m[K/home/xie/Desktop/learn/carpole/cartplole/src/control/include/control/cppadpino.h:1[m[K,
                 from [01m[K/home/xie/Desktop/learn/carpole/cartplole/src/control/include/control/cppadpino.h:1[m[K,
                 from [01m[K/home/xie/Desktop/learn/carpole/cartplole/src/control/include/control/cppadpino.h:1[m[K,
                 from [01m[K/home/xie/Desktop/learn/carpole/cartplole/src/control/include/control/cppadpino.h:1[m[K,
                 from [01m[K/home/xie/Desktop/learn/carpole/cartplole/src/control/include/control/cppadpino.h:1[m[K,
                 from [01m[K/home/xie/Desktop/learn/carpole/cartplole/src/control/include/control/cppadpino.h:1[m[K,
                 from [01m[K/home/xie/Desktop/learn/carpole/cartplole/src/control/include/control/cppadpino.h:1[m[K,
                 from [01m[K/home/xie/Desktop/learn/carpole/cartplole/src/control/include/control/cppadpino.h:1[m[K,
                 from [01m[K/home/xie/Desktop/learn/carpole/cartplole/src/control/include/control/cppadpino.h:1[m[K,
                 from [01m[K/home/xie/Desktop/learn/carpole/cartplole/src/control/include/control/cppadpino.h:1[m[K,
                 from [01m[K/home/xie/Desktop/learn/carpole/cartplole/src/control/include/control/cppadpino.h:1[m[K,
                 from [01m[K/home/xie/Desktop/learn/carpole/cartplole/src/control/include/control/cppadpino.h:1[m[K,
                 from [01m[K/home/xie/Desktop/learn/carpole/cartplole/src/control/include/control/cppadpino.h:1[m[K,
                 from [01m[K/home/xie/Desktop/learn/carpole/cartplole/src/control/include/control/cppadpino.h:1[m[K,
                 from [01m[K/home/xie/Desktop/learn/carpole/cartplole/src/control/include/control/cppadpino.h:1[m[K,
                 from [01m[K/home/xie/Desktop/learn/carpole/cartplole/src/control/include/control/cppadpino.h:1[m[K,
                 from [01m[K/home/xie/Desktop/learn/carpole/cartplole/src/control/include/control/cppadpino.h:1[m[K,
                 from [01m[K/home/xie/Desktop/learn/carpole/cartplole/src/control/include/control/cppadpino.h:1[m[K,
                 from [01m[K/home/xie/Desktop/learn/carpole/cartplole/src/control/include/control/cppadpino.h:1[m[K,
                 from [01m[K/home/xie/Desktop/learn/carpole/cartplole/src/control/include/control/cppadpino.h:1[m[K,
                 from [01m[K/home/xie/Desktop/learn/carpole/cartplole/src/control/include/control/cppadpino.h:1[m[K,
                 from [01m[K/home/xie/Desktop/learn/carpole/cartplole/src/control/include/control/cppadpino.h:1[m[K,
                 from [01m[K/home/xie/Desktop/learn/carpole/cartplole/src/control/include/control/cppadpino.h:1[m[K,
                 from [01m[K/home/xie/Desktop/learn/carpole/cartplole/src/control/include/control/cppadpino.h:1[m[K,
                 from [01m[K/home/xie/Desktop/learn/carpole/cartplole/src/control/include/control/cppadpino.h:1[m[K,
                 from [01m[K/home/xie/Desktop/learn/carpole/cartplole/src/control/include/control/cppadpino.h:1[m[K,
                 from [01m[K/home/xie/Desktop/learn/carpole/cartplole/src/control/src/cppadpino.cpp:1[m[K:
[01m[K/home/xie/Desktop/learn/carpole/cartplole/src/control/include/control/cppadpino.h:2:10:[m[K [01;31m[Kfatal error: [m[Kcppad/cppad.h: No such file or directory
    2 | #include [01;31m[K"cppad/cppad.h"[m[K
      |          [01;31m[K^~~~~~~~~~~~~~~[m[K
compilation terminated.
gmake[2]: *** [CMakeFiles/control_node.dir/build.make:90: CMakeFiles/control_node.dir/src/cppadpino.cpp.o] Error 1
gmake[2]: *** Waiting for unfinished jobs....
In file included from [01m[K/home/xie/Desktop/learn/carpole/cartplole/src/control/include/control/cppadpino.h:1[m[K,
                 from [01m[K/home/xie/Desktop/learn/carpole/cartplole/src/control/include/control/cppadpino.h:1[m[K,
                 from [01m[K/home/xie/Desktop/learn/carpole/cartplole/src/control/include/control/cppadpino.h:1[m[K,
                 from [01m[K/home/xie/Desktop/learn/carpole/cartplole/src/control/include/control/cppadpino.h:1[m[K,
                 from [01m[K/home/xie/Desktop/learn/carpole/cartplole/src/control/include/control/cppadpino.h:1[m[K,
                 from [01m[K/home/xie/Desktop/learn/carpole/cartplole/src/control/include/control/cppadpino.h:1[m[K,
                 from [01m[K/home/xie/Desktop/learn/carpole/cartplole/src/control/include/control/cppadpino.h:1[m[K,
                 from [01m[K/home/xie/Desktop/learn/carpole/cartplole/src/control/include/control/cppadpino.h:1[m[K,
                 from [01m[K/home/xie/Desktop/learn/carpole/cartplole/src/control/include/control/cppadpino.h:1[m[K,
                 from [01m[K/home/xie/Desktop/learn/carpole/cartplole/src/control/include/control/cppadpino.h:1[m[K,
                 from [01m[K/home/xie/Desktop/learn/carpole/cartplole/src/control/include/control/cppadpino.h:1[m[K,
                 from [01m[K/home/xie/Desktop/learn/carpole/cartplole/src/control/include/control/cppadpino.h:1[m[K,
                 from [01m[K/home/xie/Desktop/learn/carpole/cartplole/src/control/include/control/cppadpino.h:1[m[K,
                 from [01m[K/home/xie/Desktop/learn/carpole/cartplole/src/control/include/control/cppadpino.h:1[m[K,
                 from [01m[K/home/xie/Desktop/learn/carpole/cartplole/src/control/include/control/cppadpino.h:1[m[K,
                 from [01m[K/home/xie/Desktop/learn/carpole/cartplole/src/control/include/control/cppadpino.h:1[m[K,
                 from [01m[K/home/xie/Desktop/learn/carpole/cartplole/src/control/include/control/cppadpino.h:1[m[K,
                 from [01m[K/home/xie/Desktop/learn/carpole/cartplole/src/control/include/control/cppadpino.h:1[m[K,
                 from [01m[K/home/xie/Desktop/learn/carpole/cartplole/src/control/include/control/cppadpino.h:1[m[K,
                 from [01m[K/home/xie/Desktop/learn/carpole/cartplole/src/control/include/control/cppadpino.h:1[m[K,
                 from [01m[K/home/xie/Desktop/learn/carpole/cartplole/src/control/include/control/cppadpino.h:1[m[K,
                 from [01m[K/home/xie/Desktop/learn/carpole/cartplole/src/control/include/control/cppadpino.h:1[m[K,
                 from [01m[K/home/xie/Desktop/learn/carpole/cartplole/src/control/include/control/cppadpino.h:1[m[K,
                 from [01m[K/home/xie/Desktop/learn/carpole/cartplole/src/control/include/control/cppadpino.h:1[m[K,
                 from [01m[K/home/xie/Desktop/learn/carpole/cartplole/src/control/include/control/cppadpino.h:1[m[K,
                 from [01m[K/home/xie/Desktop/learn/carpole/cartplole/src/control/include/control/cppadpino.h:1[m[K,
                 from [01m[K/home/xie/Desktop/learn/carpole/cartplole/src/control/include/control/cppadpino.h:1[m[K,
                 from [01m[K/home/xie/Desktop/learn/carpole/cartplole/src/control/include/control/cppadpino.h:1[m[K,
                 from [01m[K/home/xie/Desktop/learn/carpole/cartplole/src/control/include/control/cppadpino.h:1[m[K,
                 from [01m[K/home/xie/Desktop/learn/carpole/cartplole/src/control/include/control/cppadpino.h:1[m[K,
                 from [01m[K/home/xie/Desktop/learn/carpole/cartplole/src/control/include/control/cppadpino.h:1[m[K,
                 from [01m[K/home/xie/Desktop/learn/carpole/cartplole/src/control/include/control/cppadpino.h:1[m[K,
                 from [01m[K/home/xie/Desktop/learn/carpole/cartplole/src/control/include/control/cppadpino.h:1[m[K,
                 from [01m[K/home/xie/Desktop/learn/carpole/cartplole/src/control/include/control/cppadpino.h:1[m[K,
                 from [01m[K/home/xie/Desktop/learn/carpole/cartplole/src/control/include/control/cppadpino.h:1[m[K,
                 from [01m[K/home/xie/Desktop/learn/carpole/cartplole/src/control/include/control/cppadpino.h:1[m[K,
                 from [01m[K/home/xie/Desktop/learn/carpole/cartplole/src/control/include/control/cppadpino.h:1[m[K,
                 from [01m[K/home/xie/Desktop/learn/carpole/cartplole/src/control/include/control/cppadpino.h:1[m[K,
                 from [01m[K/home/xie/Desktop/learn/carpole/cartplole/src/control/include/control/cppadpino.h:1[m[K,
                 from [01m[K/home/xie/Desktop/learn/carpole/cartplole/src/control/include/control/cppadpino.h:1[m[K,
                 from [01m[K/home/xie/Desktop/learn/carpole/cartplole/src/control/include/control/cppadpino.h:1[m[K,
                 from [01m[K/home/xie/Desktop/learn/carpole/cartplole/src/control/include/control/cppadpino.h:1[m[K,
                 from [01m[K/home/xie/Desktop/learn/carpole/cartplole/src/control/include/control/cppadpino.h:1[m[K,
                 from [01m[K/home/xie/Desktop/learn/carpole/cartplole/src/control/include/control/cppadpino.h:1[m[K,
                 from [01m[K/home/xie/Desktop/learn/carpole/cartplole/src/control/include/control/cppadpino.h:1[m[K,
                 from [01m[K/home/xie/Desktop/learn/carpole/cartplole/src/control/include/control/cppadpino.h:1[m[K,
                 from [01m[K/home/xie/Desktop/learn/carpole/cartplole/src/control/include/control/cppadpino.h:1[m[K,
                 from [01m[K/home/xie/Desktop/learn/carpole/cartplole/src/control/include/control/cppadpino.h:1[m[K,
                 from [01m[K/home/xie/Desktop/learn/carpole/cartplole/src/control/include/control/cppadpino.h:1[m[K,
                 from [01m[K/home/xie/Desktop/learn/carpole/cartplole/src/control/include/control/cppadpino.h:1[m[K,
                 from [01m[K/home/xie/Desktop/learn/carpole/cartplole/src/control/include/control/cppadpino.h:1[m[K,
                 from [01m[K/home/xie/Desktop/learn/carpole/cartplole/src/control/include/control/cppadpino.h:1[m[K,
                 from [01m[K/home/xie/Desktop/learn/carpole/cartplole/src/control/include/control/cppadpino.h:1[m[K,
                 from [01m[K/home/xie/Desktop/learn/carpole/cartplole/src/control/include/control/cppadpino.h:1[m[K,
                 from [01m[K/home/xie/Desktop/learn/carpole/cartplole/src/control/include/control/cppadpino.h:1[m[K,
                 from [01m[K/home/xie/Desktop/learn/carpole/cartplole/src/control/include/control/cppadpino.h:1[m[K,
                 from [01m[K/home/xie/Desktop/learn/carpole/cartplole/src/control/include/control/cppadpino.h:1[m[K,
                 from [01m[K/home/xie/Desktop/learn/carpole/cartplole/src/control/include/control/cppadpino.h:1[m[K,
                 from [01m[K/home/xie/Desktop/learn/carpole/cartplole/src/control/include/control/cppadpino.h:1[m[K,
                 from [01m[K/home/xie/Desktop/learn/carpole/cartplole/src/control/include/control/cppadpino.h:1[m[K,
                 from [01m[K/home/xie/Desktop/learn/carpole/cartplole/src/control/include/control/cppadpino.h:1[m[K,
                 from [01m[K/home/xie/Desktop/learn/carpole/cartplole/src/control/include/control/cppadpino.h:1[m[K,
                 from [01m[K/home/xie/Desktop/learn/carpole/cartplole/src/control/include/control/cppadpino.h:1[m[K,
                 from [01m[K/home/xie/Desktop/learn/carpole/cartplole/src/control/include/control/cppadpino.h:1[m[K,
                 from [01m[K/home/xie/Desktop/learn/carpole/cartplole/src/control/include/control/cppadpino.h:1[m[K,
                 from [01m[K/home/xie/Desktop/learn/carpole/cartplole/src/control/include/control/cppadpino.h:1[m[K,
                 from [01m[K/home/xie/Desktop/learn/carpole/cartplole/src/control/include/control/cppadpino.h:1[m[K,
                 from [01m[K/home/xie/Desktop/learn/carpole/cartplole/src/control/include/control/cppadpino.h:1[m[K,
                 from [01m[K/home/xie/Desktop/learn/carpole/cartplole/src/control/include/control/cppadpino.h:1[m[K,
                 from [01m[K/home/xie/Desktop/learn/carpole/cartplole/src/control/include/control/cppadpino.h:1[m[K,
                 from [01m[K/home/xie/Desktop/learn/carpole/cartplole/src/control/include/control/cppadpino.h:1[m[K,
                 from [01m[K/home/xie/Desktop/learn/carpole/cartplole/src/control/include/control/cppadpino.h:1[m[K,
                 from [01m[K/home/xie/Desktop/learn/carpole/cartplole/src/control/include/control/cppadpino.h:1[m[K,
                 from [01m[K/home/xie/Desktop/learn/carpole/cartplole/src/control/include/control/cppadpino.h:1[m[K,
                 from [01m[K/home/xie/Desktop/learn/carpole/cartplole/src/control/include/control/cppadpino.h:1[m[K,
                 from [01m[K/home/xie/Desktop/learn/carpole/cartplole/src/control/include/control/cppadpino.h:1[m[K,
                 from [01m[K/home/xie/Desktop/learn/carpole/cartplole/src/control/include/control/cppadpino.h:1[m[K,
                 from [01m[K/home/xie/Desktop/learn/carpole/cartplole/src/control/include/control/cppadpino.h:1[m[K,
                 from [01m[K/home/xie/Desktop/learn/carpole/cartplole/src/control/include/control/cppadpino.h:1[m[K,
                 from [01m[K/home/xie/Desktop/learn/carpole/cartplole/src/control/include/control/cppadpino.h:1[m[K,
                 from [01m[K/home/xie/Desktop/learn/carpole/cartplole/src/control/include/control/cppadpino.h:1[m[K,
                 from [01m[K/home/xie/Desktop/learn/carpole/cartplole/src/control/include/control/cppadpino.h:1[m[K,
                 from [01m[K/home/xie/Desktop/learn/carpole/cartplole/src/control/include/control/cppadpino.h:1[m[K,
                 from [01m[K/home/xie/Desktop/learn/carpole/cartplole/src/control/include/control/cppadpino.h:1[m[K,
                 from [01m[K/home/xie/Desktop/learn/carpole/cartplole/src/control/include/control/cppadpino.h:1[m[K,
                 from [01m[K/home/xie/Desktop/learn/carpole/cartplole/src/control/include/control/cppadpino.h:1[m[K,
                 from [01m[K/home/xie/Desktop/learn/carpole/cartplole/src/control/include/control/cppadpino.h:1[m[K,
                 from [01m[K/home/xie/Desktop/learn/carpole/cartplole/src/control/include/control/cppadpino.h:1[m[K,
                 from [01m[K/home/xie/Desktop/learn/carpole/cartplole/src/control/include/control/cppadpino.h:1[m[K,
                 from [01m[K/home/xie/Desktop/learn/carpole/cartplole/src/control/include/control/cppadpino.h:1[m[K,
                 from [01m[K/home/xie/Desktop/learn/carpole/cartplole/src/control/include/control/cppadpino.h:1[m[K,
                 from [01m[K/home/xie/Desktop/learn/carpole/cartplole/src/control/include/control/cppadpino.h:1[m[K,
                 from [01m[K/home/xie/Desktop/learn/carpole/cartplole/src/control/include/control/cppadpino.h:1[m[K,
                 from [01m[K/home/xie/Desktop/learn/carpole/cartplole/src/control/include/control/cppadpino.h:1[m[K,
                 from [01m[K/home/xie/Desktop/learn/carpole/cartplole/src/control/include/control/cppadpino.h:1[m[K,
                 from [01m[K/home/xie/Desktop/learn/carpole/cartplole/src/control/include/control/cppadpino.h:1[m[K,
                 from [01m[K/home/xie/Desktop/learn/carpole/cartplole/src/control/include/control/cppadpino.h:1[m[K,
                 from [01m[K/home/xie/Desktop/learn/carpole/cartplole/src/control/include/control/cppadpino.h:1[m[K,
                 from [01m[K/home/xie/Desktop/learn/carpole/cartplole/src/control/include/control/cppadpino.h:1[m[K,
                 from [01m[K/home/xie/Desktop/learn/carpole/cartplole/src/control/include/control/cppadpino.h:1[m[K,
                 from [01m[K/home/xie/Desktop/learn/carpole/cartplole/src/control/include/control/cppadpino.h:1[m[K,
                 from [01m[K/home/xie/Desktop/learn/carpole/cartplole/src/control/include/control/cppadpino.h:1[m[K,
                 from [01m[K/home/xie/Desktop/learn/carpole/cartplole/src/control/include/control/cppadpino.h:1[m[K,
                 from [01m[K/home/xie/Desktop/learn/carpole/cartplole/src/control/include/control/cppadpino.h:1[m[K,
                 from [01m[K/home/xie/Desktop/learn/carpole/cartplole/src/control/include/control/cppadpino.h:1[m[K,
                 from [01m[K/home/xie/Desktop/learn/carpole/cartplole/src/control/include/control/cppadpino.h:1[m[K,
                 from [01m[K/home/xie/Desktop/learn/carpole/cartplole/src/control/include/control/cppadpino.h:1[m[K,
                 from [01m[K/home/xie/Desktop/learn/carpole/cartplole/src/control/include/control/cppadpino.h:1[m[K,
                 from [01m[K/home/xie/Desktop/learn/carpole/cartplole/src/control/include/control/cppadpino.h:1[m[K,
                 from [01m[K/home/xie/Desktop/learn/carpole/cartplole/src/control/include/control/cppadpino.h:1[m[K,
                 from [01m[K/home/xie/Desktop/learn/carpole/cartplole/src/control/include/control/cppadpino.h:1[m[K,
                 from [01m[K/home/xie/Desktop/learn/carpole/cartplole/src/control/include/control/cppadpino.h:1[m[K,
                 from [01m[K/home/xie/Desktop/learn/carpole/cartplole/src/control/include/control/cppadpino.h:1[m[K,
                 from [01m[K/home/xie/Desktop/learn/carpole/cartplole/src/control/include/control/cppadpino.h:1[m[K,
                 from [01m[K/home/xie/Desktop/learn/carpole/cartplole/src/control/include/control/cppadpino.h:1[m[K,
                 from [01m[K/home/xie/Desktop/learn/carpole/cartplole/src/control/include/control/cppadpino.h:1[m[K,
                 from [01m[K/home/xie/Desktop/learn/carpole/cartplole/src/control/include/control/cppadpino.h:1[m[K,
                 from [01m[K/home/xie/Desktop/learn/carpole/cartplole/src/control/include/control/cppadpino.h:1[m[K,
                 from [01m[K/home/xie/Desktop/learn/carpole/cartplole/src/control/include/control/cppadpino.h:1[m[K,
                 from [01m[K/home/xie/Desktop/learn/carpole/cartplole/src/control/include/control/cppadpino.h:1[m[K,
                 from [01m[K/home/xie/Desktop/learn/carpole/cartplole/src/control/include/control/cppadpino.h:1[m[K,
                 from [01m[K/home/xie/Desktop/learn/carpole/cartplole/src/control/include/control/cppadpino.h:1[m[K,
                 from [01m[K/home/xie/Desktop/learn/carpole/cartplole/src/control/include/control/cppadpino.h:1[m[K,
                 from [01m[K/home/xie/Desktop/learn/carpole/cartplole/src/control/include/control/cppadpino.h:1[m[K,
                 from [01m[K/home/xie/Desktop/learn/carpole/cartplole/src/control/include/control/cppadpino.h:1[m[K,
                 from [01m[K/home/xie/Desktop/learn/carpole/cartplole/src/control/include/control/cppadpino.h:1[m[K,
                 from [01m[K/home/xie/Desktop/learn/carpole/cartplole/src/control/include/control/cppadpino.h:1[m[K,
                 from [01m[K/home/xie/Desktop/learn/carpole/cartplole/src/control/include/control/cppadpino.h:1[m[K,
                 from [01m[K/home/xie/Desktop/learn/carpole/cartplole/src/control/include/control/cppadpino.h:1[m[K,
                 from [01m[K/home/xie/Desktop/learn/carpole/cartplole/src/control/include/control/cppadpino.h:1[m[K,
                 from [01m[K/home/xie/Desktop/learn/carpole/cartplole/src/control/include/control/cppadpino.h:1[m[K,
                 from [01m[K/home/xie/Desktop/learn/carpole/cartplole/src/control/include/control/cppadpino.h:1[m[K,
                 from [01m[K/home/xie/Desktop/learn/carpole/cartplole/src/control/include/control/cppadpino.h:1[m[K,
                 from [01m[K/home/xie/Desktop/learn/carpole/cartplole/src/control/include/control/cppadpino.h:1[m[K,
                 from [01m[K/home/xie/Desktop/learn/carpole/cartplole/src/control/include/control/cppadpino.h:1[m[K,
                 from [01m[K/home/xie/Desktop/learn/carpole/cartplole/src/control/include/control/cppadpino.h:1[m[K,
                 from [01m[K/home/xie/Desktop/learn/carpole/cartplole/src/control/include/control/cppadpino.h:1[m[K,
                 from [01m[K/home/xie/Desktop/learn/carpole/cartplole/src/control/include/control/cppadpino.h:1[m[K,
                 from [01m[K/home/xie/Desktop/learn/carpole/cartplole/src/control/include/control/cppadpino.h:1[m[K,
                 from [01m[K/home/xie/Desktop/learn/carpole/cartplole/src/control/include/control/cppadpino.h:1[m[K,
                 from [01m[K/home/xie/Desktop/learn/carpole/cartplole/src/control/include/control/cppadpino.h:1[m[K,
                 from [01m[K/home/xie/Desktop/learn/carpole/cartplole/src/control/include/control/cppadpino.h:1[m[K,
                 from [01m[K/home/xie/Desktop/learn/carpole/cartplole/src/control/include/control/cppadpino.h:1[m[K,
                 from [01m[K/home/xie/Desktop/learn/carpole/cartplole/src/control/include/control/cppadpino.h:1[m[K,
                 from [01m[K/home/xie/Desktop/learn/carpole/cartplole/src/control/include/control/cppadpino.h:1[m[K,
                 from [01m[K/home/xie/Desktop/learn/carpole/cartplole/src/control/include/control/cppadpino.h:1[m[K,
                 from [01m[K/home/xie/Desktop/learn/carpole/cartplole/src/control/include/control/cppadpino.h:1[m[K,
                 from [01m[K/home/xie/Desktop/learn/carpole/cartplole/src/control/include/control/cppadpino.h:1[m[K,
                 from [01m[K/home/xie/Desktop/learn/carpole/cartplole/src/control/include/control/cppadpino.h:1[m[K,
                 from [01m[K/home/xie/Desktop/learn/carpole/cartplole/src/control/include/control/cppadpino.h:1[m[K,
                 from [01m[K/home/xie/Desktop/learn/carpole/cartplole/src/control/include/control/cppadpino.h:1[m[K,
                 from [01m[K/home/xie/Desktop/learn/carpole/cartplole/src/control/include/control/cppadpino.h:1[m[K,
                 from [01m[K/home/xie/Desktop/learn/carpole/cartplole/src/control/include/control/cppadpino.h:1[m[K,
                 from [01m[K/home/xie/Desktop/learn/carpole/cartplole/src/control/include/control/cppadpino.h:1[m[K,
                 from [01m[K/home/xie/Desktop/learn/carpole/cartplole/src/control/include/control/cppadpino.h:1[m[K,
                 from [01m[K/home/xie/Desktop/learn/carpole/cartplole/src/control/include/control/cppadpino.h:1[m[K,
                 from [01m[K/home/xie/Desktop/learn/carpole/cartplole/src/control/include/control/cppadpino.h:1[m[K,
                 from [01m[K/home/xie/Desktop/learn/carpole/cartplole/src/control/include/control/cppadpino.h:1[m[K,
                 from [01m[K/home/xie/Desktop/learn/carpole/cartplole/src/control/include/control/cppadpino.h:1[m[K,
                 from [01m[K/home/xie/Desktop/learn/carpole/cartplole/src/control/include/control/cppadpino.h:1[m[K,
                 from [01m[K/home/xie/Desktop/learn/carpole/cartplole/src/control/include/control/cppadpino.h:1[m[K,
                 from [01m[K/home/xie/Desktop/learn/carpole/cartplole/src/control/include/control/cppadpino.h:1[m[K,
                 from [01m[K/home/xie/Desktop/learn/carpole/cartplole/src/control/include/control/cppadpino.h:1[m[K,
                 from [01m[K/home/xie/Desktop/learn/carpole/cartplole/src/control/include/control/cppadpino.h:1[m[K,
                 from [01m[K/home/xie/Desktop/learn/carpole/cartplole/src/control/include/control/cppadpino.h:1[m[K,
                 from [01m[K/home/xie/Desktop/learn/carpole/cartplole/src/control/include/control/cppadpino.h:1[m[K,
                 from [01m[K/home/xie/Desktop/learn/carpole/cartplole/src/control/include/control/cppadpino.h:1[m[K,
                 from [01m[K/home/xie/Desktop/learn/carpole/cartplole/src/control/include/control/cppadpino.h:1[m[K,
                 from [01m[K/home/xie/Desktop/learn/carpole/cartplole/src/control/include/control/cppadpino.h:1[m[K,
                 from [01m[K/home/xie/Desktop/learn/carpole/cartplole/src/control/include/control/cppadpino.h:1[m[K,
                 from [01m[K/home/xie/Desktop/learn/carpole/cartplole/src/control/include/control/cppadpino.h:1[m[K,
                 from [01m[K/home/xie/Desktop/learn/carpole/cartplole/src/control/include/control/cppadpino.h:1[m[K,
                 from [01m[K/home/xie/Desktop/learn/carpole/cartplole/src/control/include/control/cppadpino.h:1[m[K,
                 from [01m[K/home/xie/Desktop/learn/carpole/cartplole/src/control/include/control/cppadpino.h:1[m[K,
                 from [01m[K/home/xie/Desktop/learn/carpole/cartplole/src/control/include/control/cppadpino.h:1[m[K,
                 from [01m[K/home/xie/Desktop/learn/carpole/cartplole/src/control/include/control/cppadpino.h:1[m[K,
                 from [01m[K/home/xie/Desktop/learn/carpole/cartplole/src/control/include/control/cppadpino.h:1[m[K,
                 from [01m[K/home/xie/Desktop/learn/carpole/cartplole/src/control/include/control/cppadpino.h:1[m[K,
                 from [01m[K/home/xie/Desktop/learn/carpole/cartplole/src/control/include/control/cppadpino.h:1[m[K,
                 from [01m[K/home/xie/Desktop/learn/carpole/cartplole/src/control/include/control/cppadpino.h:1[m[K,
                 from [01m[K/home/xie/Desktop/learn/carpole/cartplole/src/control/include/control/cppadpino.h:1[m[K,
                 from [01m[K/home/xie/Desktop/learn/carpole/cartplole/src/control/include/control/cppadpino.h:1[m[K,
                 from [01m[K/home/xie/Desktop/learn/carpole/cartplole/src/control/include/control/cppadpino.h:1[m[K,
                 from [01m[K/home/xie/Desktop/learn/carpole/cartplole/src/control/include/control/cppadpino.h:1[m[K,
                 from [01m[K/home/xie/Desktop/learn/carpole/cartplole/src/control/include/control/cppadpino.h:1[m[K,
                 from [01m[K/home/xie/Desktop/learn/carpole/cartplole/src/control/include/control/cppadpino.h:1[m[K,
                 from [01m[K/home/xie/Desktop/learn/carpole/cartplole/src/control/include/control/cppadpino.h:1[m[K,
                 from [01m[K/home/xie/Desktop/learn/carpole/cartplole/src/control/include/control/cppadpino.h:1[m[K,
                 from [01m[K/home/xie/Desktop/learn/carpole/cartplole/src/control/include/control/cppadpino.h:1[m[K,
                 from [01m[K/home/xie/Desktop/learn/carpole/cartplole/src/control/include/control/cppadpino.h:1[m[K,
                 from [01m[K/home/xie/Desktop/learn/carpole/cartplole/src/control/include/control/cppadpino.h:1[m[K,
                 from [01m[K/home/xie/Desktop/learn/carpole/cartplole/src/control/include/control/cppadpino.h:1[m[K,
                 from [01m[K/home/xie/Desktop/learn/carpole/cartplole/src/control/include/control/cppadpino.h:1[m[K,
                 from [01m[K/home/xie/Desktop/learn/carpole/cartplole/src/control/include/control/cppadpino.h:1[m[K,
                 from [01m[K/home/xie/Desktop/learn/carpole/cartplole/src/control/include/control/cppadpino.h:1[m[K,
                 from [01m[K/home/xie/Desktop/learn/carpole/cartplole/src/control/include/control/cppadpino.h:1[m[K,
                 from [01m[K/home/xie/Desktop/learn/carpole/cartplole/src/control/include/control/cppadpino.h:1[m[K,
                 from [01m[K/home/xie/Desktop/learn/carpole/cartplole/src/control/include/control/cppadpino.h:1[m[K,
                 from [01m[K/home/xie/Desktop/learn/carpole/cartplole/src/control/src/main.cpp:2[m[K:
[01m[K/home/xie/Desktop/learn/carpole/cartplole/src/control/include/control/cppadpino.h:1:31:[m[K [01;31m[Kerror: [m[K#include nested depth 200 exceeds maximum of 200 (use -fmax-include-depth=DEPTH to increase the maximum)
    1 | #include "control/cppadpino.h"
      |                               [01;31m[K^[m[K
[01m[K/home/xie/Desktop/learn/carpole/cartplole/src/control/include/control/cppadpino.h:2:25:[m[K [01;31m[Kerror: [m[K#include nested depth 200 exceeds maximum of 200 (use -fmax-include-depth=DEPTH to increase the maximum)
    2 | #include "cppad/cppad.h"
      |                         [01;31m[K^[m[K
In file included from [01m[K/home/xie/Desktop/learn/carpole/cartplole/src/control/include/control/cppadpino.h:1[m[K,
                 from [01m[K/home/xie/Desktop/learn/carpole/cartplole/src/control/include/control/cppadpino.h:1[m[K,
                 from [01m[K/home/xie/Desktop/learn/carpole/cartplole/src/control/include/control/cppadpino.h:1[m[K,
                 from [01m[K/home/xie/Desktop/learn/carpole/cartplole/src/control/include/control/cppadpino.h:1[m[K,
                 from [01m[K/home/xie/Desktop/learn/carpole/cartplole/src/control/include/control/cppadpino.h:1[m[K,
                 from [01m[K/home/xie/Desktop/learn/carpole/cartplole/src/control/include/control/cppadpino.h:1[m[K,
                 from [01m[K/home/xie/Desktop/learn/carpole/cartplole/src/control/include/control/cppadpino.h:1[m[K,
                 from [01m[K/home/xie/Desktop/learn/carpole/cartplole/src/control/include/control/cppadpino.h:1[m[K,
                 from [01m[K/home/xie/Desktop/learn/carpole/cartplole/src/control/include/control/cppadpino.h:1[m[K,
                 from [01m[K/home/xie/Desktop/learn/carpole/cartplole/src/control/include/control/cppadpino.h:1[m[K,
                 from [01m[K/home/xie/Desktop/learn/carpole/cartplole/src/control/include/control/cppadpino.h:1[m[K,
                 from [01m[K/home/xie/Desktop/learn/carpole/cartplole/src/control/include/control/cppadpino.h:1[m[K,
                 from [01m[K/home/xie/Desktop/learn/carpole/cartplole/src/control/include/control/cppadpino.h:1[m[K,
                 from [01m[K/home/xie/Desktop/learn/carpole/cartplole/src/control/include/control/cppadpino.h:1[m[K,
                 from [01m[K/home/xie/Desktop/learn/carpole/cartplole/src/control/include/control/cppadpino.h:1[m[K,
                 from [01m[K/home/xie/Desktop/learn/carpole/cartplole/src/control/include/control/cppadpino.h:1[m[K,
                 from [01m[K/home/xie/Desktop/learn/carpole/cartplole/src/control/include/control/cppadpino.h:1[m[K,
                 from [01m[K/home/xie/Desktop/learn/carpole/cartplole/src/control/include/control/cppadpino.h:1[m[K,
                 from [01m[K/home/xie/Desktop/learn/carpole/cartplole/src/control/include/control/cppadpino.h:1[m[K,
                 from [01m[K/home/xie/Desktop/learn/carpole/cartplole/src/control/include/control/cppadpino.h:1[m[K,
                 from [01m[K/home/xie/Desktop/learn/carpole/cartplole/src/control/include/control/cppadpino.h:1[m[K,
                 from [01m[K/home/xie/Desktop/learn/carpole/cartplole/src/control/include/control/cppadpino.h:1[m[K,
                 from [01m[K/home/xie/Desktop/learn/carpole/cartplole/src/control/include/control/cppadpino.h:1[m[K,
                 from [01m[K/home/xie/Desktop/learn/carpole/cartplole/src/control/include/control/cppadpino.h:1[m[K,
                 from [01m[K/home/xie/Desktop/learn/carpole/cartplole/src/control/include/control/cppadpino.h:1[m[K,
                 from [01m[K/home/xie/Desktop/learn/carpole/cartplole/src/control/include/control/cppadpino.h:1[m[K,
                 from [01m[K/home/xie/Desktop/learn/carpole/cartplole/src/control/include/control/cppadpino.h:1[m[K,
                 from [01m[K/home/xie/Desktop/learn/carpole/cartplole/src/control/include/control/cppadpino.h:1[m[K,
                 from [01m[K/home/xie/Desktop/learn/carpole/cartplole/src/control/include/control/cppadpino.h:1[m[K,
                 from [01m[K/home/xie/Desktop/learn/carpole/cartplole/src/control/include/control/cppadpino.h:1[m[K,
                 from [01m[K/home/xie/Desktop/learn/carpole/cartplole/src/control/include/control/cppadpino.h:1[m[K,
                 from [01m[K/home/xie/Desktop/learn/carpole/cartplole/src/control/include/control/cppadpino.h:1[m[K,
                 from [01m[K/home/xie/Desktop/learn/carpole/cartplole/src/control/include/control/cppadpino.h:1[m[K,
                 from [01m[K/home/xie/Desktop/learn/carpole/cartplole/src/control/include/control/cppadpino.h:1[m[K,
                 from [01m[K/home/xie/Desktop/learn/carpole/cartplole/src/control/include/control/cppadpino.h:1[m[K,
                 from [01m[K/home/xie/Desktop/learn/carpole/cartplole/src/control/include/control/cppadpino.h:1[m[K,
                 from [01m[K/home/xie/Desktop/learn/carpole/cartplole/src/control/include/control/cppadpino.h:1[m[K,
                 from [01m[K/home/xie/Desktop/learn/carpole/cartplole/src/control/include/control/cppadpino.h:1[m[K,
                 from [01m[K/home/xie/Desktop/learn/carpole/cartplole/src/control/include/control/cppadpino.h:1[m[K,
                 from [01m[K/home/xie/Desktop/learn/carpole/cartplole/src/control/include/control/cppadpino.h:1[m[K,
                 from [01m[K/home/xie/Desktop/learn/carpole/cartplole/src/control/include/control/cppadpino.h:1[m[K,
                 from [01m[K/home/xie/Desktop/learn/carpole/cartplole/src/control/include/control/cppadpino.h:1[m[K,
                 from [01m[K/home/xie/Desktop/learn/carpole/cartplole/src/control/include/control/cppadpino.h:1[m[K,
                 from [01m[K/home/xie/Desktop/learn/carpole/cartplole/src/control/include/control/cppadpino.h:1[m[K,
                 from [01m[K/home/xie/Desktop/learn/carpole/cartplole/src/control/include/control/cppadpino.h:1[m[K,
                 from [01m[K/home/xie/Desktop/learn/carpole/cartplole/src/control/include/control/cppadpino.h:1[m[K,
                 from [01m[K/home/xie/Desktop/learn/carpole/cartplole/src/control/include/control/cppadpino.h:1[m[K,
                 from [01m[K/home/xie/Desktop/learn/carpole/cartplole/src/control/include/control/cppadpino.h:1[m[K,
                 from [01m[K/home/xie/Desktop/learn/carpole/cartplole/src/control/include/control/cppadpino.h:1[m[K,
                 from [01m[K/home/xie/Desktop/learn/carpole/cartplole/src/control/include/control/cppadpino.h:1[m[K,
                 from [01m[K/home/xie/Desktop/learn/carpole/cartplole/src/control/include/control/cppadpino.h:1[m[K,
                 from [01m[K/home/xie/Desktop/learn/carpole/cartplole/src/control/include/control/cppadpino.h:1[m[K,
                 from [01m[K/home/xie/Desktop/learn/carpole/cartplole/src/control/include/control/cppadpino.h:1[m[K,
                 from [01m[K/home/xie/Desktop/learn/carpole/cartplole/src/control/include/control/cppadpino.h:1[m[K,
                 from [01m[K/home/xie/Desktop/learn/carpole/cartplole/src/control/include/control/cppadpino.h:1[m[K,
                 from [01m[K/home/xie/Desktop/learn/carpole/cartplole/src/control/include/control/cppadpino.h:1[m[K,
                 from [01m[K/home/xie/Desktop/learn/carpole/cartplole/src/control/include/control/cppadpino.h:1[m[K,
                 from [01m[K/home/xie/Desktop/learn/carpole/cartplole/src/control/include/control/cppadpino.h:1[m[K,
                 from [01m[K/home/xie/Desktop/learn/carpole/cartplole/src/control/include/control/cppadpino.h:1[m[K,
                 from [01m[K/home/xie/Desktop/learn/carpole/cartplole/src/control/include/control/cppadpino.h:1[m[K,
                 from [01m[K/home/xie/Desktop/learn/carpole/cartplole/src/control/include/control/cppadpino.h:1[m[K,
                 from [01m[K/home/xie/Desktop/learn/carpole/cartplole/src/control/include/control/cppadpino.h:1[m[K,
                 from [01m[K/home/xie/Desktop/learn/carpole/cartplole/src/control/include/control/cppadpino.h:1[m[K,
                 from [01m[K/home/xie/Desktop/learn/carpole/cartplole/src/control/include/control/cppadpino.h:1[m[K,
                 from [01m[K/home/xie/Desktop/learn/carpole/cartplole/src/control/include/control/cppadpino.h:1[m[K,
                 from [01m[K/home/xie/Desktop/learn/carpole/cartplole/src/control/include/control/cppadpino.h:1[m[K,
                 from [01m[K/home/xie/Desktop/learn/carpole/cartplole/src/control/include/control/cppadpino.h:1[m[K,
                 from [01m[K/home/xie/Desktop/learn/carpole/cartplole/src/control/include/control/cppadpino.h:1[m[K,
                 from [01m[K/home/xie/Desktop/learn/carpole/cartplole/src/control/include/control/cppadpino.h:1[m[K,
                 from [01m[K/home/xie/Desktop/learn/carpole/cartplole/src/control/include/control/cppadpino.h:1[m[K,
                 from [01m[K/home/xie/Desktop/learn/carpole/cartplole/src/control/include/control/cppadpino.h:1[m[K,
                 from [01m[K/home/xie/Desktop/learn/carpole/cartplole/src/control/include/control/cppadpino.h:1[m[K,
                 from [01m[K/home/xie/Desktop/learn/carpole/cartplole/src/control/include/control/cppadpino.h:1[m[K,
                 from [01m[K/home/xie/Desktop/learn/carpole/cartplole/src/control/include/control/cppadpino.h:1[m[K,
                 from [01m[K/home/xie/Desktop/learn/carpole/cartplole/src/control/include/control/cppadpino.h:1[m[K,
                 from [01m[K/home/xie/Desktop/learn/carpole/cartplole/src/control/include/control/cppadpino.h:1[m[K,
                 from [01m[K/home/xie/Desktop/learn/carpole/cartplole/src/control/include/control/cppadpino.h:1[m[K,
                 from [01m[K/home/xie/Desktop/learn/carpole/cartplole/src/control/include/control/cppadpino.h:1[m[K,
                 from [01m[K/home/xie/Desktop/learn/carpole/cartplole/src/control/include/control/cppadpino.h:1[m[K,
                 from [01m[K/home/xie/Desktop/learn/carpole/cartplole/src/control/include/control/cppadpino.h:1[m[K,
                 from [01m[K/home/xie/Desktop/learn/carpole/cartplole/src/control/include/control/cppadpino.h:1[m[K,
                 from [01m[K/home/xie/Desktop/learn/carpole/cartplole/src/control/include/control/cppadpino.h:1[m[K,
                 from [01m[K/home/xie/Desktop/learn/carpole/cartplole/src/control/include/control/cppadpino.h:1[m[K,
                 from [01m[K/home/xie/Desktop/learn/carpole/cartplole/src/control/include/control/cppadpino.h:1[m[K,
                 from [01m[K/home/xie/Desktop/learn/carpole/cartplole/src/control/include/control/cppadpino.h:1[m[K,
                 from [01m[K/home/xie/Desktop/learn/carpole/cartplole/src/control/include/control/cppadpino.h:1[m[K,
                 from [01m[K/home/xie/Desktop/learn/carpole/cartplole/src/control/include/control/cppadpino.h:1[m[K,
                 from [01m[K/home/xie/Desktop/learn/carpole/cartplole/src/control/include/control/cppadpino.h:1[m[K,
                 from [01m[K/home/xie/Desktop/learn/carpole/cartplole/src/control/include/control/cppadpino.h:1[m[K,
                 from [01m[K/home/xie/Desktop/learn/carpole/cartplole/src/control/include/control/cppadpino.h:1[m[K,
                 from [01m[K/home/xie/Desktop/learn/carpole/cartplole/src/control/include/control/cppadpino.h:1[m[K,
                 from [01m[K/home/xie/Desktop/learn/carpole/cartplole/src/control/include/control/cppadpino.h:1[m[K,
                 from [01m[K/home/xie/Desktop/learn/carpole/cartplole/src/control/include/control/cppadpino.h:1[m[K,
                 from [01m[K/home/xie/Desktop/learn/carpole/cartplole/src/control/include/control/cppadpino.h:1[m[K,
                 from [01m[K/home/xie/Desktop/learn/carpole/cartplole/src/control/include/control/cppadpino.h:1[m[K,
                 from [01m[K/home/xie/Desktop/learn/carpole/cartplole/src/control/include/control/cppadpino.h:1[m[K,
                 from [01m[K/home/xie/Desktop/learn/carpole/cartplole/src/control/include/control/cppadpino.h:1[m[K,
                 from [01m[K/home/xie/Desktop/learn/carpole/cartplole/src/control/include/control/cppadpino.h:1[m[K,
                 from [01m[K/home/xie/Desktop/learn/carpole/cartplole/src/control/include/control/cppadpino.h:1[m[K,
                 from [01m[K/home/xie/Desktop/learn/carpole/cartplole/src/control/include/control/cppadpino.h:1[m[K,
                 from [01m[K/home/xie/Desktop/learn/carpole/cartplole/src/control/include/control/cppadpino.h:1[m[K,
                 from [01m[K/home/xie/Desktop/learn/carpole/cartplole/src/control/include/control/cppadpino.h:1[m[K,
                 from [01m[K/home/xie/Desktop/learn/carpole/cartplole/src/control/include/control/cppadpino.h:1[m[K,
                 from [01m[K/home/xie/Desktop/learn/carpole/cartplole/src/control/include/control/cppadpino.h:1[m[K,
                 from [01m[K/home/xie/Desktop/learn/carpole/cartplole/src/control/include/control/cppadpino.h:1[m[K,
                 from [01m[K/home/xie/Desktop/learn/carpole/cartplole/src/control/include/control/cppadpino.h:1[m[K,
                 from [01m[K/home/xie/Desktop/learn/carpole/cartplole/src/control/include/control/cppadpino.h:1[m[K,
                 from [01m[K/home/xie/Desktop/learn/carpole/cartplole/src/control/include/control/cppadpino.h:1[m[K,
                 from [01m[K/home/xie/Desktop/learn/carpole/cartplole/src/control/include/control/cppadpino.h:1[m[K,
                 from [01m[K/home/xie/Desktop/learn/carpole/cartplole/src/control/include/control/cppadpino.h:1[m[K,
                 from [01m[K/home/xie/Desktop/learn/carpole/cartplole/src/control/include/control/cppadpino.h:1[m[K,
                 from [01m[K/home/xie/Desktop/learn/carpole/cartplole/src/control/include/control/cppadpino.h:1[m[K,
                 from [01m[K/home/xie/Desktop/learn/carpole/cartplole/src/control/include/control/cppadpino.h:1[m[K,
                 from [01m[K/home/xie/Desktop/learn/carpole/cartplole/src/control/include/control/cppadpino.h:1[m[K,
                 from [01m[K/home/xie/Desktop/learn/carpole/cartplole/src/control/include/control/cppadpino.h:1[m[K,
                 from [01m[K/home/xie/Desktop/learn/carpole/cartplole/src/control/include/control/cppadpino.h:1[m[K,
                 from [01m[K/home/xie/Desktop/learn/carpole/cartplole/src/control/include/control/cppadpino.h:1[m[K,
                 from [01m[K/home/xie/Desktop/learn/carpole/cartplole/src/control/include/control/cppadpino.h:1[m[K,
                 from [01m[K/home/xie/Desktop/learn/carpole/cartplole/src/control/include/control/cppadpino.h:1[m[K,
                 from [01m[K/home/xie/Desktop/learn/carpole/cartplole/src/control/include/control/cppadpino.h:1[m[K,
                 from [01m[K/home/xie/Desktop/learn/carpole/cartplole/src/control/include/control/cppadpino.h:1[m[K,
                 from [01m[K/home/xie/Desktop/learn/carpole/cartplole/src/control/include/control/cppadpino.h:1[m[K,
                 from [01m[K/home/xie/Desktop/learn/carpole/cartplole/src/control/include/control/cppadpino.h:1[m[K,
                 from [01m[K/home/xie/Desktop/learn/carpole/cartplole/src/control/include/control/cppadpino.h:1[m[K,
                 from [01m[K/home/xie/Desktop/learn/carpole/cartplole/src/control/include/control/cppadpino.h:1[m[K,
                 from [01m[K/home/xie/Desktop/learn/carpole/cartplole/src/control/include/control/cppadpino.h:1[m[K,
                 from [01m[K/home/xie/Desktop/learn/carpole/cartplole/src/control/include/control/cppadpino.h:1[m[K,
                 from [01m[K/home/xie/Desktop/learn/carpole/cartplole/src/control/include/control/cppadpino.h:1[m[K,
                 from [01m[K/home/xie/Desktop/learn/carpole/cartplole/src/control/include/control/cppadpino.h:1[m[K,
                 from [01m[K/home/xie/Desktop/learn/carpole/cartplole/src/control/include/control/cppadpino.h:1[m[K,
                 from [01m[K/home/xie/Desktop/learn/carpole/cartplole/src/control/include/control/cppadpino.h:1[m[K,
                 from [01m[K/home/xie/Desktop/learn/carpole/cartplole/src/control/include/control/cppadpino.h:1[m[K,
                 from [01m[K/home/xie/Desktop/learn/carpole/cartplole/src/control/include/control/cppadpino.h:1[m[K,
                 from [01m[K/home/xie/Desktop/learn/carpole/cartplole/src/control/include/control/cppadpino.h:1[m[K,
                 from [01m[K/home/xie/Desktop/learn/carpole/cartplole/src/control/include/control/cppadpino.h:1[m[K,
                 from [01m[K/home/xie/Desktop/learn/carpole/cartplole/src/control/include/control/cppadpino.h:1[m[K,
                 from [01m[K/home/xie/Desktop/learn/carpole/cartplole/src/control/include/control/cppadpino.h:1[m[K,
                 from [01m[K/home/xie/Desktop/learn/carpole/cartplole/src/control/include/control/cppadpino.h:1[m[K,
                 from [01m[K/home/xie/Desktop/learn/carpole/cartplole/src/control/include/control/cppadpino.h:1[m[K,
                 from [01m[K/home/xie/Desktop/learn/carpole/cartplole/src/control/include/control/cppadpino.h:1[m[K,
                 from [01m[K/home/xie/Desktop/learn/carpole/cartplole/src/control/include/control/cppadpino.h:1[m[K,
                 from [01m[K/home/xie/Desktop/learn/carpole/cartplole/src/control/include/control/cppadpino.h:1[m[K,
                 from [01m[K/home/xie/Desktop/learn/carpole/cartplole/src/control/include/control/cppadpino.h:1[m[K,
                 from [01m[K/home/xie/Desktop/learn/carpole/cartplole/src/control/include/control/cppadpino.h:1[m[K,
                 from [01m[K/home/xie/Desktop/learn/carpole/cartplole/src/control/include/control/cppadpino.h:1[m[K,
                 from [01m[K/home/xie/Desktop/learn/carpole/cartplole/src/control/include/control/cppadpino.h:1[m[K,
                 from [01m[K/home/xie/Desktop/learn/carpole/cartplole/src/control/include/control/cppadpino.h:1[m[K,
                 from [01m[K/home/xie/Desktop/learn/carpole/cartplole/src/control/include/control/cppadpino.h:1[m[K,
                 from [01m[K/home/xie/Desktop/learn/carpole/cartplole/src/control/include/control/cppadpino.h:1[m[K,
                 from [01m[K/home/xie/Desktop/learn/carpole/cartplole/src/control/include/control/cppadpino.h:1[m[K,
                 from [01m[K/home/xie/Desktop/learn/carpole/cartplole/src/control/include/control/cppadpino.h:1[m[K,
                 from [01m[K/home/xie/Desktop/learn/carpole/cartplole/src/control/include/control/cppadpino.h:1[m[K,
                 from [01m[K/home/xie/Desktop/learn/carpole/cartplole/src/control/include/control/cppadpino.h:1[m[K,
                 from [01m[K/home/xie/Desktop/learn/carpole/cartplole/src/control/include/control/cppadpino.h:1[m[K,
                 from [01m[K/home/xie/Desktop/learn/carpole/cartplole/src/control/include/control/cppadpino.h:1[m[K,
                 from [01m[K/home/xie/Desktop/learn/carpole/cartplole/src/control/include/control/cppadpino.h:1[m[K,
                 from [01m[K/home/xie/Desktop/learn/carpole/cartplole/src/control/include/control/cppadpino.h:1[m[K,
                 from [01m[K/home/xie/Desktop/learn/carpole/cartplole/src/control/include/control/cppadpino.h:1[m[K,
                 from [01m[K/home/xie/Desktop/learn/carpole/cartplole/src/control/include/control/cppadpino.h:1[m[K,
                 from [01m[K/home/xie/Desktop/learn/carpole/cartplole/src/control/include/control/cppadpino.h:1[m[K,
                 from [01m[K/home/xie/Desktop/learn/carpole/cartplole/src/control/include/control/cppadpino.h:1[m[K,
                 from [01m[K/home/xie/Desktop/learn/carpole/cartplole/src/control/include/control/cppadpino.h:1[m[K,
                 from [01m[K/home/xie/Desktop/learn/carpole/cartplole/src/control/include/control/cppadpino.h:1[m[K,
                 from [01m[K/home/xie/Desktop/learn/carpole/cartplole/src/control/include/control/cppadpino.h:1[m[K,
                 from [01m[K/home/xie/Desktop/learn/carpole/cartplole/src/control/include/control/cppadpino.h:1[m[K,
                 from [01m[K/home/xie/Desktop/learn/carpole/cartplole/src/control/include/control/cppadpino.h:1[m[K,
                 from [01m[K/home/xie/Desktop/learn/carpole/cartplole/src/control/include/control/cppadpino.h:1[m[K,
                 from [01m[K/home/xie/Desktop/learn/carpole/cartplole/src/control/include/control/cppadpino.h:1[m[K,
                 from [01m[K/home/xie/Desktop/learn/carpole/cartplole/src/control/include/control/cppadpino.h:1[m[K,
                 from [01m[K/home/xie/Desktop/learn/carpole/cartplole/src/control/include/control/cppadpino.h:1[m[K,
                 from [01m[K/home/xie/Desktop/learn/carpole/cartplole/src/control/include/control/cppadpino.h:1[m[K,
                 from [01m[K/home/xie/Desktop/learn/carpole/cartplole/src/control/include/control/cppadpino.h:1[m[K,
                 from [01m[K/home/xie/Desktop/learn/carpole/cartplole/src/control/include/control/cppadpino.h:1[m[K,
                 from [01m[K/home/xie/Desktop/learn/carpole/cartplole/src/control/include/control/cppadpino.h:1[m[K,
                 from [01m[K/home/xie/Desktop/learn/carpole/cartplole/src/control/include/control/cppadpino.h:1[m[K,
                 from [01m[K/home/xie/Desktop/learn/carpole/cartplole/src/control/include/control/cppadpino.h:1[m[K,
                 from [01m[K/home/xie/Desktop/learn/carpole/cartplole/src/control/include/control/cppadpino.h:1[m[K,
                 from [01m[K/home/xie/Desktop/learn/carpole/cartplole/src/control/include/control/cppadpino.h:1[m[K,
                 from [01m[K/home/xie/Desktop/learn/carpole/cartplole/src/control/include/control/cppadpino.h:1[m[K,
                 from [01m[K/home/xie/Desktop/learn/carpole/cartplole/src/control/include/control/cppadpino.h:1[m[K,
                 from [01m[K/home/xie/Desktop/learn/carpole/cartplole/src/control/include/control/cppadpino.h:1[m[K,
                 from [01m[K/home/xie/Desktop/learn/carpole/cartplole/src/control/include/control/cppadpino.h:1[m[K,
                 from [01m[K/home/xie/Desktop/learn/carpole/cartplole/src/control/include/control/cppadpino.h:1[m[K,
                 from [01m[K/home/xie/Desktop/learn/carpole/cartplole/src/control/include/control/cppadpino.h:1[m[K,
                 from [01m[K/home/xie/Desktop/learn/carpole/cartplole/src/control/include/control/cppadpino.h:1[m[K,
                 from [01m[K/home/xie/Desktop/learn/carpole/cartplole/src/control/include/control/cppadpino.h:1[m[K,
                 from [01m[K/home/xie/Desktop/learn/carpole/cartplole/src/control/include/control/cppadpino.h:1[m[K,
                 from [01m[K/home/xie/Desktop/learn/carpole/cartplole/src/control/include/control/cppadpino.h:1[m[K,
                 from [01m[K/home/xie/Desktop/learn/carpole/cartplole/src/control/include/control/cppadpino.h:1[m[K,
                 from [01m[K/home/xie/Desktop/learn/carpole/cartplole/src/control/include/control/cppadpino.h:1[m[K,
                 from [01m[K/home/xie/Desktop/learn/carpole/cartplole/src/control/include/control/cppadpino.h:1[m[K,
                 from [01m[K/home/xie/Desktop/learn/carpole/cartplole/src/control/include/control/cppadpino.h:1[m[K,
                 from [01m[K/home/xie/Desktop/learn/carpole/cartplole/src/control/include/control/cppadpino.h:1[m[K,
                 from [01m[K/home/xie/Desktop/learn/carpole/cartplole/src/control/include/control/cppadpino.h:1[m[K,
                 from [01m[K/home/xie/Desktop/learn/carpole/cartplole/src/control/include/control/cppadpino.h:1[m[K,
                 from [01m[K/home/xie/Desktop/learn/carpole/cartplole/src/control/include/control/cppadpino.h:1[m[K,
                 from [01m[K/home/xie/Desktop/learn/carpole/cartplole/src/control/include/control/cppadpino.h:1[m[K,
                 from [01m[K/home/xie/Desktop/learn/carpole/cartplole/src/control/src/main.cpp:2[m[K:
[01m[K/home/xie/Desktop/learn/carpole/cartplole/src/control/include/control/cppadpino.h:2:10:[m[K [01;31m[Kfatal error: [m[Kcppad/cppad.h: No such file or directory
    2 | #include [01;31m[K"cppad/cppad.h"[m[K
      |          [01;31m[K^~~~~~~~~~~~~~~[m[K
compilation terminated.
gmake[2]: *** [CMakeFiles/control_node.dir/build.make:118: CMakeFiles/control_node.dir/src/main.cpp.o] Error 1
gmake[1]: *** [CMakeFiles/Makefile2:137: CMakeFiles/control_node.dir/all] Error 2
gmake: *** [Makefile:146: all] Error 2
