[0.060s] Invoking command in '/home/xie/Desktop/learn/carpole/cartplole/build/control': CMAKE_PREFIX_PATH=/home/xie/Desktop/learn/carpole/cartplole/install/interface:/home/xie/Desktop/learn/carpole/cartplole/install/simulate:/home/xie/Desktop/learn/carpole/cartplole/install/manage:/home/xie/Desktop/learn/carpole/cartplole/install/control:/usr/local:/usr/local:/opt/ros/humble /usr/bin/cmake --build /home/xie/Desktop/learn/carpole/cartplole/build/control -- -j20 -l20
[0.092s] [35m[1mConsolidate compiler generated dependencies of target control_node[0m
[0.123s] [ 20%] [32mBuilding CXX object CMakeFiles/control_node.dir/src/cppadpino.cpp.o[0m
[3.106s] [01m[K/home/xie/Desktop/learn/carpole/cartplole/src/control/src/cppadpino.cpp:[m[K In constructor ‘[01m[Kmpc::mpc()[m[K’:
[3.106s] [01m[K/home/xie/Desktop/learn/carpole/cartplole/src/control/src/cppadpino.cpp:36:26:[m[K [01;35m[Kwarning: [m[Kcomparison of integer expressions of different signedness: ‘[01m[Ksize_t[m[K’ {aka ‘[01m[Klong unsigned int[m[K’} and ‘[01m[Kint[m[K’ [[01;35m[K]8;;https://gcc.gnu.org/onlinedocs/gcc/Warning-Options.html#index-Wsign-compare-Wsign-compare]8;;[m[K]
[3.106s]    36 |     for (size_t i = 0; [01;35m[Ki < admodel.njoints[m[K; i++) {
[3.106s]       |                        [01;35m[K~~^~~~~~~~~~~~~~~~~[m[K
[3.127s] [01m[K/home/xie/Desktop/learn/carpole/cartplole/src/control/src/cppadpino.cpp:[m[K In member function ‘[01m[KCppAD::ADFun<double, double> mpc::setdyn()[m[K’:
[3.127s] [01m[K/home/xie/Desktop/learn/carpole/cartplole/src/control/src/cppadpino.cpp:134:1:[m[K [01;35m[Kwarning: [m[Kno return statement in function returning non-void [[01;35m[K]8;;https://gcc.gnu.org/onlinedocs/gcc/Warning-Options.html#index-Wreturn-type-Wreturn-type]8;;[m[K]
[3.127s]   134 | [01;35m[K}[m[K
[3.127s]       | [01;35m[K^[m[K
[30.109s] [ 40%] [32m[1mLinking CXX executable control_node[0m
[30.260s] [100%] Built target control_node
[30.266s] Invoked command in '/home/xie/Desktop/learn/carpole/cartplole/build/control' returned '0': CMAKE_PREFIX_PATH=/home/xie/Desktop/learn/carpole/cartplole/install/interface:/home/xie/Desktop/learn/carpole/cartplole/install/simulate:/home/xie/Desktop/learn/carpole/cartplole/install/manage:/home/xie/Desktop/learn/carpole/cartplole/install/control:/usr/local:/usr/local:/opt/ros/humble /usr/bin/cmake --build /home/xie/Desktop/learn/carpole/cartplole/build/control -- -j20 -l20
[30.285s] Invoking command in '/home/xie/Desktop/learn/carpole/cartplole/build/control': CMAKE_PREFIX_PATH=/home/xie/Desktop/learn/carpole/cartplole/install/interface:/home/xie/Desktop/learn/carpole/cartplole/install/simulate:/home/xie/Desktop/learn/carpole/cartplole/install/manage:/home/xie/Desktop/learn/carpole/cartplole/install/control:/usr/local:/usr/local:/opt/ros/humble /usr/bin/cmake --install /home/xie/Desktop/learn/carpole/cartplole/build/control
[30.290s] -- Install configuration: "Release"
[30.290s] -- Installing: /home/xie/Desktop/learn/carpole/cartplole/install/control/lib/control/control_node
[30.291s] -- Set runtime path of "/home/xie/Desktop/learn/carpole/cartplole/install/control/lib/control/control_node" to "/home/xie/Desktop/learn/carpole/cartplole/src/control/lib"
[30.291s] -- Up-to-date: /home/xie/Desktop/learn/carpole/cartplole/install/control/share/ament_index/resource_index/package_run_dependencies/control
[30.291s] -- Up-to-date: /home/xie/Desktop/learn/carpole/cartplole/install/control/share/ament_index/resource_index/parent_prefix_path/control
[30.291s] -- Up-to-date: /home/xie/Desktop/learn/carpole/cartplole/install/control/share/control/environment/ament_prefix_path.sh
[30.291s] -- Up-to-date: /home/xie/Desktop/learn/carpole/cartplole/install/control/share/control/environment/ament_prefix_path.dsv
[30.291s] -- Up-to-date: /home/xie/Desktop/learn/carpole/cartplole/install/control/share/control/environment/path.sh
[30.291s] -- Up-to-date: /home/xie/Desktop/learn/carpole/cartplole/install/control/share/control/environment/path.dsv
[30.292s] -- Up-to-date: /home/xie/Desktop/learn/carpole/cartplole/install/control/share/control/local_setup.bash
[30.292s] -- Up-to-date: /home/xie/Desktop/learn/carpole/cartplole/install/control/share/control/local_setup.sh
[30.292s] -- Up-to-date: /home/xie/Desktop/learn/carpole/cartplole/install/control/share/control/local_setup.zsh
[30.292s] -- Up-to-date: /home/xie/Desktop/learn/carpole/cartplole/install/control/share/control/local_setup.dsv
[30.292s] -- Installing: /home/xie/Desktop/learn/carpole/cartplole/install/control/share/control/package.dsv
[30.292s] -- Up-to-date: /home/xie/Desktop/learn/carpole/cartplole/install/control/share/ament_index/resource_index/packages/control
[30.292s] -- Up-to-date: /home/xie/Desktop/learn/carpole/cartplole/install/control/share/control/cmake/controlConfig.cmake
[30.292s] -- Up-to-date: /home/xie/Desktop/learn/carpole/cartplole/install/control/share/control/cmake/controlConfig-version.cmake
[30.292s] -- Up-to-date: /home/xie/Desktop/learn/carpole/cartplole/install/control/share/control/package.xml
[30.293s] Invoked command in '/home/xie/Desktop/learn/carpole/cartplole/build/control' returned '0': CMAKE_PREFIX_PATH=/home/xie/Desktop/learn/carpole/cartplole/install/interface:/home/xie/Desktop/learn/carpole/cartplole/install/simulate:/home/xie/Desktop/learn/carpole/cartplole/install/manage:/home/xie/Desktop/learn/carpole/cartplole/install/control:/usr/local:/usr/local:/opt/ros/humble /usr/bin/cmake --install /home/xie/Desktop/learn/carpole/cartplole/build/control
