[0.056s] Invoking command in '/home/xie/Desktop/learn/carpole/cartplole/build/control': CMAKE_PREFIX_PATH=/home/xie/Desktop/learn/carpole/cartplole/install/interface:/home/xie/Desktop/learn/carpole/cartplole/install/simulate:/home/xie/Desktop/learn/carpole/cartplole/install/manage:/home/xie/Desktop/learn/carpole/cartplole/install/control:/usr/local:/usr/local:/opt/ros/humble /usr/bin/cmake --build /home/xie/Desktop/learn/carpole/cartplole/build/control -- -j20 -l20
[0.088s] [35m[1mConsolidate compiler generated dependencies of target control_node[0m
[0.119s] [ 20%] [32mBuilding CXX object CMakeFiles/control_node.dir/src/cppadpino.cpp.o[0m
[2.931s] [01m[K/home/xie/Desktop/learn/carpole/cartplole/src/control/src/cppadpino.cpp:[m[K In constructor ‘[01m[Kmpc::mpc()[m[K’:
[2.931s] [01m[K/home/xie/Desktop/learn/carpole/cartplole/src/control/src/cppadpino.cpp:36:26:[m[K [01;35m[Kwarning: [m[Kcomparison of integer expressions of different signedness: ‘[01m[Ksize_t[m[K’ {aka ‘[01m[Klong unsigned int[m[K’} and ‘[01m[Kint[m[K’ [[01;35m[K]8;;https://gcc.gnu.org/onlinedocs/gcc/Warning-Options.html#index-Wsign-compare-Wsign-compare]8;;[m[K]
[2.931s]    36 |     for (size_t i = 0; [01;35m[Ki < admodel.njoints[m[K; i++) {
[2.931s]       |                        [01;35m[K~~^~~~~~~~~~~~~~~~~[m[K
[2.952s] [01m[K/home/xie/Desktop/learn/carpole/cartplole/src/control/src/cppadpino.cpp:[m[K In member function ‘[01m[KCppAD::ADFun<double, double> mpc::setdyn()[m[K’:
[2.952s] [01m[K/home/xie/Desktop/learn/carpole/cartplole/src/control/src/cppadpino.cpp:135:1:[m[K [01;35m[Kwarning: [m[Kno return statement in function returning non-void [[01;35m[K]8;;https://gcc.gnu.org/onlinedocs/gcc/Warning-Options.html#index-Wreturn-type-Wreturn-type]8;;[m[K]
[2.952s]   135 | [01;35m[K}[m[K
[2.952s]       | [01;35m[K^[m[K
[29.440s] [ 40%] [32m[1mLinking CXX executable control_node[0m
[29.595s] [100%] Built target control_node
[29.601s] Invoked command in '/home/xie/Desktop/learn/carpole/cartplole/build/control' returned '0': CMAKE_PREFIX_PATH=/home/xie/Desktop/learn/carpole/cartplole/install/interface:/home/xie/Desktop/learn/carpole/cartplole/install/simulate:/home/xie/Desktop/learn/carpole/cartplole/install/manage:/home/xie/Desktop/learn/carpole/cartplole/install/control:/usr/local:/usr/local:/opt/ros/humble /usr/bin/cmake --build /home/xie/Desktop/learn/carpole/cartplole/build/control -- -j20 -l20
[29.619s] Invoking command in '/home/xie/Desktop/learn/carpole/cartplole/build/control': CMAKE_PREFIX_PATH=/home/xie/Desktop/learn/carpole/cartplole/install/interface:/home/xie/Desktop/learn/carpole/cartplole/install/simulate:/home/xie/Desktop/learn/carpole/cartplole/install/manage:/home/xie/Desktop/learn/carpole/cartplole/install/control:/usr/local:/usr/local:/opt/ros/humble /usr/bin/cmake --install /home/xie/Desktop/learn/carpole/cartplole/build/control
[29.623s] -- Install configuration: "Release"
[29.623s] -- Installing: /home/xie/Desktop/learn/carpole/cartplole/install/control/lib/control/control_node
[29.625s] -- Set runtime path of "/home/xie/Desktop/learn/carpole/cartplole/install/control/lib/control/control_node" to "/home/xie/Desktop/learn/carpole/cartplole/src/control/lib"
[29.625s] -- Up-to-date: /home/xie/Desktop/learn/carpole/cartplole/install/control/share/ament_index/resource_index/package_run_dependencies/control
[29.625s] -- Up-to-date: /home/xie/Desktop/learn/carpole/cartplole/install/control/share/ament_index/resource_index/parent_prefix_path/control
[29.625s] -- Up-to-date: /home/xie/Desktop/learn/carpole/cartplole/install/control/share/control/environment/ament_prefix_path.sh
[29.625s] -- Up-to-date: /home/xie/Desktop/learn/carpole/cartplole/install/control/share/control/environment/ament_prefix_path.dsv
[29.625s] -- Up-to-date: /home/xie/Desktop/learn/carpole/cartplole/install/control/share/control/environment/path.sh
[29.625s] -- Up-to-date: /home/xie/Desktop/learn/carpole/cartplole/install/control/share/control/environment/path.dsv
[29.625s] -- Up-to-date: /home/xie/Desktop/learn/carpole/cartplole/install/control/share/control/local_setup.bash
[29.625s] -- Up-to-date: /home/xie/Desktop/learn/carpole/cartplole/install/control/share/control/local_setup.sh
[29.625s] -- Up-to-date: /home/xie/Desktop/learn/carpole/cartplole/install/control/share/control/local_setup.zsh
[29.625s] -- Up-to-date: /home/xie/Desktop/learn/carpole/cartplole/install/control/share/control/local_setup.dsv
[29.625s] -- Installing: /home/xie/Desktop/learn/carpole/cartplole/install/control/share/control/package.dsv
[29.625s] -- Up-to-date: /home/xie/Desktop/learn/carpole/cartplole/install/control/share/ament_index/resource_index/packages/control
[29.626s] -- Up-to-date: /home/xie/Desktop/learn/carpole/cartplole/install/control/share/control/cmake/controlConfig.cmake
[29.626s] -- Up-to-date: /home/xie/Desktop/learn/carpole/cartplole/install/control/share/control/cmake/controlConfig-version.cmake
[29.626s] -- Up-to-date: /home/xie/Desktop/learn/carpole/cartplole/install/control/share/control/package.xml
[29.626s] Invoked command in '/home/xie/Desktop/learn/carpole/cartplole/build/control' returned '0': CMAKE_PREFIX_PATH=/home/xie/Desktop/learn/carpole/cartplole/install/interface:/home/xie/Desktop/learn/carpole/cartplole/install/simulate:/home/xie/Desktop/learn/carpole/cartplole/install/manage:/home/xie/Desktop/learn/carpole/cartplole/install/control:/usr/local:/usr/local:/opt/ros/humble /usr/bin/cmake --install /home/xie/Desktop/learn/carpole/cartplole/build/control
