[0.051s] Invoking command in '/home/xie/Desktop/learn/carpole/cartplole/build/interface': CMAKE_PREFIX_PATH=${CMAKE_PREFIX_PATH}:/opt/ros/humble /usr/bin/cmake --build /home/xie/Desktop/learn/carpole/cartplole/build/interface -- -j20 -l20
[0.065s] -- Found ament_cmake: 1.3.6 (/opt/ros/humble/share/ament_cmake/cmake)
[0.141s] -- Found ament_lint_auto: 0.12.9 (/opt/ros/humble/share/ament_lint_auto/cmake)
[0.174s] -- Found rosidl_default_generators: 1.2.0 (/opt/ros/humble/share/rosidl_default_generators/cmake)
[0.175s] -- Using all available rosidl_typesupport_c: rosidl_typesupport_fastrtps_c;rosidl_typesupport_introspection_c
[0.176s] -- Found rosidl_adapter: 3.1.5 (/opt/ros/humble/share/rosidl_adapter/cmake)
[0.192s] -- Using all available rosidl_typesupport_cpp: rosidl_typesupport_fastrtps_cpp;rosidl_typesupport_introspection_cpp
[0.291s] [31mCMake Error at /opt/ros/humble/share/rosidl_adapter/cmake/rosidl_adapt_interfaces.cmake:59 (message):
[0.291s]   execute_process(/usr/bin/python3.10 -m rosidl_adapter --package-name
[0.291s]   interface --arguments-file
[0.291s]   /home/xie/Desktop/learn/carpole/cartplole/build/interface/rosidl_adapter__arguments__interface.json
[0.291s]   --output-dir
[0.291s]   /home/xie/Desktop/learn/carpole/cartplole/build/interface/rosidl_adapter/interface
[0.291s]   --output-file
[0.291s]   /home/xie/Desktop/learn/carpole/cartplole/build/interface/rosidl_adapter/interface.idls)
[0.291s]   returned error code 1:
[0.291s] 
[0.291s]   Error processing 'float64 ang_z_W' of 'interface/State': ''ang_z_W' is an
[0.291s]   invalid field name.  It should have the pattern
[0.291s]   '^(?!.*__)(?!.*_$)[a-z][a-z0-9_]*$''
[0.291s] 
[0.291s]   Traceback (most recent call last):
[0.291s] 
[0.291s]     File "/usr/lib/python3.10/runpy.py", line 196, in _run_module_as_main
[0.291s]       return _run_code(code, main_globals, None,
[0.291s]     File "/usr/lib/python3.10/runpy.py", line 86, in _run_code
[0.291s]       exec(code, run_globals)
[0.291s]     File "/opt/ros/humble/local/lib/python3.10/dist-packages/rosidl_adapter/__main__.py", line 19, in <module>
[0.291s]       sys.exit(main())
[0.291s]     File "/opt/ros/humble/local/lib/python3.10/dist-packages/rosidl_adapter/main.py", line 53, in main
[0.291s]       abs_idl_file = convert_to_idl(
[0.291s]     File "/opt/ros/humble/local/lib/python3.10/dist-packages/rosidl_adapter/__init__.py", line 19, in convert_to_idl
[0.291s]       return convert_msg_to_idl(
[0.291s]     File "/opt/ros/humble/local/lib/python3.10/dist-packages/rosidl_adapter/msg/__init__.py", line 28, in convert_msg_to_idl
[0.291s]       msg = parse_message_string(package_name, input_file.stem, content)
[0.291s]     File "/opt/ros/humble/local/lib/python3.10/dist-packages/rosidl_adapter/parser.py", line 519, in parse_message_string
[0.291s]       fields.append(Field(
[0.291s]     File "/opt/ros/humble/local/lib/python3.10/dist-packages/rosidl_adapter/parser.py", line 354, in __init__
[0.291s]       raise NameError(
[0.291s] 
[0.291s]   NameError: 'ang_z_W' is an invalid field name.  It should have the pattern
[0.291s]   '^(?!.*__)(?!.*_$)[a-z][a-z0-9_]*$'
[0.291s] 
[0.292s] Call Stack (most recent call first):
[0.292s]   /opt/ros/humble/share/rosidl_cmake/cmake/rosidl_generate_interfaces.cmake:130 (rosidl_adapt_interfaces)
[0.292s]   CMakeLists.txt:30 (rosidl_generate_interfaces)
[0.292s] 
[0.292s] [0m
[0.292s] -- Configuring incomplete, errors occurred!
[0.292s] See also "/home/xie/Desktop/learn/carpole/cartplole/build/interface/CMakeFiles/CMakeOutput.log".
[0.296s] gmake: *** [Makefile:963: cmake_check_build_system] Error 1
[0.298s] Invoked command in '/home/xie/Desktop/learn/carpole/cartplole/build/interface' returned '2': CMAKE_PREFIX_PATH=${CMAKE_PREFIX_PATH}:/opt/ros/humble /usr/bin/cmake --build /home/xie/Desktop/learn/carpole/cartplole/build/interface -- -j20 -l20
