[0.032s] Invoking command in '/home/xie/Desktop/learn/carpole/cartplole/build/manage': CMAKE_PREFIX_PATH=${CMAKE_PREFIX_PATH}:/opt/ros/humble /usr/bin/cmake --build /home/xie/Desktop/learn/carpole/cartplole/build/manage -- -j20 -l20
[0.052s] Invoked command in '/home/xie/Desktop/learn/carpole/cartplole/build/manage' returned '0': CMAKE_PREFIX_PATH=${CMAKE_PREFIX_PATH}:/opt/ros/humble /usr/bin/cmake --build /home/xie/Desktop/learn/carpole/cartplole/build/manage -- -j20 -l20
[0.070s] Invoking command in '/home/xie/Desktop/learn/carpole/cartplole/build/manage': CMAKE_PREFIX_PATH=${CMAKE_PREFIX_PATH}:/opt/ros/humble /usr/bin/cmake --install /home/xie/Desktop/learn/carpole/cartplole/build/manage
[0.074s] -- Install configuration: ""
[0.074s] -- Up-to-date: /home/xie/Desktop/learn/carpole/cartplole/install/manage/share/manage/launch
[0.074s] -- Up-to-date: /home/xie/Desktop/learn/carpole/cartplole/install/manage/share/manage/launch/simulate.launch.py
[0.074s] -- Up-to-date: /home/xie/Desktop/learn/carpole/cartplole/install/manage/share/manage/config
[0.074s] -- Up-to-date: /home/xie/Desktop/learn/carpole/cartplole/install/manage/share/manage/config/simulate_cfg.yaml
[0.074s] -- Up-to-date: /home/xie/Desktop/learn/carpole/cartplole/install/manage/share/manage/config/config.yaml
[0.074s] -- Up-to-date: /home/xie/Desktop/learn/carpole/cartplole/install/manage/share/ament_index/resource_index/package_run_dependencies/manage
[0.074s] -- Up-to-date: /home/xie/Desktop/learn/carpole/cartplole/install/manage/share/ament_index/resource_index/parent_prefix_path/manage
[0.074s] -- Up-to-date: /home/xie/Desktop/learn/carpole/cartplole/install/manage/share/manage/environment/ament_prefix_path.sh
[0.074s] -- Up-to-date: /home/xie/Desktop/learn/carpole/cartplole/install/manage/share/manage/environment/ament_prefix_path.dsv
[0.074s] -- Up-to-date: /home/xie/Desktop/learn/carpole/cartplole/install/manage/share/manage/environment/path.sh
[0.074s] -- Up-to-date: /home/xie/Desktop/learn/carpole/cartplole/install/manage/share/manage/environment/path.dsv
[0.074s] -- Up-to-date: /home/xie/Desktop/learn/carpole/cartplole/install/manage/share/manage/local_setup.bash
[0.074s] -- Up-to-date: /home/xie/Desktop/learn/carpole/cartplole/install/manage/share/manage/local_setup.sh
[0.074s] -- Up-to-date: /home/xie/Desktop/learn/carpole/cartplole/install/manage/share/manage/local_setup.zsh
[0.074s] -- Up-to-date: /home/xie/Desktop/learn/carpole/cartplole/install/manage/share/manage/local_setup.dsv
[0.074s] -- Installing: /home/xie/Desktop/learn/carpole/cartplole/install/manage/share/manage/package.dsv
[0.074s] -- Up-to-date: /home/xie/Desktop/learn/carpole/cartplole/install/manage/share/ament_index/resource_index/packages/manage
[0.074s] -- Up-to-date: /home/xie/Desktop/learn/carpole/cartplole/install/manage/share/manage/cmake/manageConfig.cmake
[0.074s] -- Up-to-date: /home/xie/Desktop/learn/carpole/cartplole/install/manage/share/manage/cmake/manageConfig-version.cmake
[0.074s] -- Up-to-date: /home/xie/Desktop/learn/carpole/cartplole/install/manage/share/manage/package.xml
[0.075s] Invoked command in '/home/xie/Desktop/learn/carpole/cartplole/build/manage' returned '0': CMAKE_PREFIX_PATH=${CMAKE_PREFIX_PATH}:/opt/ros/humble /usr/bin/cmake --install /home/xie/Desktop/learn/carpole/cartplole/build/manage
