-- The C compiler identification is GNU 11.4.0
-- The CXX compiler identification is GNU 11.4.0
-- Detecting C compiler ABI info
-- Detecting C compiler ABI info - done
-- Check for working C compiler: /usr/bin/cc - skipped
-- Detecting C compile features
-- Detecting C compile features - done
-- Detecting CXX compiler ABI info
-- Detecting CXX compiler ABI info - done
-- Check for working CXX compiler: /usr/bin/c++ - skipped
-- Detecting CXX compile features
-- Detecting CXX compile features - done
-- Found ament_cmake: 1.3.6 (/opt/ros/humble/share/ament_cmake/cmake)
-- Found Python3: /usr/bin/python3.10 (found version "3.10.12") found components: Interpreter 
-- Looking for pthread.h
-- Looking for pthread.h - found
-- Performing Test CMAKE_HAVE_LIBC_PTHREAD
-- Performing Test CMAKE_HAVE_LIBC_PTHREAD - Success
-- Found Threads: TRUE  
-- Found rclcpp: 16.0.7 (/opt/ros/humble/share/rclcpp/cmake)
-- Found rosidl_generator_c: 3.1.5 (/opt/ros/humble/share/rosidl_generator_c/cmake)
-- Found rosidl_adapter: 3.1.5 (/opt/ros/humble/share/rosidl_adapter/cmake)
-- Found rosidl_generator_cpp: 3.1.5 (/opt/ros/humble/share/rosidl_generator_cpp/cmake)
-- Using all available rosidl_typesupport_c: rosidl_typesupport_fastrtps_c;rosidl_typesupport_introspection_c
-- Using all available rosidl_typesupport_cpp: rosidl_typesupport_fastrtps_cpp;rosidl_typesupport_introspection_cpp
-- Found rmw_implementation_cmake: 6.1.1 (/opt/ros/humble/share/rmw_implementation_cmake/cmake)
-- Found rmw_fastrtps_cpp: 6.2.5 (/opt/ros/humble/share/rmw_fastrtps_cpp/cmake)
-- Found OpenSSL: /usr/lib/x86_64-linux-gnu/libcrypto.so (found version "3.0.2")  
-- Found FastRTPS: /opt/ros/humble/include  
-- Using RMW implementation 'rmw_fastrtps_cpp' as default
-- Found sensor_msgs: 4.2.3 (/opt/ros/humble/share/sensor_msgs/cmake)
-- Found interface: 0.0.0 (/home/xie/Desktop/learn/carpole/cartplole/install/interface/share/interface/cmake)
-- Configuring done
-- Generating done
-- Build files have been written to: /home/xie/Desktop/learn/carpole/cartplole/build/simulate
[ 14%] [32mBuilding CXX object CMakeFiles/simulate_node.dir/src/glfw_adapter.cc.o[0m
[ 28%] [32mBuilding CXX object CMakeFiles/simulate_node.dir/src/glfw_dispatch.cc.o[0m
[ 42%] [32mBuilding CXX object CMakeFiles/simulate_node.dir/src/main.cc.o[0m
[ 57%] [32mBuilding CXX object CMakeFiles/simulate_node.dir/src/platform_ui_adapter.cc.o[0m
[ 71%] [32mBuilding CXX object CMakeFiles/simulate_node.dir/src/simulate.cc.o[0m
[ 85%] [32mBuilding CXX object CMakeFiles/simulate_node.dir/src/simulate_node.cpp.o[0m
[100%] [32m[1mLinking CXX executable simulate_node[0m
[100%] Built target simulate_node
-- Install configuration: "Release"
-- Installing: /home/xie/Desktop/learn/carpole/cartplole/install/simulate/lib/simulate/simulate_node
-- Set runtime path of "/home/xie/Desktop/learn/carpole/cartplole/install/simulate/lib/simulate/simulate_node" to "/home/xie/Desktop/learn/carpole/cartplole/src/simulate/lib"
-- Installing: /home/xie/Desktop/learn/carpole/cartplole/install/simulate/share/ament_index/resource_index/package_run_dependencies/simulate
-- Installing: /home/xie/Desktop/learn/carpole/cartplole/install/simulate/share/ament_index/resource_index/parent_prefix_path/simulate
-- Installing: /home/xie/Desktop/learn/carpole/cartplole/install/simulate/share/simulate/environment/ament_prefix_path.sh
-- Installing: /home/xie/Desktop/learn/carpole/cartplole/install/simulate/share/simulate/environment/ament_prefix_path.dsv
-- Installing: /home/xie/Desktop/learn/carpole/cartplole/install/simulate/share/simulate/environment/path.sh
-- Installing: /home/xie/Desktop/learn/carpole/cartplole/install/simulate/share/simulate/environment/path.dsv
-- Installing: /home/xie/Desktop/learn/carpole/cartplole/install/simulate/share/simulate/local_setup.bash
-- Installing: /home/xie/Desktop/learn/carpole/cartplole/install/simulate/share/simulate/local_setup.sh
-- Installing: /home/xie/Desktop/learn/carpole/cartplole/install/simulate/share/simulate/local_setup.zsh
-- Installing: /home/xie/Desktop/learn/carpole/cartplole/install/simulate/share/simulate/local_setup.dsv
-- Installing: /home/xie/Desktop/learn/carpole/cartplole/install/simulate/share/simulate/package.dsv
-- Installing: /home/xie/Desktop/learn/carpole/cartplole/install/simulate/share/ament_index/resource_index/packages/simulate
-- Installing: /home/xie/Desktop/learn/carpole/cartplole/install/simulate/share/simulate/cmake/simulateConfig.cmake
-- Installing: /home/xie/Desktop/learn/carpole/cartplole/install/simulate/share/simulate/cmake/simulateConfig-version.cmake
-- Installing: /home/xie/Desktop/learn/carpole/cartplole/install/simulate/share/simulate/package.xml
