[0.415s] DEBUG:colcon:Command line arguments: ['/usr/bin/colcon', 'build']
[0.415s] DEBUG:colcon:Parsed command line arguments: Namespace(log_base=None, log_level=None, verb_name='build', build_base='build', install_base='install', merge_install=False, symlink_install=False, test_result_base=None, continue_on_error=False, executor='parallel', parallel_workers=20, event_handlers=None, ignore_user_meta=False, metas=['./colcon.meta'], base_paths=['.'], packages_ignore=None, packages_ignore_regex=None, paths=None, packages_up_to=None, packages_up_to_regex=None, packages_above=None, packages_above_and_dependencies=None, packages_above_depth=None, packages_select_by_dep=None, packages_skip_by_dep=None, packages_skip_up_to=None, packages_select_build_failed=False, packages_skip_build_finished=False, packages_select_test_failures=False, packages_skip_test_passed=False, packages_select=None, packages_skip=None, packages_select_regex=None, packages_skip_regex=None, packages_start=None, packages_end=None, allow_overriding=[], cmake_args=None, cmake_target=None, cmake_target_skip_unavailable=False, cmake_clean_cache=False, cmake_clean_first=False, cmake_force_configure=False, ament_cmake_args=None, catkin_cmake_args=None, catkin_skip_building_tests=False, verb_parser=<colcon_defaults.argument_parser.defaults.DefaultArgumentsDecorator object at 0x7fd641b93340>, verb_extension=<colcon_core.verb.build.BuildVerb object at 0x7fd641b9b970>, main=<bound method BuildVerb.main of <colcon_core.verb.build.BuildVerb object at 0x7fd641b9b970>>)
[0.437s] Level 1:colcon.colcon_core.package_discovery:discover_packages(colcon_meta) check parameters
[0.437s] Level 1:colcon.colcon_core.package_discovery:discover_packages(recursive) check parameters
[0.437s] Level 1:colcon.colcon_core.package_discovery:discover_packages(ignore) check parameters
[0.437s] Level 1:colcon.colcon_core.package_discovery:discover_packages(path) check parameters
[0.437s] Level 1:colcon.colcon_core.package_discovery:discover_packages(colcon_meta) discover
[0.437s] Level 1:colcon.colcon_core.package_discovery:discover_packages(recursive) discover
[0.437s] INFO:colcon.colcon_core.package_discovery:Crawling recursively for packages in '/home/xie/Desktop/learn/carpole/cartplole'
[0.437s] Level 1:colcon.colcon_core.package_identification:_identify(.) by extensions ['ignore', 'ignore_ament_install']
[0.437s] Level 1:colcon.colcon_core.package_identification:_identify(.) by extension 'ignore'
[0.437s] Level 1:colcon.colcon_core.package_identification:_identify(.) by extension 'ignore_ament_install'
[0.437s] Level 1:colcon.colcon_core.package_identification:_identify(.) by extensions ['colcon_pkg']
[0.437s] Level 1:colcon.colcon_core.package_identification:_identify(.) by extension 'colcon_pkg'
[0.437s] Level 1:colcon.colcon_core.package_identification:_identify(.) by extensions ['colcon_meta']
[0.437s] Level 1:colcon.colcon_core.package_identification:_identify(.) by extension 'colcon_meta'
[0.437s] Level 1:colcon.colcon_core.package_identification:_identify(.) by extensions ['ros']
[0.437s] Level 1:colcon.colcon_core.package_identification:_identify(.) by extension 'ros'
[0.443s] Level 1:colcon.colcon_core.package_identification:_identify(.) by extensions ['cmake', 'python']
[0.443s] Level 1:colcon.colcon_core.package_identification:_identify(.) by extension 'cmake'
[0.443s] Level 1:colcon.colcon_core.package_identification:_identify(.) by extension 'python'
[0.443s] Level 1:colcon.colcon_core.package_identification:_identify(.) by extensions ['python_setup_py']
[0.443s] Level 1:colcon.colcon_core.package_identification:_identify(.) by extension 'python_setup_py'
[0.443s] Level 1:colcon.colcon_core.package_identification:_identify(build) by extensions ['ignore', 'ignore_ament_install']
[0.443s] Level 1:colcon.colcon_core.package_identification:_identify(build) by extension 'ignore'
[0.443s] Level 1:colcon.colcon_core.package_identification:_identify(build) ignored
[0.443s] Level 1:colcon.colcon_core.package_identification:_identify(install) by extensions ['ignore', 'ignore_ament_install']
[0.444s] Level 1:colcon.colcon_core.package_identification:_identify(install) by extension 'ignore'
[0.444s] Level 1:colcon.colcon_core.package_identification:_identify(install) ignored
[0.444s] Level 1:colcon.colcon_core.package_identification:_identify(log) by extensions ['ignore', 'ignore_ament_install']
[0.444s] Level 1:colcon.colcon_core.package_identification:_identify(log) by extension 'ignore'
[0.444s] Level 1:colcon.colcon_core.package_identification:_identify(log) ignored
[0.444s] Level 1:colcon.colcon_core.package_identification:_identify(src) by extensions ['ignore', 'ignore_ament_install']
[0.444s] Level 1:colcon.colcon_core.package_identification:_identify(src) by extension 'ignore'
[0.444s] Level 1:colcon.colcon_core.package_identification:_identify(src) by extension 'ignore_ament_install'
[0.444s] Level 1:colcon.colcon_core.package_identification:_identify(src) by extensions ['colcon_pkg']
[0.444s] Level 1:colcon.colcon_core.package_identification:_identify(src) by extension 'colcon_pkg'
[0.444s] Level 1:colcon.colcon_core.package_identification:_identify(src) by extensions ['colcon_meta']
[0.444s] Level 1:colcon.colcon_core.package_identification:_identify(src) by extension 'colcon_meta'
[0.444s] Level 1:colcon.colcon_core.package_identification:_identify(src) by extensions ['ros']
[0.444s] Level 1:colcon.colcon_core.package_identification:_identify(src) by extension 'ros'
[0.444s] Level 1:colcon.colcon_core.package_identification:_identify(src) by extensions ['cmake', 'python']
[0.444s] Level 1:colcon.colcon_core.package_identification:_identify(src) by extension 'cmake'
[0.444s] Level 1:colcon.colcon_core.package_identification:_identify(src) by extension 'python'
[0.444s] Level 1:colcon.colcon_core.package_identification:_identify(src) by extensions ['python_setup_py']
[0.444s] Level 1:colcon.colcon_core.package_identification:_identify(src) by extension 'python_setup_py'
[0.444s] Level 1:colcon.colcon_core.package_identification:_identify(src/control) by extensions ['ignore', 'ignore_ament_install']
[0.444s] Level 1:colcon.colcon_core.package_identification:_identify(src/control) by extension 'ignore'
[0.444s] Level 1:colcon.colcon_core.package_identification:_identify(src/control) by extension 'ignore_ament_install'
[0.444s] Level 1:colcon.colcon_core.package_identification:_identify(src/control) by extensions ['colcon_pkg']
[0.444s] Level 1:colcon.colcon_core.package_identification:_identify(src/control) by extension 'colcon_pkg'
[0.444s] Level 1:colcon.colcon_core.package_identification:_identify(src/control) by extensions ['colcon_meta']
[0.444s] Level 1:colcon.colcon_core.package_identification:_identify(src/control) by extension 'colcon_meta'
[0.444s] Level 1:colcon.colcon_core.package_identification:_identify(src/control) by extensions ['ros']
[0.444s] Level 1:colcon.colcon_core.package_identification:_identify(src/control) by extension 'ros'
[0.446s] DEBUG:colcon.colcon_core.package_identification:Package 'src/control' with type 'ros.ament_cmake' and name 'control'
[0.446s] Level 1:colcon.colcon_core.package_identification:_identify(src/interface) by extensions ['ignore', 'ignore_ament_install']
[0.446s] Level 1:colcon.colcon_core.package_identification:_identify(src/interface) by extension 'ignore'
[0.446s] Level 1:colcon.colcon_core.package_identification:_identify(src/interface) by extension 'ignore_ament_install'
[0.446s] Level 1:colcon.colcon_core.package_identification:_identify(src/interface) by extensions ['colcon_pkg']
[0.446s] Level 1:colcon.colcon_core.package_identification:_identify(src/interface) by extension 'colcon_pkg'
[0.446s] Level 1:colcon.colcon_core.package_identification:_identify(src/interface) by extensions ['colcon_meta']
[0.446s] Level 1:colcon.colcon_core.package_identification:_identify(src/interface) by extension 'colcon_meta'
[0.446s] Level 1:colcon.colcon_core.package_identification:_identify(src/interface) by extensions ['ros']
[0.446s] Level 1:colcon.colcon_core.package_identification:_identify(src/interface) by extension 'ros'
[0.446s] DEBUG:colcon.colcon_core.package_identification:Package 'src/interface' with type 'ros.ament_cmake' and name 'interface'
[0.446s] Level 1:colcon.colcon_core.package_identification:_identify(src/manage) by extensions ['ignore', 'ignore_ament_install']
[0.446s] Level 1:colcon.colcon_core.package_identification:_identify(src/manage) by extension 'ignore'
[0.446s] Level 1:colcon.colcon_core.package_identification:_identify(src/manage) by extension 'ignore_ament_install'
[0.446s] Level 1:colcon.colcon_core.package_identification:_identify(src/manage) by extensions ['colcon_pkg']
[0.446s] Level 1:colcon.colcon_core.package_identification:_identify(src/manage) by extension 'colcon_pkg'
[0.446s] Level 1:colcon.colcon_core.package_identification:_identify(src/manage) by extensions ['colcon_meta']
[0.446s] Level 1:colcon.colcon_core.package_identification:_identify(src/manage) by extension 'colcon_meta'
[0.446s] Level 1:colcon.colcon_core.package_identification:_identify(src/manage) by extensions ['ros']
[0.446s] Level 1:colcon.colcon_core.package_identification:_identify(src/manage) by extension 'ros'
[0.447s] DEBUG:colcon.colcon_core.package_identification:Package 'src/manage' with type 'ros.ament_cmake' and name 'manage'
[0.447s] Level 1:colcon.colcon_core.package_identification:_identify(src/models) by extensions ['ignore', 'ignore_ament_install']
[0.447s] Level 1:colcon.colcon_core.package_identification:_identify(src/models) by extension 'ignore'
[0.447s] Level 1:colcon.colcon_core.package_identification:_identify(src/models) by extension 'ignore_ament_install'
[0.447s] Level 1:colcon.colcon_core.package_identification:_identify(src/models) by extensions ['colcon_pkg']
[0.447s] Level 1:colcon.colcon_core.package_identification:_identify(src/models) by extension 'colcon_pkg'
[0.447s] Level 1:colcon.colcon_core.package_identification:_identify(src/models) by extensions ['colcon_meta']
[0.447s] Level 1:colcon.colcon_core.package_identification:_identify(src/models) by extension 'colcon_meta'
[0.447s] Level 1:colcon.colcon_core.package_identification:_identify(src/models) by extensions ['ros']
[0.447s] Level 1:colcon.colcon_core.package_identification:_identify(src/models) by extension 'ros'
[0.447s] Level 1:colcon.colcon_core.package_identification:_identify(src/models) by extensions ['cmake', 'python']
[0.447s] Level 1:colcon.colcon_core.package_identification:_identify(src/models) by extension 'cmake'
[0.447s] Level 1:colcon.colcon_core.package_identification:_identify(src/models) by extension 'python'
[0.447s] Level 1:colcon.colcon_core.package_identification:_identify(src/models) by extensions ['python_setup_py']
[0.447s] Level 1:colcon.colcon_core.package_identification:_identify(src/models) by extension 'python_setup_py'
[0.447s] Level 1:colcon.colcon_core.package_identification:_identify(src/models/inverted_pendulum) by extensions ['ignore', 'ignore_ament_install']
[0.447s] Level 1:colcon.colcon_core.package_identification:_identify(src/models/inverted_pendulum) by extension 'ignore'
[0.447s] Level 1:colcon.colcon_core.package_identification:_identify(src/models/inverted_pendulum) by extension 'ignore_ament_install'
[0.447s] Level 1:colcon.colcon_core.package_identification:_identify(src/models/inverted_pendulum) by extensions ['colcon_pkg']
[0.447s] Level 1:colcon.colcon_core.package_identification:_identify(src/models/inverted_pendulum) by extension 'colcon_pkg'
[0.447s] Level 1:colcon.colcon_core.package_identification:_identify(src/models/inverted_pendulum) by extensions ['colcon_meta']
[0.447s] Level 1:colcon.colcon_core.package_identification:_identify(src/models/inverted_pendulum) by extension 'colcon_meta'
[0.447s] Level 1:colcon.colcon_core.package_identification:_identify(src/models/inverted_pendulum) by extensions ['ros']
[0.447s] Level 1:colcon.colcon_core.package_identification:_identify(src/models/inverted_pendulum) by extension 'ros'
[0.447s] Level 1:colcon.colcon_core.package_identification:_identify(src/models/inverted_pendulum) by extensions ['cmake', 'python']
[0.447s] Level 1:colcon.colcon_core.package_identification:_identify(src/models/inverted_pendulum) by extension 'cmake'
[0.447s] Level 1:colcon.colcon_core.package_identification:_identify(src/models/inverted_pendulum) by extension 'python'
[0.447s] Level 1:colcon.colcon_core.package_identification:_identify(src/models/inverted_pendulum) by extensions ['python_setup_py']
[0.447s] Level 1:colcon.colcon_core.package_identification:_identify(src/models/inverted_pendulum) by extension 'python_setup_py'
[0.447s] Level 1:colcon.colcon_core.package_identification:_identify(src/simulate) by extensions ['ignore', 'ignore_ament_install']
[0.447s] Level 1:colcon.colcon_core.package_identification:_identify(src/simulate) by extension 'ignore'
[0.447s] Level 1:colcon.colcon_core.package_identification:_identify(src/simulate) by extension 'ignore_ament_install'
[0.447s] Level 1:colcon.colcon_core.package_identification:_identify(src/simulate) by extensions ['colcon_pkg']
[0.447s] Level 1:colcon.colcon_core.package_identification:_identify(src/simulate) by extension 'colcon_pkg'
[0.447s] Level 1:colcon.colcon_core.package_identification:_identify(src/simulate) by extensions ['colcon_meta']
[0.447s] Level 1:colcon.colcon_core.package_identification:_identify(src/simulate) by extension 'colcon_meta'
[0.447s] Level 1:colcon.colcon_core.package_identification:_identify(src/simulate) by extensions ['ros']
[0.447s] Level 1:colcon.colcon_core.package_identification:_identify(src/simulate) by extension 'ros'
[0.448s] DEBUG:colcon.colcon_core.package_identification:Package 'src/simulate' with type 'ros.ament_cmake' and name 'simulate'
[0.448s] Level 1:colcon.colcon_core.package_identification:_identify(src/utils) by extensions ['ignore', 'ignore_ament_install']
[0.448s] Level 1:colcon.colcon_core.package_identification:_identify(src/utils) by extension 'ignore'
[0.448s] Level 1:colcon.colcon_core.package_identification:_identify(src/utils) by extension 'ignore_ament_install'
[0.448s] Level 1:colcon.colcon_core.package_identification:_identify(src/utils) by extensions ['colcon_pkg']
[0.448s] Level 1:colcon.colcon_core.package_identification:_identify(src/utils) by extension 'colcon_pkg'
[0.448s] Level 1:colcon.colcon_core.package_identification:_identify(src/utils) by extensions ['colcon_meta']
[0.448s] Level 1:colcon.colcon_core.package_identification:_identify(src/utils) by extension 'colcon_meta'
[0.448s] Level 1:colcon.colcon_core.package_identification:_identify(src/utils) by extensions ['ros']
[0.448s] Level 1:colcon.colcon_core.package_identification:_identify(src/utils) by extension 'ros'
[0.448s] Level 1:colcon.colcon_core.package_identification:_identify(src/utils) by extensions ['cmake', 'python']
[0.448s] Level 1:colcon.colcon_core.package_identification:_identify(src/utils) by extension 'cmake'
[0.448s] Level 1:colcon.colcon_core.package_identification:_identify(src/utils) by extension 'python'
[0.448s] Level 1:colcon.colcon_core.package_identification:_identify(src/utils) by extensions ['python_setup_py']
[0.448s] Level 1:colcon.colcon_core.package_identification:_identify(src/utils) by extension 'python_setup_py'
[0.448s] Level 1:colcon.colcon_core.package_discovery:discover_packages(recursive) using defaults
[0.448s] Level 1:colcon.colcon_core.package_discovery:discover_packages(ignore) discover
[0.448s] Level 1:colcon.colcon_core.package_discovery:discover_packages(ignore) using defaults
[0.448s] Level 1:colcon.colcon_core.package_discovery:discover_packages(path) discover
[0.448s] Level 1:colcon.colcon_core.package_discovery:discover_packages(path) using defaults
[0.486s] Level 1:colcon.colcon_core.package_discovery:discover_packages(prefix_path) check parameters
[0.486s] Level 1:colcon.colcon_core.package_discovery:discover_packages(prefix_path) discover
[0.498s] DEBUG:colcon.colcon_installed_package_information.package_discovery:Found 4 installed packages in /home/xie/Desktop/learn/carpole/cartplole/install
[0.505s] DEBUG:colcon.colcon_installed_package_information.package_discovery:Found 348 installed packages in /opt/ros/humble
[0.505s] Level 1:colcon.colcon_core.package_discovery:discover_packages(prefix_path) using defaults
[0.552s] Level 5:colcon.colcon_core.verb:set package 'interface' build argument 'cmake_args' from command line to 'None'
[0.552s] Level 5:colcon.colcon_core.verb:set package 'interface' build argument 'cmake_target' from command line to 'None'
[0.552s] Level 5:colcon.colcon_core.verb:set package 'interface' build argument 'cmake_target_skip_unavailable' from command line to 'False'
[0.552s] Level 5:colcon.colcon_core.verb:set package 'interface' build argument 'cmake_clean_cache' from command line to 'False'
[0.552s] Level 5:colcon.colcon_core.verb:set package 'interface' build argument 'cmake_clean_first' from command line to 'False'
[0.552s] Level 5:colcon.colcon_core.verb:set package 'interface' build argument 'cmake_force_configure' from command line to 'False'
[0.552s] Level 5:colcon.colcon_core.verb:set package 'interface' build argument 'ament_cmake_args' from command line to 'None'
[0.552s] Level 5:colcon.colcon_core.verb:set package 'interface' build argument 'catkin_cmake_args' from command line to 'None'
[0.552s] Level 5:colcon.colcon_core.verb:set package 'interface' build argument 'catkin_skip_building_tests' from command line to 'False'
[0.552s] DEBUG:colcon.colcon_core.verb:Building package 'interface' with the following arguments: {'ament_cmake_args': None, 'build_base': '/home/xie/Desktop/learn/carpole/cartplole/build/interface', 'catkin_cmake_args': None, 'catkin_skip_building_tests': False, 'cmake_args': None, 'cmake_clean_cache': False, 'cmake_clean_first': False, 'cmake_force_configure': False, 'cmake_target': None, 'cmake_target_skip_unavailable': False, 'install_base': '/home/xie/Desktop/learn/carpole/cartplole/install/interface', 'merge_install': False, 'path': '/home/xie/Desktop/learn/carpole/cartplole/src/interface', 'symlink_install': False, 'test_result_base': None}
[0.558s] Level 5:colcon.colcon_core.verb:set package 'manage' build argument 'cmake_args' from command line to 'None'
[0.558s] Level 5:colcon.colcon_core.verb:set package 'manage' build argument 'cmake_target' from command line to 'None'
[0.558s] Level 5:colcon.colcon_core.verb:set package 'manage' build argument 'cmake_target_skip_unavailable' from command line to 'False'
[0.558s] Level 5:colcon.colcon_core.verb:set package 'manage' build argument 'cmake_clean_cache' from command line to 'False'
[0.558s] Level 5:colcon.colcon_core.verb:set package 'manage' build argument 'cmake_clean_first' from command line to 'False'
[0.558s] Level 5:colcon.colcon_core.verb:set package 'manage' build argument 'cmake_force_configure' from command line to 'False'
[0.558s] Level 5:colcon.colcon_core.verb:set package 'manage' build argument 'ament_cmake_args' from command line to 'None'
[0.558s] Level 5:colcon.colcon_core.verb:set package 'manage' build argument 'catkin_cmake_args' from command line to 'None'
[0.558s] Level 5:colcon.colcon_core.verb:set package 'manage' build argument 'catkin_skip_building_tests' from command line to 'False'
[0.558s] DEBUG:colcon.colcon_core.verb:Building package 'manage' with the following arguments: {'ament_cmake_args': None, 'build_base': '/home/xie/Desktop/learn/carpole/cartplole/build/manage', 'catkin_cmake_args': None, 'catkin_skip_building_tests': False, 'cmake_args': None, 'cmake_clean_cache': False, 'cmake_clean_first': False, 'cmake_force_configure': False, 'cmake_target': None, 'cmake_target_skip_unavailable': False, 'install_base': '/home/xie/Desktop/learn/carpole/cartplole/install/manage', 'merge_install': False, 'path': '/home/xie/Desktop/learn/carpole/cartplole/src/manage', 'symlink_install': False, 'test_result_base': None}
[0.565s] Level 5:colcon.colcon_core.verb:set package 'control' build argument 'cmake_args' from command line to 'None'
[0.565s] Level 5:colcon.colcon_core.verb:set package 'control' build argument 'cmake_target' from command line to 'None'
[0.565s] Level 5:colcon.colcon_core.verb:set package 'control' build argument 'cmake_target_skip_unavailable' from command line to 'False'
[0.565s] Level 5:colcon.colcon_core.verb:set package 'control' build argument 'cmake_clean_cache' from command line to 'False'
[0.565s] Level 5:colcon.colcon_core.verb:set package 'control' build argument 'cmake_clean_first' from command line to 'False'
[0.565s] Level 5:colcon.colcon_core.verb:set package 'control' build argument 'cmake_force_configure' from command line to 'False'
[0.565s] Level 5:colcon.colcon_core.verb:set package 'control' build argument 'ament_cmake_args' from command line to 'None'
[0.565s] Level 5:colcon.colcon_core.verb:set package 'control' build argument 'catkin_cmake_args' from command line to 'None'
[0.565s] Level 5:colcon.colcon_core.verb:set package 'control' build argument 'catkin_skip_building_tests' from command line to 'False'
[0.565s] DEBUG:colcon.colcon_core.verb:Building package 'control' with the following arguments: {'ament_cmake_args': None, 'build_base': '/home/xie/Desktop/learn/carpole/cartplole/build/control', 'catkin_cmake_args': None, 'catkin_skip_building_tests': False, 'cmake_args': None, 'cmake_clean_cache': False, 'cmake_clean_first': False, 'cmake_force_configure': False, 'cmake_target': None, 'cmake_target_skip_unavailable': False, 'install_base': '/home/xie/Desktop/learn/carpole/cartplole/install/control', 'merge_install': False, 'path': '/home/xie/Desktop/learn/carpole/cartplole/src/control', 'symlink_install': False, 'test_result_base': None}
[0.571s] Level 5:colcon.colcon_core.verb:set package 'simulate' build argument 'cmake_args' from command line to 'None'
[0.571s] Level 5:colcon.colcon_core.verb:set package 'simulate' build argument 'cmake_target' from command line to 'None'
[0.571s] Level 5:colcon.colcon_core.verb:set package 'simulate' build argument 'cmake_target_skip_unavailable' from command line to 'False'
[0.571s] Level 5:colcon.colcon_core.verb:set package 'simulate' build argument 'cmake_clean_cache' from command line to 'False'
[0.571s] Level 5:colcon.colcon_core.verb:set package 'simulate' build argument 'cmake_clean_first' from command line to 'False'
[0.571s] Level 5:colcon.colcon_core.verb:set package 'simulate' build argument 'cmake_force_configure' from command line to 'False'
[0.571s] Level 5:colcon.colcon_core.verb:set package 'simulate' build argument 'ament_cmake_args' from command line to 'None'
[0.571s] Level 5:colcon.colcon_core.verb:set package 'simulate' build argument 'catkin_cmake_args' from command line to 'None'
[0.571s] Level 5:colcon.colcon_core.verb:set package 'simulate' build argument 'catkin_skip_building_tests' from command line to 'False'
[0.571s] DEBUG:colcon.colcon_core.verb:Building package 'simulate' with the following arguments: {'ament_cmake_args': None, 'build_base': '/home/xie/Desktop/learn/carpole/cartplole/build/simulate', 'catkin_cmake_args': None, 'catkin_skip_building_tests': False, 'cmake_args': None, 'cmake_clean_cache': False, 'cmake_clean_first': False, 'cmake_force_configure': False, 'cmake_target': None, 'cmake_target_skip_unavailable': False, 'install_base': '/home/xie/Desktop/learn/carpole/cartplole/install/simulate', 'merge_install': False, 'path': '/home/xie/Desktop/learn/carpole/cartplole/src/simulate', 'symlink_install': False, 'test_result_base': None}
[0.576s] INFO:colcon.colcon_core.executor:Executing jobs using 'parallel' executor
[0.582s] DEBUG:colcon.colcon_parallel_executor.executor.parallel:run_until_complete
[0.582s] INFO:colcon.colcon_ros.task.ament_cmake.build:Building ROS package in '/home/xie/Desktop/learn/carpole/cartplole/src/interface' with build type 'ament_cmake'
[0.582s] INFO:colcon.colcon_cmake.task.cmake.build:Building CMake package in '/home/xie/Desktop/learn/carpole/cartplole/src/interface'
[0.589s] INFO:colcon.colcon_core.plugin_system:Skipping extension 'colcon_core.shell.bat': Not used on non-Windows systems
[0.589s] INFO:colcon.colcon_core.shell:Skip shell extension 'powershell' for command environment: Not usable outside of PowerShell
[0.589s] DEBUG:colcon.colcon_core.shell:Skip shell extension 'dsv' for command environment
[0.610s] INFO:colcon.colcon_ros.task.ament_cmake.build:Building ROS package in '/home/xie/Desktop/learn/carpole/cartplole/src/manage' with build type 'ament_cmake'
[0.610s] INFO:colcon.colcon_cmake.task.cmake.build:Building CMake package in '/home/xie/Desktop/learn/carpole/cartplole/src/manage'
[0.615s] INFO:colcon.colcon_core.shell:Skip shell extension 'powershell' for command environment: Not usable outside of PowerShell
[0.616s] DEBUG:colcon.colcon_core.shell:Skip shell extension 'dsv' for command environment
[0.638s] DEBUG:colcon.colcon_core.event_handler.log_command:Invoking command in '/home/xie/Desktop/learn/carpole/cartplole/build/interface': CMAKE_PREFIX_PATH=${CMAKE_PREFIX_PATH}:/opt/ros/humble /usr/bin/cmake --build /home/xie/Desktop/learn/carpole/cartplole/build/interface -- -j20 -l20
[0.640s] DEBUG:colcon.colcon_core.event_handler.log_command:Invoking command in '/home/xie/Desktop/learn/carpole/cartplole/build/manage': CMAKE_PREFIX_PATH=${CMAKE_PREFIX_PATH}:/opt/ros/humble /usr/bin/cmake --build /home/xie/Desktop/learn/carpole/cartplole/build/manage -- -j20 -l20
[0.659s] DEBUG:colcon.colcon_core.event_handler.log_command:Invoked command in '/home/xie/Desktop/learn/carpole/cartplole/build/manage' returned '0': CMAKE_PREFIX_PATH=${CMAKE_PREFIX_PATH}:/opt/ros/humble /usr/bin/cmake --build /home/xie/Desktop/learn/carpole/cartplole/build/manage -- -j20 -l20
[0.679s] DEBUG:colcon.colcon_core.event_handler.log_command:Invoking command in '/home/xie/Desktop/learn/carpole/cartplole/build/manage': CMAKE_PREFIX_PATH=${CMAKE_PREFIX_PATH}:/opt/ros/humble /usr/bin/cmake --install /home/xie/Desktop/learn/carpole/cartplole/build/manage
[0.684s] Level 1:colcon.colcon_core.environment:create_environment_scripts_only(manage)
[0.684s] DEBUG:colcon.colcon_core.event_handler.log_command:Invoked command in '/home/xie/Desktop/learn/carpole/cartplole/build/manage' returned '0': CMAKE_PREFIX_PATH=${CMAKE_PREFIX_PATH}:/opt/ros/humble /usr/bin/cmake --install /home/xie/Desktop/learn/carpole/cartplole/build/manage
[0.697s] Level 1:colcon.colcon_core.environment:checking '/home/xie/Desktop/learn/carpole/cartplole/install/manage' for CMake module files
[0.697s] Level 1:colcon.colcon_core.environment:checking '/home/xie/Desktop/learn/carpole/cartplole/install/manage' for CMake config files
[0.698s] Level 1:colcon.colcon_core.shell:create_environment_hook('manage', 'cmake_prefix_path')
[0.704s] INFO:colcon.colcon_core.shell:Creating environment hook '/home/xie/Desktop/learn/carpole/cartplole/install/manage/share/manage/hook/cmake_prefix_path.ps1'
[0.705s] INFO:colcon.colcon_core.shell:Creating environment descriptor '/home/xie/Desktop/learn/carpole/cartplole/install/manage/share/manage/hook/cmake_prefix_path.dsv'
[0.705s] INFO:colcon.colcon_core.shell:Creating environment hook '/home/xie/Desktop/learn/carpole/cartplole/install/manage/share/manage/hook/cmake_prefix_path.sh'
[0.705s] Level 1:colcon.colcon_core.environment:checking '/home/xie/Desktop/learn/carpole/cartplole/install/manage/bin'
[0.705s] Level 1:colcon.colcon_core.environment:checking '/home/xie/Desktop/learn/carpole/cartplole/install/manage/lib/pkgconfig/manage.pc'
[0.705s] Level 1:colcon.colcon_core.environment:checking '/home/xie/Desktop/learn/carpole/cartplole/install/manage/lib/python3.10/site-packages'
[0.706s] Level 1:colcon.colcon_core.environment:checking '/home/xie/Desktop/learn/carpole/cartplole/install/manage/bin'
[0.712s] INFO:colcon.colcon_core.shell:Creating package script '/home/xie/Desktop/learn/carpole/cartplole/install/manage/share/manage/package.ps1'
[0.713s] INFO:colcon.colcon_core.shell:Creating package descriptor '/home/xie/Desktop/learn/carpole/cartplole/install/manage/share/manage/package.dsv'
[0.713s] INFO:colcon.colcon_core.shell:Creating package script '/home/xie/Desktop/learn/carpole/cartplole/install/manage/share/manage/package.sh'
[0.713s] INFO:colcon.colcon_core.shell:Creating package script '/home/xie/Desktop/learn/carpole/cartplole/install/manage/share/manage/package.bash'
[0.713s] INFO:colcon.colcon_core.shell:Creating package script '/home/xie/Desktop/learn/carpole/cartplole/install/manage/share/manage/package.zsh'
[0.714s] Level 1:colcon.colcon_core.environment:create_file_with_runtime_dependencies(/home/xie/Desktop/learn/carpole/cartplole/install/manage/share/colcon-core/packages/manage)
[0.740s] Level 1:colcon.colcon_core.environment:create_environment_scripts_only(manage)
[0.745s] Level 1:colcon.colcon_core.environment:checking '/home/xie/Desktop/learn/carpole/cartplole/install/manage' for CMake module files
[0.746s] Level 1:colcon.colcon_core.environment:checking '/home/xie/Desktop/learn/carpole/cartplole/install/manage' for CMake config files
[0.746s] Level 1:colcon.colcon_core.shell:create_environment_hook('manage', 'cmake_prefix_path')
[0.752s] INFO:colcon.colcon_core.shell:Creating environment hook '/home/xie/Desktop/learn/carpole/cartplole/install/manage/share/manage/hook/cmake_prefix_path.ps1'
[0.752s] INFO:colcon.colcon_core.shell:Creating environment descriptor '/home/xie/Desktop/learn/carpole/cartplole/install/manage/share/manage/hook/cmake_prefix_path.dsv'
[0.752s] INFO:colcon.colcon_core.shell:Creating environment hook '/home/xie/Desktop/learn/carpole/cartplole/install/manage/share/manage/hook/cmake_prefix_path.sh'
[0.753s] Level 1:colcon.colcon_core.environment:checking '/home/xie/Desktop/learn/carpole/cartplole/install/manage/bin'
[0.753s] Level 1:colcon.colcon_core.environment:checking '/home/xie/Desktop/learn/carpole/cartplole/install/manage/lib/pkgconfig/manage.pc'
[0.753s] Level 1:colcon.colcon_core.environment:checking '/home/xie/Desktop/learn/carpole/cartplole/install/manage/lib/python3.10/site-packages'
[0.753s] Level 1:colcon.colcon_core.environment:checking '/home/xie/Desktop/learn/carpole/cartplole/install/manage/bin'
[0.759s] INFO:colcon.colcon_core.shell:Creating package script '/home/xie/Desktop/learn/carpole/cartplole/install/manage/share/manage/package.ps1'
[0.759s] INFO:colcon.colcon_core.shell:Creating package descriptor '/home/xie/Desktop/learn/carpole/cartplole/install/manage/share/manage/package.dsv'
[0.760s] INFO:colcon.colcon_core.shell:Creating package script '/home/xie/Desktop/learn/carpole/cartplole/install/manage/share/manage/package.sh'
[0.760s] INFO:colcon.colcon_core.shell:Creating package script '/home/xie/Desktop/learn/carpole/cartplole/install/manage/share/manage/package.bash'
[0.760s] INFO:colcon.colcon_core.shell:Creating package script '/home/xie/Desktop/learn/carpole/cartplole/install/manage/share/manage/package.zsh'
[0.760s] Level 1:colcon.colcon_core.environment:create_file_with_runtime_dependencies(/home/xie/Desktop/learn/carpole/cartplole/install/manage/share/colcon-core/packages/manage)
[0.817s] DEBUG:colcon.colcon_core.event_handler.log_command:Invoked command in '/home/xie/Desktop/learn/carpole/cartplole/build/interface' returned '0': CMAKE_PREFIX_PATH=${CMAKE_PREFIX_PATH}:/opt/ros/humble /usr/bin/cmake --build /home/xie/Desktop/learn/carpole/cartplole/build/interface -- -j20 -l20
[0.857s] DEBUG:colcon.colcon_core.event_handler.log_command:Invoking command in '/home/xie/Desktop/learn/carpole/cartplole/build/interface': CMAKE_PREFIX_PATH=${CMAKE_PREFIX_PATH}:/opt/ros/humble /usr/bin/cmake --install /home/xie/Desktop/learn/carpole/cartplole/build/interface
[0.886s] Level 1:colcon.colcon_core.environment:create_environment_scripts_only(interface)
[0.887s] DEBUG:colcon.colcon_core.event_handler.log_command:Invoked command in '/home/xie/Desktop/learn/carpole/cartplole/build/interface' returned '0': CMAKE_PREFIX_PATH=${CMAKE_PREFIX_PATH}:/opt/ros/humble /usr/bin/cmake --install /home/xie/Desktop/learn/carpole/cartplole/build/interface
[0.894s] Level 1:colcon.colcon_core.environment:checking '/home/xie/Desktop/learn/carpole/cartplole/install/interface' for CMake module files
[0.895s] Level 1:colcon.colcon_core.environment:checking '/home/xie/Desktop/learn/carpole/cartplole/install/interface' for CMake config files
[0.895s] Level 1:colcon.colcon_core.shell:create_environment_hook('interface', 'cmake_prefix_path')
[0.902s] INFO:colcon.colcon_core.shell:Creating environment hook '/home/xie/Desktop/learn/carpole/cartplole/install/interface/share/interface/hook/cmake_prefix_path.ps1'
[0.902s] INFO:colcon.colcon_core.shell:Creating environment descriptor '/home/xie/Desktop/learn/carpole/cartplole/install/interface/share/interface/hook/cmake_prefix_path.dsv'
[0.902s] INFO:colcon.colcon_core.shell:Creating environment hook '/home/xie/Desktop/learn/carpole/cartplole/install/interface/share/interface/hook/cmake_prefix_path.sh'
[0.903s] Level 1:colcon.colcon_core.environment:checking '/home/xie/Desktop/learn/carpole/cartplole/install/interface/lib'
[0.903s] Level 1:colcon.colcon_core.shell:create_environment_hook('interface', 'ld_library_path_lib')
[0.908s] INFO:colcon.colcon_core.shell:Creating environment hook '/home/xie/Desktop/learn/carpole/cartplole/install/interface/share/interface/hook/ld_library_path_lib.ps1'
[0.909s] INFO:colcon.colcon_core.shell:Creating environment descriptor '/home/xie/Desktop/learn/carpole/cartplole/install/interface/share/interface/hook/ld_library_path_lib.dsv'
[0.909s] INFO:colcon.colcon_core.shell:Creating environment hook '/home/xie/Desktop/learn/carpole/cartplole/install/interface/share/interface/hook/ld_library_path_lib.sh'
[0.909s] Level 1:colcon.colcon_core.environment:checking '/home/xie/Desktop/learn/carpole/cartplole/install/interface/bin'
[0.909s] Level 1:colcon.colcon_core.environment:checking '/home/xie/Desktop/learn/carpole/cartplole/install/interface/lib/pkgconfig/interface.pc'
[0.909s] Level 1:colcon.colcon_core.environment:checking '/home/xie/Desktop/learn/carpole/cartplole/install/interface/lib/python3.10/site-packages'
[0.909s] Level 1:colcon.colcon_core.environment:checking '/home/xie/Desktop/learn/carpole/cartplole/install/interface/bin'
[0.915s] INFO:colcon.colcon_core.shell:Creating package script '/home/xie/Desktop/learn/carpole/cartplole/install/interface/share/interface/package.ps1'
[0.915s] INFO:colcon.colcon_core.shell:Creating package descriptor '/home/xie/Desktop/learn/carpole/cartplole/install/interface/share/interface/package.dsv'
[0.915s] INFO:colcon.colcon_core.shell:Creating package script '/home/xie/Desktop/learn/carpole/cartplole/install/interface/share/interface/package.sh'
[0.915s] INFO:colcon.colcon_core.shell:Creating package script '/home/xie/Desktop/learn/carpole/cartplole/install/interface/share/interface/package.bash'
[0.915s] INFO:colcon.colcon_core.shell:Creating package script '/home/xie/Desktop/learn/carpole/cartplole/install/interface/share/interface/package.zsh'
[0.915s] Level 1:colcon.colcon_core.environment:create_file_with_runtime_dependencies(/home/xie/Desktop/learn/carpole/cartplole/install/interface/share/colcon-core/packages/interface)
[0.963s] Level 1:colcon.colcon_core.environment:create_environment_scripts_only(interface)
[0.970s] Level 1:colcon.colcon_core.environment:checking '/home/xie/Desktop/learn/carpole/cartplole/install/interface' for CMake module files
[0.970s] Level 1:colcon.colcon_core.environment:checking '/home/xie/Desktop/learn/carpole/cartplole/install/interface' for CMake config files
[0.971s] Level 1:colcon.colcon_core.shell:create_environment_hook('interface', 'cmake_prefix_path')
[0.976s] INFO:colcon.colcon_core.shell:Creating environment hook '/home/xie/Desktop/learn/carpole/cartplole/install/interface/share/interface/hook/cmake_prefix_path.ps1'
[0.977s] INFO:colcon.colcon_core.shell:Creating environment descriptor '/home/xie/Desktop/learn/carpole/cartplole/install/interface/share/interface/hook/cmake_prefix_path.dsv'
[0.977s] INFO:colcon.colcon_core.shell:Creating environment hook '/home/xie/Desktop/learn/carpole/cartplole/install/interface/share/interface/hook/cmake_prefix_path.sh'
[0.977s] Level 1:colcon.colcon_core.environment:checking '/home/xie/Desktop/learn/carpole/cartplole/install/interface/lib'
[0.977s] Level 1:colcon.colcon_core.shell:create_environment_hook('interface', 'ld_library_path_lib')
[0.983s] INFO:colcon.colcon_core.shell:Creating environment hook '/home/xie/Desktop/learn/carpole/cartplole/install/interface/share/interface/hook/ld_library_path_lib.ps1'
[0.983s] INFO:colcon.colcon_core.shell:Creating environment descriptor '/home/xie/Desktop/learn/carpole/cartplole/install/interface/share/interface/hook/ld_library_path_lib.dsv'
[0.984s] INFO:colcon.colcon_core.shell:Creating environment hook '/home/xie/Desktop/learn/carpole/cartplole/install/interface/share/interface/hook/ld_library_path_lib.sh'
[0.984s] Level 1:colcon.colcon_core.environment:checking '/home/xie/Desktop/learn/carpole/cartplole/install/interface/bin'
[0.984s] Level 1:colcon.colcon_core.environment:checking '/home/xie/Desktop/learn/carpole/cartplole/install/interface/lib/pkgconfig/interface.pc'
[0.984s] Level 1:colcon.colcon_core.environment:checking '/home/xie/Desktop/learn/carpole/cartplole/install/interface/lib/python3.10/site-packages'
[0.984s] Level 1:colcon.colcon_core.environment:checking '/home/xie/Desktop/learn/carpole/cartplole/install/interface/bin'
[0.990s] INFO:colcon.colcon_core.shell:Creating package script '/home/xie/Desktop/learn/carpole/cartplole/install/interface/share/interface/package.ps1'
[0.990s] INFO:colcon.colcon_core.shell:Creating package descriptor '/home/xie/Desktop/learn/carpole/cartplole/install/interface/share/interface/package.dsv'
[0.991s] INFO:colcon.colcon_core.shell:Creating package script '/home/xie/Desktop/learn/carpole/cartplole/install/interface/share/interface/package.sh'
[0.991s] INFO:colcon.colcon_core.shell:Creating package script '/home/xie/Desktop/learn/carpole/cartplole/install/interface/share/interface/package.bash'
[0.991s] INFO:colcon.colcon_core.shell:Creating package script '/home/xie/Desktop/learn/carpole/cartplole/install/interface/share/interface/package.zsh'
[0.991s] Level 1:colcon.colcon_core.environment:create_file_with_runtime_dependencies(/home/xie/Desktop/learn/carpole/cartplole/install/interface/share/colcon-core/packages/interface)
[0.991s] INFO:colcon.colcon_ros.task.ament_cmake.build:Building ROS package in '/home/xie/Desktop/learn/carpole/cartplole/src/control' with build type 'ament_cmake'
[0.991s] INFO:colcon.colcon_cmake.task.cmake.build:Building CMake package in '/home/xie/Desktop/learn/carpole/cartplole/src/control'
[0.999s] INFO:colcon.colcon_core.shell:Skip shell extension 'powershell' for command environment: Not usable outside of PowerShell
[0.999s] DEBUG:colcon.colcon_core.shell:Skip shell extension 'dsv' for command environment
[1.019s] INFO:colcon.colcon_ros.task.ament_cmake.build:Building ROS package in '/home/xie/Desktop/learn/carpole/cartplole/src/simulate' with build type 'ament_cmake'
[1.020s] INFO:colcon.colcon_cmake.task.cmake.build:Building CMake package in '/home/xie/Desktop/learn/carpole/cartplole/src/simulate'
[1.025s] INFO:colcon.colcon_core.shell:Skip shell extension 'powershell' for command environment: Not usable outside of PowerShell
[1.025s] DEBUG:colcon.colcon_core.shell:Skip shell extension 'dsv' for command environment
[1.049s] DEBUG:colcon.colcon_core.event_handler.log_command:Invoking command in '/home/xie/Desktop/learn/carpole/cartplole/build/control': CMAKE_PREFIX_PATH=/home/xie/Desktop/learn/carpole/cartplole/install/interface:/home/xie/Desktop/learn/carpole/cartplole/install/simulate:/home/xie/Desktop/learn/carpole/cartplole/install/manage:/home/xie/Desktop/learn/carpole/cartplole/install/control:/usr/local:/usr/local:/opt/ros/humble /usr/bin/cmake --build /home/xie/Desktop/learn/carpole/cartplole/build/control -- -j20 -l20
[1.051s] DEBUG:colcon.colcon_core.event_handler.log_command:Invoking command in '/home/xie/Desktop/learn/carpole/cartplole/build/simulate': CMAKE_PREFIX_PATH=/home/xie/Desktop/learn/carpole/cartplole/install/interface:/home/xie/Desktop/learn/carpole/cartplole/install/simulate:/home/xie/Desktop/learn/carpole/cartplole/install/manage:/home/xie/Desktop/learn/carpole/cartplole/install/control:/usr/local:/usr/local:/opt/ros/humble /usr/bin/cmake --build /home/xie/Desktop/learn/carpole/cartplole/build/simulate -- -j20 -l20
[1.087s] DEBUG:colcon.colcon_core.event_handler.log_command:Invoked command in '/home/xie/Desktop/learn/carpole/cartplole/build/simulate' returned '0': CMAKE_PREFIX_PATH=/home/xie/Desktop/learn/carpole/cartplole/install/interface:/home/xie/Desktop/learn/carpole/cartplole/install/simulate:/home/xie/Desktop/learn/carpole/cartplole/install/manage:/home/xie/Desktop/learn/carpole/cartplole/install/control:/usr/local:/usr/local:/opt/ros/humble /usr/bin/cmake --build /home/xie/Desktop/learn/carpole/cartplole/build/simulate -- -j20 -l20
[1.108s] DEBUG:colcon.colcon_core.event_handler.log_command:Invoking command in '/home/xie/Desktop/learn/carpole/cartplole/build/simulate': CMAKE_PREFIX_PATH=/home/xie/Desktop/learn/carpole/cartplole/install/interface:/home/xie/Desktop/learn/carpole/cartplole/install/simulate:/home/xie/Desktop/learn/carpole/cartplole/install/manage:/home/xie/Desktop/learn/carpole/cartplole/install/control:/usr/local:/usr/local:/opt/ros/humble /usr/bin/cmake --install /home/xie/Desktop/learn/carpole/cartplole/build/simulate
[1.113s] Level 1:colcon.colcon_core.environment:create_environment_scripts_only(simulate)
[1.113s] DEBUG:colcon.colcon_core.event_handler.log_command:Invoked command in '/home/xie/Desktop/learn/carpole/cartplole/build/simulate' returned '0': CMAKE_PREFIX_PATH=/home/xie/Desktop/learn/carpole/cartplole/install/interface:/home/xie/Desktop/learn/carpole/cartplole/install/simulate:/home/xie/Desktop/learn/carpole/cartplole/install/manage:/home/xie/Desktop/learn/carpole/cartplole/install/control:/usr/local:/usr/local:/opt/ros/humble /usr/bin/cmake --install /home/xie/Desktop/learn/carpole/cartplole/build/simulate
[1.119s] Level 1:colcon.colcon_core.environment:checking '/home/xie/Desktop/learn/carpole/cartplole/install/simulate' for CMake module files
[1.119s] Level 1:colcon.colcon_core.environment:checking '/home/xie/Desktop/learn/carpole/cartplole/install/simulate' for CMake config files
[1.119s] Level 1:colcon.colcon_core.shell:create_environment_hook('simulate', 'cmake_prefix_path')
[1.125s] INFO:colcon.colcon_core.shell:Creating environment hook '/home/xie/Desktop/learn/carpole/cartplole/install/simulate/share/simulate/hook/cmake_prefix_path.ps1'
[1.125s] INFO:colcon.colcon_core.shell:Creating environment descriptor '/home/xie/Desktop/learn/carpole/cartplole/install/simulate/share/simulate/hook/cmake_prefix_path.dsv'
[1.125s] INFO:colcon.colcon_core.shell:Creating environment hook '/home/xie/Desktop/learn/carpole/cartplole/install/simulate/share/simulate/hook/cmake_prefix_path.sh'
[1.125s] Level 1:colcon.colcon_core.environment:checking '/home/xie/Desktop/learn/carpole/cartplole/install/simulate/lib'
[1.126s] Level 1:colcon.colcon_core.environment:checking '/home/xie/Desktop/learn/carpole/cartplole/install/simulate/bin'
[1.126s] Level 1:colcon.colcon_core.environment:checking '/home/xie/Desktop/learn/carpole/cartplole/install/simulate/lib/pkgconfig/simulate.pc'
[1.126s] Level 1:colcon.colcon_core.environment:checking '/home/xie/Desktop/learn/carpole/cartplole/install/simulate/lib/python3.10/site-packages'
[1.126s] Level 1:colcon.colcon_core.environment:checking '/home/xie/Desktop/learn/carpole/cartplole/install/simulate/bin'
[1.133s] INFO:colcon.colcon_core.shell:Creating package script '/home/xie/Desktop/learn/carpole/cartplole/install/simulate/share/simulate/package.ps1'
[1.133s] INFO:colcon.colcon_core.shell:Creating package descriptor '/home/xie/Desktop/learn/carpole/cartplole/install/simulate/share/simulate/package.dsv'
[1.133s] INFO:colcon.colcon_core.shell:Creating package script '/home/xie/Desktop/learn/carpole/cartplole/install/simulate/share/simulate/package.sh'
[1.133s] INFO:colcon.colcon_core.shell:Creating package script '/home/xie/Desktop/learn/carpole/cartplole/install/simulate/share/simulate/package.bash'
[1.134s] INFO:colcon.colcon_core.shell:Creating package script '/home/xie/Desktop/learn/carpole/cartplole/install/simulate/share/simulate/package.zsh'
[1.134s] Level 1:colcon.colcon_core.environment:create_file_with_runtime_dependencies(/home/xie/Desktop/learn/carpole/cartplole/install/simulate/share/colcon-core/packages/simulate)
[1.135s] DEBUG:colcon.colcon_core.event_handler.log_command:Invoked command in '/home/xie/Desktop/learn/carpole/cartplole/build/control' returned '0': CMAKE_PREFIX_PATH=/home/xie/Desktop/learn/carpole/cartplole/install/interface:/home/xie/Desktop/learn/carpole/cartplole/install/simulate:/home/xie/Desktop/learn/carpole/cartplole/install/manage:/home/xie/Desktop/learn/carpole/cartplole/install/control:/usr/local:/usr/local:/opt/ros/humble /usr/bin/cmake --build /home/xie/Desktop/learn/carpole/cartplole/build/control -- -j20 -l20
[1.151s] DEBUG:colcon.colcon_core.event_handler.log_command:Invoking command in '/home/xie/Desktop/learn/carpole/cartplole/build/control': CMAKE_PREFIX_PATH=/home/xie/Desktop/learn/carpole/cartplole/install/interface:/home/xie/Desktop/learn/carpole/cartplole/install/simulate:/home/xie/Desktop/learn/carpole/cartplole/install/manage:/home/xie/Desktop/learn/carpole/cartplole/install/control:/usr/local:/usr/local:/opt/ros/humble /usr/bin/cmake --install /home/xie/Desktop/learn/carpole/cartplole/build/control
[1.159s] Level 1:colcon.colcon_core.environment:create_environment_scripts_only(simulate)
[1.166s] Level 1:colcon.colcon_core.environment:checking '/home/xie/Desktop/learn/carpole/cartplole/install/simulate' for CMake module files
[1.166s] Level 1:colcon.colcon_core.environment:checking '/home/xie/Desktop/learn/carpole/cartplole/install/simulate' for CMake config files
[1.166s] Level 1:colcon.colcon_core.shell:create_environment_hook('simulate', 'cmake_prefix_path')
[1.172s] INFO:colcon.colcon_core.shell:Creating environment hook '/home/xie/Desktop/learn/carpole/cartplole/install/simulate/share/simulate/hook/cmake_prefix_path.ps1'
[1.173s] INFO:colcon.colcon_core.shell:Creating environment descriptor '/home/xie/Desktop/learn/carpole/cartplole/install/simulate/share/simulate/hook/cmake_prefix_path.dsv'
[1.173s] INFO:colcon.colcon_core.shell:Creating environment hook '/home/xie/Desktop/learn/carpole/cartplole/install/simulate/share/simulate/hook/cmake_prefix_path.sh'
[1.173s] Level 1:colcon.colcon_core.environment:checking '/home/xie/Desktop/learn/carpole/cartplole/install/simulate/lib'
[1.173s] Level 1:colcon.colcon_core.environment:checking '/home/xie/Desktop/learn/carpole/cartplole/install/simulate/bin'
[1.173s] Level 1:colcon.colcon_core.environment:checking '/home/xie/Desktop/learn/carpole/cartplole/install/simulate/lib/pkgconfig/simulate.pc'
[1.173s] Level 1:colcon.colcon_core.environment:checking '/home/xie/Desktop/learn/carpole/cartplole/install/simulate/lib/python3.10/site-packages'
[1.173s] Level 1:colcon.colcon_core.environment:checking '/home/xie/Desktop/learn/carpole/cartplole/install/simulate/bin'
[1.179s] INFO:colcon.colcon_core.shell:Creating package script '/home/xie/Desktop/learn/carpole/cartplole/install/simulate/share/simulate/package.ps1'
[1.179s] INFO:colcon.colcon_core.shell:Creating package descriptor '/home/xie/Desktop/learn/carpole/cartplole/install/simulate/share/simulate/package.dsv'
[1.179s] INFO:colcon.colcon_core.shell:Creating package script '/home/xie/Desktop/learn/carpole/cartplole/install/simulate/share/simulate/package.sh'
[1.179s] INFO:colcon.colcon_core.shell:Creating package script '/home/xie/Desktop/learn/carpole/cartplole/install/simulate/share/simulate/package.bash'
[1.179s] INFO:colcon.colcon_core.shell:Creating package script '/home/xie/Desktop/learn/carpole/cartplole/install/simulate/share/simulate/package.zsh'
[1.180s] Level 1:colcon.colcon_core.environment:create_file_with_runtime_dependencies(/home/xie/Desktop/learn/carpole/cartplole/install/simulate/share/colcon-core/packages/simulate)
[1.180s] Level 1:colcon.colcon_core.environment:create_environment_scripts_only(control)
[1.181s] DEBUG:colcon.colcon_core.event_handler.log_command:Invoked command in '/home/xie/Desktop/learn/carpole/cartplole/build/control' returned '0': CMAKE_PREFIX_PATH=/home/xie/Desktop/learn/carpole/cartplole/install/interface:/home/xie/Desktop/learn/carpole/cartplole/install/simulate:/home/xie/Desktop/learn/carpole/cartplole/install/manage:/home/xie/Desktop/learn/carpole/cartplole/install/control:/usr/local:/usr/local:/opt/ros/humble /usr/bin/cmake --install /home/xie/Desktop/learn/carpole/cartplole/build/control
[1.186s] Level 1:colcon.colcon_core.environment:checking '/home/xie/Desktop/learn/carpole/cartplole/install/control' for CMake module files
[1.187s] Level 1:colcon.colcon_core.environment:checking '/home/xie/Desktop/learn/carpole/cartplole/install/control' for CMake config files
[1.187s] Level 1:colcon.colcon_core.shell:create_environment_hook('control', 'cmake_prefix_path')
[1.192s] INFO:colcon.colcon_core.shell:Creating environment hook '/home/xie/Desktop/learn/carpole/cartplole/install/control/share/control/hook/cmake_prefix_path.ps1'
[1.193s] INFO:colcon.colcon_core.shell:Creating environment descriptor '/home/xie/Desktop/learn/carpole/cartplole/install/control/share/control/hook/cmake_prefix_path.dsv'
[1.193s] INFO:colcon.colcon_core.shell:Creating environment hook '/home/xie/Desktop/learn/carpole/cartplole/install/control/share/control/hook/cmake_prefix_path.sh'
[1.193s] Level 1:colcon.colcon_core.environment:checking '/home/xie/Desktop/learn/carpole/cartplole/install/control/lib'
[1.193s] Level 1:colcon.colcon_core.environment:checking '/home/xie/Desktop/learn/carpole/cartplole/install/control/bin'
[1.193s] Level 1:colcon.colcon_core.environment:checking '/home/xie/Desktop/learn/carpole/cartplole/install/control/lib/pkgconfig/control.pc'
[1.193s] Level 1:colcon.colcon_core.environment:checking '/home/xie/Desktop/learn/carpole/cartplole/install/control/lib/python3.10/site-packages'
[1.193s] Level 1:colcon.colcon_core.environment:checking '/home/xie/Desktop/learn/carpole/cartplole/install/control/bin'
[1.200s] INFO:colcon.colcon_core.shell:Creating package script '/home/xie/Desktop/learn/carpole/cartplole/install/control/share/control/package.ps1'
[1.201s] INFO:colcon.colcon_core.shell:Creating package descriptor '/home/xie/Desktop/learn/carpole/cartplole/install/control/share/control/package.dsv'
[1.201s] INFO:colcon.colcon_core.shell:Creating package script '/home/xie/Desktop/learn/carpole/cartplole/install/control/share/control/package.sh'
[1.201s] INFO:colcon.colcon_core.shell:Creating package script '/home/xie/Desktop/learn/carpole/cartplole/install/control/share/control/package.bash'
[1.201s] INFO:colcon.colcon_core.shell:Creating package script '/home/xie/Desktop/learn/carpole/cartplole/install/control/share/control/package.zsh'
[1.201s] Level 1:colcon.colcon_core.environment:create_file_with_runtime_dependencies(/home/xie/Desktop/learn/carpole/cartplole/install/control/share/colcon-core/packages/control)
[1.224s] Level 1:colcon.colcon_core.environment:create_environment_scripts_only(control)
[1.230s] Level 1:colcon.colcon_core.environment:checking '/home/xie/Desktop/learn/carpole/cartplole/install/control' for CMake module files
[1.231s] Level 1:colcon.colcon_core.environment:checking '/home/xie/Desktop/learn/carpole/cartplole/install/control' for CMake config files
[1.231s] Level 1:colcon.colcon_core.shell:create_environment_hook('control', 'cmake_prefix_path')
[1.238s] INFO:colcon.colcon_core.shell:Creating environment hook '/home/xie/Desktop/learn/carpole/cartplole/install/control/share/control/hook/cmake_prefix_path.ps1'
[1.238s] INFO:colcon.colcon_core.shell:Creating environment descriptor '/home/xie/Desktop/learn/carpole/cartplole/install/control/share/control/hook/cmake_prefix_path.dsv'
[1.238s] INFO:colcon.colcon_core.shell:Creating environment hook '/home/xie/Desktop/learn/carpole/cartplole/install/control/share/control/hook/cmake_prefix_path.sh'
[1.239s] Level 1:colcon.colcon_core.environment:checking '/home/xie/Desktop/learn/carpole/cartplole/install/control/lib'
[1.239s] Level 1:colcon.colcon_core.environment:checking '/home/xie/Desktop/learn/carpole/cartplole/install/control/bin'
[1.239s] Level 1:colcon.colcon_core.environment:checking '/home/xie/Desktop/learn/carpole/cartplole/install/control/lib/pkgconfig/control.pc'
[1.239s] Level 1:colcon.colcon_core.environment:checking '/home/xie/Desktop/learn/carpole/cartplole/install/control/lib/python3.10/site-packages'
[1.239s] Level 1:colcon.colcon_core.environment:checking '/home/xie/Desktop/learn/carpole/cartplole/install/control/bin'
[1.245s] INFO:colcon.colcon_core.shell:Creating package script '/home/xie/Desktop/learn/carpole/cartplole/install/control/share/control/package.ps1'
[1.245s] INFO:colcon.colcon_core.shell:Creating package descriptor '/home/xie/Desktop/learn/carpole/cartplole/install/control/share/control/package.dsv'
[1.245s] INFO:colcon.colcon_core.shell:Creating package script '/home/xie/Desktop/learn/carpole/cartplole/install/control/share/control/package.sh'
[1.245s] INFO:colcon.colcon_core.shell:Creating package script '/home/xie/Desktop/learn/carpole/cartplole/install/control/share/control/package.bash'
[1.245s] INFO:colcon.colcon_core.shell:Creating package script '/home/xie/Desktop/learn/carpole/cartplole/install/control/share/control/package.zsh'
[1.246s] Level 1:colcon.colcon_core.environment:create_file_with_runtime_dependencies(/home/xie/Desktop/learn/carpole/cartplole/install/control/share/colcon-core/packages/control)
[1.246s] DEBUG:colcon.colcon_parallel_executor.executor.parallel:closing loop
[1.246s] DEBUG:colcon.colcon_parallel_executor.executor.parallel:loop closed
[1.246s] DEBUG:colcon.colcon_parallel_executor.executor.parallel:run_until_complete finished with '0'
[1.246s] DEBUG:colcon.colcon_core.event_reactor:joining thread
[1.254s] INFO:colcon.colcon_core.plugin_system:Skipping extension 'colcon_notification.desktop_notification.terminal_notifier': Not used on non-Darwin systems
[1.255s] INFO:colcon.colcon_core.plugin_system:Skipping extension 'colcon_notification.desktop_notification.win32': Not used on non-Windows systems
[1.255s] INFO:colcon.colcon_notification.desktop_notification:Sending desktop notification using 'notify2'
[1.261s] DEBUG:colcon.colcon_core.event_reactor:joined thread
[1.269s] INFO:colcon.colcon_core.shell:Creating prefix script '/home/xie/Desktop/learn/carpole/cartplole/install/local_setup.ps1'
[1.269s] INFO:colcon.colcon_core.shell:Creating prefix util module '/home/xie/Desktop/learn/carpole/cartplole/install/_local_setup_util_ps1.py'
[1.270s] INFO:colcon.colcon_core.shell:Creating prefix chain script '/home/xie/Desktop/learn/carpole/cartplole/install/setup.ps1'
[1.276s] INFO:colcon.colcon_core.shell:Creating prefix script '/home/xie/Desktop/learn/carpole/cartplole/install/local_setup.sh'
[1.277s] INFO:colcon.colcon_core.shell:Creating prefix util module '/home/xie/Desktop/learn/carpole/cartplole/install/_local_setup_util_sh.py'
[1.277s] INFO:colcon.colcon_core.shell:Creating prefix chain script '/home/xie/Desktop/learn/carpole/cartplole/install/setup.sh'
[1.284s] INFO:colcon.colcon_core.shell:Creating prefix script '/home/xie/Desktop/learn/carpole/cartplole/install/local_setup.bash'
[1.284s] INFO:colcon.colcon_core.shell:Creating prefix chain script '/home/xie/Desktop/learn/carpole/cartplole/install/setup.bash'
[1.290s] INFO:colcon.colcon_core.shell:Creating prefix script '/home/xie/Desktop/learn/carpole/cartplole/install/local_setup.zsh'
[1.291s] INFO:colcon.colcon_core.shell:Creating prefix chain script '/home/xie/Desktop/learn/carpole/cartplole/install/setup.zsh'
