[0.032s] Invoking command in '/home/xie/Desktop/learn/carpole/cartplole/build/simulate': CMAKE_PREFIX_PATH=/home/xie/Desktop/learn/carpole/cartplole/install/interface:/home/xie/Desktop/learn/carpole/cartplole/install/simulate:/home/xie/Desktop/learn/carpole/cartplole/install/manage:/home/xie/Desktop/learn/carpole/cartplole/install/control:/usr/local:/usr/local:/opt/ros/humble /usr/bin/cmake --build /home/xie/Desktop/learn/carpole/cartplole/build/simulate -- -j20 -l20
[0.063s] [100%] Built target simulate_node
[0.070s] Invoked command in '/home/xie/Desktop/learn/carpole/cartplole/build/simulate' returned '0': CMAKE_PREFIX_PATH=/home/xie/Desktop/learn/carpole/cartplole/install/interface:/home/xie/Desktop/learn/carpole/cartplole/install/simulate:/home/xie/Desktop/learn/carpole/cartplole/install/manage:/home/xie/Desktop/learn/carpole/cartplole/install/control:/usr/local:/usr/local:/opt/ros/humble /usr/bin/cmake --build /home/xie/Desktop/learn/carpole/cartplole/build/simulate -- -j20 -l20
[0.091s] Invoking command in '/home/xie/Desktop/learn/carpole/cartplole/build/simulate': CMAKE_PREFIX_PATH=/home/xie/Desktop/learn/carpole/cartplole/install/interface:/home/xie/Desktop/learn/carpole/cartplole/install/simulate:/home/xie/Desktop/learn/carpole/cartplole/install/manage:/home/xie/Desktop/learn/carpole/cartplole/install/control:/usr/local:/usr/local:/opt/ros/humble /usr/bin/cmake --install /home/xie/Desktop/learn/carpole/cartplole/build/simulate
[0.095s] -- Install configuration: "Release"
[0.095s] -- Up-to-date: /home/xie/Desktop/learn/carpole/cartplole/install/simulate/lib/simulate/simulate_node
[0.095s] -- Up-to-date: /home/xie/Desktop/learn/carpole/cartplole/install/simulate/share/ament_index/resource_index/package_run_dependencies/simulate
[0.096s] -- Up-to-date: /home/xie/Desktop/learn/carpole/cartplole/install/simulate/share/ament_index/resource_index/parent_prefix_path/simulate
[0.096s] -- Up-to-date: /home/xie/Desktop/learn/carpole/cartplole/install/simulate/share/simulate/environment/ament_prefix_path.sh
[0.096s] -- Up-to-date: /home/xie/Desktop/learn/carpole/cartplole/install/simulate/share/simulate/environment/ament_prefix_path.dsv
[0.096s] -- Up-to-date: /home/xie/Desktop/learn/carpole/cartplole/install/simulate/share/simulate/environment/path.sh
[0.096s] -- Up-to-date: /home/xie/Desktop/learn/carpole/cartplole/install/simulate/share/simulate/environment/path.dsv
[0.096s] -- Up-to-date: /home/xie/Desktop/learn/carpole/cartplole/install/simulate/share/simulate/local_setup.bash
[0.096s] -- Up-to-date: /home/xie/Desktop/learn/carpole/cartplole/install/simulate/share/simulate/local_setup.sh
[0.096s] -- Up-to-date: /home/xie/Desktop/learn/carpole/cartplole/install/simulate/share/simulate/local_setup.zsh
[0.096s] -- Up-to-date: /home/xie/Desktop/learn/carpole/cartplole/install/simulate/share/simulate/local_setup.dsv
[0.096s] -- Installing: /home/xie/Desktop/learn/carpole/cartplole/install/simulate/share/simulate/package.dsv
[0.096s] -- Up-to-date: /home/xie/Desktop/learn/carpole/cartplole/install/simulate/share/ament_index/resource_index/packages/simulate
[0.096s] -- Up-to-date: /home/xie/Desktop/learn/carpole/cartplole/install/simulate/share/simulate/cmake/simulateConfig.cmake
[0.096s] -- Up-to-date: /home/xie/Desktop/learn/carpole/cartplole/install/simulate/share/simulate/cmake/simulateConfig-version.cmake
[0.096s] -- Up-to-date: /home/xie/Desktop/learn/carpole/cartplole/install/simulate/share/simulate/package.xml
[0.097s] Invoked command in '/home/xie/Desktop/learn/carpole/cartplole/build/simulate' returned '0': CMAKE_PREFIX_PATH=/home/xie/Desktop/learn/carpole/cartplole/install/interface:/home/xie/Desktop/learn/carpole/cartplole/install/simulate:/home/xie/Desktop/learn/carpole/cartplole/install/manage:/home/xie/Desktop/learn/carpole/cartplole/install/control:/usr/local:/usr/local:/opt/ros/humble /usr/bin/cmake --install /home/xie/Desktop/learn/carpole/cartplole/build/simulate
