[0.375s] DEBUG:colcon:Command line arguments: ['/usr/bin/colcon', 'build']
[0.375s] DEBUG:colcon:Parsed command line arguments: Namespace(log_base=None, log_level=None, verb_name='build', build_base='build', install_base='install', merge_install=False, symlink_install=False, test_result_base=None, continue_on_error=False, executor='parallel', parallel_workers=20, event_handlers=None, ignore_user_meta=False, metas=['./colcon.meta'], base_paths=['.'], packages_ignore=None, packages_ignore_regex=None, paths=None, packages_up_to=None, packages_up_to_regex=None, packages_above=None, packages_above_and_dependencies=None, packages_above_depth=None, packages_select_by_dep=None, packages_skip_by_dep=None, packages_skip_up_to=None, packages_select_build_failed=False, packages_skip_build_finished=False, packages_select_test_failures=False, packages_skip_test_passed=False, packages_select=None, packages_skip=None, packages_select_regex=None, packages_skip_regex=None, packages_start=None, packages_end=None, allow_overriding=[], cmake_args=None, cmake_target=None, cmake_target_skip_unavailable=False, cmake_clean_cache=False, cmake_clean_first=False, cmake_force_configure=False, ament_cmake_args=None, catkin_cmake_args=None, catkin_skip_building_tests=False, verb_parser=<colcon_defaults.argument_parser.defaults.DefaultArgumentsDecorator object at 0x7f1e84e19b40>, verb_extension=<colcon_core.verb.build.BuildVerb object at 0x7f1e84e1b430>, main=<bound method BuildVerb.main of <colcon_core.verb.build.BuildVerb object at 0x7f1e84e1b430>>)
[0.395s] Level 1:colcon.colcon_core.package_discovery:discover_packages(colcon_meta) check parameters
[0.395s] Level 1:colcon.colcon_core.package_discovery:discover_packages(recursive) check parameters
[0.395s] Level 1:colcon.colcon_core.package_discovery:discover_packages(ignore) check parameters
[0.395s] Level 1:colcon.colcon_core.package_discovery:discover_packages(path) check parameters
[0.395s] Level 1:colcon.colcon_core.package_discovery:discover_packages(colcon_meta) discover
[0.395s] Level 1:colcon.colcon_core.package_discovery:discover_packages(recursive) discover
[0.395s] INFO:colcon.colcon_core.package_discovery:Crawling recursively for packages in '/home/xie/Desktop/learn/carpole/cartplole'
[0.395s] Level 1:colcon.colcon_core.package_identification:_identify(.) by extensions ['ignore', 'ignore_ament_install']
[0.395s] Level 1:colcon.colcon_core.package_identification:_identify(.) by extension 'ignore'
[0.395s] Level 1:colcon.colcon_core.package_identification:_identify(.) by extension 'ignore_ament_install'
[0.395s] Level 1:colcon.colcon_core.package_identification:_identify(.) by extensions ['colcon_pkg']
[0.395s] Level 1:colcon.colcon_core.package_identification:_identify(.) by extension 'colcon_pkg'
[0.395s] Level 1:colcon.colcon_core.package_identification:_identify(.) by extensions ['colcon_meta']
[0.395s] Level 1:colcon.colcon_core.package_identification:_identify(.) by extension 'colcon_meta'
[0.395s] Level 1:colcon.colcon_core.package_identification:_identify(.) by extensions ['ros']
[0.395s] Level 1:colcon.colcon_core.package_identification:_identify(.) by extension 'ros'
[0.400s] Level 1:colcon.colcon_core.package_identification:_identify(.) by extensions ['cmake', 'python']
[0.400s] Level 1:colcon.colcon_core.package_identification:_identify(.) by extension 'cmake'
[0.400s] Level 1:colcon.colcon_core.package_identification:_identify(.) by extension 'python'
[0.400s] Level 1:colcon.colcon_core.package_identification:_identify(.) by extensions ['python_setup_py']
[0.400s] Level 1:colcon.colcon_core.package_identification:_identify(.) by extension 'python_setup_py'
[0.401s] Level 1:colcon.colcon_core.package_identification:_identify(build) by extensions ['ignore', 'ignore_ament_install']
[0.401s] Level 1:colcon.colcon_core.package_identification:_identify(build) by extension 'ignore'
[0.401s] Level 1:colcon.colcon_core.package_identification:_identify(build) ignored
[0.401s] Level 1:colcon.colcon_core.package_identification:_identify(install) by extensions ['ignore', 'ignore_ament_install']
[0.401s] Level 1:colcon.colcon_core.package_identification:_identify(install) by extension 'ignore'
[0.401s] Level 1:colcon.colcon_core.package_identification:_identify(install) ignored
[0.401s] Level 1:colcon.colcon_core.package_identification:_identify(log) by extensions ['ignore', 'ignore_ament_install']
[0.401s] Level 1:colcon.colcon_core.package_identification:_identify(log) by extension 'ignore'
[0.401s] Level 1:colcon.colcon_core.package_identification:_identify(log) ignored
[0.401s] Level 1:colcon.colcon_core.package_identification:_identify(src) by extensions ['ignore', 'ignore_ament_install']
[0.401s] Level 1:colcon.colcon_core.package_identification:_identify(src) by extension 'ignore'
[0.401s] Level 1:colcon.colcon_core.package_identification:_identify(src) by extension 'ignore_ament_install'
[0.401s] Level 1:colcon.colcon_core.package_identification:_identify(src) by extensions ['colcon_pkg']
[0.401s] Level 1:colcon.colcon_core.package_identification:_identify(src) by extension 'colcon_pkg'
[0.401s] Level 1:colcon.colcon_core.package_identification:_identify(src) by extensions ['colcon_meta']
[0.401s] Level 1:colcon.colcon_core.package_identification:_identify(src) by extension 'colcon_meta'
[0.401s] Level 1:colcon.colcon_core.package_identification:_identify(src) by extensions ['ros']
[0.401s] Level 1:colcon.colcon_core.package_identification:_identify(src) by extension 'ros'
[0.401s] Level 1:colcon.colcon_core.package_identification:_identify(src) by extensions ['cmake', 'python']
[0.401s] Level 1:colcon.colcon_core.package_identification:_identify(src) by extension 'cmake'
[0.401s] Level 1:colcon.colcon_core.package_identification:_identify(src) by extension 'python'
[0.401s] Level 1:colcon.colcon_core.package_identification:_identify(src) by extensions ['python_setup_py']
[0.401s] Level 1:colcon.colcon_core.package_identification:_identify(src) by extension 'python_setup_py'
[0.401s] Level 1:colcon.colcon_core.package_identification:_identify(src/control) by extensions ['ignore', 'ignore_ament_install']
[0.401s] Level 1:colcon.colcon_core.package_identification:_identify(src/control) by extension 'ignore'
[0.401s] Level 1:colcon.colcon_core.package_identification:_identify(src/control) by extension 'ignore_ament_install'
[0.401s] Level 1:colcon.colcon_core.package_identification:_identify(src/control) by extensions ['colcon_pkg']
[0.401s] Level 1:colcon.colcon_core.package_identification:_identify(src/control) by extension 'colcon_pkg'
[0.401s] Level 1:colcon.colcon_core.package_identification:_identify(src/control) by extensions ['colcon_meta']
[0.401s] Level 1:colcon.colcon_core.package_identification:_identify(src/control) by extension 'colcon_meta'
[0.401s] Level 1:colcon.colcon_core.package_identification:_identify(src/control) by extensions ['ros']
[0.401s] Level 1:colcon.colcon_core.package_identification:_identify(src/control) by extension 'ros'
[0.403s] DEBUG:colcon.colcon_core.package_identification:Package 'src/control' with type 'ros.ament_cmake' and name 'control'
[0.403s] Level 1:colcon.colcon_core.package_identification:_identify(src/interface) by extensions ['ignore', 'ignore_ament_install']
[0.403s] Level 1:colcon.colcon_core.package_identification:_identify(src/interface) by extension 'ignore'
[0.403s] Level 1:colcon.colcon_core.package_identification:_identify(src/interface) by extension 'ignore_ament_install'
[0.403s] Level 1:colcon.colcon_core.package_identification:_identify(src/interface) by extensions ['colcon_pkg']
[0.403s] Level 1:colcon.colcon_core.package_identification:_identify(src/interface) by extension 'colcon_pkg'
[0.403s] Level 1:colcon.colcon_core.package_identification:_identify(src/interface) by extensions ['colcon_meta']
[0.403s] Level 1:colcon.colcon_core.package_identification:_identify(src/interface) by extension 'colcon_meta'
[0.403s] Level 1:colcon.colcon_core.package_identification:_identify(src/interface) by extensions ['ros']
[0.403s] Level 1:colcon.colcon_core.package_identification:_identify(src/interface) by extension 'ros'
[0.404s] DEBUG:colcon.colcon_core.package_identification:Package 'src/interface' with type 'ros.ament_cmake' and name 'interface'
[0.404s] Level 1:colcon.colcon_core.package_identification:_identify(src/manage) by extensions ['ignore', 'ignore_ament_install']
[0.404s] Level 1:colcon.colcon_core.package_identification:_identify(src/manage) by extension 'ignore'
[0.404s] Level 1:colcon.colcon_core.package_identification:_identify(src/manage) by extension 'ignore_ament_install'
[0.404s] Level 1:colcon.colcon_core.package_identification:_identify(src/manage) by extensions ['colcon_pkg']
[0.404s] Level 1:colcon.colcon_core.package_identification:_identify(src/manage) by extension 'colcon_pkg'
[0.404s] Level 1:colcon.colcon_core.package_identification:_identify(src/manage) by extensions ['colcon_meta']
[0.404s] Level 1:colcon.colcon_core.package_identification:_identify(src/manage) by extension 'colcon_meta'
[0.404s] Level 1:colcon.colcon_core.package_identification:_identify(src/manage) by extensions ['ros']
[0.404s] Level 1:colcon.colcon_core.package_identification:_identify(src/manage) by extension 'ros'
[0.404s] DEBUG:colcon.colcon_core.package_identification:Package 'src/manage' with type 'ros.ament_cmake' and name 'manage'
[0.405s] Level 1:colcon.colcon_core.package_identification:_identify(src/models) by extensions ['ignore', 'ignore_ament_install']
[0.405s] Level 1:colcon.colcon_core.package_identification:_identify(src/models) by extension 'ignore'
[0.405s] Level 1:colcon.colcon_core.package_identification:_identify(src/models) by extension 'ignore_ament_install'
[0.405s] Level 1:colcon.colcon_core.package_identification:_identify(src/models) by extensions ['colcon_pkg']
[0.405s] Level 1:colcon.colcon_core.package_identification:_identify(src/models) by extension 'colcon_pkg'
[0.405s] Level 1:colcon.colcon_core.package_identification:_identify(src/models) by extensions ['colcon_meta']
[0.405s] Level 1:colcon.colcon_core.package_identification:_identify(src/models) by extension 'colcon_meta'
[0.405s] Level 1:colcon.colcon_core.package_identification:_identify(src/models) by extensions ['ros']
[0.405s] Level 1:colcon.colcon_core.package_identification:_identify(src/models) by extension 'ros'
[0.405s] Level 1:colcon.colcon_core.package_identification:_identify(src/models) by extensions ['cmake', 'python']
[0.405s] Level 1:colcon.colcon_core.package_identification:_identify(src/models) by extension 'cmake'
[0.405s] Level 1:colcon.colcon_core.package_identification:_identify(src/models) by extension 'python'
[0.405s] Level 1:colcon.colcon_core.package_identification:_identify(src/models) by extensions ['python_setup_py']
[0.405s] Level 1:colcon.colcon_core.package_identification:_identify(src/models) by extension 'python_setup_py'
[0.405s] Level 1:colcon.colcon_core.package_identification:_identify(src/models/inverted_pendulum) by extensions ['ignore', 'ignore_ament_install']
[0.405s] Level 1:colcon.colcon_core.package_identification:_identify(src/models/inverted_pendulum) by extension 'ignore'
[0.405s] Level 1:colcon.colcon_core.package_identification:_identify(src/models/inverted_pendulum) by extension 'ignore_ament_install'
[0.405s] Level 1:colcon.colcon_core.package_identification:_identify(src/models/inverted_pendulum) by extensions ['colcon_pkg']
[0.405s] Level 1:colcon.colcon_core.package_identification:_identify(src/models/inverted_pendulum) by extension 'colcon_pkg'
[0.405s] Level 1:colcon.colcon_core.package_identification:_identify(src/models/inverted_pendulum) by extensions ['colcon_meta']
[0.405s] Level 1:colcon.colcon_core.package_identification:_identify(src/models/inverted_pendulum) by extension 'colcon_meta'
[0.405s] Level 1:colcon.colcon_core.package_identification:_identify(src/models/inverted_pendulum) by extensions ['ros']
[0.405s] Level 1:colcon.colcon_core.package_identification:_identify(src/models/inverted_pendulum) by extension 'ros'
[0.405s] Level 1:colcon.colcon_core.package_identification:_identify(src/models/inverted_pendulum) by extensions ['cmake', 'python']
[0.405s] Level 1:colcon.colcon_core.package_identification:_identify(src/models/inverted_pendulum) by extension 'cmake'
[0.405s] Level 1:colcon.colcon_core.package_identification:_identify(src/models/inverted_pendulum) by extension 'python'
[0.405s] Level 1:colcon.colcon_core.package_identification:_identify(src/models/inverted_pendulum) by extensions ['python_setup_py']
[0.405s] Level 1:colcon.colcon_core.package_identification:_identify(src/models/inverted_pendulum) by extension 'python_setup_py'
[0.405s] Level 1:colcon.colcon_core.package_identification:_identify(src/simulate) by extensions ['ignore', 'ignore_ament_install']
[0.405s] Level 1:colcon.colcon_core.package_identification:_identify(src/simulate) by extension 'ignore'
[0.405s] Level 1:colcon.colcon_core.package_identification:_identify(src/simulate) by extension 'ignore_ament_install'
[0.405s] Level 1:colcon.colcon_core.package_identification:_identify(src/simulate) by extensions ['colcon_pkg']
[0.405s] Level 1:colcon.colcon_core.package_identification:_identify(src/simulate) by extension 'colcon_pkg'
[0.405s] Level 1:colcon.colcon_core.package_identification:_identify(src/simulate) by extensions ['colcon_meta']
[0.405s] Level 1:colcon.colcon_core.package_identification:_identify(src/simulate) by extension 'colcon_meta'
[0.405s] Level 1:colcon.colcon_core.package_identification:_identify(src/simulate) by extensions ['ros']
[0.405s] Level 1:colcon.colcon_core.package_identification:_identify(src/simulate) by extension 'ros'
[0.406s] DEBUG:colcon.colcon_core.package_identification:Package 'src/simulate' with type 'ros.ament_cmake' and name 'simulate'
[0.406s] Level 1:colcon.colcon_core.package_identification:_identify(src/utils) by extensions ['ignore', 'ignore_ament_install']
[0.406s] Level 1:colcon.colcon_core.package_identification:_identify(src/utils) by extension 'ignore'
[0.406s] Level 1:colcon.colcon_core.package_identification:_identify(src/utils) by extension 'ignore_ament_install'
[0.406s] Level 1:colcon.colcon_core.package_identification:_identify(src/utils) by extensions ['colcon_pkg']
[0.406s] Level 1:colcon.colcon_core.package_identification:_identify(src/utils) by extension 'colcon_pkg'
[0.406s] Level 1:colcon.colcon_core.package_identification:_identify(src/utils) by extensions ['colcon_meta']
[0.406s] Level 1:colcon.colcon_core.package_identification:_identify(src/utils) by extension 'colcon_meta'
[0.406s] Level 1:colcon.colcon_core.package_identification:_identify(src/utils) by extensions ['ros']
[0.406s] Level 1:colcon.colcon_core.package_identification:_identify(src/utils) by extension 'ros'
[0.406s] Level 1:colcon.colcon_core.package_identification:_identify(src/utils) by extensions ['cmake', 'python']
[0.406s] Level 1:colcon.colcon_core.package_identification:_identify(src/utils) by extension 'cmake'
[0.406s] Level 1:colcon.colcon_core.package_identification:_identify(src/utils) by extension 'python'
[0.406s] Level 1:colcon.colcon_core.package_identification:_identify(src/utils) by extensions ['python_setup_py']
[0.406s] Level 1:colcon.colcon_core.package_identification:_identify(src/utils) by extension 'python_setup_py'
[0.406s] Level 1:colcon.colcon_core.package_discovery:discover_packages(recursive) using defaults
[0.406s] Level 1:colcon.colcon_core.package_discovery:discover_packages(ignore) discover
[0.406s] Level 1:colcon.colcon_core.package_discovery:discover_packages(ignore) using defaults
[0.406s] Level 1:colcon.colcon_core.package_discovery:discover_packages(path) discover
[0.406s] Level 1:colcon.colcon_core.package_discovery:discover_packages(path) using defaults
[0.441s] Level 1:colcon.colcon_core.package_discovery:discover_packages(prefix_path) check parameters
[0.441s] Level 1:colcon.colcon_core.package_discovery:discover_packages(prefix_path) discover
[0.452s] DEBUG:colcon.colcon_installed_package_information.package_discovery:Found 4 installed packages in /home/xie/Desktop/learn/carpole/cartplole/install
[0.458s] DEBUG:colcon.colcon_installed_package_information.package_discovery:Found 330 installed packages in /opt/ros/humble
[0.459s] Level 1:colcon.colcon_core.package_discovery:discover_packages(prefix_path) using defaults
[0.500s] Level 5:colcon.colcon_core.verb:set package 'interface' build argument 'cmake_args' from command line to 'None'
[0.500s] Level 5:colcon.colcon_core.verb:set package 'interface' build argument 'cmake_target' from command line to 'None'
[0.500s] Level 5:colcon.colcon_core.verb:set package 'interface' build argument 'cmake_target_skip_unavailable' from command line to 'False'
[0.500s] Level 5:colcon.colcon_core.verb:set package 'interface' build argument 'cmake_clean_cache' from command line to 'False'
[0.500s] Level 5:colcon.colcon_core.verb:set package 'interface' build argument 'cmake_clean_first' from command line to 'False'
[0.500s] Level 5:colcon.colcon_core.verb:set package 'interface' build argument 'cmake_force_configure' from command line to 'False'
[0.500s] Level 5:colcon.colcon_core.verb:set package 'interface' build argument 'ament_cmake_args' from command line to 'None'
[0.500s] Level 5:colcon.colcon_core.verb:set package 'interface' build argument 'catkin_cmake_args' from command line to 'None'
[0.500s] Level 5:colcon.colcon_core.verb:set package 'interface' build argument 'catkin_skip_building_tests' from command line to 'False'
[0.500s] DEBUG:colcon.colcon_core.verb:Building package 'interface' with the following arguments: {'ament_cmake_args': None, 'build_base': '/home/xie/Desktop/learn/carpole/cartplole/build/interface', 'catkin_cmake_args': None, 'catkin_skip_building_tests': False, 'cmake_args': None, 'cmake_clean_cache': False, 'cmake_clean_first': False, 'cmake_force_configure': False, 'cmake_target': None, 'cmake_target_skip_unavailable': False, 'install_base': '/home/xie/Desktop/learn/carpole/cartplole/install/interface', 'merge_install': False, 'path': '/home/xie/Desktop/learn/carpole/cartplole/src/interface', 'symlink_install': False, 'test_result_base': None}
[0.505s] Level 5:colcon.colcon_core.verb:set package 'manage' build argument 'cmake_args' from command line to 'None'
[0.505s] Level 5:colcon.colcon_core.verb:set package 'manage' build argument 'cmake_target' from command line to 'None'
[0.505s] Level 5:colcon.colcon_core.verb:set package 'manage' build argument 'cmake_target_skip_unavailable' from command line to 'False'
[0.505s] Level 5:colcon.colcon_core.verb:set package 'manage' build argument 'cmake_clean_cache' from command line to 'False'
[0.505s] Level 5:colcon.colcon_core.verb:set package 'manage' build argument 'cmake_clean_first' from command line to 'False'
[0.505s] Level 5:colcon.colcon_core.verb:set package 'manage' build argument 'cmake_force_configure' from command line to 'False'
[0.505s] Level 5:colcon.colcon_core.verb:set package 'manage' build argument 'ament_cmake_args' from command line to 'None'
[0.505s] Level 5:colcon.colcon_core.verb:set package 'manage' build argument 'catkin_cmake_args' from command line to 'None'
[0.505s] Level 5:colcon.colcon_core.verb:set package 'manage' build argument 'catkin_skip_building_tests' from command line to 'False'
[0.505s] DEBUG:colcon.colcon_core.verb:Building package 'manage' with the following arguments: {'ament_cmake_args': None, 'build_base': '/home/xie/Desktop/learn/carpole/cartplole/build/manage', 'catkin_cmake_args': None, 'catkin_skip_building_tests': False, 'cmake_args': None, 'cmake_clean_cache': False, 'cmake_clean_first': False, 'cmake_force_configure': False, 'cmake_target': None, 'cmake_target_skip_unavailable': False, 'install_base': '/home/xie/Desktop/learn/carpole/cartplole/install/manage', 'merge_install': False, 'path': '/home/xie/Desktop/learn/carpole/cartplole/src/manage', 'symlink_install': False, 'test_result_base': None}
[0.510s] Level 5:colcon.colcon_core.verb:set package 'control' build argument 'cmake_args' from command line to 'None'
[0.510s] Level 5:colcon.colcon_core.verb:set package 'control' build argument 'cmake_target' from command line to 'None'
[0.510s] Level 5:colcon.colcon_core.verb:set package 'control' build argument 'cmake_target_skip_unavailable' from command line to 'False'
[0.510s] Level 5:colcon.colcon_core.verb:set package 'control' build argument 'cmake_clean_cache' from command line to 'False'
[0.510s] Level 5:colcon.colcon_core.verb:set package 'control' build argument 'cmake_clean_first' from command line to 'False'
[0.510s] Level 5:colcon.colcon_core.verb:set package 'control' build argument 'cmake_force_configure' from command line to 'False'
[0.510s] Level 5:colcon.colcon_core.verb:set package 'control' build argument 'ament_cmake_args' from command line to 'None'
[0.510s] Level 5:colcon.colcon_core.verb:set package 'control' build argument 'catkin_cmake_args' from command line to 'None'
[0.510s] Level 5:colcon.colcon_core.verb:set package 'control' build argument 'catkin_skip_building_tests' from command line to 'False'
[0.510s] DEBUG:colcon.colcon_core.verb:Building package 'control' with the following arguments: {'ament_cmake_args': None, 'build_base': '/home/xie/Desktop/learn/carpole/cartplole/build/control', 'catkin_cmake_args': None, 'catkin_skip_building_tests': False, 'cmake_args': None, 'cmake_clean_cache': False, 'cmake_clean_first': False, 'cmake_force_configure': False, 'cmake_target': None, 'cmake_target_skip_unavailable': False, 'install_base': '/home/xie/Desktop/learn/carpole/cartplole/install/control', 'merge_install': False, 'path': '/home/xie/Desktop/learn/carpole/cartplole/src/control', 'symlink_install': False, 'test_result_base': None}
[0.515s] Level 5:colcon.colcon_core.verb:set package 'simulate' build argument 'cmake_args' from command line to 'None'
[0.515s] Level 5:colcon.colcon_core.verb:set package 'simulate' build argument 'cmake_target' from command line to 'None'
[0.515s] Level 5:colcon.colcon_core.verb:set package 'simulate' build argument 'cmake_target_skip_unavailable' from command line to 'False'
[0.515s] Level 5:colcon.colcon_core.verb:set package 'simulate' build argument 'cmake_clean_cache' from command line to 'False'
[0.515s] Level 5:colcon.colcon_core.verb:set package 'simulate' build argument 'cmake_clean_first' from command line to 'False'
[0.515s] Level 5:colcon.colcon_core.verb:set package 'simulate' build argument 'cmake_force_configure' from command line to 'False'
[0.515s] Level 5:colcon.colcon_core.verb:set package 'simulate' build argument 'ament_cmake_args' from command line to 'None'
[0.515s] Level 5:colcon.colcon_core.verb:set package 'simulate' build argument 'catkin_cmake_args' from command line to 'None'
[0.515s] Level 5:colcon.colcon_core.verb:set package 'simulate' build argument 'catkin_skip_building_tests' from command line to 'False'
[0.516s] DEBUG:colcon.colcon_core.verb:Building package 'simulate' with the following arguments: {'ament_cmake_args': None, 'build_base': '/home/xie/Desktop/learn/carpole/cartplole/build/simulate', 'catkin_cmake_args': None, 'catkin_skip_building_tests': False, 'cmake_args': None, 'cmake_clean_cache': False, 'cmake_clean_first': False, 'cmake_force_configure': False, 'cmake_target': None, 'cmake_target_skip_unavailable': False, 'install_base': '/home/xie/Desktop/learn/carpole/cartplole/install/simulate', 'merge_install': False, 'path': '/home/xie/Desktop/learn/carpole/cartplole/src/simulate', 'symlink_install': False, 'test_result_base': None}
[0.521s] INFO:colcon.colcon_core.executor:Executing jobs using 'parallel' executor
[0.527s] DEBUG:colcon.colcon_parallel_executor.executor.parallel:run_until_complete
[0.527s] INFO:colcon.colcon_ros.task.ament_cmake.build:Building ROS package in '/home/xie/Desktop/learn/carpole/cartplole/src/interface' with build type 'ament_cmake'
[0.527s] INFO:colcon.colcon_cmake.task.cmake.build:Building CMake package in '/home/xie/Desktop/learn/carpole/cartplole/src/interface'
[0.533s] INFO:colcon.colcon_core.plugin_system:Skipping extension 'colcon_core.shell.bat': Not used on non-Windows systems
[0.533s] INFO:colcon.colcon_core.shell:Skip shell extension 'powershell' for command environment: Not usable outside of PowerShell
[0.533s] DEBUG:colcon.colcon_core.shell:Skip shell extension 'dsv' for command environment
[0.551s] INFO:colcon.colcon_ros.task.ament_cmake.build:Building ROS package in '/home/xie/Desktop/learn/carpole/cartplole/src/manage' with build type 'ament_cmake'
[0.551s] INFO:colcon.colcon_cmake.task.cmake.build:Building CMake package in '/home/xie/Desktop/learn/carpole/cartplole/src/manage'
[0.557s] INFO:colcon.colcon_core.shell:Skip shell extension 'powershell' for command environment: Not usable outside of PowerShell
[0.557s] DEBUG:colcon.colcon_core.shell:Skip shell extension 'dsv' for command environment
[0.577s] DEBUG:colcon.colcon_core.event_handler.log_command:Invoking command in '/home/xie/Desktop/learn/carpole/cartplole/build/interface': CMAKE_PREFIX_PATH=${CMAKE_PREFIX_PATH}:/opt/ros/humble /usr/bin/cmake --build /home/xie/Desktop/learn/carpole/cartplole/build/interface -- -j20 -l20
[0.580s] DEBUG:colcon.colcon_core.event_handler.log_command:Invoking command in '/home/xie/Desktop/learn/carpole/cartplole/build/manage': CMAKE_PREFIX_PATH=${CMAKE_PREFIX_PATH}:/opt/ros/humble /usr/bin/cmake --build /home/xie/Desktop/learn/carpole/cartplole/build/manage -- -j20 -l20
[0.598s] DEBUG:colcon.colcon_core.event_handler.log_command:Invoked command in '/home/xie/Desktop/learn/carpole/cartplole/build/manage' returned '0': CMAKE_PREFIX_PATH=${CMAKE_PREFIX_PATH}:/opt/ros/humble /usr/bin/cmake --build /home/xie/Desktop/learn/carpole/cartplole/build/manage -- -j20 -l20
[0.615s] DEBUG:colcon.colcon_core.event_handler.log_command:Invoking command in '/home/xie/Desktop/learn/carpole/cartplole/build/manage': CMAKE_PREFIX_PATH=${CMAKE_PREFIX_PATH}:/opt/ros/humble /usr/bin/cmake --install /home/xie/Desktop/learn/carpole/cartplole/build/manage
[0.621s] Level 1:colcon.colcon_core.environment:create_environment_scripts_only(manage)
[0.621s] DEBUG:colcon.colcon_core.event_handler.log_command:Invoked command in '/home/xie/Desktop/learn/carpole/cartplole/build/manage' returned '0': CMAKE_PREFIX_PATH=${CMAKE_PREFIX_PATH}:/opt/ros/humble /usr/bin/cmake --install /home/xie/Desktop/learn/carpole/cartplole/build/manage
[0.628s] Level 1:colcon.colcon_core.environment:checking '/home/xie/Desktop/learn/carpole/cartplole/install/manage' for CMake module files
[0.629s] Level 1:colcon.colcon_core.environment:checking '/home/xie/Desktop/learn/carpole/cartplole/install/manage' for CMake config files
[0.629s] Level 1:colcon.colcon_core.shell:create_environment_hook('manage', 'cmake_prefix_path')
[0.635s] INFO:colcon.colcon_core.shell:Creating environment hook '/home/xie/Desktop/learn/carpole/cartplole/install/manage/share/manage/hook/cmake_prefix_path.ps1'
[0.635s] INFO:colcon.colcon_core.shell:Creating environment descriptor '/home/xie/Desktop/learn/carpole/cartplole/install/manage/share/manage/hook/cmake_prefix_path.dsv'
[0.635s] INFO:colcon.colcon_core.shell:Creating environment hook '/home/xie/Desktop/learn/carpole/cartplole/install/manage/share/manage/hook/cmake_prefix_path.sh'
[0.636s] Level 1:colcon.colcon_core.environment:checking '/home/xie/Desktop/learn/carpole/cartplole/install/manage/bin'
[0.636s] Level 1:colcon.colcon_core.environment:checking '/home/xie/Desktop/learn/carpole/cartplole/install/manage/lib/pkgconfig/manage.pc'
[0.636s] Level 1:colcon.colcon_core.environment:checking '/home/xie/Desktop/learn/carpole/cartplole/install/manage/lib/python3.10/site-packages'
[0.636s] Level 1:colcon.colcon_core.environment:checking '/home/xie/Desktop/learn/carpole/cartplole/install/manage/bin'
[0.642s] INFO:colcon.colcon_core.shell:Creating package script '/home/xie/Desktop/learn/carpole/cartplole/install/manage/share/manage/package.ps1'
[0.643s] INFO:colcon.colcon_core.shell:Creating package descriptor '/home/xie/Desktop/learn/carpole/cartplole/install/manage/share/manage/package.dsv'
[0.643s] INFO:colcon.colcon_core.shell:Creating package script '/home/xie/Desktop/learn/carpole/cartplole/install/manage/share/manage/package.sh'
[0.643s] INFO:colcon.colcon_core.shell:Creating package script '/home/xie/Desktop/learn/carpole/cartplole/install/manage/share/manage/package.bash'
[0.644s] INFO:colcon.colcon_core.shell:Creating package script '/home/xie/Desktop/learn/carpole/cartplole/install/manage/share/manage/package.zsh'
[0.644s] Level 1:colcon.colcon_core.environment:create_file_with_runtime_dependencies(/home/xie/Desktop/learn/carpole/cartplole/install/manage/share/colcon-core/packages/manage)
[0.670s] Level 1:colcon.colcon_core.environment:create_environment_scripts_only(manage)
[0.676s] Level 1:colcon.colcon_core.environment:checking '/home/xie/Desktop/learn/carpole/cartplole/install/manage' for CMake module files
[0.676s] Level 1:colcon.colcon_core.environment:checking '/home/xie/Desktop/learn/carpole/cartplole/install/manage' for CMake config files
[0.677s] Level 1:colcon.colcon_core.shell:create_environment_hook('manage', 'cmake_prefix_path')
[0.682s] INFO:colcon.colcon_core.shell:Creating environment hook '/home/xie/Desktop/learn/carpole/cartplole/install/manage/share/manage/hook/cmake_prefix_path.ps1'
[0.682s] INFO:colcon.colcon_core.shell:Creating environment descriptor '/home/xie/Desktop/learn/carpole/cartplole/install/manage/share/manage/hook/cmake_prefix_path.dsv'
[0.683s] INFO:colcon.colcon_core.shell:Creating environment hook '/home/xie/Desktop/learn/carpole/cartplole/install/manage/share/manage/hook/cmake_prefix_path.sh'
[0.683s] Level 1:colcon.colcon_core.environment:checking '/home/xie/Desktop/learn/carpole/cartplole/install/manage/bin'
[0.683s] Level 1:colcon.colcon_core.environment:checking '/home/xie/Desktop/learn/carpole/cartplole/install/manage/lib/pkgconfig/manage.pc'
[0.683s] Level 1:colcon.colcon_core.environment:checking '/home/xie/Desktop/learn/carpole/cartplole/install/manage/lib/python3.10/site-packages'
[0.683s] Level 1:colcon.colcon_core.environment:checking '/home/xie/Desktop/learn/carpole/cartplole/install/manage/bin'
[0.689s] INFO:colcon.colcon_core.shell:Creating package script '/home/xie/Desktop/learn/carpole/cartplole/install/manage/share/manage/package.ps1'
[0.689s] INFO:colcon.colcon_core.shell:Creating package descriptor '/home/xie/Desktop/learn/carpole/cartplole/install/manage/share/manage/package.dsv'
[0.689s] INFO:colcon.colcon_core.shell:Creating package script '/home/xie/Desktop/learn/carpole/cartplole/install/manage/share/manage/package.sh'
[0.689s] INFO:colcon.colcon_core.shell:Creating package script '/home/xie/Desktop/learn/carpole/cartplole/install/manage/share/manage/package.bash'
[0.690s] INFO:colcon.colcon_core.shell:Creating package script '/home/xie/Desktop/learn/carpole/cartplole/install/manage/share/manage/package.zsh'
[0.690s] Level 1:colcon.colcon_core.environment:create_file_with_runtime_dependencies(/home/xie/Desktop/learn/carpole/cartplole/install/manage/share/colcon-core/packages/manage)
[0.743s] DEBUG:colcon.colcon_core.event_handler.log_command:Invoked command in '/home/xie/Desktop/learn/carpole/cartplole/build/interface' returned '0': CMAKE_PREFIX_PATH=${CMAKE_PREFIX_PATH}:/opt/ros/humble /usr/bin/cmake --build /home/xie/Desktop/learn/carpole/cartplole/build/interface -- -j20 -l20
[0.784s] DEBUG:colcon.colcon_core.event_handler.log_command:Invoking command in '/home/xie/Desktop/learn/carpole/cartplole/build/interface': CMAKE_PREFIX_PATH=${CMAKE_PREFIX_PATH}:/opt/ros/humble /usr/bin/cmake --install /home/xie/Desktop/learn/carpole/cartplole/build/interface
[0.810s] Level 1:colcon.colcon_core.environment:create_environment_scripts_only(interface)
[0.810s] DEBUG:colcon.colcon_core.event_handler.log_command:Invoked command in '/home/xie/Desktop/learn/carpole/cartplole/build/interface' returned '0': CMAKE_PREFIX_PATH=${CMAKE_PREFIX_PATH}:/opt/ros/humble /usr/bin/cmake --install /home/xie/Desktop/learn/carpole/cartplole/build/interface
[0.816s] Level 1:colcon.colcon_core.environment:checking '/home/xie/Desktop/learn/carpole/cartplole/install/interface' for CMake module files
[0.817s] Level 1:colcon.colcon_core.environment:checking '/home/xie/Desktop/learn/carpole/cartplole/install/interface' for CMake config files
[0.817s] Level 1:colcon.colcon_core.shell:create_environment_hook('interface', 'cmake_prefix_path')
[0.822s] INFO:colcon.colcon_core.shell:Creating environment hook '/home/xie/Desktop/learn/carpole/cartplole/install/interface/share/interface/hook/cmake_prefix_path.ps1'
[0.823s] INFO:colcon.colcon_core.shell:Creating environment descriptor '/home/xie/Desktop/learn/carpole/cartplole/install/interface/share/interface/hook/cmake_prefix_path.dsv'
[0.823s] INFO:colcon.colcon_core.shell:Creating environment hook '/home/xie/Desktop/learn/carpole/cartplole/install/interface/share/interface/hook/cmake_prefix_path.sh'
[0.823s] Level 1:colcon.colcon_core.environment:checking '/home/xie/Desktop/learn/carpole/cartplole/install/interface/lib'
[0.823s] Level 1:colcon.colcon_core.shell:create_environment_hook('interface', 'ld_library_path_lib')
[0.829s] INFO:colcon.colcon_core.shell:Creating environment hook '/home/xie/Desktop/learn/carpole/cartplole/install/interface/share/interface/hook/ld_library_path_lib.ps1'
[0.829s] INFO:colcon.colcon_core.shell:Creating environment descriptor '/home/xie/Desktop/learn/carpole/cartplole/install/interface/share/interface/hook/ld_library_path_lib.dsv'
[0.829s] INFO:colcon.colcon_core.shell:Creating environment hook '/home/xie/Desktop/learn/carpole/cartplole/install/interface/share/interface/hook/ld_library_path_lib.sh'
[0.829s] Level 1:colcon.colcon_core.environment:checking '/home/xie/Desktop/learn/carpole/cartplole/install/interface/bin'
[0.829s] Level 1:colcon.colcon_core.environment:checking '/home/xie/Desktop/learn/carpole/cartplole/install/interface/lib/pkgconfig/interface.pc'
[0.829s] Level 1:colcon.colcon_core.environment:checking '/home/xie/Desktop/learn/carpole/cartplole/install/interface/lib/python3.10/site-packages'
[0.829s] Level 1:colcon.colcon_core.environment:checking '/home/xie/Desktop/learn/carpole/cartplole/install/interface/bin'
[0.835s] INFO:colcon.colcon_core.shell:Creating package script '/home/xie/Desktop/learn/carpole/cartplole/install/interface/share/interface/package.ps1'
[0.835s] INFO:colcon.colcon_core.shell:Creating package descriptor '/home/xie/Desktop/learn/carpole/cartplole/install/interface/share/interface/package.dsv'
[0.835s] INFO:colcon.colcon_core.shell:Creating package script '/home/xie/Desktop/learn/carpole/cartplole/install/interface/share/interface/package.sh'
[0.835s] INFO:colcon.colcon_core.shell:Creating package script '/home/xie/Desktop/learn/carpole/cartplole/install/interface/share/interface/package.bash'
[0.836s] INFO:colcon.colcon_core.shell:Creating package script '/home/xie/Desktop/learn/carpole/cartplole/install/interface/share/interface/package.zsh'
[0.836s] Level 1:colcon.colcon_core.environment:create_file_with_runtime_dependencies(/home/xie/Desktop/learn/carpole/cartplole/install/interface/share/colcon-core/packages/interface)
[0.881s] Level 1:colcon.colcon_core.environment:create_environment_scripts_only(interface)
[0.887s] Level 1:colcon.colcon_core.environment:checking '/home/xie/Desktop/learn/carpole/cartplole/install/interface' for CMake module files
[0.887s] Level 1:colcon.colcon_core.environment:checking '/home/xie/Desktop/learn/carpole/cartplole/install/interface' for CMake config files
[0.887s] Level 1:colcon.colcon_core.shell:create_environment_hook('interface', 'cmake_prefix_path')
[0.893s] INFO:colcon.colcon_core.shell:Creating environment hook '/home/xie/Desktop/learn/carpole/cartplole/install/interface/share/interface/hook/cmake_prefix_path.ps1'
[0.893s] INFO:colcon.colcon_core.shell:Creating environment descriptor '/home/xie/Desktop/learn/carpole/cartplole/install/interface/share/interface/hook/cmake_prefix_path.dsv'
[0.893s] INFO:colcon.colcon_core.shell:Creating environment hook '/home/xie/Desktop/learn/carpole/cartplole/install/interface/share/interface/hook/cmake_prefix_path.sh'
[0.893s] Level 1:colcon.colcon_core.environment:checking '/home/xie/Desktop/learn/carpole/cartplole/install/interface/lib'
[0.893s] Level 1:colcon.colcon_core.shell:create_environment_hook('interface', 'ld_library_path_lib')
[0.899s] INFO:colcon.colcon_core.shell:Creating environment hook '/home/xie/Desktop/learn/carpole/cartplole/install/interface/share/interface/hook/ld_library_path_lib.ps1'
[0.899s] INFO:colcon.colcon_core.shell:Creating environment descriptor '/home/xie/Desktop/learn/carpole/cartplole/install/interface/share/interface/hook/ld_library_path_lib.dsv'
[0.899s] INFO:colcon.colcon_core.shell:Creating environment hook '/home/xie/Desktop/learn/carpole/cartplole/install/interface/share/interface/hook/ld_library_path_lib.sh'
[0.899s] Level 1:colcon.colcon_core.environment:checking '/home/xie/Desktop/learn/carpole/cartplole/install/interface/bin'
[0.899s] Level 1:colcon.colcon_core.environment:checking '/home/xie/Desktop/learn/carpole/cartplole/install/interface/lib/pkgconfig/interface.pc'
[0.899s] Level 1:colcon.colcon_core.environment:checking '/home/xie/Desktop/learn/carpole/cartplole/install/interface/lib/python3.10/site-packages'
[0.899s] Level 1:colcon.colcon_core.environment:checking '/home/xie/Desktop/learn/carpole/cartplole/install/interface/bin'
[0.905s] INFO:colcon.colcon_core.shell:Creating package script '/home/xie/Desktop/learn/carpole/cartplole/install/interface/share/interface/package.ps1'
[0.905s] INFO:colcon.colcon_core.shell:Creating package descriptor '/home/xie/Desktop/learn/carpole/cartplole/install/interface/share/interface/package.dsv'
[0.905s] INFO:colcon.colcon_core.shell:Creating package script '/home/xie/Desktop/learn/carpole/cartplole/install/interface/share/interface/package.sh'
[0.905s] INFO:colcon.colcon_core.shell:Creating package script '/home/xie/Desktop/learn/carpole/cartplole/install/interface/share/interface/package.bash'
[0.905s] INFO:colcon.colcon_core.shell:Creating package script '/home/xie/Desktop/learn/carpole/cartplole/install/interface/share/interface/package.zsh'
[0.906s] Level 1:colcon.colcon_core.environment:create_file_with_runtime_dependencies(/home/xie/Desktop/learn/carpole/cartplole/install/interface/share/colcon-core/packages/interface)
[0.906s] INFO:colcon.colcon_ros.task.ament_cmake.build:Building ROS package in '/home/xie/Desktop/learn/carpole/cartplole/src/control' with build type 'ament_cmake'
[0.906s] INFO:colcon.colcon_cmake.task.cmake.build:Building CMake package in '/home/xie/Desktop/learn/carpole/cartplole/src/control'
[0.912s] INFO:colcon.colcon_core.shell:Skip shell extension 'powershell' for command environment: Not usable outside of PowerShell
[0.912s] DEBUG:colcon.colcon_core.shell:Skip shell extension 'dsv' for command environment
[0.931s] INFO:colcon.colcon_ros.task.ament_cmake.build:Building ROS package in '/home/xie/Desktop/learn/carpole/cartplole/src/simulate' with build type 'ament_cmake'
[0.931s] INFO:colcon.colcon_cmake.task.cmake.build:Building CMake package in '/home/xie/Desktop/learn/carpole/cartplole/src/simulate'
[0.937s] INFO:colcon.colcon_core.shell:Skip shell extension 'powershell' for command environment: Not usable outside of PowerShell
[0.937s] DEBUG:colcon.colcon_core.shell:Skip shell extension 'dsv' for command environment
[0.959s] DEBUG:colcon.colcon_core.event_handler.log_command:Invoking command in '/home/xie/Desktop/learn/carpole/cartplole/build/control': CMAKE_PREFIX_PATH=/home/xie/Desktop/learn/carpole/cartplole/install/interface:/home/xie/Desktop/learn/carpole/cartplole/install/simulate:/home/xie/Desktop/learn/carpole/cartplole/install/manage:/home/xie/Desktop/learn/carpole/cartplole/install/control:/usr/local:/usr/local:/opt/ros/humble /usr/bin/cmake --build /home/xie/Desktop/learn/carpole/cartplole/build/control -- -j20 -l20
[0.962s] DEBUG:colcon.colcon_core.event_handler.log_command:Invoking command in '/home/xie/Desktop/learn/carpole/cartplole/build/simulate': CMAKE_PREFIX_PATH=/home/xie/Desktop/learn/carpole/cartplole/install/interface:/home/xie/Desktop/learn/carpole/cartplole/install/simulate:/home/xie/Desktop/learn/carpole/cartplole/install/manage:/home/xie/Desktop/learn/carpole/cartplole/install/control:/usr/local:/usr/local:/opt/ros/humble /usr/bin/cmake --build /home/xie/Desktop/learn/carpole/cartplole/build/simulate -- -j20 -l20
[0.998s] DEBUG:colcon.colcon_core.event_handler.log_command:Invoked command in '/home/xie/Desktop/learn/carpole/cartplole/build/simulate' returned '0': CMAKE_PREFIX_PATH=/home/xie/Desktop/learn/carpole/cartplole/install/interface:/home/xie/Desktop/learn/carpole/cartplole/install/simulate:/home/xie/Desktop/learn/carpole/cartplole/install/manage:/home/xie/Desktop/learn/carpole/cartplole/install/control:/usr/local:/usr/local:/opt/ros/humble /usr/bin/cmake --build /home/xie/Desktop/learn/carpole/cartplole/build/simulate -- -j20 -l20
[1.017s] DEBUG:colcon.colcon_core.event_handler.log_command:Invoking command in '/home/xie/Desktop/learn/carpole/cartplole/build/simulate': CMAKE_PREFIX_PATH=/home/xie/Desktop/learn/carpole/cartplole/install/interface:/home/xie/Desktop/learn/carpole/cartplole/install/simulate:/home/xie/Desktop/learn/carpole/cartplole/install/manage:/home/xie/Desktop/learn/carpole/cartplole/install/control:/usr/local:/usr/local:/opt/ros/humble /usr/bin/cmake --install /home/xie/Desktop/learn/carpole/cartplole/build/simulate
[1.022s] Level 1:colcon.colcon_core.environment:create_environment_scripts_only(simulate)
[1.023s] DEBUG:colcon.colcon_core.event_handler.log_command:Invoked command in '/home/xie/Desktop/learn/carpole/cartplole/build/simulate' returned '0': CMAKE_PREFIX_PATH=/home/xie/Desktop/learn/carpole/cartplole/install/interface:/home/xie/Desktop/learn/carpole/cartplole/install/simulate:/home/xie/Desktop/learn/carpole/cartplole/install/manage:/home/xie/Desktop/learn/carpole/cartplole/install/control:/usr/local:/usr/local:/opt/ros/humble /usr/bin/cmake --install /home/xie/Desktop/learn/carpole/cartplole/build/simulate
[1.028s] Level 1:colcon.colcon_core.environment:checking '/home/xie/Desktop/learn/carpole/cartplole/install/simulate' for CMake module files
[1.029s] Level 1:colcon.colcon_core.environment:checking '/home/xie/Desktop/learn/carpole/cartplole/install/simulate' for CMake config files
[1.029s] Level 1:colcon.colcon_core.shell:create_environment_hook('simulate', 'cmake_prefix_path')
[1.034s] INFO:colcon.colcon_core.shell:Creating environment hook '/home/xie/Desktop/learn/carpole/cartplole/install/simulate/share/simulate/hook/cmake_prefix_path.ps1'
[1.034s] INFO:colcon.colcon_core.shell:Creating environment descriptor '/home/xie/Desktop/learn/carpole/cartplole/install/simulate/share/simulate/hook/cmake_prefix_path.dsv'
[1.035s] INFO:colcon.colcon_core.shell:Creating environment hook '/home/xie/Desktop/learn/carpole/cartplole/install/simulate/share/simulate/hook/cmake_prefix_path.sh'
[1.035s] Level 1:colcon.colcon_core.environment:checking '/home/xie/Desktop/learn/carpole/cartplole/install/simulate/lib'
[1.035s] Level 1:colcon.colcon_core.environment:checking '/home/xie/Desktop/learn/carpole/cartplole/install/simulate/bin'
[1.035s] Level 1:colcon.colcon_core.environment:checking '/home/xie/Desktop/learn/carpole/cartplole/install/simulate/lib/pkgconfig/simulate.pc'
[1.035s] Level 1:colcon.colcon_core.environment:checking '/home/xie/Desktop/learn/carpole/cartplole/install/simulate/lib/python3.10/site-packages'
[1.035s] Level 1:colcon.colcon_core.environment:checking '/home/xie/Desktop/learn/carpole/cartplole/install/simulate/bin'
[1.041s] INFO:colcon.colcon_core.shell:Creating package script '/home/xie/Desktop/learn/carpole/cartplole/install/simulate/share/simulate/package.ps1'
[1.041s] INFO:colcon.colcon_core.shell:Creating package descriptor '/home/xie/Desktop/learn/carpole/cartplole/install/simulate/share/simulate/package.dsv'
[1.042s] INFO:colcon.colcon_core.shell:Creating package script '/home/xie/Desktop/learn/carpole/cartplole/install/simulate/share/simulate/package.sh'
[1.042s] INFO:colcon.colcon_core.shell:Creating package script '/home/xie/Desktop/learn/carpole/cartplole/install/simulate/share/simulate/package.bash'
[1.042s] INFO:colcon.colcon_core.shell:Creating package script '/home/xie/Desktop/learn/carpole/cartplole/install/simulate/share/simulate/package.zsh'
[1.042s] Level 1:colcon.colcon_core.environment:create_file_with_runtime_dependencies(/home/xie/Desktop/learn/carpole/cartplole/install/simulate/share/colcon-core/packages/simulate)
[1.070s] Level 1:colcon.colcon_core.environment:create_environment_scripts_only(simulate)
[1.075s] Level 1:colcon.colcon_core.environment:checking '/home/xie/Desktop/learn/carpole/cartplole/install/simulate' for CMake module files
[1.076s] Level 1:colcon.colcon_core.environment:checking '/home/xie/Desktop/learn/carpole/cartplole/install/simulate' for CMake config files
[1.076s] Level 1:colcon.colcon_core.shell:create_environment_hook('simulate', 'cmake_prefix_path')
[1.081s] INFO:colcon.colcon_core.shell:Creating environment hook '/home/xie/Desktop/learn/carpole/cartplole/install/simulate/share/simulate/hook/cmake_prefix_path.ps1'
[1.082s] INFO:colcon.colcon_core.shell:Creating environment descriptor '/home/xie/Desktop/learn/carpole/cartplole/install/simulate/share/simulate/hook/cmake_prefix_path.dsv'
[1.082s] INFO:colcon.colcon_core.shell:Creating environment hook '/home/xie/Desktop/learn/carpole/cartplole/install/simulate/share/simulate/hook/cmake_prefix_path.sh'
[1.082s] Level 1:colcon.colcon_core.environment:checking '/home/xie/Desktop/learn/carpole/cartplole/install/simulate/lib'
[1.082s] Level 1:colcon.colcon_core.environment:checking '/home/xie/Desktop/learn/carpole/cartplole/install/simulate/bin'
[1.082s] Level 1:colcon.colcon_core.environment:checking '/home/xie/Desktop/learn/carpole/cartplole/install/simulate/lib/pkgconfig/simulate.pc'
[1.082s] Level 1:colcon.colcon_core.environment:checking '/home/xie/Desktop/learn/carpole/cartplole/install/simulate/lib/python3.10/site-packages'
[1.082s] Level 1:colcon.colcon_core.environment:checking '/home/xie/Desktop/learn/carpole/cartplole/install/simulate/bin'
[1.088s] INFO:colcon.colcon_core.shell:Creating package script '/home/xie/Desktop/learn/carpole/cartplole/install/simulate/share/simulate/package.ps1'
[1.088s] INFO:colcon.colcon_core.shell:Creating package descriptor '/home/xie/Desktop/learn/carpole/cartplole/install/simulate/share/simulate/package.dsv'
[1.088s] INFO:colcon.colcon_core.shell:Creating package script '/home/xie/Desktop/learn/carpole/cartplole/install/simulate/share/simulate/package.sh'
[1.088s] INFO:colcon.colcon_core.shell:Creating package script '/home/xie/Desktop/learn/carpole/cartplole/install/simulate/share/simulate/package.bash'
[1.088s] INFO:colcon.colcon_core.shell:Creating package script '/home/xie/Desktop/learn/carpole/cartplole/install/simulate/share/simulate/package.zsh'
[1.088s] Level 1:colcon.colcon_core.environment:create_file_with_runtime_dependencies(/home/xie/Desktop/learn/carpole/cartplole/install/simulate/share/colcon-core/packages/simulate)
[12.596s] DEBUG:colcon.colcon_core.event_handler.log_command:Invoked command in '/home/xie/Desktop/learn/carpole/cartplole/build/control' returned '0': CMAKE_PREFIX_PATH=/home/xie/Desktop/learn/carpole/cartplole/install/interface:/home/xie/Desktop/learn/carpole/cartplole/install/simulate:/home/xie/Desktop/learn/carpole/cartplole/install/manage:/home/xie/Desktop/learn/carpole/cartplole/install/control:/usr/local:/usr/local:/opt/ros/humble /usr/bin/cmake --build /home/xie/Desktop/learn/carpole/cartplole/build/control -- -j20 -l20
[12.613s] DEBUG:colcon.colcon_core.event_handler.log_command:Invoking command in '/home/xie/Desktop/learn/carpole/cartplole/build/control': CMAKE_PREFIX_PATH=/home/xie/Desktop/learn/carpole/cartplole/install/interface:/home/xie/Desktop/learn/carpole/cartplole/install/simulate:/home/xie/Desktop/learn/carpole/cartplole/install/manage:/home/xie/Desktop/learn/carpole/cartplole/install/control:/usr/local:/usr/local:/opt/ros/humble /usr/bin/cmake --install /home/xie/Desktop/learn/carpole/cartplole/build/control
[12.618s] Level 1:colcon.colcon_core.environment:create_environment_scripts_only(control)
[12.619s] DEBUG:colcon.colcon_core.event_handler.log_command:Invoked command in '/home/xie/Desktop/learn/carpole/cartplole/build/control' returned '0': CMAKE_PREFIX_PATH=/home/xie/Desktop/learn/carpole/cartplole/install/interface:/home/xie/Desktop/learn/carpole/cartplole/install/simulate:/home/xie/Desktop/learn/carpole/cartplole/install/manage:/home/xie/Desktop/learn/carpole/cartplole/install/control:/usr/local:/usr/local:/opt/ros/humble /usr/bin/cmake --install /home/xie/Desktop/learn/carpole/cartplole/build/control
[12.624s] Level 1:colcon.colcon_core.environment:checking '/home/xie/Desktop/learn/carpole/cartplole/install/control' for CMake module files
[12.625s] Level 1:colcon.colcon_core.environment:checking '/home/xie/Desktop/learn/carpole/cartplole/install/control' for CMake config files
[12.625s] Level 1:colcon.colcon_core.shell:create_environment_hook('control', 'cmake_prefix_path')
[12.630s] INFO:colcon.colcon_core.shell:Creating environment hook '/home/xie/Desktop/learn/carpole/cartplole/install/control/share/control/hook/cmake_prefix_path.ps1'
[12.630s] INFO:colcon.colcon_core.shell:Creating environment descriptor '/home/xie/Desktop/learn/carpole/cartplole/install/control/share/control/hook/cmake_prefix_path.dsv'
[12.631s] INFO:colcon.colcon_core.shell:Creating environment hook '/home/xie/Desktop/learn/carpole/cartplole/install/control/share/control/hook/cmake_prefix_path.sh'
[12.631s] Level 1:colcon.colcon_core.environment:checking '/home/xie/Desktop/learn/carpole/cartplole/install/control/lib'
[12.631s] Level 1:colcon.colcon_core.environment:checking '/home/xie/Desktop/learn/carpole/cartplole/install/control/bin'
[12.631s] Level 1:colcon.colcon_core.environment:checking '/home/xie/Desktop/learn/carpole/cartplole/install/control/lib/pkgconfig/control.pc'
[12.631s] Level 1:colcon.colcon_core.environment:checking '/home/xie/Desktop/learn/carpole/cartplole/install/control/lib/python3.10/site-packages'
[12.631s] Level 1:colcon.colcon_core.environment:checking '/home/xie/Desktop/learn/carpole/cartplole/install/control/bin'
[12.636s] INFO:colcon.colcon_core.shell:Creating package script '/home/xie/Desktop/learn/carpole/cartplole/install/control/share/control/package.ps1'
[12.637s] INFO:colcon.colcon_core.shell:Creating package descriptor '/home/xie/Desktop/learn/carpole/cartplole/install/control/share/control/package.dsv'
[12.637s] INFO:colcon.colcon_core.shell:Creating package script '/home/xie/Desktop/learn/carpole/cartplole/install/control/share/control/package.sh'
[12.637s] INFO:colcon.colcon_core.shell:Creating package script '/home/xie/Desktop/learn/carpole/cartplole/install/control/share/control/package.bash'
[12.637s] INFO:colcon.colcon_core.shell:Creating package script '/home/xie/Desktop/learn/carpole/cartplole/install/control/share/control/package.zsh'
[12.637s] Level 1:colcon.colcon_core.environment:create_file_with_runtime_dependencies(/home/xie/Desktop/learn/carpole/cartplole/install/control/share/colcon-core/packages/control)
[12.660s] Level 1:colcon.colcon_core.environment:create_environment_scripts_only(control)
[12.666s] Level 1:colcon.colcon_core.environment:checking '/home/xie/Desktop/learn/carpole/cartplole/install/control' for CMake module files
[12.666s] Level 1:colcon.colcon_core.environment:checking '/home/xie/Desktop/learn/carpole/cartplole/install/control' for CMake config files
[12.666s] Level 1:colcon.colcon_core.shell:create_environment_hook('control', 'cmake_prefix_path')
[12.671s] INFO:colcon.colcon_core.shell:Creating environment hook '/home/xie/Desktop/learn/carpole/cartplole/install/control/share/control/hook/cmake_prefix_path.ps1'
[12.671s] INFO:colcon.colcon_core.shell:Creating environment descriptor '/home/xie/Desktop/learn/carpole/cartplole/install/control/share/control/hook/cmake_prefix_path.dsv'
[12.671s] INFO:colcon.colcon_core.shell:Creating environment hook '/home/xie/Desktop/learn/carpole/cartplole/install/control/share/control/hook/cmake_prefix_path.sh'
[12.672s] Level 1:colcon.colcon_core.environment:checking '/home/xie/Desktop/learn/carpole/cartplole/install/control/lib'
[12.672s] Level 1:colcon.colcon_core.environment:checking '/home/xie/Desktop/learn/carpole/cartplole/install/control/bin'
[12.672s] Level 1:colcon.colcon_core.environment:checking '/home/xie/Desktop/learn/carpole/cartplole/install/control/lib/pkgconfig/control.pc'
[12.672s] Level 1:colcon.colcon_core.environment:checking '/home/xie/Desktop/learn/carpole/cartplole/install/control/lib/python3.10/site-packages'
[12.672s] Level 1:colcon.colcon_core.environment:checking '/home/xie/Desktop/learn/carpole/cartplole/install/control/bin'
[12.678s] INFO:colcon.colcon_core.shell:Creating package script '/home/xie/Desktop/learn/carpole/cartplole/install/control/share/control/package.ps1'
[12.678s] INFO:colcon.colcon_core.shell:Creating package descriptor '/home/xie/Desktop/learn/carpole/cartplole/install/control/share/control/package.dsv'
[12.678s] INFO:colcon.colcon_core.shell:Creating package script '/home/xie/Desktop/learn/carpole/cartplole/install/control/share/control/package.sh'
[12.678s] INFO:colcon.colcon_core.shell:Creating package script '/home/xie/Desktop/learn/carpole/cartplole/install/control/share/control/package.bash'
[12.678s] INFO:colcon.colcon_core.shell:Creating package script '/home/xie/Desktop/learn/carpole/cartplole/install/control/share/control/package.zsh'
[12.679s] Level 1:colcon.colcon_core.environment:create_file_with_runtime_dependencies(/home/xie/Desktop/learn/carpole/cartplole/install/control/share/colcon-core/packages/control)
[12.679s] DEBUG:colcon.colcon_parallel_executor.executor.parallel:closing loop
[12.679s] DEBUG:colcon.colcon_parallel_executor.executor.parallel:loop closed
[12.679s] DEBUG:colcon.colcon_parallel_executor.executor.parallel:run_until_complete finished with '0'
[12.679s] DEBUG:colcon.colcon_core.event_reactor:joining thread
[12.688s] INFO:colcon.colcon_core.plugin_system:Skipping extension 'colcon_notification.desktop_notification.terminal_notifier': Not used on non-Darwin systems
[12.688s] INFO:colcon.colcon_core.plugin_system:Skipping extension 'colcon_notification.desktop_notification.win32': Not used on non-Windows systems
[12.688s] INFO:colcon.colcon_notification.desktop_notification:Sending desktop notification using 'notify2'
[12.696s] DEBUG:colcon.colcon_core.event_reactor:joined thread
[12.702s] INFO:colcon.colcon_core.shell:Creating prefix script '/home/xie/Desktop/learn/carpole/cartplole/install/local_setup.ps1'
[12.702s] INFO:colcon.colcon_core.shell:Creating prefix util module '/home/xie/Desktop/learn/carpole/cartplole/install/_local_setup_util_ps1.py'
[12.703s] INFO:colcon.colcon_core.shell:Creating prefix chain script '/home/xie/Desktop/learn/carpole/cartplole/install/setup.ps1'
[12.709s] INFO:colcon.colcon_core.shell:Creating prefix script '/home/xie/Desktop/learn/carpole/cartplole/install/local_setup.sh'
[12.709s] INFO:colcon.colcon_core.shell:Creating prefix util module '/home/xie/Desktop/learn/carpole/cartplole/install/_local_setup_util_sh.py'
[12.709s] INFO:colcon.colcon_core.shell:Creating prefix chain script '/home/xie/Desktop/learn/carpole/cartplole/install/setup.sh'
[12.715s] INFO:colcon.colcon_core.shell:Creating prefix script '/home/xie/Desktop/learn/carpole/cartplole/install/local_setup.bash'
[12.715s] INFO:colcon.colcon_core.shell:Creating prefix chain script '/home/xie/Desktop/learn/carpole/cartplole/install/setup.bash'
[12.721s] INFO:colcon.colcon_core.shell:Creating prefix script '/home/xie/Desktop/learn/carpole/cartplole/install/local_setup.zsh'
[12.721s] INFO:colcon.colcon_core.shell:Creating prefix chain script '/home/xie/Desktop/learn/carpole/cartplole/install/setup.zsh'
