[0.057s] Invoking command in '/home/xie/Desktop/learn/carpole/cartplole/build/control': CMAKE_PREFIX_PATH=/home/xie/Desktop/learn/carpole/cartplole/install/interface:/home/xie/Desktop/learn/carpole/cartplole/install/simulate:/home/xie/Desktop/learn/carpole/cartplole/install/manage:/home/xie/Desktop/learn/carpole/cartplole/install/control:/usr/local:/usr/local:/opt/ros/humble /usr/bin/cmake --build /home/xie/Desktop/learn/carpole/cartplole/build/control -- -j20 -l20
[0.085s] [35m[1mConsolidate compiler generated dependencies of target control_node[0m
[0.118s] [ 20%] [32mBuilding CXX object CMakeFiles/control_node.dir/src/cppadpino.cpp.o[0m
[2.934s] [01m[K/home/xie/Desktop/learn/carpole/cartplole/src/control/src/cppadpino.cpp:[m[K In constructor ‘[01m[Kdyn::dyn()[m[K’:
[2.934s] [01m[K/home/xie/Desktop/learn/carpole/cartplole/src/control/src/cppadpino.cpp:31:26:[m[K [01;35m[Kwarning: [m[Kcomparison of integer expressions of different signedness: ‘[01m[Ksize_t[m[K’ {aka ‘[01m[Klong unsigned int[m[K’} and ‘[01m[Kint[m[K’ [[01;35m[K]8;;https://gcc.gnu.org/onlinedocs/gcc/Warning-Options.html#index-Wsign-compare-Wsign-compare]8;;[m[K]
[2.934s]    31 |     for (size_t i = 0; [01;35m[Ki < admodel.njoints[m[K; i++) {
[2.934s]       |                        [01;35m[K~~^~~~~~~~~~~~~~~~~[m[K
[35.889s] [ 40%] [32m[1mLinking CXX executable control_node[0m
[36.068s] [100%] Built target control_node
[36.074s] Invoked command in '/home/xie/Desktop/learn/carpole/cartplole/build/control' returned '0': CMAKE_PREFIX_PATH=/home/xie/Desktop/learn/carpole/cartplole/install/interface:/home/xie/Desktop/learn/carpole/cartplole/install/simulate:/home/xie/Desktop/learn/carpole/cartplole/install/manage:/home/xie/Desktop/learn/carpole/cartplole/install/control:/usr/local:/usr/local:/opt/ros/humble /usr/bin/cmake --build /home/xie/Desktop/learn/carpole/cartplole/build/control -- -j20 -l20
[36.091s] Invoking command in '/home/xie/Desktop/learn/carpole/cartplole/build/control': CMAKE_PREFIX_PATH=/home/xie/Desktop/learn/carpole/cartplole/install/interface:/home/xie/Desktop/learn/carpole/cartplole/install/simulate:/home/xie/Desktop/learn/carpole/cartplole/install/manage:/home/xie/Desktop/learn/carpole/cartplole/install/control:/usr/local:/usr/local:/opt/ros/humble /usr/bin/cmake --install /home/xie/Desktop/learn/carpole/cartplole/build/control
[36.095s] -- Install configuration: "Release"
[36.095s] -- Installing: /home/xie/Desktop/learn/carpole/cartplole/install/control/lib/control/control_node
[36.097s] -- Set runtime path of "/home/xie/Desktop/learn/carpole/cartplole/install/control/lib/control/control_node" to "/home/xie/Desktop/learn/carpole/cartplole/src/control/lib"
[36.097s] -- Up-to-date: /home/xie/Desktop/learn/carpole/cartplole/install/control/share/ament_index/resource_index/package_run_dependencies/control
[36.097s] -- Up-to-date: /home/xie/Desktop/learn/carpole/cartplole/install/control/share/ament_index/resource_index/parent_prefix_path/control
[36.097s] -- Up-to-date: /home/xie/Desktop/learn/carpole/cartplole/install/control/share/control/environment/ament_prefix_path.sh
[36.097s] -- Up-to-date: /home/xie/Desktop/learn/carpole/cartplole/install/control/share/control/environment/ament_prefix_path.dsv
[36.098s] -- Up-to-date: /home/xie/Desktop/learn/carpole/cartplole/install/control/share/control/environment/path.sh
[36.098s] -- Up-to-date: /home/xie/Desktop/learn/carpole/cartplole/install/control/share/control/environment/path.dsv
[36.098s] -- Up-to-date: /home/xie/Desktop/learn/carpole/cartplole/install/control/share/control/local_setup.bash
[36.098s] -- Up-to-date: /home/xie/Desktop/learn/carpole/cartplole/install/control/share/control/local_setup.sh
[36.098s] -- Up-to-date: /home/xie/Desktop/learn/carpole/cartplole/install/control/share/control/local_setup.zsh
[36.098s] -- Up-to-date: /home/xie/Desktop/learn/carpole/cartplole/install/control/share/control/local_setup.dsv
[36.098s] -- Installing: /home/xie/Desktop/learn/carpole/cartplole/install/control/share/control/package.dsv
[36.098s] -- Up-to-date: /home/xie/Desktop/learn/carpole/cartplole/install/control/share/ament_index/resource_index/packages/control
[36.098s] -- Up-to-date: /home/xie/Desktop/learn/carpole/cartplole/install/control/share/control/cmake/controlConfig.cmake
[36.098s] -- Up-to-date: /home/xie/Desktop/learn/carpole/cartplole/install/control/share/control/cmake/controlConfig-version.cmake
[36.098s] -- Up-to-date: /home/xie/Desktop/learn/carpole/cartplole/install/control/share/control/package.xml
[36.099s] Invoked command in '/home/xie/Desktop/learn/carpole/cartplole/build/control' returned '0': CMAKE_PREFIX_PATH=/home/xie/Desktop/learn/carpole/cartplole/install/interface:/home/xie/Desktop/learn/carpole/cartplole/install/simulate:/home/xie/Desktop/learn/carpole/cartplole/install/manage:/home/xie/Desktop/learn/carpole/cartplole/install/control:/usr/local:/usr/local:/opt/ros/humble /usr/bin/cmake --install /home/xie/Desktop/learn/carpole/cartplole/build/control
