[0.062s] Invoking command in '/home/xie/Desktop/learn/carpole/cartplole/build/control': CMAKE_PREFIX_PATH=/home/xie/Desktop/learn/carpole/cartplole/install/interface:/home/xie/Desktop/learn/carpole/cartplole/install/simulate:/home/xie/Desktop/learn/carpole/cartplole/install/manage:/home/xie/Desktop/learn/carpole/cartplole/install/control:/usr/local:/usr/local:/opt/ros/humble /usr/bin/cmake --build /home/xie/Desktop/learn/carpole/cartplole/build/control -- -j20 -l20
[0.106s] [ 20%] [32mBuilding CXX object CMakeFiles/control_node.dir/src/control_node.cpp.o[0m
[0.106s] [ 40%] [32mBuilding CXX object CMakeFiles/control_node.dir/src/main.cpp.o[0m
[1.439s] [01m[K/home/xie/Desktop/learn/carpole/cartplole/src/control/src/main.cpp:10:[m[K [01;35m[Kwarning: [m[K"BACKWARD_HAS_DW" redefined
[1.439s]    10 | #define BACKWARD_HAS_DW 1
[1.440s]       | 
[1.440s] In file included from [01m[K/home/xie/Desktop/learn/carpole/cartplole/src/control/src/main.cpp:2[m[K:
[1.440s] [01m[K/usr/include/backward.hpp:193:[m[K [01;36m[Knote: [m[Kthis is the location of the previous definition
[1.440s]   193 | #define BACKWARD_HAS_DW 0
[1.440s]       | 
[10.058s] [ 60%] [32m[1mLinking CXX executable control_node[0m
[10.273s] [100%] Built target control_node
[10.279s] Invoked command in '/home/xie/Desktop/learn/carpole/cartplole/build/control' returned '0': CMAKE_PREFIX_PATH=/home/xie/Desktop/learn/carpole/cartplole/install/interface:/home/xie/Desktop/learn/carpole/cartplole/install/simulate:/home/xie/Desktop/learn/carpole/cartplole/install/manage:/home/xie/Desktop/learn/carpole/cartplole/install/control:/usr/local:/usr/local:/opt/ros/humble /usr/bin/cmake --build /home/xie/Desktop/learn/carpole/cartplole/build/control -- -j20 -l20
[10.297s] Invoking command in '/home/xie/Desktop/learn/carpole/cartplole/build/control': CMAKE_PREFIX_PATH=/home/xie/Desktop/learn/carpole/cartplole/install/interface:/home/xie/Desktop/learn/carpole/cartplole/install/simulate:/home/xie/Desktop/learn/carpole/cartplole/install/manage:/home/xie/Desktop/learn/carpole/cartplole/install/control:/usr/local:/usr/local:/opt/ros/humble /usr/bin/cmake --install /home/xie/Desktop/learn/carpole/cartplole/build/control
[10.302s] -- Install configuration: "Release"
[10.302s] -- Installing: /home/xie/Desktop/learn/carpole/cartplole/install/control/lib/control/control_node
[10.304s] -- Set runtime path of "/home/xie/Desktop/learn/carpole/cartplole/install/control/lib/control/control_node" to "/home/xie/Desktop/learn/carpole/cartplole/src/control/lib"
[10.304s] -- Up-to-date: /home/xie/Desktop/learn/carpole/cartplole/install/control/share/ament_index/resource_index/package_run_dependencies/control
[10.304s] -- Up-to-date: /home/xie/Desktop/learn/carpole/cartplole/install/control/share/ament_index/resource_index/parent_prefix_path/control
[10.304s] -- Up-to-date: /home/xie/Desktop/learn/carpole/cartplole/install/control/share/control/environment/ament_prefix_path.sh
[10.304s] -- Up-to-date: /home/xie/Desktop/learn/carpole/cartplole/install/control/share/control/environment/ament_prefix_path.dsv
[10.304s] -- Up-to-date: /home/xie/Desktop/learn/carpole/cartplole/install/control/share/control/environment/path.sh
[10.304s] -- Up-to-date: /home/xie/Desktop/learn/carpole/cartplole/install/control/share/control/environment/path.dsv
[10.304s] -- Up-to-date: /home/xie/Desktop/learn/carpole/cartplole/install/control/share/control/local_setup.bash
[10.304s] -- Up-to-date: /home/xie/Desktop/learn/carpole/cartplole/install/control/share/control/local_setup.sh
[10.304s] -- Up-to-date: /home/xie/Desktop/learn/carpole/cartplole/install/control/share/control/local_setup.zsh
[10.304s] -- Up-to-date: /home/xie/Desktop/learn/carpole/cartplole/install/control/share/control/local_setup.dsv
[10.304s] -- Installing: /home/xie/Desktop/learn/carpole/cartplole/install/control/share/control/package.dsv
[10.304s] -- Up-to-date: /home/xie/Desktop/learn/carpole/cartplole/install/control/share/ament_index/resource_index/packages/control
[10.304s] -- Up-to-date: /home/xie/Desktop/learn/carpole/cartplole/install/control/share/control/cmake/controlConfig.cmake
[10.304s] -- Up-to-date: /home/xie/Desktop/learn/carpole/cartplole/install/control/share/control/cmake/controlConfig-version.cmake
[10.304s] -- Up-to-date: /home/xie/Desktop/learn/carpole/cartplole/install/control/share/control/package.xml
[10.305s] Invoked command in '/home/xie/Desktop/learn/carpole/cartplole/build/control' returned '0': CMAKE_PREFIX_PATH=/home/xie/Desktop/learn/carpole/cartplole/install/interface:/home/xie/Desktop/learn/carpole/cartplole/install/simulate:/home/xie/Desktop/learn/carpole/cartplole/install/manage:/home/xie/Desktop/learn/carpole/cartplole/install/control:/usr/local:/usr/local:/opt/ros/humble /usr/bin/cmake --install /home/xie/Desktop/learn/carpole/cartplole/build/control
